
outfunc
duration = 0.721234sec.

cost:4661
CSPF
BDD:{{715(1278)}}8
ADD:{{715(1278)}}12
BDD:[981]4
ADD:[981]8
BDD:{{854(2268)}}263
ADD:{{854(2268)}}2559
BDD:{{1000(2168)}}22
ADD:{{1000(2168)}}41
BDD:[672]32
ADD:[672]54
BDD:[673]32
ADD:[673]54
BDD:5252(1976)14
ADD:5252(1976)25
BDD:[674]34
ADD:[674]42
BDD:[675]34
ADD:[675]42
BDD:3468(1469)6
ADD:3468(1469)9
BDD:[685]6
ADD:[685]10
BDD:{{882(2456)}}247
ADD:{{882(2456)}}472
BDD:[5267]245
ADD:[5267]938
BDD:{{690(2484)}}545
ADD:{{690(2484)}}853
BDD:[243]249
ADD:[243]944
BDD:{{658(2483)}}545
ADD:{{658(2483)}}853
BDD:[247]249
ADD:[247]944
BDD:{{767(2479)}}541
ADD:{{767(2479)}}849
BDD:[255]248
ADD:[255]943
BDD:{{807(2480)}}541
ADD:{{807(2480)}}849
BDD:[252]248
ADD:[252]943
BDD:3653(2466)246
ADD:3653(2466)471
BDD:[261]245
ADD:[261]938
BDD:3657(2459)244
ADD:3657(2459)469
BDD:[267]251
ADD:[267]741
BDD:[266]251
ADD:[266]741
BDD:4620(2415)84
ADD:4620(2415)165
BDD:[312]68
ADD:[312]177
BDD:[313]78
ADD:[313]177
BDD:4398(2362)28
ADD:4398(2362)53
BDD:[320]30
ADD:[320]78
BDD:[319]30
ADD:[319]78
BDD:4388(2330)24
ADD:4388(2330)37
BDD:[322]30
ADD:[322]50
BDD:[310]84
ADD:[310]197
BDD:[311]84
ADD:[311]197
BDD:4446(2331)24
ADD:4446(2331)37
BDD:[330]30
ADD:[330]50
BDD:[205]10
ADD:[205]17
BDD:[334]12
ADD:[334]22
BDD:{{575(2240)}}122
ADD:{{575(2240)}}1181
BDD:{{682(2296)}}129
ADD:{{682(2296)}}210
BDD:[490]68
ADD:[490]222
BDD:{{737(2279)}}125
ADD:{{737(2279)}}206
BDD:[530]67
ADD:[530]221
BDD:{{777(2278)}}125
ADD:{{777(2278)}}206
BDD:[519]67
ADD:[519]221
BDD:{{867(2237)}}65
ADD:{{867(2237)}}110
BDD:{{648(2295)}}129
ADD:{{648(2295)}}210
BDD:[506]68
ADD:[506]222
BDD:4026(2185)65
ADD:4026(2185)573
BDD:1268(2050)54
ADD:1268(2050)99
BDD:[666]52
ADD:[666]137
BDD:{{782(2239)}}101
ADD:{{782(2239)}}171
BDD:[515]57
ADD:[515]193
BDD:{{645(2271)}}105
ADD:{{645(2271)}}175
BDD:[510]58
ADD:[510]194
BDD:{{742(2238)}}101
ADD:{{742(2238)}}171
BDD:[526]57
ADD:[526]193
BDD:{{869(2181)}}55
ADD:{{869(2181)}}96
BDD:{{679(2272)}}105
ADD:{{679(2272)}}175
BDD:[494]58
ADD:[494]194
BDD:4025(2129)55
ADD:4025(2129)273
BDD:[5081]48
ADD:[5081]93
BDD:[5082]46
ADD:[5082]171
BDD:[150]44
ADD:[150]85
BDD:[658]46
ADD:[658]86
BDD:[329]30
ADD:[329]50
BDD:[321]30
ADD:[321]50
BDD:[210]10
ADD:[210]17
BDD:[333]12
ADD:[333]22
BDD:[667]10
ADD:[667]27
BDD:[659]46
ADD:[659]86
BDD:{{654(2315)}}178
ADD:{{654(2315)}}281
BDD:[498]103
ADD:[498]358
BDD:{{688(2317)}}178
ADD:{{688(2317)}}281
BDD:[482]103
ADD:[482]358
BDD:{{712(2297)}}174
ADD:{{712(2297)}}277
BDD:[543]102
ADD:[543]357
BDD:{{727(2298)}}174
ADD:{{727(2298)}}277
BDD:[538]102
ADD:[538]357
BDD:{{863(2276)}}100
ADD:{{863(2276)}}178
BDD:4028(2234)100
ADD:4028(2234)504
BDD:1258(2112)74
ADD:1258(2112)145
BDD:[4940]76
ADD:[4940]193
BDD:[4941]76
ADD:[4941]232
BDD:[224]56
ADD:[224]187
BDD:{{772(2299)}}145
ADD:{{772(2299)}}215
BDD:[523]79
ADD:[523]245
BDD:{{732(2300)}}145
ADD:{{732(2300)}}215
BDD:[534]79
ADD:[534]245
BDD:{{865(2277)}}77
ADD:{{865(2277)}}122
BDD:{{651(2314)}}149
ADD:{{651(2314)}}219
BDD:[502]80
ADD:[502]246
BDD:{{685(2316)}}149
ADD:{{685(2316)}}219
BDD:[486]80
ADD:[486]246
BDD:4027(2235)77
ADD:4027(2235)617
BDD:1263(2111)66
ADD:1263(2111)111
BDD:[4939]68
ADD:[4939]117
BDD:[4938]68
ADD:[4938]116
BDD:[218]52
ADD:[218]92
BDD:4368(2156)18
ADD:4368(2156)27
BDD:[5334]20
ADD:[5334]28
BDD:[5335]20
ADD:[5335]29
BDD:4358(2006)12
ADD:4358(2006)15
BDD:[669]52
ADD:[669]92
BDD:{{588(1696),632(1692)}}60
ADD:{{588(1696),632(1692)}}155
BDD:{{591(1894),621(1893)}}72
ADD:{{591(1894),621(1893)}}73
BDD:[4812]72
ADD:[4812]278
BDD:[206]18
ADD:[206]28
BDD:[148]12
ADD:[148]22
BDD:[668]10
ADD:[668]29
BDD:1422(1439)6
ADD:1422(1439)9
BDD:[900]6
ADD:[900]10
BDD:[899]6
ADD:[899]10
BDD:[326]10
ADD:[326]20
BDD:4426(2155)18
ADD:4426(2155)27
BDD:[336]16
ADD:[336]32
BDD:[335]16
ADD:[335]32
BDD:[155]18
ADD:[155]21
BDD:[338]16
ADD:[338]22
BDD:[327]14
ADD:[327]20
BDD:[337]16
ADD:[337]22
BDD:4204(1706)18
ADD:4204(1706)19
BDD:[813]16
ADD:[813]26
BDD:1448(1698)12
ADD:1448(1698)21
BDD:[4816]10
ADD:[4816]20
BDD:[220]6
ADD:[220]10
BDD:[684]6
ADD:[684]10
BDD:[230]6
ADD:[230]10
BDD:2788(945)4
ADD:2788(945)5
BDD:[902]3
ADD:[902]6
BDD:{{673(1276)}}10
ADD:{{673(1276)}}14
BDD:[986]4
ADD:[986]8
BDD:{{747(2187)}}106
ADD:{{747(2187)}}171
BDD:[642]41
ADD:[642]129
BDD:{{642(2222)}}110
ADD:{{642(2222)}}175
BDD:[609]42
ADD:[609]130
BDD:{{676(2229)}}110
ADD:{{676(2229)}}175
BDD:[593]42
ADD:[593]130
BDD:{{832(2133)}}39
ADD:{{832(2133)}}64
BDD:{{787(2186)}}106
ADD:{{787(2186)}}171
BDD:[627]41
ADD:[627]129
BDD:4082(2071)39
ADD:4082(2071)319
BDD:[4854]12
ADD:[4854]30
BDD:[4855]4
ADD:[4855]7
BDD:{{843(2455)}}251
ADD:{{843(2455)}}346
BDD:[5179]4
ADD:[5179]12
BDD:{{859(2132)}}50
ADD:{{859(2132)}}63
BDD:[740]15
ADD:[740]33
BDD:{{693(2179)}}54
ADD:{{693(2179)}}67
BDD:[645]16
ADD:[645]34
BDD:{{822(1933)}}13
ADD:{{822(1933)}}16
BDD:{{722(2131)}}50
ADD:{{722(2131)}}63
BDD:[763]15
ADD:[763]33
BDD:{{661(2178)}}54
ADD:{{661(2178)}}67
BDD:[649]16
ADD:[649]34
BDD:3848(1864)13
ADD:3848(1864)43
BDD:[4830]8
ADD:[4830]18
BDD:[4831]4
ADD:[4831]7
BDD:[201]10
ADD:[201]17
BDD:[677]12
ADD:[677]22
BDD:[676]12
ADD:[676]22
BDD:[141]6
ADD:[141]9
BDD:[679]6
ADD:[679]10
BDD:[175]10
ADD:[175]17
BDD:[315]12
ADD:[315]22
BDD:[314]12
ADD:[314]22
BDD:[814]6
ADD:[814]9
BDD:1034(1429)6
ADD:1034(1429)9
BDD:[908]6
ADD:[908]10
BDD:[678]6
ADD:[678]10
BDD:[907]6
ADD:[907]10
BDD:2798(948)4
ADD:2798(948)5
BDD:[910]3
ADD:[910]6
BDD:[5079]27
ADD:[5079]96
BDD:[5080]4
ADD:[5080]7
BDD:{{707(1277)}}10
ADD:{{707(1277)}}14
BDD:[983]4
ADD:[983]8
BDD:{{797(2191)}}80
ADD:{{797(2191)}}93
BDD:[616]4
ADD:[616]7
BDD:{{757(2190)}}80
ADD:{{757(2190)}}93
BDD:[633]4
ADD:[633]7
BDD:{{752(2189)}}87
ADD:{{752(2189)}}120
BDD:[636]55
ADD:[636]135
BDD:{{792(2188)}}87
ADD:{{792(2188)}}120
BDD:[621]55
ADD:[621]135
BDD:{{873(2124)}}53
ADD:{{873(2124)}}67
BDD:{{702(2228)}}91
ADD:{{702(2228)}}124
BDD:[580]56
ADD:[580]136
BDD:{{670(2225)}}91
ADD:{{670(2225)}}124
BDD:[596]56
ADD:[596]136
BDD:3793(2065)53
ADD:3793(2065)491
BDD:[4887]27
ADD:[4887]96
BDD:[4888]4
ADD:[4888]7
BDD:[644]36
ADD:[644]90
BDD:[648]36
ADD:[648]90
BDD:[761]35
ADD:[761]89
BDD:[738]35
ADD:[738]89
BDD:{{861(2070)}}33
ADD:{{861(2070)}}44
BDD:3790(2025)33
ADD:3790(2025)107
BDD:[4838]27
ADD:[4838]96
BDD:[4839]4
ADD:[4839]7
BDD:{{847(465)}}3
ADD:{{847(465)}}6
BDD:[497]5
ADD:[497]8
BDD:[512]5
ADD:[512]8
BDD:{{838(2064)}}23
ADD:{{838(2064)}}29
BDD:{{802(2183)}}64
ADD:{{802(2183)}}78
BDD:[615]25
ADD:[615]59
BDD:{{696(2226)}}68
ADD:{{696(2226)}}82
BDD:[589]26
ADD:[589]60
BDD:{{664(2223)}}68
ADD:{{664(2223)}}82
BDD:[605]26
ADD:[605]60
BDD:{{762(2184)}}64
ADD:{{762(2184)}}78
BDD:[630]25
ADD:[630]59
BDD:3849(2024)23
ADD:3849(2024)29
BDD:[780]4
ADD:[780]7
BDD:5255(1860)10
ADD:5255(1860)17
BDD:[686]14
ADD:[686]18
BDD:[687]14
ADD:[687]18
BDD:[199]8
ADD:[199]13
BDD:[688]10
ADD:[688]14
BDD:[689]10
ADD:[689]14
BDD:[139]6
ADD:[139]9
BDD:[691]6
ADD:[691]10
BDD:4623(2442)49
ADD:4623(2442)95
BDD:[273]78
ADD:[273]183
BDD:[272]60
ADD:[272]183
BDD:4534(2419)43
ADD:4534(2419)83
BDD:[277]85
ADD:[277]138
BDD:[276]85
ADD:[276]138
BDD:4514(2354)35
ADD:4514(2354)59
BDD:[281]31
ADD:[281]106
BDD:[283]26
ADD:[283]72
BDD:[280]37
ADD:[280]106
BDD:[282]37
ADD:[282]106
BDD:4494(2266)29
ADD:4494(2266)49
BDD:[5364]40
ADD:[5364]50
BDD:[5365]40
ADD:[5365]51
BDD:4484(2114)18
ADD:4484(2114)27
BDD:[5367]18
ADD:[5367]33
BDD:[5366]18
ADD:[5366]32
BDD:4474(1964)18
ADD:4474(1964)27
BDD:[292]16
ADD:[292]32
BDD:[293]20
ADD:[293]32
BDD:[228]6
ADD:[228]10
BDD:[588]40
ADD:[588]94
BDD:[628]39
ADD:[628]93
BDD:[604]40
ADD:[604]94
BDD:{{877(2126)}}37
ADD:{{877(2126)}}46
BDD:[613]39
ADD:[613]93
BDD:3791(2067)37
ADD:3791(2067)305
BDD:{{875(2125)}}43
ADD:{{875(2125)}}52
BDD:[617]45
ADD:[617]105
BDD:{{699(2227)}}84
ADD:{{699(2227)}}97
BDD:[584]46
ADD:[584]106
BDD:[632]45
ADD:[632]105
BDD:{{667(2224)}}84
ADD:{{667(2224)}}97
BDD:[600]46
ADD:[600]106
BDD:3792(2066)43
ADD:3792(2066)390
BDD:[126]20
ADD:[126]25
BDD:[716]20
ADD:[716]30
BDD:[625]65
ADD:[625]209
BDD:[592]66
ADD:[592]210
BDD:[640]65
ADD:[640]209
BDD:{{871(2127)}}63
ADD:{{871(2127)}}104
BDD:[608]66
ADD:[608]210
BDD:4024(2068)63
ADD:4024(2068)347
BDD:1238(1953)37
ADD:1238(1953)71
BDD:[4876]39
ADD:[4876]72
BDD:[4877]39
ADD:[4877]73
BDD:[215]32
ADD:[215]36
BDD:1243(1961)28
ADD:1243(1961)36
BDD:[728]32
ADD:[728]41
BDD:[727]32
ADD:[727]41
BDD:[183]22
ADD:[183]23
BDD:[729]20
ADD:[729]30
BDD:[717]20
ADD:[717]30
BDD:4260(1727)16
ADD:4260(1727)28
BDD:1253(1960)14
ADD:1253(1960)19
BDD:[735]14
ADD:[735]33
BDD:[270]60
ADD:[270]185
BDD:[271]81
ADD:[271]185
BDD:4612(2386)39
ADD:4612(2386)75
BDD:[296]59
ADD:[296]122
BDD:[295]59
ADD:[295]122
BDD:4592(2323)31
ADD:4592(2323)53
BDD:[299]58
ADD:[299]80
BDD:[300]58
ADD:[300]80
BDD:[188]31
ADD:[188]53
BDD:[301]31
ADD:[301]54
BDD:[734]10
ADD:[734]28
BDD:[123]7
ADD:[123]11
BDD:[777]9
ADD:[777]12
BDD:[733]10
ADD:[733]28
BDD:[242]28
ADD:[242]38
BDD:1225(1819)39
ADD:1225(1819)117
BDD:[125]39
ADD:[125]40
BDD:[5338]40
ADD:[5338]67
BDD:[222]36
ADD:[222]70
BDD:[212]30
ADD:[212]40
BDD:[156]18
ADD:[156]28
BDD:[736]14
ADD:[736]25
BDD:[146]12
ADD:[146]22
BDD:[302]29
ADD:[302]54
BDD:[776]9
ADD:[776]12
BDD:1152(1452)6
ADD:1152(1452)9
BDD:[880]6
ADD:[880]10
BDD:[879]6
ADD:[879]10
BDD:4572(2115)18
ADD:4572(2115)27
BDD:[306]16
ADD:[306]32
BDD:[307]16
ADD:[307]32
BDD:[154]18
ADD:[154]21
BDD:[309]16
ADD:[309]22
BDD:[308]16
ADD:[308]22
BDD:[5339]40
ADD:[5339]66
BDD:1185(1721)35
ADD:1185(1721)36
BDD:[805]35
ADD:[805]64
BDD:[208]29
ADD:[208]36
BDD:4555(1734)18
ADD:4555(1734)19
BDD:[809]16
ADD:[809]26
BDD:4575(1742)29
ADD:4575(1742)39
BDD:[305]16
ADD:[305]26
BDD:1478(1731)12
ADD:1478(1731)21
BDD:[4821]10
ADD:[4821]20
BDD:[219]6
ADD:[219]10
BDD:[690]6
ADD:[690]10
BDD:2767(936)4
ADD:2767(936)5
BDD:[882]3
ADD:[882]6
BDD:[496]5
ADD:[496]8
BDD:[594]5
ADD:[594]8
BDD:[245]5
ADD:[245]8
BDD:[586]5
ADD:[586]8
BDD:[484]5
ADD:[484]8
BDD:[590]5
ADD:[590]8
BDD:[492]5
ADD:[492]8
BDD:[582]5
ADD:[582]8
BDD:[646]5
ADD:[646]8
BDD:[488]5
ADD:[488]8
BDD:[162]4
ADD:[162]8
BDD:[583]5
ADD:[583]8
BDD:[485]5
ADD:[485]8
BDD:[647]5
ADD:[647]8
BDD:[493]5
ADD:[493]8
BDD:[489]5
ADD:[489]8
BDD:[595]5
ADD:[595]8
BDD:[587]5
ADD:[587]8
BDD:[246]5
ADD:[246]8
BDD:[591]5
ADD:[591]8
BDD:[159]4
ADD:[159]8
BDD:[132]3
ADD:[132]6
BDD:[491]58
ADD:[491]184
BDD:[581]33
ADD:[581]102
BDD:[487]62
ADD:[487]182
BDD:[495]47
ADD:[495]154
BDD:[244]253
ADD:[244]692
BDD:[585]36
ADD:[585]78
BDD:[483]66
ADD:[483]208
BDD:[163]4
ADD:[163]8
BDD:[169]4
ADD:[169]8
BDD:[130]3
ADD:[130]6
BDD:{{636(1280)}}6
ADD:{{636(1280)}}10
BDD:[996]3
ADD:[996]6
BDD:{{849(219)}}2
ADD:{{849(219)}}3
BDD:{{601(220)}}3
ADD:{{601(220)}}6
BDD:[194]10
ADD:[194]17
BDD:[278]12
ADD:[278]22
BDD:[192]10
ADD:[192]17
BDD:[297]12
ADD:[297]22
BDD:[806]6
ADD:[806]9
BDD:[279]12
ADD:[279]22
BDD:[298]12
ADD:[298]22
BDD:1089(1436)6
ADD:1089(1436)9
BDD:[896]6
ADD:[896]10
BDD:[895]6
ADD:[895]10
BDD:2784(944)4
ADD:2784(944)5
BDD:[898]3
ADD:[898]6
BDD:{{656(621)}}4
ADD:{{656(621)}}8
BDD:{{639(1275)}}10
ADD:{{639(1275)}}14
BDD:[226]4
ADD:[226]8
BDD:{{704(1281),717(1282)}}6
ADD:{{704(1281),717(1282)}}10
BDD:{{820(1283)}}4
ADD:{{820(1283)}}8
BDD:{{809(655)}}3
ADD:{{809(655)}}4
BDD:3176(362)3
ADD:3176(362)6
BDD:{{845(845)}}3
ADD:{{845(845)}}6
BDD:[248]253
ADD:[248]692
BDD:[257]252
ADD:[257]691
BDD:[254]252
ADD:[254]691
BDD:3654(2468)250
ADD:3654(2468)345
BDD:[260]3
ADD:[260]6
BDD:{{1002(1920)}}10
ADD:{{1002(1920)}}19
BDD:[836]13
ADD:[836]28
BDD:[835]13
ADD:[835]28
BDD:5236(1457)6
ADD:5236(1457)11
BDD:[837]11
ADD:[837]16
BDD:[838]11
ADD:[838]16
BDD:3424(913)3
ADD:3424(913)5
BDD:[844]3
ADD:[844]6
BDD:{{998(2163)}}21
ADD:{{998(2163)}}39
BDD:[692]27
ADD:[692]58
BDD:[693]27
ADD:[693]58
BDD:5244(1966)13
ADD:5244(1966)23
BDD:[694]14
ADD:[694]36
BDD:[695]14
ADD:[695]36
BDD:[184]10
ADD:[184]17
BDD:[696]15
ADD:[696]24
BDD:[697]15
ADD:[697]24
BDD:3454(1453)6
ADD:3454(1453)9
BDD:[700]6
ADD:[700]10
BDD:[701]6
ADD:[701]10
BDD:[178]4
ADD:[178]5
BDD:[703]3
ADD:[703]6
BDD:[843]3
ADD:[843]6
BDD:[618]4
ADD:[618]7
BDD:[635]4
ADD:[635]7
BDD:1307(1427)6
ADD:1307(1427)9
BDD:[903]6
ADD:[903]10
BDD:[904]6
ADD:[904]10
BDD:2794(947)4
ADD:2794(947)5
BDD:[906]3
ADD:[906]6
BDD:[5180]249
ADD:[5180]686
BDD:[259]249
ADD:[259]686
BDD:3658(2460)248
ADD:3658(2460)343
BDD:[388]160
ADD:[388]535
BDD:[389]162
ADD:[389]535
BDD:5074(2414)64
ADD:5074(2414)109
BDD:[433]63
ADD:[433]137
BDD:[434]63
ADD:[434]137
BDD:4910(2329)22
ADD:4910(2329)29
BDD:[447]22
ADD:[447]35
BDD:[446]25
ADD:[446]35
BDD:4890(2165)18
ADD:4890(2165)22
BDD:[452]14
ADD:[452]23
BDD:[431]53
ADD:[431]128
BDD:[432]56
ADD:[432]128
BDD:4862(2368)25
ADD:4862(2368)37
BDD:[438]27
ADD:[438]46
BDD:[437]27
ADD:[437]46
BDD:4852(2328)22
ADD:4852(2328)29
BDD:[440]25
ADD:[440]37
BDD:[439]21
ADD:[439]37
BDD:4832(2166)18
ADD:4832(2166)22
BDD:[442]18
ADD:[442]23
BDD:[441]11
ADD:[441]23
BDD:4822(1995)14
ADD:4822(1995)17
BDD:[444]14
ADD:[444]20
BDD:{{818(2273)}}68
ADD:{{818(2273)}}326
BDD:[236]66
ADD:[236]108
BDD:[575]58
ADD:[575]289
BDD:{{813(2260)}}53
ADD:{{813(2260)}}105
BDD:[570]73
ADD:[570]190
BDD:[545]65
ADD:[545]207
BDD:[540]65
ADD:[540]207
BDD:[499]66
ADD:[499]208
BDD:{{824(2274)}}63
ADD:{{824(2274)}}103
BDD:4086(2231)63
ADD:4086(2231)438
BDD:{{585(2236)}}51
ADD:{{585(2236)}}898
BDD:[571]73
ADD:[571]190
BDD:{{623(2152)}}56
ADD:{{623(2152)}}96
BDD:1936(2105)56
ADD:1936(2105)96
BDD:[765]58
ADD:[765]157
BDD:{{826(2275)}}59
ADD:{{826(2275)}}90
BDD:[503]62
ADD:[503]182
BDD:[525]61
ADD:[525]181
BDD:[536]61
ADD:[536]181
BDD:4085(2232)59
ADD:4085(2232)384
BDD:[766]67
ADD:[766]157
BDD:1944(2104)52
ADD:1944(2104)112
BDD:[221]16
ADD:[221]26
BDD:[768]44
ADD:[768]74
BDD:{{618(1925),629(1926)}}52
ADD:{{618(1925),629(1926)}}192
BDD:[177]16
ADD:[177]20
BDD:[769]16
ADD:[769]20
BDD:[453]12
ADD:[453]23
BDD:[231]16
ADD:[231]20
BDD:[443]9
ADD:[443]20
BDD:2125(1688)14
ADD:2125(1688)21
BDD:[4829]10
ADD:[4829]21
BDD:[187]5
ADD:[187]10
BDD:[229]5
ADD:[229]10
BDD:{{828(2233)}}55
ADD:{{828(2233)}}91
BDD:[521]57
ADD:[521]183
BDD:[507]58
ADD:[507]184
BDD:[532]57
ADD:[532]183
BDD:4084(2180)55
ADD:4084(2180)467
BDD:1949(2040)44
ADD:1949(2040)80
BDD:[655]10
ADD:[655]25
BDD:[204]9
ADD:[204]17
BDD:[450]15
ADD:[450]24
BDD:[528]46
ADD:[528]153
BDD:[511]47
ADD:[511]154
BDD:{{830(2182)}}44
ADD:{{830(2182)}}76
BDD:[517]46
ADD:[517]153
BDD:4083(2130)44
ADD:4083(2130)225
BDD:[5073]37
ADD:[5073]77
BDD:[5074]35
ADD:[5074]131
BDD:[151]33
ADD:[151]65
BDD:[653]36
ADD:[653]66
BDD:{{615(1750),626(1752)}}44
ADD:{{615(1750),626(1752)}}132
BDD:[767]47
ADD:[767]108
BDD:[209]9
ADD:[209]17
BDD:[657]45
ADD:[657]75
BDD:[147]15
ADD:[147]24
BDD:[656]10
ADD:[656]28
BDD:[654]45
ADD:[654]109
BDD:[451]15
ADD:[451]24
BDD:[652]36
ADD:[652]66
BDD:1758(1420)5
ADD:1758(1420)9
BDD:[872]5
ADD:[872]10
BDD:5247(1847)10
ADD:5247(1847)17
BDD:[707]15
ADD:[707]24
BDD:[706]15
ADD:[706]24
BDD:[181]6
ADD:[181]9
BDD:[709]6
ADD:[709]10
BDD:[871]5
ADD:[871]10
BDD:[708]6
ADD:[708]10
BDD:3155(924)4
ADD:3155(924)5
BDD:[874]3
ADD:[874]6
BDD:[501]5
ADD:[501]8
BDD:[535]4
ADD:[535]7
BDD:[522]4
ADD:[522]7
BDD:{{612(263)}}2
ADD:{{612(263)}}3
BDD:5077(2441)49
ADD:5077(2441)95
BDD:[394]30
ADD:[394]123
BDD:[395]35
ADD:[395]123
BDD:4988(2391)33
ADD:4988(2391)63
BDD:[399]58
ADD:[399]100
BDD:[398]58
ADD:[398]100
BDD:4968(2326)27
ADD:4968(2326)42
BDD:[403]38
ADD:[403]60
BDD:[402]36
ADD:[402]60
BDD:4948(2149)20
ADD:4948(2149)27
BDD:[5254]20
ADD:[5254]52
BDD:[5253]17
ADD:[5253]34
BDD:4938(1989)12
ADD:4938(1989)15
BDD:[5256]18
ADD:[5256]31
BDD:[240]18
ADD:[240]26
BDD:[414]14
ADD:[414]28
BDD:[5255]14
ADD:[5255]31
BDD:[241]16
ADD:[241]54
BDD:[144]30
ADD:[144]31
BDD:[435]25
ADD:[435]38
BDD:1903(1793)30
ADD:1903(1793)61
BDD:[223]24
ADD:[223]60
BDD:[211]16
ADD:[211]32
BDD:[152]12
ADD:[152]22
BDD:[601]36
ADD:[601]78
BDD:[634]35
ADD:[634]77
BDD:{{836(2128)}}33
ADD:{{836(2128)}}38
BDD:[619]35
ADD:[619]77
BDD:3850(2069)33
ADD:3850(2069)136
BDD:[127]18
ADD:[127]23
BDD:[745]18
ADD:[745]28
BDD:[744]18
ADD:[744]28
BDD:1916(1940)28
ADD:1916(1940)53
BDD:[4857]30
ADD:[4857]55
BDD:[4856]30
ADD:[4856]54
BDD:[214]24
ADD:[214]44
BDD:[623]32
ADD:[623]101
BDD:{{834(2123)}}30
ADD:{{834(2123)}}50
BDD:[597]33
ADD:[597]102
BDD:[638]32
ADD:[638]101
BDD:3851(2063)30
ADD:3851(2063)199
BDD:1921(1939)23
ADD:1921(1939)43
BDD:[756]24
ADD:[756]44
BDD:[755]24
ADD:[755]44
BDD:[182]20
ADD:[182]21
BDD:[757]18
ADD:[757]28
BDD:4748(1658)14
ADD:4748(1658)29
BDD:[778]13
ADD:[778]38
BDD:[393]52
ADD:[393]141
BDD:[392]64
ADD:[392]141
BDD:5066(2383)34
ADD:5066(2383)65
BDD:[417]55
ADD:[417]89
BDD:[416]55
ADD:[416]89
BDD:[191]10
ADD:[191]17
BDD:[419]12
ADD:[419]22
BDD:[190]8
ADD:[190]13
BDD:[405]9
ADD:[405]16
BDD:[413]12
ADD:[413]46
BDD:[418]12
ADD:[418]22
BDD:[779]15
ADD:[779]38
BDD:5046(2325)28
ADD:5046(2325)37
BDD:[420]31
ADD:[420]62
BDD:[421]30
ADD:[421]62
BDD:5026(2102)18
ADD:5026(2102)26
BDD:[428]15
ADD:[428]31
BDD:[427]15
ADD:[427]31
BDD:[185]16
ADD:[185]19
BDD:[430]14
ADD:[430]20
BDD:[436]29
ADD:[436]46
BDD:2135(1673)26
ADD:2135(1673)27
BDD:[792]26
ADD:[792]46
BDD:[207]20
ADD:[207]44
BDD:[429]14
ADD:[429]20
BDD:[415]14
ADD:[415]27
BDD:5009(1664)16
ADD:5009(1664)17
BDD:[796]14
ADD:[796]24
BDD:[189]24
ADD:[189]33
BDD:[422]21
ADD:[422]34
BDD:[423]20
ADD:[423]34
BDD:5029(1668)20
ADD:5029(1668)45
BDD:[426]14
ADD:[426]24
BDD:2155(1657)10
ADD:2155(1657)16
BDD:[4828]9
ADD:[4828]16
BDD:[404]9
ADD:[404]16
BDD:1812(1404)6
ADD:1812(1404)9
BDD:[856]6
ADD:[856]10
BDD:3445(1455)6
ADD:3445(1455)9
BDD:[699]6
ADD:[699]10
BDD:[855]6
ADD:[855]10
BDD:[698]6
ADD:[698]10
BDD:3139(917)4
ADD:3139(917)5
BDD:[857]3
ADD:[857]6
BDD:[602]5
ADD:[602]8
BDD:[5075]27
ADD:[5075]95
BDD:[5076]4
ADD:[5076]7
BDD:[607]5
ADD:[607]8
BDD:[651]5
ADD:[651]8
BDD:[4862]8
ADD:[4862]13
BDD:[124]6
ADD:[124]9
BDD:[786]6
ADD:[786]10
BDD:[785]6
ADD:[785]10
BDD:[216]6
ADD:[216]10
BDD:3137(914)4
ADD:3137(914)5
BDD:[865]3
ADD:[865]6
BDD:{{600(259)}}2
ADD:{{600(259)}}3
BDD:3486(1464)6
ADD:3486(1464)9
BDD:[680]6
ADD:[680]10
BDD:[4813]6
ADD:[4813]8
BDD:1278(1433)6
ADD:1278(1433)9
BDD:[911]6
ADD:[911]10
BDD:[681]6
ADD:[681]10
BDD:[912]6
ADD:[912]10
BDD:2802(950)4
ADD:2802(950)5
BDD:[914]3
ADD:[914]6
BDD:[529]4
ADD:[529]7
BDD:[516]4
ADD:[516]7
BDD:{{634(665)}}3
ADD:{{634(665)}}6
BDD:[631]4
ADD:[631]7
BDD:[537]4
ADD:[537]7
BDD:[639]4
ADD:[639]7
BDD:[258]4
ADD:[258]7
BDD:[764]4
ADD:[764]7
BDD:[541]4
ADD:[541]7
BDD:[643]4
ADD:[643]7
BDD:[533]4
ADD:[533]7
BDD:[158]3
ADD:[158]6
BDD:[167]3
ADD:[167]6
BDD:[539]4
ADD:[539]7
BDD:[256]4
ADD:[256]7
BDD:[762]4
ADD:[762]7
BDD:[637]4
ADD:[637]7
BDD:[527]4
ADD:[527]7
BDD:[629]4
ADD:[629]7
BDD:[641]4
ADD:[641]7
BDD:[531]4
ADD:[531]7
BDD:[165]3
ADD:[165]6
BDD:[160]3
ADD:[160]6
BDD:[253]4
ADD:[253]7
BDD:[391]431
ADD:[391]1513
BDD:[390]561
ADD:[390]1513
BDD:5414(2018)97
ADD:5414(2018)125
BDD:[455]244
ADD:[455]396
BDD:[454]221
ADD:[454]396
BDD:[186]65
ADD:[186]89
BDD:[457]81
ADD:[457]134
BDD:[456]82
ADD:[456]134
BDD:3883(1473)51
ADD:3883(1473)67
BDD:[459]47
ADD:[459]82
BDD:[458]47
ADD:[458]82
BDD:5296(1127)23
ADD:5296(1127)31
BDD:[463]4
ADD:[463]10
BDD:[269]242
ADD:[269]705
BDD:[268]242
ADD:[268]705
BDD:5406(2013)71
ADD:5406(2013)127
BDD:[340]193
ADD:[340]216
BDD:[339]193
ADD:[339]216
BDD:3871(1548)35
ADD:3871(1548)44
BDD:[358]49
ADD:[358]72
BDD:[357]49
ADD:[357]72
BDD:5268(1166)23
ADD:5268(1166)31
BDD:[366]4
ADD:[366]10
BDD:5409(1998)59
ADD:5409(1998)92
BDD:[368]73
ADD:[368]168
BDD:[367]73
ADD:[367]168
BDD:[202]47
ADD:[202]79
BDD:[370]59
ADD:[370]96
BDD:[369]59
ADD:[369]96
BDD:[142]35
ADD:[142]44
BDD:[372]49
ADD:[372]72
BDD:[371]49
ADD:[371]72
BDD:5276(1154)23
ADD:5276(1154)31
BDD:[380]4
ADD:[380]10
BDD:{{598(1623)}}515
ADD:{{598(1623)}}3343
BDD:5417(1877)45
ADD:5417(1877)51
BDD:[477]91
ADD:[477]123
BDD:[476]91
ADD:[476]123
BDD:[5071]12
ADD:[5071]30
BDD:5312(1145)8
ADD:5312(1145)9
BDD:[957]4
ADD:[957]10
BDD:3892(1490)16
ADD:3892(1490)20
BDD:[468]17
ADD:[468]24
BDD:[469]17
ADD:[469]24
BDD:[180]4
ADD:[180]5
BDD:[471]3
ADD:[471]6
BDD:{{610(1519)}}235
ADD:{{610(1519)}}1125
BDD:3350(1331)23
ADD:3350(1331)50
BDD:[919]4
ADD:[919]10
BDD:3328(916)4
ADD:3328(916)5
BDD:[979]3
ADD:[979]6
BDD:[203]47
ADD:[203]79
BDD:[342]59
ADD:[342]96
BDD:[341]59
ADD:[341]96
BDD:[143]35
ADD:[143]44
BDD:[344]49
ADD:[344]72
BDD:[343]49
ADD:[343]72
BDD:5263(1179)23
ADD:5263(1179)31
BDD:[352]4
ADD:[352]10
BDD:[200]25
ADD:[200]31
BDD:[479]41
ADD:[479]55
BDD:[478]37
ADD:[478]55
BDD:2942(1137)8
ADD:2942(1137)9
BDD:[961]4
ADD:[961]10
BDD:5289(1158)23
ADD:5289(1158)31
BDD:[376]4
ADD:[376]10
BDD:[5069]8
ADD:[5069]18
BDD:[140]10
ADD:[140]13
BDD:[480]10
ADD:[480]14
BDD:[481]10
ADD:[481]14
BDD:2908(930)4
ADD:2908(930)5
BDD:[977]3
ADD:[977]6
BDD:5299(1122)8
ADD:5299(1122)9
BDD:[467]4
ADD:[467]10
BDD:5279(1170)23
ADD:5279(1170)31
BDD:[384]4
ADD:[384]10
BDD:5304(1133)8
ADD:5304(1133)9
BDD:[475]4
ADD:[475]10
BDD:5260(1182)23
ADD:5260(1182)31
BDD:[348]4
ADD:[348]10
BDD:5271(1187)23
ADD:5271(1187)31
BDD:[362]4
ADD:[362]10
BDD:3852(1190)23
ADD:3852(1190)31
BDD:[356]4
ADD:[356]10
BDD:[4893]27
ADD:[4893]96
BDD:[4863]6
ADD:[4863]11
BDD:[5067]8
ADD:[5067]17
BDD:[781]10
ADD:[781]19
BDD:[4889]27
ADD:[4889]96
BDD:[4864]12
ADD:[4864]30
BDD:[5077]27
ADD:[5077]96
BDD:[4874]27
ADD:[4874]96
BDD:[134]3
ADD:[134]6
BDD:[5070]4
ADD:[5070]7
BDD:[4890]4
ADD:[4890]7
BDD:[4865]4
ADD:[4865]7
BDD:[5078]4
ADD:[5078]7
BDD:[4875]4
ADD:[4875]7
BDD:[5068]4
ADD:[5068]7
BDD:[4894]4
ADD:[4894]7
BDD:[5072]4
ADD:[5072]7
BDD:[145]3
ADD:[145]6
BDD:[129]3
ADD:[129]6
BDD:[5266]4
ADD:[5266]12
BDD:[542]4
ADD:[542]7
BDD:[168]3
ADD:[168]6
BDD:[524]4
ADD:[524]7
BDD:[626]4
ADD:[626]7
BDD:[739]4
ADD:[739]7
BDD:[544]4
ADD:[544]7
BDD:[520]4
ADD:[520]7
BDD:[622]4
ADD:[622]7
BDD:[614]4
ADD:[614]7
BDD:[164]3
ADD:[164]6
BDD:[620]4
ADD:[620]7
BDD:[251]4
ADD:[251]7
BDD:[612]4
ADD:[612]7
BDD:[737]4
ADD:[737]7
BDD:[518]4
ADD:[518]7
BDD:[624]4
ADD:[624]7
BDD:[514]4
ADD:[514]7
BDD:[171]3
ADD:[171]6
BDD:[157]3
ADD:[157]6
BDD:[598]5
ADD:[598]8
BDD:1984(1423)6
ADD:1984(1423)9
BDD:[867]6
ADD:[867]10
BDD:[868]6
ADD:[868]10
BDD:3161(926)4
ADD:3161(926)5
BDD:[870]3
ADD:[870]6
BDD:[574]7
ADD:[574]28
BDD:[153]5
ADD:[153]9
BDD:[578]5
ADD:[578]10
BDD:5216(1460)6
ADD:5216(1460)9
BDD:[801]6
ADD:[801]10
BDD:[579]5
ADD:[579]10
BDD:[800]6
ADD:[800]10
BDD:3167(931)4
ADD:3167(931)5
BDD:[875]3
ADD:[875]6
BDD:[193]9
ADD:[193]15
BDD:[401]11
ADD:[401]18
BDD:[400]11
ADD:[400]18
BDD:[793]6
ADD:[793]8
BDD:1767(1417)6
ADD:1767(1417)9
BDD:[862]6
ADD:[862]10
BDD:3463(1456)5
ADD:3463(1456)7
BDD:[705]5
ADD:[705]8
BDD:[861]6
ADD:[861]10
BDD:[704]4
ADD:[704]8
BDD:3151(923)4
ADD:3151(923)5
BDD:[864]3
ADD:[864]6
BDD:[869]3
ADD:[869]6
BDD:[702]3
ADD:[702]6
BDD:[797]5
ADD:[797]8
BDD:[173]8
ADD:[173]13
BDD:[396]9
ADD:[396]16
BDD:[758]5
ADD:[758]8
BDD:[424]5
ADD:[424]7
BDD:[397]9
ADD:[397]16
BDD:2042(1408)5
ADD:2042(1408)7
BDD:[851]5
ADD:[851]8
BDD:[852]5
ADD:[852]8
BDD:3143(919)4
ADD:3143(919)5
BDD:[853]3
ADD:[853]6
BDD:[858]3
ADD:[858]6
BDD:3165(927)4
ADD:3165(927)5
BDD:[877]3
ADD:[877]6
BDD:[866]3
ADD:[866]6
BDD:[863]3
ADD:[863]6
BDD:[876]3
ADD:[876]6
BDD:[854]3
ADD:[854]6
BDD:[873]3
ADD:[873]6
BDD:1778(1307)4
ADD:1778(1307)6
BDD:1789(865)4
ADD:1789(865)7
BDD:[176]3
ADD:[176]6
BDD:[878]3
ADD:[878]6
BDD:[466]4
ADD:[466]10
BDD:3021(1123)8
ADD:3021(1123)9
BDD:[973]4
ADD:[973]10
BDD:[971]4
ADD:[971]10
BDD:[465]4
ADD:[465]10
BDD:[972]4
ADD:[972]10
BDD:[464]4
ADD:[464]10
BDD:[970]4
ADD:[970]10
BDD:[196]4
ADD:[196]7
BDD:[840]5
ADD:[840]10
BDD:[839]5
ADD:[839]10
BDD:[461]4
ADD:[461]10
BDD:[364]4
ADD:[364]10
BDD:[959]4
ADD:[959]10
BDD:[916]3
ADD:[916]6
BDD:[350]4
ADD:[350]10
BDD:[374]4
ADD:[374]10
BDD:[955]4
ADD:[955]10
BDD:[382]4
ADD:[382]10
BDD:[473]4
ADD:[473]10
BDD:[346]4
ADD:[346]10
BDD:[360]4
ADD:[360]10
BDD:[354]4
ADD:[354]10
BDD:[470]3
ADD:[470]6
BDD:[378]4
ADD:[378]10
BDD:[576]6
ADD:[576]16
BDD:2933(933)4
ADD:2933(933)5
BDD:[975]3
ADD:[975]6
BDD:[383]4
ADD:[383]10
BDD:2619(1171)9
ADD:2619(1171)10
BDD:[938]4
ADD:[938]10
BDD:[936]4
ADD:[936]10
BDD:[939]4
ADD:[939]10
BDD:[381]4
ADD:[381]10
BDD:[937]4
ADD:[937]10
BDD:[249]5
ADD:[249]8
BDD:[375]4
ADD:[375]10
BDD:{{1004(1977)}}11
ADD:{{1004(1977)}}21
BDD:[818]21
ADD:[818]38
BDD:[817]21
ADD:[817]38
BDD:5425(1470)5
ADD:5425(1470)9
BDD:[830]6
ADD:[830]14
BDD:[829]6
ADD:[829]14
BDD:[197]4
ADD:[197]7
BDD:[832]5
ADD:[832]10
BDD:[831]5
ADD:[831]10
BDD:[137]3
ADD:[137]5
BDD:[834]3
ADD:[834]6
BDD:2611(1159)23
ADD:2611(1159)31
BDD:[946]4
ADD:[946]10
BDD:[944]4
ADD:[944]10
BDD:[833]3
ADD:[833]6
BDD:[947]4
ADD:[947]10
BDD:[909]3
ADD:[909]6
BDD:[373]4
ADD:[373]10
BDD:[945]4
ADD:[945]10
BDD:5239(1374)5
ADD:5239(1374)9
BDD:[845]5
ADD:[845]14
BDD:[960]4
ADD:[960]10
BDD:[958]4
ADD:[958]10
BDD:[846]5
ADD:[846]14
BDD:{{810(356)}}3
ADD:{{810(356)}}6
BDD:{{923(619)}}2
ADD:{{923(619)}}3
BDD:[984]4
ADD:[984]8
BDD:[990]4
ADD:[990]8
BDD:[987]4
ADD:[987]8
BDD:[225]3
ADD:[225]6
BDD:{{144(354)}}2
ADD:{{144(354)}}3
BDD:[989]4
ADD:[989]8
BDD:[980]4
ADD:[980]8
BDD:[227]3
ADD:[227]6
BDD:2623(1167)23
ADD:2623(1167)31
BDD:[943]4
ADD:[943]10
BDD:[941]4
ADD:[941]10
BDD:5422(1638)7
ADD:5422(1638)13
BDD:[820]13
ADD:[820]18
BDD:[819]13
ADD:[819]18
BDD:[198]5
ADD:[198]9
BDD:[821]9
ADD:[821]14
BDD:[822]9
ADD:[822]14
BDD:[138]3
ADD:[138]5
BDD:[823]3
ADD:[823]6
BDD:[363]4
ADD:[363]10
BDD:[942]4
ADD:[942]10
BDD:[365]4
ADD:[365]10
BDD:[940]4
ADD:[940]10
BDD:[824]3
ADD:[824]6
BDD:[897]3
ADD:[897]6
BDD:[513]5
ADD:[513]8
BDD:2615(1155)23
ADD:2615(1155)31
BDD:[948]4
ADD:[948]10
BDD:[377]4
ADD:[377]10
BDD:[379]4
ADD:[379]10
BDD:[949]4
ADD:[949]10
BDD:[950]4
ADD:[950]10
BDD:[951]4
ADD:[951]10
BDD:[472]4
ADD:[472]10
BDD:3012(1132)8
ADD:3012(1132)9
BDD:[962]4
ADD:[962]10
BDD:[474]4
ADD:[474]10
BDD:[965]4
ADD:[965]10
BDD:[136]3
ADD:[136]5
BDD:[842]3
ADD:[842]6
BDD:[963]4
ADD:[963]10
BDD:[841]3
ADD:[841]6
BDD:[964]4
ADD:[964]10
BDD:[954]4
ADD:[954]10
BDD:[956]4
ADD:[956]10
BDD:[577]4
ADD:[577]10
BDD:[504]5
ADD:[504]8
BDD:[650]5
ADD:[650]8
BDD:[606]5
ADD:[606]8
BDD:[610]5
ADD:[610]8
BDD:[500]5
ADD:[500]8
BDD:[508]5
ADD:[508]8
BDD:[166]4
ADD:[166]8
BDD:[509]5
ADD:[509]8
BDD:[599]5
ADD:[599]8
BDD:[505]5
ADD:[505]8
BDD:[250]5
ADD:[250]8
BDD:[611]5
ADD:[611]8
BDD:[603]5
ADD:[603]8
BDD:[161]4
ADD:[161]8
BDD:[172]4
ADD:[172]8
BDD:[170]4
ADD:[170]8
BDD:{{851(218)}}2
ADD:{{851(218)}}3
BDD:[992]3
ADD:[992]6
BDD:[995]3
ADD:[995]6
BDD:[993]3
ADD:[993]6
BDD:[730]5
ADD:[730]8
BDD:[810]5
ADD:[810]8
BDD:[174]8
ADD:[174]13
BDD:[275]13
ADD:[275]18
BDD:[303]5
ADD:[303]7
BDD:[274]13
ADD:[274]18
BDD:1116(1446)5
ADD:1116(1446)7
BDD:[888]5
ADD:[888]8
BDD:[887]5
ADD:[887]8
BDD:2776(939)4
ADD:2776(939)5
BDD:[890]3
ADD:[890]6
BDD:2713(1178)23
ADD:2713(1178)31
BDD:[932]4
ADD:[932]10
BDD:[935]4
ADD:[935]10
BDD:3906(938)3
ADD:3906(938)5
BDD:[828]3
ADD:[828]6
BDD:[933]4
ADD:[933]10
BDD:1390(1443)6
ADD:1390(1443)9
BDD:[883]6
ADD:[883]10
BDD:[884]6
ADD:[884]10
BDD:2772(937)4
ADD:2772(937)5
BDD:[885]3
ADD:[885]6
BDD:[349]4
ADD:[349]10
BDD:[827]3
ADD:[827]6
BDD:[934]4
ADD:[934]10
BDD:[351]4
ADD:[351]10
BDD:2705(1186)23
ADD:2705(1186)31
BDD:[924]4
ADD:[924]10
BDD:[149]4
ADD:[149]5
BDD:[952]3
ADD:[952]6
BDD:2717(1191)23
ADD:2717(1191)31
BDD:[920]4
ADD:[920]10
BDD:3018(1126)8
ADD:3018(1126)9
BDD:[966]4
ADD:[966]10
BDD:2709(1183)23
ADD:2709(1183)31
BDD:[928]4
ADD:[928]10
BDD:[918]4
ADD:[918]10
BDD:[133]3
ADD:[133]6
BDD:[131]3
ADD:[131]6
BDD:[881]3
ADD:[881]6
BDD:3897(935)3
ADD:3897(935)5
BDD:[826]3
ADD:[826]6
BDD:[353]4
ADD:[353]10
BDD:[922]4
ADD:[922]10
BDD:[355]4
ADD:[355]10
BDD:[825]3
ADD:[825]6
BDD:[923]4
ADD:[923]10
BDD:[921]4
ADD:[921]10
BDD:{{973(202)}}2
ADD:{{973(202)}}3
BDD:{{815(627)}}3
ADD:{{815(627)}}6
BDD:[967]4
ADD:[967]10
BDD:[968]4
ADD:[968]10
BDD:[460]4
ADD:[460]10
BDD:[462]4
ADD:[462]10
BDD:[969]4
ADD:[969]10
BDD:[262]3
ADD:[262]6
BDD:[361]4
ADD:[361]10
BDD:[927]4
ADD:[927]10
BDD:1359(1029)5
ADD:1359(1029)8
BDD:1344(1449)5
ADD:1344(1449)7
BDD:[891]5
ADD:[891]8
BDD:[925]4
ADD:[925]10
BDD:[359]4
ADD:[359]10
BDD:[926]4
ADD:[926]10
BDD:[892]5
ADD:[892]8
BDD:{{993(850)}}2
ADD:{{993(850)}}3
BDD:{{921(664)}}2
ADD:{{921(664)}}3
BDD:{{978(851)}}2
ADD:{{978(851)}}3
BDD:{{939(853)}}2
ADD:{{939(853)}}3
BDD:{{949(852)}}2
ADD:{{949(852)}}3
BDD:{{602(222)}}2
ADD:{{602(222)}}3
BDD:{{606(407)}}2
ADD:{{606(407)}}3
BDD:{{892(408)}}2
ADD:{{892(408)}}3
BDD:{{887(528)}}2
ADD:{{887(528)}}3
BDD:{{889(734)}}2
ADD:{{889(734)}}3
BDD:{{593(733)}}2
ADD:{{593(733)}}3
BDD:[978]3
ADD:[978]6
BDD:[347]4
ADD:[347]10
BDD:[976]3
ADD:[976]6
BDD:[345]4
ADD:[345]10
BDD:[974]3
ADD:[974]6
BDD:[915]3
ADD:[915]6
BDD:[929]4
ADD:[929]10
BDD:[953]3
ADD:[953]6
BDD:[913]3
ADD:[913]6
BDD:{{603(225)}}2
ADD:{{603(225)}}3
BDD:{{604(223)}}2
ADD:{{604(223)}}3
BDD:{{594(224)}}2
ADD:{{594(224)}}3
BDD:{{611(275)}}2
ADD:{{611(275)}}3
BDD:{{926(624)}}2
ADD:{{926(624)}}3
BDD:[905]3
ADD:[905]6
BDD:[930]4
ADD:[930]10
BDD:[886]3
ADD:[886]6
BDD:[195]4
ADD:[195]7
BDD:[847]4
ADD:[847]10
BDD:[848]4
ADD:[848]10
BDD:{{850(217)}}2
ADD:{{850(217)}}3
BDD:[931]4
ADD:[931]10
BDD:[135]3
ADD:[135]5
BDD:[850]3
ADD:[850]6
BDD:[849]3
ADD:[849]6
BDD:{{298(299)}}2
ADD:{{298(299)}}3
BDD:[901]3
ADD:[901]6
BDD:[179]4
ADD:[179]5
BDD:[683]3
ADD:[683]6
BDD:2780(940)4
ADD:2780(940)5
BDD:[894]3
ADD:[894]6
BDD:[893]3
ADD:[893]6
BDD:[889]3
ADD:[889]6
BDD:[682]3
ADD:[682]6
BDD:{{848(330)}}2
ADD:{{848(330)}}3
BDD:{{599(269)}}2
ADD:{{599(269)}}3
duration = 4120.16sec.
duration = 16.6192sec.

Transcirc
delete_node_ex8
cost:4627

[879]
minus1152(1452)1



[880]
minus1152(1452)1



[891]
minus1344(1449)1



[892]
minus1344(1449)1



[131]
minus[166]1
minus[172]1



[757]
minus[182]1



[4816]
minus1448(1698)2



[806]
minus1185(1721)1



[871]
minus1758(1420)1



[872]
minus1758(1420)1



[793]
minus2135(1673)1



[130]
minus[163]1
minus[169]1



[669]
minus1268(2050)1



[717]
minus[126]1



[4813]
minus{{591(1894),621(1893)}}1


wire15
two_wire17
delete_node23
cost:4603
