
outfunc
duration = 0.752661sec.

cost:4661
CSPF
2788(945)
duration(merCSPF) = 0.881554sec.
duration(proCSPF) = 0.647914sec.
5312(1145)
duration(proCSPF) = 0.864097sec.
2942(1137)
248(99)
duration(merCSPF) = 4.18425sec.
534(149)
duration(merCSPF) = 0.656961sec.
351(127)
duration(merCSPF) = 0.701686sec.
duration(proCSPF) = 0.505682sec.
2933(933)
duration(proCSPF) = 0.522142sec.
[975]
273(106)
duration(merCSPF) = 0.599382sec.
389(136)
duration(merCSPF) = 0.734654sec.
251(100)
duration(merCSPF) = 0.642842sec.
411(138)
duration(merCSPF) = 0.786425sec.
254(101)
duration(merCSPF) = 0.823733sec.
400(137)
duration(merCSPF) = 1.37217sec.
duration = 4804.82sec.
duration = 13.7155sec.

Transcirc
delete_node_ex8
cost:4627

[879]
minus1152(1452)1



[880]
minus1152(1452)1



[891]
minus1344(1449)1



[892]
minus1344(1449)1



[131]
minus[166]1
minus[172]1



[757]
minus[182]1



[4816]
minus1448(1698)2



[806]
minus1185(1721)1



[871]
minus1758(1420)1



[872]
minus1758(1420)1



[793]
minus2135(1673)1



[130]
minus[163]1
minus[169]1



[669]
minus1268(2050)1



[717]
minus[126]1



[4813]
minus{{591(1894),621(1893)}}1


wire15
two_wire17
delete_node23
cost:4603
