
outfunc
duration = 0.021397sec.

cost:1986
CSPF
duration = 0.227886sec.

Transcirc
cut[307]
cut[308]
delete_node_ex20
cost:1894

[399]



[135]
minus{{r}}1



[33]



[32]
minus[217]1
minus[151]1



[1939]
minusu22



w2
minus[219]1
minus[1962]1



[313]
minusx31



[314]
minusx31



[55]



[177]
minusi11



[29]



z0
minus[127]1



[179]
minusg11



y2
cut[242]



a3
cut[241]



o3
cut[315]
cut[63]



[357]
minusg31



[137]
minus{{r}}1



[99]



[116]
minus{{v}}1



[133]
minus[121]1



[124]


wire22
two_wire15
delete_node46
cost:1808
