
outfunc
duration = 0.102775sec.

cost:2083
CSPF
[1677]{{B_P}}22
[1677]{{B_P}}23
[1680]{{B_P}}12
[1680]{{B_P}}23
CBT2[1680]12
CBT2[1680]10
B[1680]12
B[1680]12
[122][1680]13
[122][1680]12
[125][1680]12
[125][1680]17
B[1677]22
B[1677]22
[1678][1677]22
[1678][1677]22
QPR4[1678]9
QPR4[1678]20
[122][1678]22
[122][1678]20
RYZ[1678]20
RYZ[1678]21
[1679][1678]10
[1679][1678]22
MIS9174[122]21
MIS9174[122]18
[112][122]19
[112][122]21
[1681]{{C_P}}22
[1681]{{C_P}}22
[1682]{{C_P}}20
[1682]{{C_P}}22
RYZ[1681]22
RYZ[1681]22
C[1681]22
C[1681]22
MIS9174[1681]22
MIS9174[1681]20
RYZ[1682]20
RYZ[1682]20
C[1682]20
C[1682]20
MIS9174[1682]22
MIS9174[1682]20
CBT0MIS917411
CBT0MIS917411
CBT1MIS917411
CBT1MIS917411
CBT2MIS917411
CBT2MIS917411
QPR4MIS917418
QPR4MIS917418
QPR3MIS917418
QPR3MIS917418
[112]MIS917422
[112]MIS917418
[1789]{{TXWRD9_P}}5
[1789]{{TXWRD9_P}}44
[1790]{{TXWRD9_P}}4
[1790]{{TXWRD9_P}}44
[1791]{{TXWRD9_P}}12
[1791]{{TXWRD9_P}}44
[1792]{{TXWRD9_P}}10
[1792]{{TXWRD9_P}}44
[1793]{{TXWRD9_P}}6
[1793]{{TXWRD9_P}}44
P2ZZZ1[1789]5
P2ZZZ1[1789]5
MIS15081[1789]5
MIS15081[1789]41
P2ZZZ1{{P2ZZZ1_P}}5
P2ZZZ1{{P2ZZZ1_P}}5
MIS11585{{P2ZZZ1_P}}5
MIS11585{{P2ZZZ1_P}}7
[1623]{{P2ZZZ1_P}}5
[1623]{{P2ZZZ1_P}}9
I2ZZZ3{{I2ZZZ3_P}}5
I2ZZZ3{{I2ZZZ3_P}}5
MIS11583{{I2ZZZ3_P}}5
MIS11583{{I2ZZZ3_P}}8
[1641]{{I2ZZZ3_P}}5
[1641]{{I2ZZZ3_P}}7
INYBB4[1641]5
INYBB4[1641]5
MIS11584[1641]5
MIS11584[1641]6
I2ZZZ5{{I2ZZZ5_P}}5
I2ZZZ5{{I2ZZZ5_P}}5
MIS11583{{I2ZZZ5_P}}5
MIS11583{{I2ZZZ5_P}}7
[1643]{{I2ZZZ5_P}}5
[1643]{{I2ZZZ5_P}}6
INYBB6[1643]5
INYBB6[1643]5
MIS11584[1643]5
MIS11584[1643]7
I2ZZZ7{{I2ZZZ7_P}}5
I2ZZZ7{{I2ZZZ7_P}}5
MIS11583{{I2ZZZ7_P}}5
MIS11583{{I2ZZZ7_P}}6
[1645]{{I2ZZZ7_P}}5
[1645]{{I2ZZZ7_P}}7
INYBB8[1645]5
INYBB8[1645]5
MIS11584[1645]5
MIS11584[1645]8
I2ZZZ1{{I2ZZZ1_P}}5
I2ZZZ1{{I2ZZZ1_P}}5
MIS11583{{I2ZZZ1_P}}5
MIS11583{{I2ZZZ1_P}}8
[1639]{{I2ZZZ1_P}}5
[1639]{{I2ZZZ1_P}}7
INYBB2[1639]5
INYBB2[1639]5
MIS11584[1639]5
MIS11584[1639]6
I2ZZZ2{{I2ZZZ2_P}}5
I2ZZZ2{{I2ZZZ2_P}}5
MIS11583{{I2ZZZ2_P}}5
MIS11583{{I2ZZZ2_P}}6
[1640]{{I2ZZZ2_P}}5
[1640]{{I2ZZZ2_P}}7
INYBB3[1640]5
INYBB3[1640]5
MIS11584[1640]5
MIS11584[1640]8
I2ZZZ4{{I2ZZZ4_P}}5
I2ZZZ4{{I2ZZZ4_P}}5
MIS11583{{I2ZZZ4_P}}5
MIS11583{{I2ZZZ4_P}}7
[1642]{{I2ZZZ4_P}}5
[1642]{{I2ZZZ4_P}}7
INYBB5[1642]5
INYBB5[1642]5
MIS11584[1642]5
MIS11584[1642]8
I2ZZZ6{{I2ZZZ6_P}}5
I2ZZZ6{{I2ZZZ6_P}}5
MIS11583{{I2ZZZ6_P}}5
MIS11583{{I2ZZZ6_P}}8
[1644]{{I2ZZZ6_P}}5
[1644]{{I2ZZZ6_P}}7
INYBB7[1644]5
INYBB7[1644]5
MIS11584[1644]5
MIS11584[1644]6
I2ZZZ0{{I2ZZZ0_P}}5
I2ZZZ0{{I2ZZZ0_P}}5
MIS11583{{I2ZZZ0_P}}5
MIS11583{{I2ZZZ0_P}}6
[1638]{{I2ZZZ0_P}}5
[1638]{{I2ZZZ0_P}}7
I1ZZZ1{{I1ZZZ1_P}}5
I1ZZZ1{{I1ZZZ1_P}}5
MIS11581{{I1ZZZ1_P}}5
MIS11581{{I1ZZZ1_P}}8
[1631]{{I1ZZZ1_P}}5
[1631]{{I1ZZZ1_P}}7
INYBB2[1631]5
INYBB2[1631]5
MIS11582[1631]5
MIS11582[1631]7
I1ZZZ3{{I1ZZZ3_P}}5
I1ZZZ3{{I1ZZZ3_P}}5
MIS11581{{I1ZZZ3_P}}5
MIS11581{{I1ZZZ3_P}}8
[1633]{{I1ZZZ3_P}}5
[1633]{{I1ZZZ3_P}}7
INYBB4[1633]5
INYBB4[1633]5
MIS11582[1633]5
MIS11582[1633]6
I1ZZZ5{{I1ZZZ5_P}}5
I1ZZZ5{{I1ZZZ5_P}}5
MIS11581{{I1ZZZ5_P}}5
MIS11581{{I1ZZZ5_P}}6
[1635]{{I1ZZZ5_P}}5
[1635]{{I1ZZZ5_P}}7
INYBB6[1635]5
INYBB6[1635]5
MIS11582[1635]5
MIS11582[1635]8
I1ZZZ7{{I1ZZZ7_P}}5
I1ZZZ7{{I1ZZZ7_P}}5
MIS11581{{I1ZZZ7_P}}5
MIS11581{{I1ZZZ7_P}}6
[1637]{{I1ZZZ7_P}}5
[1637]{{I1ZZZ7_P}}7
INYBB8[1637]5
INYBB8[1637]5
MIS11582[1637]5
MIS11582[1637]8
I1ZZZ2{{I1ZZZ2_P}}5
I1ZZZ2{{I1ZZZ2_P}}5
MIS11581{{I1ZZZ2_P}}5
MIS11581{{I1ZZZ2_P}}6
[1632]{{I1ZZZ2_P}}5
[1632]{{I1ZZZ2_P}}7
I1ZZZ4{{I1ZZZ4_P}}5
I1ZZZ4{{I1ZZZ4_P}}5
MIS11581{{I1ZZZ4_P}}5
MIS11581{{I1ZZZ4_P}}7
[1634]{{I1ZZZ4_P}}5
[1634]{{I1ZZZ4_P}}7
I1ZZZ6{{I1ZZZ6_P}}5
I1ZZZ6{{I1ZZZ6_P}}5
MIS11581{{I1ZZZ6_P}}5
MIS11581{{I1ZZZ6_P}}8
[1636]{{I1ZZZ6_P}}5
[1636]{{I1ZZZ6_P}}7
I1ZZZ0{{I1ZZZ0_P}}5
I1ZZZ0{{I1ZZZ0_P}}5
MIS11581{{I1ZZZ0_P}}5
MIS11581{{I1ZZZ0_P}}6
[1630]{{I1ZZZ0_P}}5
[1630]{{I1ZZZ0_P}}7
RYZMIS1158111
RYZMIS1158113
MIS11582MIS11581125
MIS11582MIS1158113
INYBB1[1630]5
INYBB1[1630]5
MIS11582[1630]5
MIS11582[1630]8
INYBB3[1632]5
INYBB3[1632]5
MIS11582[1632]5
MIS11582[1632]8
INYBB5[1634]5
INYBB5[1634]5
MIS11582[1634]5
MIS11582[1634]8
INYBB7[1636]5
INYBB7[1636]5
MIS11582[1636]5
MIS11582[1636]7
INYBB0MIS1158221
INYBB0MIS1158220
MIS11583MIS1158221
MIS11583MIS1158234
RYZMIS1158328
RYZMIS1158339
MIS11584MIS1158329
MIS11584MIS1158339
INYBB1[1638]5
INYBB1[1638]5
MIS11584[1638]5
MIS11584[1638]8
INYBB0MIS1158429
INYBB0MIS1158421
INZZZEMIS1158429
INZZZEMIS1158429
RYZMIS1158413
RYZMIS1158429
[1829]{{TXWRD14_P}}5
[1829]{{TXWRD14_P}}33
[1830]{{TXWRD14_P}}4
[1830]{{TXWRD14_P}}33
[1831]{{TXWRD14_P}}11
[1831]{{TXWRD14_P}}33
[1832]{{TXWRD14_P}}11
[1832]{{TXWRD14_P}}33
[1833]{{TXWRD14_P}}6
[1833]{{TXWRD14_P}}33
I2ZZZ6[1830]4
I2ZZZ6[1830]4
MIS11594[1830]4
MIS11594[1830]21
P2ZZZ5{{P2ZZZ5_P}}5
P2ZZZ5{{P2ZZZ5_P}}5
MIS11585{{P2ZZZ5_P}}5
MIS11585{{P2ZZZ5_P}}8
[1627]{{P2ZZZ5_P}}5
[1627]{{P2ZZZ5_P}}8
PYBB6[1627]5
PYBB6[1627]5
MIS11586[1627]5
MIS11586[1627]6
P1ZZZ5{{P1ZZZ5_P}}6
P1ZZZ5{{P1ZZZ5_P}}6
MIS11587{{P1ZZZ5_P}}6
MIS11587{{P1ZZZ5_P}}8
[1619]{{P1ZZZ5_P}}5
[1619]{{P1ZZZ5_P}}10
PYBB6[1619]5
PYBB6[1619]5
MIS11588[1619]5
MIS11588[1619]7
P2ZZZ3{{P2ZZZ3_P}}5
P2ZZZ3{{P2ZZZ3_P}}5
MIS11585{{P2ZZZ3_P}}5
MIS11585{{P2ZZZ3_P}}8
[1625]{{P2ZZZ3_P}}5
[1625]{{P2ZZZ3_P}}9
PYBB4[1625]5
PYBB4[1625]5
MIS11586[1625]5
MIS11586[1625]7
P1ZZZ3{{P1ZZZ3_P}}5
P1ZZZ3{{P1ZZZ3_P}}5
MIS11587{{P1ZZZ3_P}}5
MIS11587{{P1ZZZ3_P}}8
[1617]{{P1ZZZ3_P}}5
[1617]{{P1ZZZ3_P}}9
PYBB4[1617]5
PYBB4[1617]5
MIS11588[1617]5
MIS11588[1617]7
[1805]{{TXWRD11_P}}5
[1805]{{TXWRD11_P}}45
[1806]{{TXWRD11_P}}4
[1806]{{TXWRD11_P}}45
[1807]{{TXWRD11_P}}11
[1807]{{TXWRD11_P}}45
[1808]{{TXWRD11_P}}10
[1808]{{TXWRD11_P}}45
[1809]{{TXWRD11_P}}6
[1809]{{TXWRD11_P}}45
P2ZZZ3[1805]5
P2ZZZ3[1805]5
MIS15081[1805]5
MIS15081[1805]42
PYBB2[1623]5
PYBB2[1623]5
MIS11586[1623]5
MIS11586[1623]8
P1ZZZ1{{P1ZZZ1_P}}5
P1ZZZ1{{P1ZZZ1_P}}5
MIS11587{{P1ZZZ1_P}}5
MIS11587{{P1ZZZ1_P}}7
[1615]{{P1ZZZ1_P}}5
[1615]{{P1ZZZ1_P}}9
PYBB2[1615]5
PYBB2[1615]5
MIS11588[1615]5
MIS11588[1615]6
P1ZZZ7{{P1ZZZ7_P}}5
P1ZZZ7{{P1ZZZ7_P}}5
MIS11587{{P1ZZZ7_P}}5
MIS11587{{P1ZZZ7_P}}8
[1621]{{P1ZZZ7_P}}5
[1621]{{P1ZZZ7_P}}9
PYBB8[1621]5
PYBB8[1621]5
MIS11588[1621]5
MIS11588[1621]7
P2ZZZ7{{P2ZZZ7_P}}5
P2ZZZ7{{P2ZZZ7_P}}5
MIS11585{{P2ZZZ7_P}}5
MIS11585{{P2ZZZ7_P}}7
[1629]{{P2ZZZ7_P}}5
[1629]{{P2ZZZ7_P}}9
PYBB8[1629]5
PYBB8[1629]5
MIS11586[1629]5
MIS11586[1629]6
[1757]{{TXWRD5_P}}5
[1757]{{TXWRD5_P}}26
[1758]{{TXWRD5_P}}4
[1758]{{TXWRD5_P}}26
[1759]{{TXWRD5_P}}11
[1759]{{TXWRD5_P}}26
[1760]{{TXWRD5_P}}11
[1760]{{TXWRD5_P}}26
[1761]{{TXWRD5_P}}6
[1761]{{TXWRD5_P}}26
P1ZZZ5[1757]5
P1ZZZ5[1757]5
MIS15081[1757]5
MIS15081[1757]29
[1797]{{TXWRD10_P}}5
[1797]{{TXWRD10_P}}27
[1798]{{TXWRD10_P}}4
[1798]{{TXWRD10_P}}27
[1799]{{TXWRD10_P}}11
[1799]{{TXWRD10_P}}27
[1800]{{TXWRD10_P}}10
[1800]{{TXWRD10_P}}27
[1801]{{TXWRD10_P}}6
[1801]{{TXWRD10_P}}27
P2ZZZ2[1797]5
P2ZZZ2[1797]5
MIS15081[1797]5
MIS15081[1797]32
P2ZZZ6[1829]5
P2ZZZ6[1829]5
MIS15081[1829]5
MIS15081[1829]34
[1821]{{TXWRD13_P}}5
[1821]{{TXWRD13_P}}40
[1822]{{TXWRD13_P}}4
[1822]{{TXWRD13_P}}40
[1823]{{TXWRD13_P}}12
[1823]{{TXWRD13_P}}40
[1824]{{TXWRD13_P}}10
[1824]{{TXWRD13_P}}40
[1825]{{TXWRD13_P}}6
[1825]{{TXWRD13_P}}40
P2ZZZ5[1821]5
P2ZZZ5[1821]5
MIS15081[1821]5
MIS15081[1821]45
[1725]{{TXWRD1_P}}5
[1725]{{TXWRD1_P}}21
[1726]{{TXWRD1_P}}4
[1726]{{TXWRD1_P}}21
[1727]{{TXWRD1_P}}12
[1727]{{TXWRD1_P}}21
[1728]{{TXWRD1_P}}10
[1728]{{TXWRD1_P}}21
[1729]{{TXWRD1_P}}6
[1729]{{TXWRD1_P}}21
P1ZZZ1[1725]5
P1ZZZ1[1725]5
MIS15081[1725]5
MIS15081[1725]23
[1765]{{TXWRD6_P}}5
[1765]{{TXWRD6_P}}24
[1766]{{TXWRD6_P}}4
[1766]{{TXWRD6_P}}24
[1767]{{TXWRD6_P}}12
[1767]{{TXWRD6_P}}24
[1768]{{TXWRD6_P}}10
[1768]{{TXWRD6_P}}24
[1769]{{TXWRD6_P}}6
[1769]{{TXWRD6_P}}24
P1ZZZ6[1765]5
P1ZZZ6[1765]5
MIS15081[1765]5
MIS15081[1765]28
[1733]{{TXWRD2_P}}5
[1733]{{TXWRD2_P}}38
[1734]{{TXWRD2_P}}4
[1734]{{TXWRD2_P}}38
[1735]{{TXWRD2_P}}11
[1735]{{TXWRD2_P}}38
[1736]{{TXWRD2_P}}10
[1736]{{TXWRD2_P}}38
[1737]{{TXWRD2_P}}6
[1737]{{TXWRD2_P}}38
P1ZZZ2[1733]5
P1ZZZ2[1733]5
MIS15081[1733]5
MIS15081[1733]37
[1773]{{TXWRD7_P}}5
[1773]{{TXWRD7_P}}29
[1774]{{TXWRD7_P}}4
[1774]{{TXWRD7_P}}29
[1775]{{TXWRD7_P}}12
[1775]{{TXWRD7_P}}29
[1776]{{TXWRD7_P}}10
[1776]{{TXWRD7_P}}29
[1777]{{TXWRD7_P}}6
[1777]{{TXWRD7_P}}29
P1ZZZ7[1773]5
P1ZZZ7[1773]5
MIS15081[1773]5
MIS15081[1773]29
[1749]{{TXWRD4_P}}5
[1749]{{TXWRD4_P}}26
[1750]{{TXWRD4_P}}4
[1750]{{TXWRD4_P}}26
[1751]{{TXWRD4_P}}11
[1751]{{TXWRD4_P}}26
[1752]{{TXWRD4_P}}10
[1752]{{TXWRD4_P}}26
[1753]{{TXWRD4_P}}6
[1753]{{TXWRD4_P}}26
P1ZZZ4[1749]5
P1ZZZ4[1749]5
MIS15081[1749]5
MIS15081[1749]29
[1741]{{TXWRD3_P}}5
[1741]{{TXWRD3_P}}44
[1742]{{TXWRD3_P}}4
[1742]{{TXWRD3_P}}44
[1743]{{TXWRD3_P}}11
[1743]{{TXWRD3_P}}44
[1744]{{TXWRD3_P}}10
[1744]{{TXWRD3_P}}44
[1745]{{TXWRD3_P}}6
[1745]{{TXWRD3_P}}44
P1ZZZ3[1741]5
P1ZZZ3[1741]5
MIS15081[1741]5
MIS15081[1741]47
[1781]{{TXWRD8_P}}5
[1781]{{TXWRD8_P}}32
[1782]{{TXWRD8_P}}4
[1782]{{TXWRD8_P}}32
[1783]{{TXWRD8_P}}11
[1783]{{TXWRD8_P}}32
[1784]{{TXWRD8_P}}11
[1784]{{TXWRD8_P}}32
[1785]{{TXWRD8_P}}6
[1785]{{TXWRD8_P}}32
P2ZZZ0[1781]5
P2ZZZ0[1781]5
MIS15081[1781]5
MIS15081[1781]34
[1836]{{TXWRD15_P}}5
[1836]{{TXWRD15_P}}19
[1837]{{TXWRD15_P}}4
[1837]{{TXWRD15_P}}19
[1838]{{TXWRD15_P}}6
[1838]{{TXWRD15_P}}19
[1839]{{TXWRD15_P}}12
[1839]{{TXWRD15_P}}19
P2ZZZ7[1836]5
P2ZZZ7[1836]5
MIS15081[1836]5
MIS15081[1836]22
[1813]{{TXWRD12_P}}5
[1813]{{TXWRD12_P}}26
[1814]{{TXWRD12_P}}4
[1814]{{TXWRD12_P}}26
[1815]{{TXWRD12_P}}11
[1815]{{TXWRD12_P}}26
[1816]{{TXWRD12_P}}11
[1816]{{TXWRD12_P}}26
[1817]{{TXWRD12_P}}6
[1817]{{TXWRD12_P}}26
P2ZZZ4[1813]5
P2ZZZ4[1813]5
MIS15081[1813]5
MIS15081[1813]29
[1717]{{TXWRD0_P}}5
[1717]{{TXWRD0_P}}41
[1718]{{TXWRD0_P}}4
[1718]{{TXWRD0_P}}41
[1719]{{TXWRD0_P}}11
[1719]{{TXWRD0_P}}41
[1720]{{TXWRD0_P}}11
[1720]{{TXWRD0_P}}41
[1721]{{TXWRD0_P}}6
[1721]{{TXWRD0_P}}41
P1ZZZ0[1717]5
P1ZZZ0[1717]5
MIS15081[1717]5
MIS15081[1717]41
PFINMIS1508123
PFINMIS150811191
INFINMIS1508171
INFINMIS1508123
RYZMIS1508123
RYZMIS1508123
V1ZZZ4[1753]6
V1ZZZ4[1753]6
[101][1753]6
[101][1753]17
V2ZZZ1[1793]6
V2ZZZ1[1793]6
[101][1793]6
[101][1793]17
V2ZZZ5[1825]6
V2ZZZ5[1825]6
[101][1825]6
[101][1825]17
V1ZZZ1[1729]6
V1ZZZ1[1729]6
[101][1729]6
[101][1729]15
V1ZZZ6[1769]6
V1ZZZ6[1769]6
[101][1769]6
[101][1769]16
V1ZZZ0[1721]6
V1ZZZ0[1721]6
[101][1721]6
[101][1721]18
V1ZZZ5[1761]6
V1ZZZ5[1761]6
[101][1761]6
[101][1761]17
V2ZZZ6[1833]6
V2ZZZ6[1833]6
[101][1833]6
[101][1833]16
V1ZZZ2[1737]6
V1ZZZ2[1737]6
[101][1737]6
[101][1737]17
V1ZZZ7[1777]6
V1ZZZ7[1777]6
[101][1777]6
[101][1777]17
V2ZZZ3[1809]6
V2ZZZ3[1809]6
[101][1809]6
[101][1809]19
V2ZZZ2[1801]6
V2ZZZ2[1801]6
[101][1801]6
[101][1801]18
V1ZZZ3[1745]6
V1ZZZ3[1745]6
[101][1745]6
[101][1745]15
V2ZZZ0[1785]6
V2ZZZ0[1785]6
[101][1785]6
[101][1785]17
V2ZZZ7[1838]6
V2ZZZ7[1838]6
[101][1838]6
[101][1838]15
V2ZZZ4[1817]6
V2ZZZ4[1817]6
[101][1817]6
[101][1817]18
VFIN[101]21
VFIN[101]3655
MIS15080[101]21
MIS15080[101]196
TXWRD3[1736]9
TXWRD3[1736]9
[103][1736]9
[103][1736]15
TXWRD8[1776]9
TXWRD8[1776]9
[103][1776]9
[103][1776]17
TXWRD12[1808]9
TXWRD12[1808]9
[103][1808]9
[103][1808]18
TXWRD11[1800]9
TXWRD11[1800]9
[103][1800]9
[103][1800]19
TXWRD4[1744]9
TXWRD4[1744]9
[103][1744]9
[103][1744]14
TXWRD9[1784]9
TXWRD9[1784]9
[103][1784]9
[103][1784]19
TXWRD13[1816]9
TXWRD13[1816]9
[103][1816]9
[103][1816]18
TXWRD5[1752]9
TXWRD5[1752]9
[103][1752]9
[103][1752]13
TXWRD10[1792]9
TXWRD10[1792]9
[103][1792]9
[103][1792]18
TXWRD14[1824]9
TXWRD14[1824]9
[103][1824]9
[103][1824]14
TXWRD2[1728]9
TXWRD2[1728]9
[103][1728]9
[103][1728]13
TXWRD7[1768]9
TXWRD7[1768]9
[103][1768]9
[103][1768]18
TXWRD1[1720]9
TXWRD1[1720]9
[103][1720]9
[103][1720]14
TXWRD6[1760]9
TXWRD6[1760]9
[103][1760]9
[103][1760]15
TXWRD15[1832]9
TXWRD15[1832]9
[103][1832]9
[103][1832]17
MIS15080[103]25
MIS15080[103]977
MIS11549[103]25
MIS11549[103]1043
[1692]{{QPR4_P}}12
[1692]{{QPR4_P}}12
[1693]{{QPR4_P}}11
[1693]{{QPR4_P}}12
{{QPR3_P}}[1692]11
{{QPR3_P}}[1692]12
[125][1692]11
[125][1692]12
QPR4[1692]12
QPR4[1692]12
QPR3[1693]11
QPR3[1693]15
QPR4[1693]11
QPR4[1693]11
{{TXMESS_F}}[1693]4
{{TXMESS_F}}[1693]11
{{QPR3_P}}[1693]15
{{QPR3_P}}[1693]11
[1690]{{QPR3_P}}15
[1690]{{QPR3_P}}11
[1691]{{QPR3_P}}1
[1691]{{QPR3_P}}11
RYZ[1690]5
RYZ[1690]15
QPR2[1690]10
QPR2[1690]15
{{QPR2_P}}[1690]15
{{QPR2_P}}[1690]11
QPR3[1690]15
QPR3[1690]1
QPR2[1691]1
QPR2[1691]1
QPR3[1691]10
QPR3[1691]1
{{TXMESS_F}}[1691]5
{{TXMESS_F}}[1691]1
{{QPR2_P}}[1691]1
{{QPR2_P}}[1691]1
[1687]{{QPR2_P}}11
[1687]{{QPR2_P}}11
[1688]{{QPR2_P}}11
[1688]{{QPR2_P}}11
QPR2[1687]11
QPR2[1687]1
{{QPR1_P}}[1687]11
{{QPR1_P}}[1687]12
RYZ[1688]6
RYZ[1688]11
[131][1688]10
[131][1688]11
[1689][1688]1
[1689][1688]11
QPR1[1689]1
QPR1[1689]1
QPR2[1689]10
QPR2[1689]1
{{TXMESS_F}}[1689]6
{{TXMESS_F}}[1689]1
{{QPR1_P}}[1689]1
{{QPR1_P}}[1689]1
[1685]{{QPR1_P}}11
[1685]{{QPR1_P}}12
[1686]{{QPR1_P}}1
[1686]{{QPR1_P}}12
{{TXMESS_F}}[1685]11
{{TXMESS_F}}[1685]10
MIS15080[1685]11
MIS15080[1685]6
{{QPR0_P}}[1685]10
{{QPR0_P}}[1685]13
QPR1[1685]11
QPR1[1685]1
QPR1[1686]10
QPR1[1686]1
{{TXMESS_F}}[1686]6
{{TXMESS_F}}[1686]1
{{QPR0_P}}[1686]1
{{QPR0_P}}[1686]1
[1683]{{QPR0_P}}1
[1683]{{QPR0_P}}13
[1684]{{QPR0_P}}10
[1684]{{QPR0_P}}13
QPR0[1683]1
QPR0[1683]1
{{TXMESS_F}}[1683]1
{{TXMESS_F}}[1683]10
MIS15080[1683]1
MIS15080[1683]7
QPR0[1684]10
QPR0[1684]10
{{TXMESS_F}}[1684]7
{{TXMESS_F}}[1684]10
TXMESS_N{{TXMESS_F}}11
TXMESS_N{{TXMESS_F}}9
[155]{{TXMESS_F}}11
[155]{{TXMESS_F}}12
RYZ{{TXMESS_F}}10
RYZ{{TXMESS_F}}11
TXWRD10[1799]10
TXWRD10[1799]10
[100][1799]10
[100][1799]17
TXWRD4[1751]9
TXWRD4[1751]9
[100][1751]9
[100][1751]16
TXWRD9[1791]10
TXWRD9[1791]10
[100][1791]10
[100][1791]15
TXWRD13[1823]10
TXWRD13[1823]10
[100][1823]10
[100][1823]14
TXWRD1[1727]9
TXWRD1[1727]9
[100][1727]9
[100][1727]17
TXWRD6[1767]9
TXWRD6[1767]9
[100][1767]9
[100][1767]13
TXWRD15[1839]9
TXWRD15[1839]9
[100][1839]9
[100][1839]12
TXWRD14[1831]9
TXWRD14[1831]9
[100][1831]9
[100][1831]13
TXWRD2[1735]9
TXWRD2[1735]9
[100][1735]9
[100][1735]14
TXWRD7[1775]10
TXWRD7[1775]10
[100][1775]10
[100][1775]16
TXWRD11[1807]10
TXWRD11[1807]10
[100][1807]10
[100][1807]17
TXWRD3[1743]9
TXWRD3[1743]9
[100][1743]9
[100][1743]13
TXWRD8[1783]10
TXWRD8[1783]10
[100][1783]10
[100][1783]17
TXWRD12[1815]10
TXWRD12[1815]10
[100][1815]10
[100][1815]17
TXWRD0[1719]10
TXWRD0[1719]10
[100][1719]10
[100][1719]15
TXWRD5[1759]9
TXWRD5[1759]9
[100][1759]9
[100][1759]16
MIS11549[100]26
MIS11549[100]34
[155][100]34
[155][100]1181
RYZ{{STW_F}}2
RYZ{{STW_F}}13
[1585]{{STW_F}}13
[1585]{{STW_F}}13
TXMESS_N[1585]10
TXMESS_N[1585]10
RYZ[1585]1
RYZ[1585]10
[156][1585]10
[156][1585]11
STW_N[1585]10
STW_N[1585]10
[155][1585]13
[155][1585]13
VFIN[155]823
VFIN[155]64
MIS15080[155]64
MIS15080[155]1823
PFINMIS150801673
PFINMIS1508078
INFINMIS150803485
INFINMIS1508078
RYZMIS1508094
RYZMIS1508078
I2ZZZ1[1790]4
I2ZZZ1[1790]4
MIS11594[1790]4
MIS11594[1790]17
I2ZZZ5[1822]4
I2ZZZ5[1822]4
MIS11594[1822]4
MIS11594[1822]17
[1671]{{RXZ1_P}}23
[1671]{{RXZ1_P}}52
[1674]{{RXZ1_P}}41
[1674]{{RXZ1_P}}52
RXZ1[1671]23
RXZ1[1671]51
[1672][1671]23
[1672][1671]23
ICLR[1672]24
ICLR[1672]5
RXZ0[1672]5
RXZ0[1672]5
[1673][1672]22
[1673][1672]23
RPTWIN[1673]22
RPTWIN[1673]22
MIS16544[1673]22
MIS16544[1673]20
[1663]{{RXZ0_P}}20
[1663]{{RXZ0_P}}49
[1670]{{RXZ0_P}}39
[1670]{{RXZ0_P}}49
RPTWIN[1663]20
RPTWIN[1663]20
RXZ0[1663]20
RXZ0[1663]46
MIS16544[1663]20
MIS16544[1663]20
[1664]MIS165441
[1664]MIS1654421
[1665]MIS1654430
[1665]MIS1654421
[1666][1665]1
[1666][1665]21
[1667][1665]32
[1667][1665]21
[1668][1667]1
[1668][1667]21
[1669][1667]37
[1669][1667]21
MIS11560[1669]1
MIS11560[1669]21
[152][1669]1
[152][1669]21
[121][1669]1
[121][1669]21
[109][1669]1
[109][1669]38
[108][1669]1
[108][1669]21
[106][1669]1
[106][1669]21
[105][1669]1
[105][1669]21
[99][1669]1
[99][1669]21
MIS16858[1669]21
MIS16858[1669]1
MIS15650[1669]1
MIS15650[1669]21
SLAD0[1669]1
SLAD0[1669]38
XZ163[1669]1
XZ163[1669]21
XZ161[1669]21
XZ161[1669]21
XZ160_N[1669]21
XZ160_N[1669]21
XZ320[1669]21
XZ320[1669]21
ICLR[1669]21
ICLR[1669]20
SLAD3[1669]1
SLAD3[1669]38
SLAD2[1669]1
SLAD2[1669]21
SLAD1[1669]1
SLAD1[1669]21
RXZ0[1670]4
RXZ0[1670]39
MIS8641[1670]39
MIS8641[1670]39
RXZ0[1674]41
RXZ0[1674]41
RXZ1[1674]5
RXZ1[1674]41
MIS8641[1674]41
MIS8641[1674]41
PSYNCMIS864127
PSYNCMIS864127
[121]MIS864141
[121]MIS864127
RPTWINMIS864138
RPTWINMIS864138
MIS15847MIS864132
MIS15847MIS864138
ICLRMIS864141
ICLRMIS864141
[106][121]37
[106][121]39
[109][121]33
[109][121]39
XZFS[106]39
XZFS[106]27
[99][106]38
[99][106]39
RYZ{{RPTWIN_P}}38
RYZ{{RPTWIN_P}}38
[1648]{{RPTWIN_P}}38
[1648]{{RPTWIN_P}}38
RXZ0[1648]38
RXZ0[1648]38
RXZ1[1648]38
RXZ1[1648]38
RPTWIN[1648]38
RPTWIN[1648]38
[1649][1648]38
[1649][1648]38
MIS15650[1649]33
MIS15650[1649]27
[99][1649]38
[99][1649]27
MIS15847[1649]32
MIS15847[1649]38
SLAD1[152]1
SLAD1[152]21
MIS15650[152]1
MIS15650[152]21
SLAD1[1664]1
SLAD1[1664]1
ICLR[1664]1
ICLR[1664]1
XZ161[1664]1
XZ161[1664]1
[153][1664]1
[153][1664]1
SLAD0[153]1
SLAD0[153]1
MIS15650[153]1
MIS15650[153]1
PSYNCMIS1565040
PSYNCMIS1565027
XZFSMIS1565040
XZFSMIS1565027
[109]MIS1565033
[109]MIS1565040
[124]{{ENWIN_P}}9
[124]{{ENWIN_P}}11
[1856]{{ENWIN_P}}9
[1856]{{ENWIN_P}}9
ICLR[1856]6
ICLR[1856]8
ENWIN[1856]8
ENWIN[1856]8
[1857][1856]8
[1857][1856]9
XZFS[1857]8
XZFS[1857]8
{{OFS1_P}}[1857]8
{{OFS1_P}}[1857]10
PSYNC{{XZFS_P}}7
PSYNC{{XZFS_P}}7
XZFS{{XZFS_P}}7
XZFS{{XZFS_P}}7
ICLR{{XZFS_P}}7
ICLR{{XZFS_P}}7
[124]{{XZFS_P}}7
[124]{{XZFS_P}}9
V2ZZZ4{{V2ZZZ4_P}}5
V2ZZZ4{{V2ZZZ4_P}}5
MIS11591{{V2ZZZ4_P}}5
MIS11591{{V2ZZZ4_P}}7
[1710]{{V2ZZZ4_P}}5
[1710]{{V2ZZZ4_P}}7
V2ZZZ3{{V2ZZZ3_P}}5
V2ZZZ3{{V2ZZZ3_P}}5
MIS11591{{V2ZZZ3_P}}5
MIS11591{{V2ZZZ3_P}}7
[1709]{{V2ZZZ3_P}}5
[1709]{{V2ZZZ3_P}}7
V2ZZZ4[1709]5
V2ZZZ4[1709]5
MIS11592[1709]5
MIS11592[1709]7
[1586]{{TD_P}}7
[1586]{{TD_P}}75
[1587]{{TD_P}}7
[1587]{{TD_P}}75
[1588]{{TD_P}}51
[1588]{{TD_P}}75
[1609]{{TD_P}}59
[1609]{{TD_P}}75
QPR4[1609]16
QPR4[1609]16
{{SBUFF}}[1609]88
{{SBUFF}}[1609]16
MIS16690[1609]16
MIS16690[1609]17
[125][1609]16
[125][1609]29
[1610][1609]51
[1610][1609]75
COMPPAR{{COMPPAR_P}}45
COMPPAR{{COMPPAR_P}}12
[145]{{COMPPAR_P}}45
[145]{{COMPPAR_P}}51
[1646]{{COMPPAR_P}}69
[1646]{{COMPPAR_P}}62
TXMESS_N[1646]13
TXMESS_N[1646]18
[111][1646]18
[111][1646]90
[140][1646]18
[140][1646]58
[1647][1646]54
[1647][1646]62
RYZ[1647]48
RYZ[1647]54
[138][1647]54
[138][1647]99
[151][1647]54
[151][1647]56
RYZ[1588]34
RYZ[1588]51
[1589][1588]51
[1589][1588]75
COMPPAR[1589]51
COMPPAR[1589]40
[1590][1589]51
[1590][1589]66
RPTWIN[1590]145
RPTWIN[1590]51
[1591][1590]51
[1591][1590]57
[145][1591]50
[145][1591]51
[1595][1591]51
[1595][1591]48
TXMESS_N[1595]1
TXMESS_N[1595]10
[111][1595]10
[111][1595]1
[140][1595]10
[140][1595]60
[138][1595]40
[138][1595]60
[1599][1595]40
[1599][1595]48
TXMESS_N[1599]1
TXMESS_N[1599]42
[111][1599]42
[111][1599]37
[140][1599]42
[140][1599]37
[151][1599]40
[151][1599]40
COMPPAR[1610]56
COMPPAR[1610]51
[1611][1610]51
[1611][1610]66
RPTWIN[1611]147
RPTWIN[1611]51
[1612][1611]51
[1612][1611]59
TXMESS_N[1612]57
TXMESS_N[1612]14
[111][1612]14
[111][1612]77
[140][1612]14
[140][1612]43
[1613][1612]40
[1613][1612]59
RYZ[1613]40
RYZ[1613]40
[138][1613]40
[138][1613]59
[151][1613]40
[151][1613]52
[1600][151]11
[1600][151]56
[1601][151]11
[1601][151]56
[1602][151]35
[1602][151]56
[1608][151]27
[1608][151]56
QPR3[1602]27
QPR3[1602]27
QPR4[1602]27
QPR4[1602]27
MIS16690[1602]27
MIS16690[1602]33
COMPPAR[1602]35
COMPPAR[1602]29
[110][1602]37
[110][1602]35
TXMESS_N[1608]27
TXMESS_N[1608]27
COMPPAR[1608]27
COMPPAR[1608]27
QPR3[1608]27
QPR3[1608]27
QPR4[1608]27
QPR4[1608]27
MIS16690[1608]27
MIS16690[1608]33
[110][1608]28
[110][1608]27
[1603]MIS1669023
[1603]MIS1669049
[1604]MIS1669039
[1604]MIS1669049
SLAD1[1603]23
SLAD1[1603]23
MIS8768[1603]23
MIS8768[1603]25
[131][1603]41
[131][1603]23
[1650]MIS1584727
[1650]MIS1584742
[1657]MIS1584726
[1657]MIS1584742
[1658]MIS1584730
[1658]MIS1584742
SLAD0[1650]27
SLAD0[1650]33
XZ320[1650]27
XZ320[1650]27
XZ160_N[1650]27
XZ160_N[1650]27
[108][1650]33
[108][1650]27
[154][1650]27
[154][1650]27
[1655][154]26
[1655][154]27
[1656][154]26
[1656][154]27
SLAD1[1656]26
SLAD1[1656]26
XZ161[1656]26
XZ161[1656]26
XZ320[1658]30
XZ320[1658]30
XZ160_N[1658]30
XZ160_N[1658]30
XZ161[1658]30
XZ161[1658]30
[99][1658]31
[99][1658]30
[108][1658]40
[108][1658]30
SLAD0[99]38
SLAD0[99]48
SLAD1[99]42
SLAD1[99]48
SLAD1[1655]26
SLAD1[1655]26
XZ161[1655]26
XZ161[1655]26
SLAD0[1657]26
SLAD0[1657]26
SLAD1[1657]26
SLAD1[1657]30
XZ320[1657]26
XZ320[1657]26
XZ160_N[1657]26
XZ160_N[1657]26
XZ161[1657]26
XZ161[1657]26
[108][1657]31
[108][1657]26
[1605][1604]23
[1605][1604]49
[1606][1604]37
[1606][1604]49
SLAD2[1605]23
SLAD2[1605]23
QPR0[1605]23
QPR0[1605]25
QPR1[1605]23
QPR1[1605]23
QPR2[1605]23
QPR2[1605]23
SLAD0[1606]23
SLAD0[1606]23
MIS8768[1606]49
MIS8768[1606]23
[1607][1606]23
[1607][1606]49
SLAD3[1607]23
SLAD3[1607]23
QPR0[1607]25
QPR0[1607]23
QPR1[1607]23
QPR1[1607]23
QPR2[1607]23
QPR2[1607]23
TXMESS_N[112]12
TXMESS_N[112]12
MIS8768[112]13
MIS8768[112]12
[1694]{{AXZ0_P}}18
[1694]{{AXZ0_P}}18
[1695]{{AXZ0_P}}17
[1695]{{AXZ0_P}}18
RYZ[1694]18
RYZ[1694]18
AXZ0[1694]18
AXZ0[1694]18
MIS9061[1694]18
MIS9061[1694]17
[1696]{{AXZ1_P}}19
[1696]{{AXZ1_P}}19
[1697]{{AXZ1_P}}19
[1697]{{AXZ1_P}}19
AXZ0[1696]19
AXZ0[1696]19
MIS9061[1696]20
MIS9061[1696]19
RYZ[1696]19
RYZ[1696]19
AXZ1[1696]19
AXZ1[1696]19
RYZ{{A_P}}15
RYZ{{A_P}}13
MIS9061{{A_P}}14
MIS9061{{A_P}}13
[111]{{A_P}}4
[111]{{A_P}}14
RYZ[1695]17
RYZ[1695]17
AXZ0[1695]17
AXZ0[1695]17
MIS9061[1695]18
MIS9061[1695]17
RYZ[1697]19
RYZ[1697]19
AXZ0[1697]19
AXZ0[1697]19
AXZ1[1697]19
AXZ1[1697]19
MIS9061[1697]20
MIS9061[1697]19
[1675]MIS906110
[1675]MIS906115
[1676]MIS906115
[1676]MIS906115
CBT2[1676]10
CBT2[1676]10
QPR3[1676]11
QPR3[1676]10
QPR4[1676]10
QPR4[1676]10
MIS8768[1676]15
MIS8768[1676]13
A[1676]12
A[1676]14
TXMESS_N[1676]15
TXMESS_N[1676]15
QPR0MIS876835
QPR0MIS876835
[131]MIS876846
[131]MIS876835
QPR1[131]51
QPR1[131]58
QPR2[131]58
QPR2[131]39
[1661]{{XZFR1_P}}15
[1661]{{XZFR1_P}}20
[1662]{{XZFR1_P}}14
[1662]{{XZFR1_P}}20
XZFR0[1662]14
XZFR0[1662]15
XZFR1[1662]14
XZFR1[1662]14
{{XZFR0_P}}[1662]15
{{XZFR0_P}}[1662]14
MIS11560[1662]14
MIS11560[1662]6
XZFR0[1661]14
XZFR0[1661]15
MIS11560[1661]15
MIS11560[1661]6
{{XZFR0_P}}[1661]15
{{XZFR0_P}}[1661]15
XZFR1[1661]15
XZFR1[1661]15
[1659]{{XZFR0_P}}14
[1659]{{XZFR0_P}}20
[1660]{{XZFR0_P}}1
[1660]{{XZFR0_P}}20
XZFR0[1660]13
XZFR0[1660]1
XZ160_N[1660]1
XZ160_N[1660]1
XZ161[1660]1
XZ161[1660]1
XZ162[1660]1
XZ162[1660]1
XZ163[1660]1
XZ163[1660]1
MIS7564[1660]1
MIS7564[1660]1
[123][1660]1
[123][1660]16
[1854]{{XZ163_P}}14
[1854]{{XZ163_P}}15
[1855]{{XZ163_P}}12
[1855]{{XZ163_P}}15
XZ162[1854]12
XZ162[1854]15
MIS11560[1854]15
MIS11560[1854]6
{{XZ162_P}}[1854]15
{{XZ162_P}}[1854]15
XZ163[1854]14
XZ163[1854]14
XZ162[1855]12
XZ162[1855]16
XZ163[1855]12
XZ163[1855]12
{{XZ160_F}}[1855]12
{{XZ160_F}}[1855]6
{{XZ162_P}}[1855]16
{{XZ162_P}}[1855]12
[1852]{{XZ162_P}}21
[1852]{{XZ162_P}}16
[1853]{{XZ162_P}}1
[1853]{{XZ162_P}}16
XZ161[1852]11
XZ161[1852]15
MIS11560[1852]15
MIS11560[1852]8
{{XZ161_P}}[1852]15
{{XZ161_P}}[1852]17
XZ162[1852]21
XZ162[1852]1
XZ161[1853]1
XZ161[1853]1
XZ162[1853]11
XZ162[1853]1
{{XZ160_F}}[1853]1
{{XZ160_F}}[1853]8
{{XZ161_P}}[1853]1
{{XZ161_P}}[1853]1
[1850]{{XZ161_P}}15
[1850]{{XZ161_P}}17
[1851]{{XZ161_P}}1
[1851]{{XZ161_P}}17
XZ160_N[1850]11
XZ160_N[1850]11
{{XZ160_F}}[1850]11
{{XZ160_F}}[1850]12
XZ161[1850]15
XZ161[1850]1
MIS11560[1850]15
MIS11560[1850]8
XZ320[1659]13
XZ320[1659]13
XZ160_N[1659]13
XZ160_N[1659]13
XZ161[1659]13
XZ161[1659]13
XZ162[1659]13
XZ162[1659]13
XZ163[1659]13
XZ163[1659]13
MIS7564[1659]14
MIS7564[1659]13
XZFR0[1659]14
XZFR0[1659]1
MIS11560[1659]14
MIS11560[1659]18
XZ160_N[1851]1
XZ160_N[1851]1
XZ161[1851]11
XZ161[1851]1
{{XZ160_F}}[1851]1
{{XZ160_F}}[1851]9
ESRSUM[1586]7
ESRSUM[1586]7
RPTEN[1586]7
RPTEN[1586]7
RYZ[1586]7
RYZ[1586]7
RPTWIN[1586]7
RPTWIN[1586]75
RXZ0[1586]7
RXZ0[1586]7
RXZ1[1586]7
RXZ1[1586]7
ESRSUM[1587]7
ESRSUM[1587]7
RPTEN[1587]7
RPTEN[1587]7
RYZ[1587]7
RYZ[1587]7
RPTWIN[1587]7
RPTWIN[1587]75
RXZ0[1587]7
RXZ0[1587]7
RXZ1[1587]7
RXZ1[1587]7
V2ZZZ5[1710]5
V2ZZZ5[1710]5
MIS11592[1710]5
MIS11592[1710]7
V2ZZZ5{{V2ZZZ5_P}}5
V2ZZZ5{{V2ZZZ5_P}}5
MIS11591{{V2ZZZ5_P}}5
MIS11591{{V2ZZZ5_P}}7
[1711]{{V2ZZZ5_P}}5
[1711]{{V2ZZZ5_P}}7
I1ZZZ3[1742]4
I1ZZZ3[1742]4
MIS11594[1742]4
MIS11594[1742]15
P2ZZZ4{{P2ZZZ4_P}}5
P2ZZZ4{{P2ZZZ4_P}}5
MIS11585{{P2ZZZ4_P}}5
MIS11585{{P2ZZZ4_P}}7
[1626]{{P2ZZZ4_P}}5
[1626]{{P2ZZZ4_P}}7
PYBB5[1626]5
PYBB5[1626]5
MIS11586[1626]5
MIS11586[1626]7
P1ZZZ4{{P1ZZZ4_P}}5
P1ZZZ4{{P1ZZZ4_P}}5
MIS11587{{P1ZZZ4_P}}5
MIS11587{{P1ZZZ4_P}}7
[1618]{{P1ZZZ4_P}}5
[1618]{{P1ZZZ4_P}}7
PYBB5[1618]5
PYBB5[1618]5
MIS11588[1618]5
MIS11588[1618]7
B[1675]10
B[1675]10
QPR4[1675]10
QPR4[1675]10
A[1675]7
A[1675]10
QPR3[1675]10
QPR3[1675]12
P2ZZZ2{{P2ZZZ2_P}}5
P2ZZZ2{{P2ZZZ2_P}}5
MIS11585{{P2ZZZ2_P}}5
MIS11585{{P2ZZZ2_P}}7
[1624]{{P2ZZZ2_P}}5
[1624]{{P2ZZZ2_P}}7
PYBB3[1624]5
PYBB3[1624]5
MIS11586[1624]5
MIS11586[1624]7
P1ZZZ2{{P1ZZZ2_P}}5
P1ZZZ2{{P1ZZZ2_P}}5
MIS11587{{P1ZZZ2_P}}5
MIS11587{{P1ZZZ2_P}}6
[1616]{{P1ZZZ2_P}}5
[1616]{{P1ZZZ2_P}}8
PYBB3[1616]5
PYBB3[1616]5
MIS11588[1616]5
MIS11588[1616]7
COMPPAR[1601]11
COMPPAR[1601]9
TXWRD0[1601]11
TXWRD0[1601]11
[110][1601]11
[110][1601]28
TXMESS_N[1600]11
TXMESS_N[1600]11
COMPPAR[1600]11
COMPPAR[1600]11
TXWRD0[1600]11
TXWRD0[1600]11
[110][1600]11
[110][1600]37
V2ZZZ0{{V2ZZZ0_P}}5
V2ZZZ0{{V2ZZZ0_P}}5
MIS11591{{V2ZZZ0_P}}5
MIS11591{{V2ZZZ0_P}}7
[1706]{{V2ZZZ0_P}}5
[1706]{{V2ZZZ0_P}}7
P1ZZZ6{{P1ZZZ6_P}}5
P1ZZZ6{{P1ZZZ6_P}}5
MIS11587{{P1ZZZ6_P}}5
MIS11587{{P1ZZZ6_P}}7
[1620]{{P1ZZZ6_P}}5
[1620]{{P1ZZZ6_P}}7
PYBB7[1620]5
PYBB7[1620]5
MIS11588[1620]5
MIS11588[1620]7
P2ZZZ6{{P2ZZZ6_P}}5
P2ZZZ6{{P2ZZZ6_P}}5
MIS11585{{P2ZZZ6_P}}5
MIS11585{{P2ZZZ6_P}}7
[1628]{{P2ZZZ6_P}}5
[1628]{{P2ZZZ6_P}}7
PYBB7[1628]5
PYBB7[1628]5
MIS11586[1628]5
MIS11586[1628]7
P1ZZZ0{{P1ZZZ0_P}}5
P1ZZZ0{{P1ZZZ0_P}}5
MIS11587{{P1ZZZ0_P}}5
MIS11587{{P1ZZZ0_P}}7
[1614]{{P1ZZZ0_P}}5
[1614]{{P1ZZZ0_P}}7
SLAD0[1666]1
SLAD0[1666]1
ICLR[1666]1
ICLR[1666]1
XZ160_N[1666]1
XZ160_N[1666]1
SLAD2[1668]1
SLAD2[1668]1
SLAD3[1668]1
SLAD3[1668]1
ICLR[1668]1
ICLR[1668]1
XZ162[1668]1
XZ162[1668]1
ICLR{{OFS2_P}}3
ICLR{{OFS2_P}}3
OFS1{{OFS2_P}}3
OFS1{{OFS2_P}}3
PSYNC{{OFS1_P}}8
PSYNC{{OFS1_P}}8
ICLR{{OFS1_P}}7
ICLR{{OFS1_P}}8
[1848]{{XZ160_F}}1
[1848]{{XZ160_F}}21
[1849]{{XZ160_F}}11
[1849]{{XZ160_F}}21
MIS11560[1848]1
MIS11560[1848]17
MIS7564[1848]1
MIS7564[1848]1
{{XZ320_P}}[1848]1
{{XZ320_P}}[1848]13
XZ160_N[1848]1
XZ160_N[1848]12
[1846]{{XZ324_P}}10
[1846]{{XZ324_P}}8
[1847]{{XZ324_P}}8
[1847]{{XZ324_P}}8
XZ323[1846]8
XZ323[1846]8
{{XZ323_P}}[1846]8
{{XZ323_P}}[1846]8
XZ324[1846]7
XZ324[1846]8
MIS11560[1846]10
MIS11560[1846]8
MIS7564[1846]10
MIS7564[1846]8
{{XZ323_P}}[1847]8
{{XZ323_P}}[1847]11
MIS7564[1847]8
MIS7564[1847]8
[1844]{{XZ323_P}}11
[1844]{{XZ323_P}}10
[1845]{{XZ323_P}}1
[1845]{{XZ323_P}}10
XZ322[1844]7
XZ322[1844]8
MIS11560[1844]8
MIS11560[1844]1
{{XZ322_P}}[1844]11
{{XZ322_P}}[1844]10
XZ323[1844]11
XZ323[1844]1
XZ322[1845]1
XZ322[1845]1
XZ323[1845]7
XZ323[1845]1
{{XZ322_P}}[1845]1
{{XZ322_P}}[1845]1
MIS11560[1845]1
MIS11560[1845]1
[1842]{{XZ322_P}}11
[1842]{{XZ322_P}}10
[1843]{{XZ322_P}}1
[1843]{{XZ322_P}}10
XZ321[1842]7
XZ321[1842]8
MIS11560[1842]8
MIS11560[1842]1
{{XZ320_P}}[1842]7
{{XZ320_P}}[1842]10
XZ322[1842]11
XZ322[1842]1
XZ160_N[1849]1
XZ160_N[1849]11
MIS7564[1849]13
MIS7564[1849]11
[123][1849]11
[123][1849]21
XZ321[1843]1
XZ321[1843]1
XZ322[1843]7
XZ322[1843]1
[123][1843]1
[123][1843]1
[1840]{{XZ321_P}}5
[1840]{{XZ321_P}}5
[1841]{{XZ321_P}}5
[1841]{{XZ321_P}}5
XZ321[1841]5
XZ321[1841]5
[123][1841]5
[123][1841]5
XZ320[123]13
XZ320[123]14
MIS11560[123]13
MIS11560[123]28
XZ321[1840]5
XZ321[1840]5
{{XZ320_P}}[1840]5
{{XZ320_P}}[1840]5
XZ320{{XZ320_P}}5
XZ320{{XZ320_P}}5
MIS11560{{XZ320_P}}5
MIS11560{{XZ320_P}}17
PSYNCMIS1156025
PSYNCMIS1156036
ICLRMIS1156025
ICLRMIS1156036
OFS2{{FSESR_P}}5
OFS2{{FSESR_P}}5
OFS1{{FSESR_P}}5
OFS1{{FSESR_P}}5
XZFR1{{FSESR_P}}5
XZFR1{{FSESR_P}}5
ICLR{{FSESR_P}}6
ICLR{{FSESR_P}}6
TXMESS_N{{RYZ_P}}6
TXMESS_N{{RYZ_P}}6
[156]{{RYZ_P}}6
[156]{{RYZ_P}}7
ICLR{{RYZ_P}}6
ICLR{{RYZ_P}}6
OFS2[124]9
OFS2[124]9
OFS1[124]9
OFS1[124]9
PSRW[124]9
PSRW[124]9
I2ZZZ3[1806]4
I2ZZZ3[1806]4
MIS11594[1806]4
MIS11594[1806]20
TXMESS_N[145]51
TXMESS_N[145]50
RYZ[145]4
RYZ[145]51
[1592][145]12
[1592][145]51
[111][1592]12
[111][1592]76
[1593][1592]12
[1593][1592]42
MMERR[1593]8
MMERR[1593]8
AXZ0[1593]8
AXZ0[1593]44
[1594][1593]8
[1594][1593]42
AXZ0[140]14
AXZ0[140]12
AXZ1[140]14
AXZ1[140]12
[1596][140]12
[1596][140]58
COMPPAR[1596]12
COMPPAR[1596]12
[1597][1596]12
[1597][1596]42
MMERR[1597]8
MMERR[1597]8
AXZ0[1597]8
AXZ0[1597]44
[1598][1597]8
[1598][1597]42
V1ZZZ4{{V1ZZZ4_P}}5
V1ZZZ4{{V1ZZZ4_P}}5
MIS11589{{V1ZZZ4_P}}5
MIS11589{{V1ZZZ4_P}}7
[1702]{{V1ZZZ4_P}}5
[1702]{{V1ZZZ4_P}}7
V1ZZZ5[1702]5
V1ZZZ5[1702]5
MIS11590[1702]5
MIS11590[1702]7
V1ZZZ5{{V1ZZZ5_P}}5
V1ZZZ5{{V1ZZZ5_P}}5
MIS11589{{V1ZZZ5_P}}5
MIS11589{{V1ZZZ5_P}}7
[1703]{{V1ZZZ5_P}}5
[1703]{{V1ZZZ5_P}}7
I1ZZZ2[1734]4
I1ZZZ2[1734]4
MIS11594[1734]4
MIS11594[1734]16
I1ZZZ7[1774]4
I1ZZZ7[1774]4
MIS11594[1774]4
MIS11594[1774]18
I2ZZZ0[1782]4
I2ZZZ0[1782]4
MIS11594[1782]4
MIS11594[1782]18
I2ZZZ7[1837]4
I2ZZZ7[1837]4
MIS11594[1837]4
MIS11594[1837]14
I2ZZZ4[1814]4
I2ZZZ4[1814]4
MIS11594[1814]4
MIS11594[1814]17
I1ZZZ0[1718]4
I1ZZZ0[1718]4
MIS11594[1718]4
MIS11594[1718]19
I1ZZZ5[1758]4
I1ZZZ5[1758]4
MIS11594[1758]4
MIS11594[1758]13
I2ZZZ2[1798]4
I2ZZZ2[1798]4
MIS11594[1798]4
MIS11594[1798]17
I1ZZZ4[1750]4
I1ZZZ4[1750]4
MIS11594[1750]4
MIS11594[1750]14
I1ZZZ1[1726]4
I1ZZZ1[1726]4
MIS11594[1726]4
MIS11594[1726]14
I1ZZZ6[1766]4
I1ZZZ6[1766]4
MIS11594[1766]4
MIS11594[1766]19
INFINMIS1159419
INFINMIS115942897
RYZMIS1159419
RYZMIS1159419
V2ZZZ7{{V2ZZZ7_P}}5
V2ZZZ7{{V2ZZZ7_P}}5
MIS11591{{V2ZZZ7_P}}5
MIS11591{{V2ZZZ7_P}}7
[1713]{{V2ZZZ7_P}}5
[1713]{{V2ZZZ7_P}}7
VYBB1[1713]5
VYBB1[1713]5
MIS11592[1713]5
MIS11592[1713]7
V2ZZZ6[1711]5
V2ZZZ6[1711]5
MIS11592[1711]5
MIS11592[1711]7
V2ZZZ2{{V2ZZZ2_P}}5
V2ZZZ2{{V2ZZZ2_P}}5
MIS11591{{V2ZZZ2_P}}5
MIS11591{{V2ZZZ2_P}}7
[1708]{{V2ZZZ2_P}}5
[1708]{{V2ZZZ2_P}}7
V2ZZZ3[1708]5
V2ZZZ3[1708]5
MIS11592[1708]5
MIS11592[1708]7
V2ZZZ1[1706]5
V2ZZZ1[1706]5
MIS11592[1706]5
MIS11592[1706]7
V2ZZZ1{{V2ZZZ1_P}}5
V2ZZZ1{{V2ZZZ1_P}}5
MIS11591{{V2ZZZ1_P}}5
MIS11591{{V2ZZZ1_P}}7
[1707]{{V2ZZZ1_P}}5
[1707]{{V2ZZZ1_P}}7
V1ZZZ6{{V1ZZZ6_P}}5
V1ZZZ6{{V1ZZZ6_P}}5
MIS11589{{V1ZZZ6_P}}5
MIS11589{{V1ZZZ6_P}}7
[1704]{{V1ZZZ6_P}}5
[1704]{{V1ZZZ6_P}}7
V1ZZZ7[1704]5
V1ZZZ7[1704]5
MIS11590[1704]5
MIS11590[1704]7
V1ZZZ2{{V1ZZZ2_P}}5
V1ZZZ2{{V1ZZZ2_P}}5
MIS11589{{V1ZZZ2_P}}5
MIS11589{{V1ZZZ2_P}}7
[1700]{{V1ZZZ2_P}}5
[1700]{{V1ZZZ2_P}}7
V1ZZZ3[1700]5
V1ZZZ3[1700]5
MIS11590[1700]5
MIS11590[1700]7
V1ZZZ0{{V1ZZZ0_P}}5
V1ZZZ0{{V1ZZZ0_P}}5
MIS11589{{V1ZZZ0_P}}5
MIS11589{{V1ZZZ0_P}}7
[1698]{{V1ZZZ0_P}}5
[1698]{{V1ZZZ0_P}}7
V1ZZZ1[1698]5
V1ZZZ1[1698]5
MIS11590[1698]5
MIS11590[1698]7
V1ZZZ7{{V1ZZZ7_P}}5
V1ZZZ7{{V1ZZZ7_P}}5
MIS11589{{V1ZZZ7_P}}5
MIS11589{{V1ZZZ7_P}}7
[1705]{{V1ZZZ7_P}}5
[1705]{{V1ZZZ7_P}}7
V1ZZZ3{{V1ZZZ3_P}}5
V1ZZZ3{{V1ZZZ3_P}}5
MIS11589{{V1ZZZ3_P}}5
MIS11589{{V1ZZZ3_P}}7
[1701]{{V1ZZZ3_P}}5
[1701]{{V1ZZZ3_P}}7
V1ZZZ1{{V1ZZZ1_P}}5
V1ZZZ1{{V1ZZZ1_P}}5
MIS11589{{V1ZZZ1_P}}5
MIS11589{{V1ZZZ1_P}}7
[1699]{{V1ZZZ1_P}}5
[1699]{{V1ZZZ1_P}}7
RYZMIS1158910
RYZMIS1158912
MIS11590MIS1158930
MIS11590MIS1158912
VYBB1[1705]5
VYBB1[1705]5
MIS11590[1705]5
MIS11590[1705]7
V1ZZZ6[1703]5
V1ZZZ6[1703]5
MIS11590[1703]5
MIS11590[1703]7
V1ZZZ4[1701]5
V1ZZZ4[1701]5
MIS11590[1701]5
MIS11590[1701]7
V1ZZZ2[1699]5
V1ZZZ2[1699]5
MIS11590[1699]5
MIS11590[1699]7
VYBB0MIS1159013
VYBB0MIS1159012
MIS11591MIS1159013
MIS11591MIS1159021
V2ZZZ6{{V2ZZZ6_P}}5
V2ZZZ6{{V2ZZZ6_P}}5
MIS11591{{V2ZZZ6_P}}5
MIS11591{{V2ZZZ6_P}}7
[1712]{{V2ZZZ6_P}}5
[1712]{{V2ZZZ6_P}}7
RYZMIS1159125
RYZMIS1159128
MIS11592MIS1159121
MIS11592MIS1159128
V2ZZZ7[1712]5
V2ZZZ7[1712]5
MIS11592[1712]5
MIS11592[1712]7
V2ZZZ2[1707]5
V2ZZZ2[1707]5
MIS11592[1707]5
MIS11592[1707]7
VYBB0MIS1159221
VYBB0MIS1159213
VZZZEMIS1159221
VZZZEMIS1159221
RYZMIS1159212
RYZMIS1159221
CBT2[1679]12
CBT2[1679]10
[125][1679]10
[125][1679]12
RYZ[125]33
RYZ[125]42
QPR3[125]30
QPR3[125]42
RYZMIS1158710
RYZMIS1158714
MIS11588MIS11587119
MIS11588MIS1158714
P2ZZZ0{{P2ZZZ0_P}}5
P2ZZZ0{{P2ZZZ0_P}}5
MIS11585{{P2ZZZ0_P}}5
MIS11585{{P2ZZZ0_P}}7
[1622]{{P2ZZZ0_P}}5
[1622]{{P2ZZZ0_P}}7
PYBB1[1622]5
PYBB1[1622]5
MIS11586[1622]5
MIS11586[1622]7
PYBB1[1614]5
PYBB1[1614]5
MIS11588[1614]5
MIS11588[1614]7
PYBB0MIS1158823
PYBB0MIS1158821
MIS11585MIS1158823
MIS11585MIS1158828
RYZMIS1158528
RYZMIS1158540
MIS11586MIS1158531
MIS11586MIS1158540
PYBB0MIS1158631
PYBB0MIS1158621
PZZZEMIS1158631
PZZZEMIS1158631
RYZMIS1158613
RYZMIS1158631
RYZ[111]3
RYZ[111]22
A[111]22
A[111]75
TXMESS_N{{SBUFF}}16
TXMESS_N{{SBUFF}}63
RPTWIN{{SBUFF}}42
RPTWIN{{SBUFF}}16
VFINMIS115491089
VFINMIS1154926
TXMESS_NMIS1154926
TXMESS_NMIS1154926
[110]MIS1154926
[110]MIS1154926
MIS16858[108]54
MIS16858[108]41
[105][108]58
[105][108]54
[1651]MIS1685826
[1651]MIS1685841
[1652]MIS1685826
[1652]MIS1685841
[1653]MIS1685826
[1653]MIS1685841
[1654]MIS1685850
[1654]MIS1685841
XZ162[1654]32
XZ162[1654]50
XZ163[1654]32
XZ163[1654]50
[109][1654]27
[109][1654]50
SLAD2[109]39
SLAD2[109]76
SLAD3[109]42
SLAD3[109]76
SLAD2[1652]26
SLAD2[1652]26
SLAD3[1652]26
SLAD3[1652]32
XZ162[1652]26
XZ162[1652]26
XZ163[1652]26
XZ163[1652]26
SLAD2[1651]26
SLAD2[1651]26
SLAD3[1651]26
SLAD3[1651]26
XZ162[1651]26
XZ162[1651]26
XZ163[1651]26
XZ163[1651]26
SLAD2[1653]26
SLAD2[1653]32
SLAD3[1653]26
SLAD3[1653]26
XZ162[1653]26
XZ162[1653]26
XZ163[1653]26
XZ163[1653]26
ENWIN[105]54
ENWIN[105]36
MIS7564[105]37
MIS7564[105]54
XZ321MIS756479
XZ321MIS756461
XZ322MIS756479
XZ322MIS756461
XZ323MIS756479
XZ323MIS756461
XZ324MIS756479
XZ324MIS756461
B[110]128
B[110]128
C[110]128
C[110]128
ESRSUM[1594]8
ESRSUM[1594]8
AXZ1[1594]8
AXZ1[1594]41
ESRSUM[1598]8
ESRSUM[1598]8
AXZ1[1598]8
AXZ1[1598]41
A[156]12
A[156]12
AXZ0[156]12
AXZ0[156]12
AXZ1[156]12
AXZ1[156]12
AXZ0[138]63
AXZ0[138]48
AXZ1[138]58
AXZ1[138]48
A[138]99
A[138]54
duration = 1.13421sec.
duration = 0.019844sec.

