
outfunc
duration = 0.522344sec.

cost:1671
CSPF
875(744){{75(866)}}1810
875(744){{75(866)}}842
879(746){{75(866)}}1810
879(746){{75(866)}}842
881(747){{75(866)}}1810
881(747){{75(866)}}842
883(748){{75(866)}}1810
883(748){{75(866)}}1810
[26]{{75(866)}}1129
[26]{{75(866)}}1810
[38]{{75(866)}}1810
[38]{{75(866)}}762
[82]{{75(866)}}1810
[82]{{75(866)}}558
[83]{{75(866)}}1810
[83]{{75(866)}}842
952(31){{75(866)}}1807
952(31){{75(866)}}865
[67]{{75(866)}}915
[67]{{75(866)}}1878
[1147]{{69(908)}}12
[1147]{{69(908)}}1053
[1148]{{69(908)}}13
[1148]{{69(908)}}1053
[1151]{{69(908)}}1658
[1151]{{69(908)}}1053
[1152]{{69(908)}}1650
[1152]{{69(908)}}1053
[1149][1148]12
[1149][1148]1053
[1150][1148]12
[1150][1148]1053
224(20)[1149]12
224(20)[1149]12
898(28)[1149]12
898(28)[1149]1
953(32)[1149]12
953(32)[1149]1655
282(608)[1149]12
282(608)[1149]12
[1123]{{21(859)}}842
[1123]{{21(859)}}843
[1124]{{21(859)}}843
[1124]{{21(859)}}843
119(6)[1124]843
119(6)[1124]843
1557(764)[1124]842
1557(764)[1124]843
953(32)[1151]12
953(32)[1151]1658
282(608)[1151]1658
282(608)[1151]1658
863(783)[1151]1658
863(783)[1151]1650
[1137]{{51(899)}}202
[1137]{{51(899)}}131
[1138]{{51(899)}}1629
[1138]{{51(899)}}131
210(16)[1138]188
210(16)[1138]93
1025(670)[1138]188
1025(670)[1138]188
[39][1138]206
[39][1138]188
433(687)[1138]131
433(687)[1138]1443
[25][1138]1629
[25][1138]180
[1164]{{57(912)}}174
[1164]{{57(912)}}98
[1165]{{57(912)}}174
[1165]{{57(912)}}98
[1166]{{57(912)}}151
[1166]{{57(912)}}98
[1167]{{57(912)}}151
[1167]{{57(912)}}98
374(364)[1164]174
374(364)[1164]174
[25][1164]174
[25][1164]135
[28][1164]174
[28][1164]174
[73][1164]174
[73][1164]151
374(364)[1166]151
374(364)[1166]151
[25][1166]151
[25][1166]121
[28][1166]151
[28][1166]151
[73][1166]174
[73][1166]151
374(364)[1165]174
374(364)[1165]174
[25][1165]174
[25][1165]135
[28][1165]174
[28][1165]174
[73][1165]174
[73][1165]151
374(364)[1167]151
374(364)[1167]151
[25][1167]151
[25][1167]121
[28][1167]151
[28][1167]151
[73][1167]174
[73][1167]151
472(25)[73]44
472(25)[73]39
[39][73]47
[39][73]44
[1141]{{60(901)}}107
[1141]{{60(901)}}80
[1142]{{60(901)}}122
[1142]{{60(901)}}80
475(26)[1141]107
475(26)[1141]84
[25][1141]107
[25][1141]106
[31][1141]107
[31][1141]107
[39][1141]124
[39][1141]107
[1143]{{63(902)}}113
[1143]{{63(902)}}86
[1144]{{63(902)}}99
[1144]{{63(902)}}86
478(27)[1143]99
478(27)[1143]106
[39][1143]119
[39][1143]99
393(548)[1143]113
393(548)[1143]113
[25][1143]113
[25][1143]98
[1145]{{66(903)}}108
[1145]{{66(903)}}84
[1146]{{66(903)}}122
[1146]{{66(903)}}84
217(18)[1145]108
217(18)[1145]100
[25][1145]108
[25][1145]107
[29][1145]108
[29][1145]108
[39][1145]124
[39][1145]108
[1139]{{54(900)}}197
[1139]{{54(900)}}137
[1140]{{54(900)}}1075
[1140]{{54(900)}}137
469(24)[1140]182
469(24)[1140]151
1149(669)[1140]182
1149(669)[1140]182
[39][1140]208
[39][1140]182
437(688)[1140]137
437(688)[1140]898
[25][1140]1075
[25][1140]137
475(26)[1142]107
475(26)[1142]84
[39][1142]124
[39][1142]107
[25][1142]122
[25][1142]116
[31][1142]122
[31][1142]122
478(27)[1144]99
478(27)[1144]106
393(548)[1144]99
393(548)[1144]99
[25][1144]99
[25][1144]90
[39][1144]119
[39][1144]99
217(18)[1146]108
217(18)[1146]100
[39][1146]124
[39][1146]108
[25][1146]122
[25][1146]115
[29][1146]122
[29][1146]122
902(30)[39]51
902(30)[39]3539
[26][39]51
[26][39]257
210(16)[1137]188
210(16)[1137]93
[26][1137]188
[26][1137]204
1025(670)[1137]202
1025(670)[1137]1644
[25][1137]202
[25][1137]180
469(24)[1139]182
469(24)[1139]151
[26][1139]182
[26][1139]206
1149(669)[1139]197
1149(669)[1139]1131
[25][1139]197
[25][1139]137
863(783)[26]1840
863(783)[26]1026
865(793)[26]1840
865(793)[26]1061
953(32)[1152]1
953(32)[1152]1650
282(608)[1152]1650
282(608)[1152]1650
863(783)[1152]1658
863(783)[1152]1650
1509(758)863(783)842
1509(758)863(783)1065
1517(759)863(783)842
1517(759)863(783)1065
1525(760)863(783)842
1525(760)863(783)1065
1533(761)863(783)842
1533(761)863(783)1065
1541(762)863(783)842
1541(762)863(783)1065
1549(763)863(783)842
1549(763)863(783)1065
1557(764)863(783)842
1557(764)863(783)1065
1565(765)863(783)842
1565(765)863(783)1065
119(6)[1123]842
119(6)[1123]842
1557(764)[1123]842
1557(764)[1123]843
[32]1557(764)977
[32]1557(764)841
[43]1557(764)841
[43]1557(764)1250
[66]1557(764)841
[66]1557(764)851
[1125]{{24(858)}}842
[1125]{{24(858)}}843
[1126]{{24(858)}}843
[1126]{{24(858)}}843
122(7)[1126]843
122(7)[1126]843
1565(765)[1126]842
1565(765)[1126]843
122(7)[1125]842
122(7)[1125]842
1565(765)[1125]842
1565(765)[1125]843
561(635)1565(765)841
561(635)1565(765)841
549(655)1565(765)841
549(655)1565(765)841
675(725)1565(765)841
675(725)1565(765)851
622(733)1565(765)841
622(733)1565(765)1226
[43]1565(765)841
[43]1565(765)1250
[1121]{{18(860)}}842
[1121]{{18(860)}}843
[1122]{{18(860)}}843
[1122]{{18(860)}}843
116(5)[1122]843
116(5)[1122]843
1549(763)[1122]842
1549(763)[1122]843
116(5)[1121]842
116(5)[1121]842
1549(763)[1121]842
1549(763)[1121]843
622(733)1549(763)841
622(733)1549(763)1226
[43]1549(763)841
[43]1549(763)1250
[44]1549(763)851
[44]1549(763)841
[56]1549(763)875
[56]1549(763)841
[1119]{{15(861)}}834
[1119]{{15(861)}}843
[1120]{{15(861)}}835
[1120]{{15(861)}}843
113(4)[1119]834
113(4)[1119]834
1541(762)[1119]834
1541(762)[1119]835
113(4)[1120]835
113(4)[1120]835
1541(762)[1120]834
1541(762)[1120]835
[43]1541(762)841
[43]1541(762)1250
[44]1541(762)851
[44]1541(762)841
[76]1541(762)977
[76]1541(762)841
[1109]{{9(863)}}810
[1109]{{9(863)}}843
[1110]{{9(863)}}811
[1110]{{9(863)}}843
107(2)[1109]810
107(2)[1109]810
1525(760)[1109]810
1525(760)[1109]811
107(2)[1110]811
107(2)[1110]811
1525(760)[1110]810
1525(760)[1110]811
675(725)1525(760)841
675(725)1525(760)851
[56]1525(760)875
[56]1525(760)841
[64]1525(760)841
[64]1525(760)1106
[1107]{{6(864)}}842
[1107]{{6(864)}}843
[1108]{{6(864)}}843
[1108]{{6(864)}}843
104(1)[1107]842
104(1)[1107]842
1517(759)[1107]842
1517(759)[1107]843
104(1)[1108]843
104(1)[1108]843
1517(759)[1108]842
1517(759)[1108]843
675(725)1517(759)841
675(725)1517(759)851
[45]1517(759)875
[45]1517(759)841
[64]1517(759)841
[64]1517(759)1106
[1111]{{12(862)}}842
[1111]{{12(862)}}843
[1112]{{12(862)}}843
[1112]{{12(862)}}843
110(3)[1111]842
110(3)[1111]842
1533(761)[1111]842
1533(761)[1111]843
110(3)[1112]843
110(3)[1112]843
1533(761)[1112]842
1533(761)[1112]843
731(676)1533(761)841
731(676)1533(761)875
[60]1533(761)851
[60]1533(761)841
[64]1533(761)841
[64]1533(761)1106
[1001]{{3(865)}}842
[1001]{{3(865)}}843
[1106]{{3(865)}}843
[1106]{{3(865)}}843
101(0)[1001]842
101(0)[1001]842
1509(758)[1001]842
1509(758)[1001]843
101(0)[1106]843
101(0)[1106]843
1509(758)[1106]842
1509(758)[1106]843
731(676)1509(758)841
731(676)1509(758)875
[44]1509(758)851
[44]1509(758)841
[64]1509(758)841
[64]1509(758)1106
639(724)[64]974
639(724)[64]1424
[43][64]974
[43][64]1527
898(28)[43]20
898(28)[43]20
902(30)[43]20
902(30)[43]801
953(32)[43]20
953(32)[43]21
[40][43]20
[40][43]20
979(179)[43]1023
979(179)[43]1190
588(729)[43]1024
588(729)[43]1496
898(28)[1150]12
898(28)[1150]12
953(32)[1150]12
953(32)[1150]1054
[1113]{{30(856)}}842
[1113]{{30(856)}}843
[1114]{{30(856)}}843
[1114]{{30(856)}}843
128(9)[1113]842
128(9)[1113]842
1581(775)[1113]842
1581(775)[1113]843
[1153]{{72(909)}}1604
[1153]{{72(909)}}1092
[1156]{{72(909)}}11
[1156]{{72(909)}}1092
[1160]{{72(909)}}90
[1160]{{72(909)}}1092
[1161]{{72(909)}}1597
[1161]{{72(909)}}1092
227(21)[1153]1
227(21)[1153]16
900(29)[1153]1
900(29)[1153]1
953(32)[1153]16
953(32)[1153]1938
865(793)[1153]1604
865(793)[1153]1597
[30][1153]1604
[30][1153]1614
[57][1153]1604
[57][1153]1
[1157][1156]93
[1157][1156]1092
[1158][1156]1
[1158][1156]1092
[1159][1156]1
[1159][1156]1092
227(21)[1159]1
227(21)[1159]1
900(29)[1159]1
900(29)[1159]1
953(32)[1159]1
953(32)[1159]1479
865(793)[1159]1
865(793)[1159]1
[30][1159]1
[30][1159]1
[1162][1161]1
[1162][1161]1092
[1163][1161]1597
[1163][1161]1092
865(793)[1162]1
865(793)[1162]1
[30][1162]1
[30][1162]1
[57][1162]1614
[57][1162]1
953(32)[1163]1
953(32)[1163]1597
865(793)[1163]1604
865(793)[1163]1597
[30][1163]1597
[30][1163]1597
1573(774)865(793)842
1573(774)865(793)1098
1581(775)865(793)842
1581(775)865(793)1098
1589(776)865(793)842
1589(776)865(793)1098
1597(777)865(793)842
1597(777)865(793)1098
1605(778)865(793)842
1605(778)865(793)1098
1613(779)865(793)842
1613(779)865(793)1098
1621(780)865(793)842
1621(780)865(793)1098
1629(781)865(793)842
1629(781)865(793)1098
128(9)[1114]843
128(9)[1114]843
1581(775)[1114]842
1581(775)[1114]843
[56]1581(775)875
[56]1581(775)841
[66]1581(775)841
[66]1581(775)851
[81]1581(775)841
[81]1581(775)1106
[1131]{{36(854)}}818
[1131]{{36(854)}}843
[1132]{{36(854)}}819
[1132]{{36(854)}}843
134(11)[1132]819
134(11)[1132]819
1597(777)[1132]818
1597(777)[1132]819
134(11)[1131]818
134(11)[1131]818
1597(777)[1131]818
1597(777)[1131]819
[44]1597(777)851
[44]1597(777)841
[56]1597(777)875
[56]1597(777)841
[65]1597(777)841
[65]1597(777)1106
622(733)879(746)842
622(733)879(746)1227
[56]879(746)842
[56]879(746)842
[62]879(746)672
[62]879(746)842
561(635)[56]1754
561(635)[56]1013
549(655)[56]1754
549(655)[56]1754
[1129]{{33(855)}}798
[1129]{{33(855)}}843
[1130]{{33(855)}}799
[1130]{{33(855)}}843
131(10)[1130]799
131(10)[1130]799
1589(776)[1130]798
1589(776)[1130]799
131(10)[1129]798
131(10)[1129]798
1589(776)[1129]798
1589(776)[1129]799
[44]1589(776)851
[44]1589(776)841
[45]1589(776)875
[45]1589(776)841
[65]1589(776)841
[65]1589(776)1106
[1135]{{42(852)}}826
[1135]{{42(852)}}843
[1136]{{42(852)}}827
[1136]{{42(852)}}843
140(13)[1136]827
140(13)[1136]827
1613(779)[1136]826
1613(779)[1136]827
140(13)[1135]826
140(13)[1135]826
1613(779)[1135]826
1613(779)[1135]827
[45]1613(779)875
[45]1613(779)841
[60]1613(779)851
[60]1613(779)841
[65]1613(779)841
[65]1613(779)1106
[1117]{{48(850)}}838
[1117]{{48(850)}}843
[1118]{{48(850)}}839
[1118]{{48(850)}}843
146(15)[1117]838
146(15)[1117]838
1629(781)[1117]838
1629(781)[1117]839
146(15)[1118]839
146(15)[1118]839
1629(781)[1118]838
1629(781)[1118]839
[45]1629(781)875
[45]1629(781)841
[66]1629(781)841
[66]1629(781)851
[81]1629(781)841
[81]1629(781)1106
731(676)[82]842
731(676)[82]876
639(724)[82]842
639(724)[82]402
[76][82]1077
[76][82]842
[62][82]947
[62][82]558
[1127]{{27(857)}}842
[1127]{{27(857)}}843
[1128]{{27(857)}}843
[1128]{{27(857)}}843
125(8)[1128]843
125(8)[1128]843
1573(774)[1128]842
1573(774)[1128]843
125(8)[1127]842
125(8)[1127]842
1573(774)[1127]842
1573(774)[1127]843
969(266)1573(774)841
969(266)1573(774)1007
588(729)1573(774)841
588(729)1573(774)1097
[60]1573(774)851
[60]1573(774)841
[76]1573(774)977
[76]1573(774)841
622(733)[76]1308
622(733)[76]1903
[45][76]1330
[45][76]1308
561(635)[45]1348
561(635)[45]1348
549(655)[45]1348
549(655)[45]516
731(676)883(7)797
731(676)883(7)831
525(718)883(7)837
525(718)883(7)797
622(733)883(7)840
622(733)883(7)797
[62]883(7)936
[62]883(7)797
[1133]{{39(853)}}834
[1133]{{39(853)}}841
[1134]{{39(853)}}834
[1134]{{39(853)}}841
137(12)[1134]834
137(12)[1134]834
1605(778)[1134]834
1605(778)[1134]834
137(12)[1133]834
137(12)[1133]834
1605(778)[1133]834
1605(778)[1133]834
731(676)1605(778)841
731(676)1605(778)875
[65]1605(778)841
[65]1605(778)1106
[66]1605(778)841
[66]1605(778)851
588(729)[83]842
588(729)[83]762
[36][83]957
[36][83]842
500(720)[38]762
500(720)[38]762
573(738)[38]1
573(738)[38]762
[36][38]779
[36][38]762
[32][36]1163
[32][36]847
[33][36]1421
[33][36]847
675(725)[67]865
675(725)[67]1685
[72][67]1880
[72][67]865
953(32)[67]688
953(32)[67]1878
979(179)881(747)842
979(179)881(747)794
[60]881(747)842
[60]881(747)842
[72]881(747)374
[72]881(747)842
979(179)875(744)842
979(179)875(744)794
[44]875(744)842
[44]875(744)842
[72]875(744)958
[72]875(744)842
573(738)[72]1685
573(738)[72]2311
[32][72]2141
[32][72]1685
731(676)[32]1843
731(676)[32]1995
622(733)[32]1843
622(733)[32]2061
561(635)731(676)1870
561(635)731(676)2572
549(655)731(676)1870
549(655)731(676)2572
[1115]{{45(851)}}826
[1115]{{45(851)}}843
[1116]{{45(851)}}827
[1116]{{45(851)}}843
143(14)[1115]826
143(14)[1115]826
1621(780)[1115]826
1621(780)[1115]827
143(14)[1116]827
143(14)[1116]827
1621(780)[1116]826
1621(780)[1116]827
561(635)1621(780)841
561(635)1621(780)841
549(655)1621(780)841
549(655)1621(780)841
[44]1621(780)851
[44]1621(780)841
[81]1621(780)841
[81]1621(780)1106
[1016]549(655)2737
[1016]549(655)2819
[1035]549(655)2679
[1035]549(655)2819
902(30)[1016]176
902(30)[1016]2679
[31][1016]2679
[31][1016]2679
475(26)[1016]2737
475(26)[1016]2737
475(26)[1035]2679
475(26)[1035]2679
902(30)[1035]176
902(30)[1035]2679
[31][1035]2679
[31][1035]2679
[1017][31]28
[1017][31]13
[1028][31]28
[1028][31]13
[1029][31]28
[1029][31]13
[1030][31]28
[1030][31]13
[1031][31]28
[1031][31]13
[1032][31]28
[1032][31]13
[1033][31]28
[1033][31]13
[1034][31]28
[1034][31]13
122(7)[1017]28
122(7)[1017]28
1249(338)[1017]28
1249(338)[1017]28
[52][1017]28
[52][1017]28
[54][1017]28
[54][1017]28
122(7)[1034]28
122(7)[1034]28
1249(338)[1034]28
1249(338)[1034]28
[52][1034]28
[52][1034]28
[54][1034]28
[54][1034]28
122(7)[1032]28
122(7)[1032]28
1249(338)[1032]28
1249(338)[1032]28
[52][1032]28
[52][1032]28
[54][1032]28
[54][1032]28
122(7)[1030]28
122(7)[1030]28
1249(338)[1030]28
1249(338)[1030]28
[52][1030]28
[52][1030]28
[54][1030]28
[54][1030]28
122(7)[1029]28
122(7)[1029]28
1249(338)[1029]28
1249(338)[1029]28
[52][1029]28
[52][1029]28
[54][1029]28
[54][1029]28
122(7)[1033]28
122(7)[1033]28
1249(338)[1033]28
1249(338)[1033]28
[52][1033]28
[52][1033]28
[54][1033]28
[54][1033]28
122(7)[1031]28
122(7)[1031]28
1249(338)[1031]28
1249(338)[1031]28
[52][1031]28
[52][1031]28
[54][1031]28
[54][1031]28
122(7)[1028]28
122(7)[1028]28
1249(338)[1028]28
1249(338)[1028]28
[52][1028]28
[52][1028]28
[54][1028]28
[54][1028]28
[1018]1249(338)5
[1018]1249(338)6
[1019]1249(338)6
[1019]1249(338)6
143(14)[1018]5
143(14)[1018]5
214(17)[1018]5
214(17)[1018]5
[48][1018]6
[48][1018]5
573(738)[65]879
573(738)[65]1279
[46][65]879
[46][65]1450
573(738)[62]1515
573(738)[62]2151
[33][62]2050
[33][62]1515
500(720)573(738)2570
500(720)573(738)2670
[59]573(738)2670
[59]573(738)2446
588(729)[81]892
588(729)[81]1260
[46][81]892
[46][81]1472
500(720)588(729)1680
500(720)588(729)916
[59]588(729)1680
[59]588(729)1520
214(17)[59]2687
214(17)[59]2687
[53][59]2687
[53][59]2605
214(17)[1019]5
214(17)[1019]5
[48][1019]6
[48][1019]5
143(14)[1019]6
143(14)[1019]6
513(672)[44]1286
513(672)[44]1286
537(709)[44]1286
537(709)[44]595
513(672)[66]895
513(672)[66]895
537(709)[66]895
537(709)[66]895
513(672)[60]1158
513(672)[60]937
537(709)[60]1158
537(709)[60]1158
979(179)[33]1595
979(179)[33]1719
675(725)[33]1595
675(725)[33]1748
513(672)675(725)2408
513(672)675(725)2547
537(709)675(725)2408
537(709)675(725)2547
[1036]513(672)2442
[1036]513(672)2836
[1049]513(672)2929
[1049]513(672)2836
217(18)[1036]2442
217(18)[1036]2601
234(22)[1036]2513
234(22)[1036]2442
[29][1036]2442
[29][1036]2442
[1050][1049]232
[1050][1049]2836
[1051][1049]2710
[1051][1049]2836
217(18)[1051]2442
217(18)[1051]2442
234(22)[1051]2513
234(22)[1051]2442
902(30)[1051]185
902(30)[1051]2710
[29][1051]2710
[29][1051]2710
[1037][29]21
[1037][29]12
[1042][29]21
[1042][29]12
[1043][29]21
[1043][29]12
[1044][29]21
[1044][29]12
[1045][29]20
[1045][29]12
[1046][29]20
[1046][29]12
[1047][29]20
[1047][29]12
[1048][29]20
[1048][29]12
137(12)[1048]20
137(12)[1048]20
398(438)[1048]20
398(438)[1048]20
[27][1048]20
[27][1048]20
[77][1048]21
[77][1048]20
137(12)[1046]20
137(12)[1046]20
398(438)[1046]20
398(438)[1046]20
[27][1046]20
[27][1046]20
[77][1046]21
[77][1046]20
137(12)[1044]21
137(12)[1044]21
398(438)[1044]21
398(438)[1044]21
[27][1044]21
[27][1044]21
[77][1044]21
[77][1044]20
137(12)[1042]21
137(12)[1042]21
398(438)[1042]21
398(438)[1042]21
[27][1042]21
[27][1042]21
[77][1042]21
[77][1042]20
137(12)[1037]21
137(12)[1037]21
398(438)[1037]21
398(438)[1037]21
[27][1037]21
[27][1037]21
[77][1037]21
[77][1037]20
137(12)[1047]20
137(12)[1047]20
398(438)[1047]20
398(438)[1047]20
[27][1047]20
[27][1047]20
[77][1047]21
[77][1047]20
137(12)[1045]20
137(12)[1045]20
398(438)[1045]20
398(438)[1045]20
[27][1045]20
[27][1045]20
[77][1045]21
[77][1045]20
137(12)[1043]21
137(12)[1043]21
398(438)[1043]21
398(438)[1043]21
[27][1043]21
[27][1043]21
[77][1043]21
[77][1043]20
221(19)[77]4
221(19)[77]4
[47][77]5
[47][77]4
525(718)622(733)2653
525(718)622(733)2769
[55]622(733)2769
[55]622(733)2615
969(266)[46]936
969(266)[46]1102
639(724)[46]936
639(724)[46]1365
525(718)639(724)1711
525(718)639(724)996
[55]639(724)1711
[55]639(724)1625
234(22)[55]2490
234(22)[55]2698
902(30)[55]76
902(30)[55]2490
221(19)[55]2770
221(19)[55]2770
[1052]537(709)3636
[1052]537(709)2833
[1071]537(709)3855
[1071]537(709)2833
[1072]537(709)3636
[1072]537(709)2833
[1073]537(709)3636
[1073]537(709)2833
472(25)[1072]3636
472(25)[1072]3636
902(30)[1072]223
902(30)[1072]3636
374(364)[1072]3636
374(364)[1072]3636
[28][1072]3636
[28][1072]3636
472(25)[1052]3636
472(25)[1052]3844
374(364)[1052]3636
374(364)[1052]3636
[28][1052]3636
[28][1052]3636
472(25)[1073]3636
472(25)[1073]3636
902(30)[1073]223
902(30)[1073]3636
374(364)[1073]3636
374(364)[1073]3636
[28][1073]3636
[28][1073]3636
374(364)[1071]3636
374(364)[1071]3636
[28][1071]3636
[28][1071]3636
902(30)[1071]199
902(30)[1071]2772
472(25)[1071]3855
472(25)[1071]3698
[1053]374(364)5
[1053]374(364)6
[1054]374(364)6
[1054]374(364)6
101(0)[1053]5
101(0)[1053]5
210(16)[1053]5
210(16)[1053]5
[48][1053]6
[48][1053]5
[1090]500(720)2377
[1090]500(720)2803
[1105]500(720)2535
[1105]500(720)2803
210(16)[1105]2311
210(16)[1105]2311
[53][1105]2311
[53][1105]2370
433(687)[1105]2601
433(687)[1105]2535
210(16)[1054]5
210(16)[1054]5
[48][1054]6
[48][1054]5
101(0)[1054]6
101(0)[1054]6
210(16)[1090]2377
210(16)[1090]2377
433(687)[1090]2377
433(687)[1090]2311
[53][1090]2377
[53][1090]2370
902(30)433(687)285
902(30)433(687)2525
1025(670)433(687)2525
1025(670)433(687)18
[1091]1025(670)4028
[1091]1025(670)17
[1102]1025(670)4030
[1102]1025(670)17
[1103]1025(670)4030
[1103]1025(670)17
[1104]1025(670)4028
[1104]1025(670)17
224(20)[1091]4028
224(20)[1091]44
953(32)[1091]45
953(32)[1091]4028
1095(539)[1091]4028
1095(539)[1091]44
282(608)[1091]4028
282(608)[1091]44
224(20)[1103]44
224(20)[1103]4028
953(32)[1103]46
953(32)[1103]44
1095(539)[1103]4030
1095(539)[1103]46
282(608)[1103]46
282(608)[1103]4030
224(20)[1102]44
224(20)[1102]4028
953(32)[1102]46
953(32)[1102]44
1095(539)[1102]46
1095(539)[1102]4030
282(608)[1102]4030
282(608)[1102]46
224(20)[1104]4028
224(20)[1104]44
953(32)[1104]45
953(32)[1104]4028
1095(539)[1104]44
1095(539)[1104]4028
282(608)[1104]44
282(608)[1104]4028
[1092]1095(539)4230
[1092]1095(539)4228
[1093]1095(539)4230
[1093]1095(539)4228
125(8)[1093]4230
125(8)[1093]4230
307(452)[1093]4230
307(452)[1093]4230
900(29)[1157]1
900(29)[1157]93
953(32)[1157]1
953(32)[1157]1
[30][1157]93
[30][1157]1
[57][1157]1597
[57][1157]93
227(21)[1160]16
227(21)[1160]16
[57][1160]16
[57][1160]84
953(32)[1160]90
953(32)[1160]1489
[30][1160]16
[30][1160]90
227(21)[1158]1
227(21)[1158]16
900(29)[1158]1
900(29)[1158]1
953(32)[1158]1
953(32)[1158]1479
[30][1158]1
[30][1158]16
[1154][30]157
[1154][30]85
[1155][30]157
[1155][30]85
1273(372)[1155]157
1273(372)[1155]128
1357(552)[1155]128
1357(552)[1155]157
[1022][54]7
[1022][54]7
[1027][54]7
[1027][54]7
131(10)[1027]7
131(10)[1027]7
[27][1027]7
[27][1027]7
131(10)[1022]7
131(10)[1022]7
[27][1022]7
[27][1022]7
[1023][27]7
[1023][27]6
[1026][27]7
[1026][27]6
146(15)[1023]7
146(15)[1023]7
1273(372)[1023]7
1273(372)[1023]7
1273(372)[1154]128
1273(372)[1154]157
1357(552)[1154]157
1357(552)[1154]128
146(15)[1026]7
146(15)[1026]7
1273(372)[1026]7
1273(372)[1026]7
[1024]1273(372)135
[1024]1273(372)207
[1025]1273(372)135
[1025]1273(372)207
125(8)[1025]135
125(8)[1025]135
140(13)[1025]135
140(13)[1025]135
125(8)[1092]4230
125(8)[1092]4230
307(452)[1092]4230
307(452)[1092]4230
125(8)[1024]135
125(8)[1024]135
140(13)[1024]135
140(13)[1024]135
[1038]398(438)6
[1038]398(438)6
[1039]398(438)6
[1039]398(438)6
[1040]398(438)6
[1040]398(438)6
[1041]398(438)6
[1041]398(438)6
110(3)[1038]6
110(3)[1038]6
119(6)[1038]6
119(6)[1038]6
128(9)[1038]6
128(9)[1038]6
224(20)[1147]12
224(20)[1147]12
953(32)[1147]12
953(32)[1147]1662
282(608)[1147]12
282(608)[1147]12
[1094]282(608)91
[1094]282(608)56
[1095]282(608)91
[1095]282(608)56
[1096]282(608)91
[1096]282(608)56
[1097]282(608)91
[1097]282(608)56
[1098]282(608)91
[1098]282(608)56
[1099]282(608)91
[1099]282(608)56
[1100]282(608)91
[1100]282(608)56
[1101]282(608)91
[1101]282(608)56
110(3)[1099]91
110(3)[1099]91
122(7)[1099]91
122(7)[1099]91
296(454)[1099]91
296(454)[1099]91
[35][1099]91
[35][1099]91
[1074]525(718)2785
[1074]525(718)2806
[1089]525(718)2718
[1089]525(718)2806
469(24)[1074]2785
469(24)[1074]2785
437(688)[1074]2785
437(688)[1074]2718
469(24)[1089]2718
469(24)[1089]2718
437(688)[1089]2785
437(688)[1089]2718
902(30)437(688)253
902(30)437(688)2714
1149(669)437(688)2714
1149(669)437(688)20
[1075]1149(669)3417
[1075]1149(669)19
[1086]1149(669)3407
[1086]1149(669)19
[1087]1149(669)3407
[1087]1149(669)19
[1088]1149(669)3417
[1088]1149(669)19
227(21)[1088]25
227(21)[1088]3407
953(32)[1088]27
953(32)[1088]25
1171(369)[1088]35
1171(369)[1088]3417
348(625)[1088]35
348(625)[1088]3417
227(21)[1086]3407
227(21)[1086]25
953(32)[1086]26
953(32)[1086]3407
1171(369)[1086]25
1171(369)[1086]3407
348(625)[1086]3407
348(625)[1086]25
227(21)[1075]25
227(21)[1075]3407
953(32)[1075]27
953(32)[1075]25
1171(369)[1075]3417
1171(369)[1075]35
348(625)[1075]3417
348(625)[1075]35
227(21)[1087]3407
227(21)[1087]25
953(32)[1087]26
953(32)[1087]3407
1171(369)[1087]3407
1171(369)[1087]25
348(625)[1087]25
348(625)[1087]3407
[1076]1171(369)2692
[1076]1171(369)3420
[1077]1171(369)2692
[1077]1171(369)3420
110(3)[1076]2692
110(3)[1076]2692
140(13)[1076]2692
140(13)[1076]2692
110(3)[1097]91
110(3)[1097]91
122(7)[1097]91
122(7)[1097]91
296(454)[1097]91
296(454)[1097]91
[35][1097]91
[35][1097]91
110(3)[1095]91
110(3)[1095]91
122(7)[1095]91
122(7)[1095]91
296(454)[1095]91
296(454)[1095]91
[35][1095]91
[35][1095]91
110(3)[1040]6
110(3)[1040]6
119(6)[1040]6
119(6)[1040]6
128(9)[1040]6
128(9)[1040]6
110(3)[1101]91
110(3)[1101]91
122(7)[1101]91
122(7)[1101]91
296(454)[1101]91
296(454)[1101]91
[35][1101]91
[35][1101]91
110(3)[1039]6
110(3)[1039]6
119(6)[1039]6
119(6)[1039]6
128(9)[1039]6
128(9)[1039]6
110(3)[1077]2692
110(3)[1077]2692
140(13)[1077]2692
140(13)[1077]2692
110(3)[1098]91
110(3)[1098]91
122(7)[1098]91
122(7)[1098]91
296(454)[1098]91
296(454)[1098]91
[35][1098]91
[35][1098]91
110(3)[1096]91
110(3)[1096]91
122(7)[1096]91
122(7)[1096]91
296(454)[1096]91
296(454)[1096]91
[35][1096]91
[35][1096]91
110(3)[1094]91
110(3)[1094]91
122(7)[1094]91
122(7)[1094]91
296(454)[1094]91
296(454)[1094]91
[35][1094]91
[35][1094]91
110(3)[1041]6
110(3)[1041]6
119(6)[1041]6
119(6)[1041]6
128(9)[1041]6
128(9)[1041]6
110(3)[1100]91
110(3)[1100]91
122(7)[1100]91
122(7)[1100]91
296(454)[1100]91
296(454)[1100]91
[35][1100]91
[35][1100]91
[1002]561(635)2760
[1002]561(635)2760
[1015]561(635)2697
[1015]561(635)2760
478(27)[1015]2697
478(27)[1015]2697
902(30)[1015]181
902(30)[1015]2697
393(548)[1015]2697
393(548)[1015]2697
902(30)[1002]181
902(30)[1002]2697
393(548)[1002]2697
393(548)[1002]2697
478(27)[1002]2760
478(27)[1002]2760
[1003]393(548)18
[1003]393(548)11
[1012]393(548)19
[1012]393(548)11
[1013]393(548)19
[1013]393(548)11
[1014]393(548)18
[1014]393(548)11
217(18)[1013]18
217(18)[1013]18
[47][1013]19
[47][1013]18
1862(428)[1013]19
1862(428)[1013]19
1865(439)[1013]19
1865(439)[1013]19
217(18)[1014]18
217(18)[1014]18
1862(428)[1014]18
1862(428)[1014]18
1865(439)[1014]18
1865(439)[1014]18
[47][1014]19
[47][1014]18
217(18)[1012]18
217(18)[1012]18
[47][1012]19
[47][1012]18
1862(428)[1012]19
1862(428)[1012]19
1865(439)[1012]19
1865(439)[1012]19
217(18)[1050]232
217(18)[1050]68
902(30)[1050]232
902(30)[1050]2668
217(18)[1003]18
217(18)[1003]18
1862(428)[1003]18
1862(428)[1003]18
1865(439)[1003]18
1865(439)[1003]18
[47][1003]19
[47][1003]18
902(30)969(266)23
902(30)969(266)833
[40]969(266)23
[40]969(266)23
[57]969(266)24
[57]969(266)23
979(179)969(266)1058
979(179)969(266)1225
237(23)[53]3796
237(23)[53]3688
902(30)[53]89
902(30)[53]3688
[1055][28]24
[1055][28]12
[1070][28]24
[1070][28]12
296(454)[1055]24
296(454)[1055]24
1357(552)[1055]24
1357(552)[1055]24
296(454)[1070]24
296(454)[1070]24
1357(552)[1070]24
1357(552)[1070]24
[1056]296(454)7
[1056]296(454)7
[1057]296(454)7
[1057]296(454)7
[1058]296(454)7
[1058]296(454)7
[1059]296(454)7
[1059]296(454)7
113(4)[1059]7
113(4)[1059]7
116(5)[1059]7
116(5)[1059]7
119(6)[1059]7
119(6)[1059]7
113(4)[1057]7
113(4)[1057]7
116(5)[1057]7
116(5)[1057]7
119(6)[1057]7
119(6)[1057]7
113(4)[1058]7
113(4)[1058]7
116(5)[1058]7
116(5)[1058]7
119(6)[1058]7
119(6)[1058]7
113(4)[1056]7
113(4)[1056]7
116(5)[1056]7
116(5)[1056]7
119(6)[1056]7
119(6)[1056]7
[1078]348(625)7538
[1078]348(625)3421
[1083]348(625)7538
[1083]348(625)3421
[1084]348(625)7538
[1084]348(625)3421
[1085]348(625)7538
[1085]348(625)3421
335(449)[1078]7538
335(449)[1078]7538
307(452)[1078]7538
307(452)[1078]7538
[35][1078]7538
[35][1078]7538
335(449)[1084]7538
335(449)[1084]7538
307(452)[1084]7538
307(452)[1084]7538
[35][1084]7538
[35][1084]7538
335(449)[1085]7538
335(449)[1085]7538
307(452)[1085]7538
307(452)[1085]7538
[35][1085]7538
[35][1085]7538
335(449)[1083]7538
335(449)[1083]7538
307(452)[1083]7538
307(452)[1083]7538
[35][1083]7538
[35][1083]7538
[1079][35]63
[1079][35]95
[1080][35]63
[1080][35]95
[1081][35]63
[1081][35]95
[1082][35]63
[1082][35]95
101(0)[1082]63
101(0)[1082]63
104(1)[1082]63
104(1)[1082]63
107(2)[1082]63
107(2)[1082]63
101(0)[1080]63
101(0)[1080]63
104(1)[1080]63
104(1)[1080]63
107(2)[1080]63
107(2)[1080]63
101(0)[1079]63
101(0)[1079]63
104(1)[1079]63
104(1)[1079]63
107(2)[1079]63
107(2)[1079]63
101(0)[1081]63
101(0)[1081]63
104(1)[1081]63
104(1)[1081]63
107(2)[1081]63
107(2)[1081]63
[1004]1862(428)6
[1004]1862(428)6
[1005]1862(428)6
[1005]1862(428)6
[1006]1862(428)6
[1006]1862(428)6
[1007]1862(428)6
[1007]1862(428)6
128(9)[1006]6
128(9)[1006]6
134(11)[1006]6
134(11)[1006]6
143(14)[1006]6
143(14)[1006]6
[1060]1357(552)339
[1060]1357(552)207
[1069]1357(552)339
[1069]1357(552)207
335(449)[1069]339
335(449)[1069]339
307(452)[1069]339
307(452)[1069]339
335(449)[1060]339
335(449)[1060]339
307(452)[1060]339
307(452)[1060]339
[1065]307(452)138
[1065]307(452)206
[1066]307(452)138
[1066]307(452)206
[1067]307(452)138
[1067]307(452)206
[1068]307(452)138
[1068]307(452)206
128(9)[1067]138
128(9)[1067]138
143(14)[1067]138
143(14)[1067]138
146(15)[1067]138
146(15)[1067]138
128(9)[1004]6
128(9)[1004]6
134(11)[1004]6
134(11)[1004]6
143(14)[1004]6
143(14)[1004]6
128(9)[1065]138
128(9)[1065]138
143(14)[1065]138
143(14)[1065]138
146(15)[1065]138
146(15)[1065]138
128(9)[1007]6
128(9)[1007]6
134(11)[1007]6
134(11)[1007]6
143(14)[1007]6
143(14)[1007]6
128(9)[1005]6
128(9)[1005]6
134(11)[1005]6
134(11)[1005]6
143(14)[1005]6
143(14)[1005]6
128(9)[1068]138
128(9)[1068]138
143(14)[1068]138
143(14)[1068]138
146(15)[1068]138
146(15)[1068]138
128(9)[1066]138
128(9)[1066]138
143(14)[1066]138
143(14)[1066]138
146(15)[1066]138
146(15)[1066]138
[1008]1865(439)6
[1008]1865(439)6
[1009]1865(439)6
[1009]1865(439)6
[1010]1865(439)6
[1010]1865(439)6
[1011]1865(439)6
[1011]1865(439)6
107(2)[1011]6
107(2)[1011]6
116(5)[1011]6
116(5)[1011]6
122(7)[1011]6
122(7)[1011]6
107(2)[1008]6
107(2)[1008]6
116(5)[1008]6
116(5)[1008]6
122(7)[1008]6
122(7)[1008]6
107(2)[1010]6
107(2)[1010]6
116(5)[1010]6
116(5)[1010]6
122(7)[1010]6
122(7)[1010]6
107(2)[1009]6
107(2)[1009]6
116(5)[1009]6
116(5)[1009]6
122(7)[1009]6
122(7)[1009]6
[1020][52]5
[1020][52]5
[1021][52]5
[1021][52]5
104(1)[1021]5
104(1)[1021]5
113(4)[1021]5
113(4)[1021]5
104(1)[1020]5
104(1)[1020]5
113(4)[1020]5
113(4)[1020]5
[1061]335(449)122
[1061]335(449)216
[1062]335(449)122
[1062]335(449)216
[1063]335(449)122
[1063]335(449)216
[1064]335(449)122
[1064]335(449)216
131(10)[1063]122
131(10)[1063]122
134(11)[1063]122
134(11)[1063]122
137(12)[1063]122
137(12)[1063]122
131(10)[1061]122
131(10)[1061]122
134(11)[1061]122
134(11)[1061]122
137(12)[1061]122
137(12)[1061]122
131(10)[1064]122
131(10)[1064]122
134(11)[1064]122
134(11)[1064]122
137(12)[1064]122
137(12)[1064]122
131(10)[1062]122
131(10)[1062]122
134(11)[1062]122
134(11)[1062]122
137(12)[1062]122
137(12)[1062]122
952(31)979(179)2741
952(31)979(179)1888
953(32)979(179)1548
953(32)979(179)2741
[40]979(179)2741
[40]979(179)2640
234(22)[40]2666
234(22)[40]2572
237(23)[40]2666
237(23)[40]1856
234(22)[47]5
234(22)[47]5
953(32)[47]6
953(32)[47]5
237(23)[48]5
237(23)[48]5
953(32)[48]6
953(32)[48]5
952(31)[25]5094
952(31)[25]4947
953(32)[25]4947
953(32)[25]915
900(29)[57]106
900(29)[57]85
953(32)[57]85
953(32)[57]1600
duration = 2.38994sec.
duration = 0.91406sec.

