
outfunc
duration = 0.05282sec.

cost:3299
CSPF
[218]{{y7}}1
[218]{{y7}}63
[430]{{y7}}41
[430]{{y7}}63
[431]{{y7}}41
[431]{{y7}}63
[432]{{y7}}1
[432]{{y7}}63
[217]{{y7}}68
[217]{{y7}}178
[3170]{{y7}}24
[3170]{{y7}}147
[218][3170]17
[218][3170]64
[430][3170]1
[430][3170]64
[431][3170]1
[431][3170]64
[432][3170]1
[432][3170]64
[427][3170]15
[427][3170]178
[3171][3170]14
[3171][3170]147
n[427]1
n[427]14
[164][427]14
[164][427]16
f[427]15
f[427]15
[139][427]146
[139][427]15
d2{{l7}}1
d2{{l7}}36
[207]{{l7}}1
[207]{{l7}}18
[211]{{l7}}33
[211]{{l7}}59
c2{{l7}}33
c2{{l7}}32
[3128]{{l7}}58
[3128]{{l7}}95
[213][3128]1
[213][3128]95
[3129][3128]58
[3129][3128]95
d2[3129]37
d2[3129]34
[212][3129]37
[212][3129]61
[3130][3129]10
[3130][3129]95
v[3130]10
v[3130]10
[235][3130]10
[235][3130]63
c2{{k7}}1
c2{{k7}}34
[207]{{k7}}1
[207]{{k7}}17
[211]{{k7}}33
[211]{{k7}}56
b2{{k7}}33
b2{{k7}}32
[3124]{{k7}}58
[3124]{{k7}}93
[213][3124]1
[213][3124]93
[3125][3124]58
[3125][3124]93
c2[3125]35
c2[3125]32
[212][3125]35
[212][3125]58
[3126][3125]10
[3126][3125]93
u[3126]10
u[3126]10
[234][3126]10
[234][3126]60
{{p6}}{{v6}}219
{{p6}}{{v6}}221
[195]{{v6}}221
[195]{{v6}}443
[3066]{{v6}}6
[3066]{{v6}}352
n0[3066]6
n0[3066]6
p0[3066]6
p0[3066]6
m1[3066]227
m1[3066]6
[139][3066]6
[139][3066]6
{{p6}}{{v9}}96
{{p6}}{{v9}}143
a25{{v9}}93
a25{{v9}}96
[3270]{{v9}}108
[3270]{{v9}}192
[139]{{p6}}1
[139]{{p6}}124
[168]{{p6}}124
[168]{{p6}}240
[208]{{p6}}124
[208]{{p6}}108
[220]{{p6}}124
[220]{{p6}}100
[253]{{p6}}104
[253]{{p6}}271
g25[208]108
g25[208]57
[693][208]84
[693][208]108
[694][208]64
[694][208]108
[695][208]57
[695][208]108
z0[695]57
z0[695]37
[173][695]81
[173][695]57
a1[694]64
a1[694]52
l1[694]56
l1[694]64
[149][694]64
[149][694]43
b1[693]84
b1[693]76
[149][693]84
[149][693]63
[175][693]84
[175][693]56
l25[3270]111
l25[3270]108
[139][3270]136
[139][3270]108
[168][3270]108
[168][3270]109
[3252]{{q9}}95
[3252]{{q9}}156
[3253]{{q9}}207
[3253]{{q9}}156
h4[3252]95
h4[3252]87
a25[3252]95
a25[3252]104
[181][3252]95
[181][3252]95
w3{{f9}}75
w3{{f9}}75
[143]{{f9}}75
[143]{{f9}}134
[3216]{{f9}}125
[3216]{{f9}}224
k4[3216]125
k4[3216]133
a25[3216]192
a25[3216]125
j28[3216]357
j28[3216]125
j25[3216]116
j25[3216]125
[3258]{{s9}}155
[3258]{{s9}}170
[3259]{{s9}}83
[3259]{{s9}}170
[3260]{{s9}}282
[3260]{{s9}}170
j4[3259]83
j4[3259]75
a25[3259]83
a25[3259]155
[151][3259]78
[151][3259]83
d3{{m8}}80
d3{{m8}}80
[143]{{m8}}80
[143]{{m8}}90
[3197]{{m8}}80
[3197]{{m8}}116
e3[3197]80
e3[3197]80
[145][3197]80
[145][3197]92
o3{{x8}}82
o3{{x8}}82
[143]{{x8}}82
[143]{{x8}}93
[3208]{{x8}}80
[3208]{{x8}}112
p3[3208]80
p3[3208]80
[145][3208]80
[145][3208]94
s3{{b9}}77
s3{{b9}}77
[143]{{b9}}77
[143]{{b9}}88
[3212]{{b9}}80
[3212]{{b9}}123
t3[3212]80
t3[3212]80
[145][3212]80
[145][3212]89
j3{{s8}}82
j3{{s8}}82
[143]{{s8}}82
[143]{{s8}}93
[3203]{{s8}}80
[3203]{{s8}}112
k3[3203]80
k3[3203]80
[145][3203]80
[145][3203]93
c3{{l8}}75
c3{{l8}}75
[143]{{l8}}75
[143]{{l8}}83
[3196]{{l8}}78
[3196]{{l8}}138
d3[3196]78
d3[3196]78
[145][3196]78
[145][3196]85
n3{{w8}}82
n3{{w8}}82
[143]{{w8}}82
[143]{{w8}}93
[3207]{{w8}}80
[3207]{{w8}}112
o3[3207]80
o3[3207]80
[145][3207]80
[145][3207]94
r3{{a9}}80
r3{{a9}}80
[143]{{a9}}80
[143]{{a9}}85
[3211]{{a9}}75
[3211]{{a9}}127
s3[3211]75
s3[3211]75
[145][3211]75
[145][3211]87
a3{{j8}}75
a3{{j8}}75
[143]{{j8}}75
[143]{{j8}}83
[3191]{{j8}}78
[3191]{{j8}}138
b3[3191]78
b3[3191]78
[145][3191]78
[145][3191]85
i3{{r8}}74
i3{{r8}}74
[143]{{r8}}74
[143]{{r8}}84
[3202]{{r8}}80
[3202]{{r8}}122
j3[3202]80
j3[3202]80
[145][3202]80
[145][3202]86
v3{{e9}}80
v3{{e9}}80
[143]{{e9}}80
[143]{{e9}}85
[3215]{{e9}}74
[3215]{{e9}}147
w3[3215]74
w3[3215]74
[145][3215]74
[145][3215]84
b3{{k8}}80
b3{{k8}}80
[143]{{k8}}80
[143]{{k8}}85
[3195]{{k8}}74
[3195]{{k8}}139
c3[3195]74
c3[3195]74
[145][3195]74
[145][3195]84
m3{{v8}}77
m3{{v8}}77
[143]{{v8}}77
[143]{{v8}}88
[3206]{{v8}}80
[3206]{{v8}}123
n3[3206]80
n3[3206]80
[145][3206]80
[145][3206]89
q3{{z8}}77
q3{{z8}}77
[143]{{z8}}77
[143]{{z8}}86
[3210]{{z8}}78
[3210]{{z8}}127
r3[3210]78
r3[3210]78
[145][3210]78
[145][3210]86
h3{{q8}}80
h3{{q8}}80
[143]{{q8}}80
[143]{{q8}}82
[3201]{{q8}}72
[3201]{{q8}}102
i3[3201]72
i3[3201]72
[145][3201]72
[145][3201]83
f3{{o8}}78
f3{{o8}}78
[143]{{o8}}78
[143]{{o8}}84
[3199]{{o8}}74
[3199]{{o8}}127
g3[3199]74
g3[3199]74
[145][3199]74
[145][3199]82
u3{{d9}}74
u3{{d9}}74
[143]{{d9}}74
[143]{{d9}}82
[3214]{{d9}}78
[3214]{{d9}}94
v3[3214]78
v3[3214]78
[145][3214]78
[145][3214]84
l3{{u8}}82
l3{{u8}}82
[143]{{u8}}82
[143]{{u8}}88
[3205]{{u8}}75
[3205]{{u8}}123
m3[3205]75
m3[3205]75
[145][3205]75
[145][3205]89
g3{{p8}}75
g3{{p8}}75
[143]{{p8}}75
[143]{{p8}}83
[3200]{{p8}}78
[3200]{{p8}}138
h3[3200]78
h3[3200]78
[145][3200]78
[145][3200]85
e3{{n8}}82
e3{{n8}}82
[143]{{n8}}82
[143]{{n8}}89
[3198]{{n8}}76
[3198]{{n8}}119
f3[3198]76
f3[3198]76
[145][3198]76
[145][3198]90
p3{{y8}}82
p3{{y8}}82
[143]{{y8}}82
[143]{{y8}}88
[3209]{{y8}}75
[3209]{{y8}}123
q3[3209]75
q3[3209]75
[145][3209]75
[145][3209]89
t3{{c9}}82
t3{{c9}}82
[143]{{c9}}82
[143]{{c9}}85
[3213]{{c9}}72
[3213]{{c9}}122
u3[3213]72
u3[3213]72
[145][3213]72
[145][3213]85
k3{{t8}}82
k3{{t8}}82
[143]{{t8}}82
[143]{{t8}}92
[3204]{{t8}}80
[3204]{{t8}}112
l3[3204]80
l3[3204]80
[145][3204]80
[145][3204]94
k4[145]292
k4[145]1884
a25[145]1940
a25[145]292
[141][145]3872
[141][145]292
[3254][3253]139
[3254][3253]156
[3255][3253]101
[3255][3253]156
g1[3254]80
g1[3254]139
h4[3254]139
h4[3254]139
k4[3254]139
k4[3254]1
a25[3254]8
a25[3254]139
[252][3254]139
[252][3254]104
k4{{w9}}68
k4{{w9}}68
a25{{w9}}69
a25{{w9}}68
j4[3258]139
j4[3258]155
k4[3258]155
k4[3258]155
{{l5}}[3258]155
{{l5}}[3258]155
a25[3258]203
a25[3258]155
j28[3258]292
j28[3258]155
[168][3258]155
[168][3258]156
j4[3260]282
j4[3260]266
[3261][3260]282
[3261][3260]159
k4[3261]155
k4[3261]155
[151][3261]8
[151][3261]155
[3262][3261]265
[3262][3261]159
g1[3262]245
g1[3262]265
a25[3262]114
a25[3262]265
[214][3262]265
[214][3262]155
[3249]{{p9}}172
[3249]{{p9}}180
[3250]{{p9}}269
[3250]{{p9}}180
s23[3250]15
s23[3250]15
z29[3250]15
z29[3250]474
r23[3250]369
r23[3250]26
{{m9}}[3250]24
{{m9}}[3250]22
[3251][3250]176
[3251][3250]180
z29[252]1
z29[252]148
[169][252]148
[169][252]104
{{m9}}[252]104
{{m9}}[252]104
f4[3251]100
f4[3251]130
g4[3251]130
g4[3251]130
[165][3251]172
[165][3251]104
{{o9}}[3251]189
{{o9}}[3251]176
g4[3249]172
g4[3249]179
{{o9}}[3249]172
{{o9}}[3249]100
c30[3249]172
c30[3249]17
[151][3249]14
[151][3249]172
[181]{{o9}}35
[181]{{o9}}176
[288]{{o9}}100
[288]{{o9}}176
[289]{{o9}}135
[289]{{o9}}176
f4[289]135
f4[289]130
[187][289]135
[187][289]104
f4[288]104
f4[288]100
[187][288]130
[187][288]100
e4[187]146
e4[187]173
{{n9}}[187]188
{{n9}}[187]146
[181]{{n9}}1
[181]{{n9}}146
[291]{{n9}}1
[291]{{n9}}146
[292]{{n9}}188
[292]{{n9}}146
e4[291]146
e4[291]1
[193][291]1
[193][291]1
e4[292]188
e4[292]1
[193][292]188
[193][292]146
{{m9}}[193]146
{{m9}}[193]190
[178][193]191
[178][193]146
[189]{{m9}}296
[189]{{m9}}27
[253]{{m9}}1
[253]{{m9}}296
[3243]{{m9}}146
[3243]{{m9}}296
d4[3243]1
d4[3243]190
[151][3243]28
[151][3243]1
[177][3243]1
[177][3243]104
[3244][3243]146
[3244][3243]296
g1[3244]1
g1[3244]146
k4[3244]146
k4[3244]146
a25[3244]233
a25[3244]146
[178][3244]104
[178][3244]146
l25a25151
l25a25147
[139]a25433
[139]a25151
[141][143]554
[141][143]2957
[177][143]334
[177][143]2957
[139][143]469
[139][143]317
k4[177]5424
k4[177]296
l25[177]5424
l25[177]296
b1l25171
b1l25171
l1l25171
l1l25171
[149]l25243
[149]l25218
[155]l25243
[155]l25205
[175]l25243
[175]l25167
[176]l25243
[176]l25131
z0[149]218
z0[149]218
j1[149]218
j1[149]218
p1{{x6}}1
p1{{x6}}38
[207]{{x6}}1
[207]{{x6}}18
[211]{{x6}}35
[211]{{x6}}60
o1{{x6}}35
o1{{x6}}34
[3073]{{x6}}59
[3073]{{x6}}65
[213][3073]1
[213][3073]65
[3074][3073]59
[3074][3073]65
p1[3074]39
p1[3074]34
[212][3074]39
[212][3074]62
[3075][3074]10
[3075][3074]65
i0[3075]10
i0[3075]10
[222][3075]10
[222][3075]45
[155][220]124
[155][220]89
[176][220]124
[176][220]60
j25[220]1
j25[220]100
y0[176]131
y0[176]131
i1[176]131
i1[176]131
b2{{j7}}1
b2{{j7}}36
[207]{{j7}}1
[207]{{j7}}16
[211]{{j7}}35
[211]{{j7}}62
a2{{j7}}35
a2{{j7}}34
[3120]{{j7}}59
[3120]{{j7}}67
[213][3120]1
[213][3120]67
[3121][3120]59
[3121][3120]67
b2[3121]37
b2[3121]32
[212][3121]37
[212][3121]59
[3122][3121]10
[3122][3121]67
t[3122]10
t[3122]10
[233][3122]10
[233][3122]44
k2{{s7}}1
k2{{s7}}34
[207]{{s7}}1
[207]{{s7}}16
[211]{{s7}}33
[211]{{s7}}57
j2{{s7}}33
j2{{s7}}32
[3156]{{s7}}54
[3156]{{s7}}56
[213][3156]1
[213][3156]56
[3157][3156]54
[3157][3156]56
k2[3157]35
k2[3157]32
[212][3157]35
[212][3157]55
[3158][3157]10
[3158][3157]56
c0[3158]10
c0[3158]10
[242][3158]10
[242][3158]37
i{{b8}}16
i{{b8}}16
[157]{{b8}}16
[157]{{b8}}91
[3176]{{b8}}86
[3176]{{b8}}142
s2[3176]45
s2[3176]45
[163][3176]45
[163][3176]82
[3177][3176]47
[3177][3176]142
[218]{{a8}}1
[218]{{a8}}65
[416]{{a8}}43
[416]{{a8}}65
[417]{{a8}}43
[417]{{a8}}65
[418]{{a8}}1
[418]{{a8}}65
[217]{{a8}}81
[217]{{a8}}182
[3174]{{a8}}24
[3174]{{a8}}161
[218][3174]18
[218][3174]73
[416][3174]1
[416][3174]73
[417][3174]1
[417][3174]73
[418][3174]1
[418][3174]73
[413][3174]16
[413][3174]182
[3175][3174]14
[3175][3174]161
[218][3175]16
[218][3175]73
[416][3175]1
[416][3175]73
[417][3175]1
[417][3175]73
[418][3175]1
[418][3175]73
[414][3175]14
[414][3175]182
s2[417]43
s2[417]33
[153][417]35
[153][417]43
r2[418]1
r2[418]35
s2[418]1
s2[418]35
a2{{i7}}1
a2{{i7}}38
[207]{{i7}}1
[207]{{i7}}17
[211]{{i7}}35
[211]{{i7}}62
z1{{i7}}35
z1{{i7}}34
[3116]{{i7}}60
[3116]{{i7}}80
[213][3116]1
[213][3116]80
[3117][3116]60
[3117][3116]80
a2[3117]39
a2[3117]34
[212][3117]39
[212][3117]59
[3118][3117]10
[3118][3117]80
s[3118]10
s[3118]10
[232][3118]10
[232][3118]55
[218]{{v7}}1
[218]{{v7}}41
[451]{{v7}}41
[451]{{v7}}41
[452]{{v7}}41
[452]{{v7}}41
[453]{{v7}}1
[453]{{v7}}41
[217]{{v7}}46
[217]{{v7}}116
[3164]{{v7}}26
[3164]{{v7}}108
[218][3164]17
[218][3164]42
[451][3164]1
[451][3164]42
[452][3164]1
[452][3164]42
[453][3164]1
[453][3164]42
[448][3164]15
[448][3164]116
[3165][3164]14
[3165][3164]108
k[448]1
k[448]14
[164][448]14
[164][448]16
c[448]15
c[448]15
[139][448]101
[139][448]15
j2{{r7}}1
j2{{r7}}34
[207]{{r7}}1
[207]{{r7}}16
[211]{{r7}}33
[211]{{r7}}57
i2{{r7}}33
i2{{r7}}32
[3152]{{r7}}54
[3152]{{r7}}56
[213][3152]1
[213][3152]56
[3153][3152]54
[3153][3152]56
j2[3153]35
j2[3153]32
[212][3153]35
[212][3153]55
[3154][3153]10
[3154][3153]56
b0[3154]10
b0[3154]10
[241][3154]10
[241][3154]37
g3{{x4}}6
g3{{x4}}6
[152]{{x4}}6
[152]{{x4}}9
[3048]{{x4}}7
[3048]{{x4}}12
m4{{m5}}2
m4{{m5}}2
n4[214]155
n4[214]155
t15[214]1
t15[214]155
[141][214]424
[141][214]155
[268][214]22
[268][214]155
[269][214]22
[269][214]155
[270][214]22
[270][214]155
[271][214]22
[271][214]155
[272][214]22
[272][214]155
w0[269]22
w0[269]22
l1[269]22
l1[269]111
[3217]j28312
[3217]j28125
[3218]j28353
[3218]j28125
h1[3218]18
h1[3218]353
s28[3218]76
s28[3218]353
[3219]s2818
[3219]s28353
[3220]s2845
[3220]s28353
i1[3220]138
i1[3220]45
[254][3220]45
[254][3220]137
[330][254]18
[330][254]137
[331][254]18
[331][254]137
[332][254]18
[332][254]137
w0[330]18
w0[330]18
j1[330]61
j1[330]18
k1[330]43
k1[330]18
l1[330]18
l1[330]1
[218]{{x7}}1
[218]{{x7}}61
[437]{{x7}}40
[437]{{x7}}61
[438]{{x7}}40
[438]{{x7}}61
[439]{{x7}}1
[439]{{x7}}61
[217]{{x7}}63
[217]{{x7}}218
[3168]{{x7}}29
[3168]{{x7}}178
[218][3168]18
[218][3168]62
[437][3168]1
[437][3168]62
[438][3168]1
[438][3168]62
[439][3168]1
[439][3168]62
[434][3168]15
[434][3168]218
[3169][3168]14
[3169][3168]178
m[434]1
m[434]14
[164][434]14
[164][434]16
e[434]15
e[434]15
[139][434]185
[139][434]15
m{{f8}}16
m{{f8}}16
[157]{{f8}}16
[157]{{f8}}72
[3184]{{f8}}71
[3184]{{f8}}112
[218][3169]16
[218][3169]62
[437][3169]1
[437][3169]62
[438][3169]1
[438][3169]62
[439][3169]1
[439][3169]62
[435][3169]14
[435][3169]218
m[435]14
m[435]13
[216][435]14
[216][435]159
q1{{y6}}1
q1{{y6}}36
[207]{{y6}}1
[207]{{y6}}17
[211]{{y6}}35
[211]{{y6}}65
p1{{y6}}35
p1{{y6}}34
[3077]{{y6}}61
[3077]{{y6}}72
[213][3077]1
[213][3077]72
[3078][3077]61
[3078][3077]72
q1[3078]37
q1[3078]32
[212][3078]37
[212][3078]58
[3079][3078]10
[3079][3078]72
h0[3079]10
h0[3079]10
[223][3079]10
[223][3079]47
m0{{s4}}15
m0{{s4}}3
q3{{s4}}3
q3{{s4}}3
[3044]{{s4}}13
[3044]{{s4}}21
a3[3044]6
a3[3044]6
[152][3044]6
[152][3044]12
[3045][3044]7
[3045][3044]21
[218]{{t7}}1
[218]{{t7}}63
[467]{{t7}}38
[467]{{t7}}63
[468]{{t7}}38
[468]{{t7}}63
[469]{{t7}}1
[469]{{t7}}63
[217]{{t7}}68
[217]{{t7}}209
[3160]{{t7}}27
[3160]{{t7}}186
[218][3160]17
[218][3160]64
[467][3160]1
[467][3160]64
[468][3160]1
[468][3160]64
[469][3160]1
[469][3160]64
[462][3160]15
[462][3160]209
[3161][3160]14
[3161][3160]186
i[462]1
i[462]14
[164][462]14
[164][462]16
a[462]15
a[462]15
[139][462]177
[139][462]15
m0{{q4}}15
m0{{q4}}3
s3{{q4}}3
s3{{q4}}3
[3040]{{q4}}13
[3040]{{q4}}21
c3[3040]6
c3[3040]6
[152][3040]6
[152][3040]12
[3041][3040]7
[3041][3040]21
[218]{{z7}}1
[218]{{z7}}58
[423]{{z7}}43
[423]{{z7}}58
[424]{{z7}}43
[424]{{z7}}58
[425]{{z7}}1
[425]{{z7}}58
[217]{{z7}}67
[217]{{z7}}164
[3172]{{z7}}25
[3172]{{z7}}148
[218][3172]17
[218][3172]59
[423][3172]1
[423][3172]59
[424][3172]1
[424][3172]59
[425][3172]1
[425][3172]59
[420][3172]15
[420][3172]164
[3173][3172]14
[3173][3172]148
o[420]1
o[420]14
[164][420]14
[164][420]16
g[420]15
g[420]15
[139][420]141
[139][420]15
h2{{p7}}1
h2{{p7}}36
[207]{{p7}}1
[207]{{p7}}18
[211]{{p7}}33
[211]{{p7}}57
g2{{p7}}33
g2{{p7}}32
[3144]{{p7}}58
[3144]{{p7}}91
[213][3144]1
[213][3144]91
[3145][3144]58
[3145][3144]91
h2[3145]37
h2[3145]34
[212][3145]37
[212][3145]61
[3146][3145]10
[3146][3145]91
z[3146]10
z[3146]10
[239][3146]10
[239][3146]61
e2{{m7}}1
e2{{m7}}38
[207]{{m7}}1
[207]{{m7}}18
[211]{{m7}}35
[211]{{m7}}60
d2{{m7}}35
d2{{m7}}34
[3132]{{m7}}61
[3132]{{m7}}91
[213][3132]1
[213][3132]91
[3133][3132]61
[3133][3132]91
e2[3133]39
e2[3133]34
[212][3133]39
[212][3133]64
[3134][3133]10
[3134][3133]91
w[3134]10
w[3134]10
[236][3134]10
[236][3134]61
[218][3161]16
[218][3161]67
[467][3161]1
[467][3161]67
[468][3161]1
[468][3161]67
[469][3161]1
[469][3161]67
[463][3161]14
[463][3161]209
l2[468]38
l2[468]33
[153][468]35
[153][468]38
k2[469]1
k2[469]35
l2[469]1
l2[469]35
[218]{{u7}}1
[218]{{u7}}65
[458]{{u7}}39
[458]{{u7}}65
[459]{{u7}}39
[459]{{u7}}65
[460]{{u7}}1
[460]{{u7}}65
[217]{{u7}}73
[217]{{u7}}126
[3162]{{u7}}16
[3162]{{u7}}101
[218][3162]17
[218][3162]69
[458][3162]1
[458][3162]69
[459][3162]1
[459][3162]69
[460][3162]1
[460][3162]69
[455][3162]15
[455][3162]126
[3163][3162]14
[3163][3162]101
[218][3163]16
[218][3163]69
[458][3163]1
[458][3163]69
[459][3163]1
[459][3163]69
[460][3163]1
[460][3163]69
[456][3163]14
[456][3163]126
l2[460]1
l2[460]35
m2[460]1
m2[460]35
l2[458]39
l2[458]33
[154][458]35
[154][458]39
o{{h8}}16
o{{h8}}16
[157]{{h8}}16
[157]{{h8}}83
[3188]{{h8}}78
[3188]{{h8}}123
k{{d8}}16
k{{d8}}16
[157]{{d8}}16
[157]{{d8}}75
[3180]{{d8}}70
[3180]{{d8}}114
p{{i8}}16
p{{i8}}16
[157]{{i8}}16
[157]{{i8}}59
[3190]{{i8}}46
[3190]{{i8}}86
l{{e8}}16
l{{e8}}16
[157]{{e8}}16
[157]{{e8}}72
[3182]{{e8}}67
[3182]{{e8}}106
c30{{j9}}77
c30{{j9}}31
[157]{{j9}}15
[157]{{j9}}77
[3232]{{j9}}43
[3232]{{j9}}77
n{{g8}}16
n{{g8}}16
[157]{{g8}}16
[157]{{g8}}80
[3186]{{g8}}76
[3186]{{g8}}84
j{{c8}}16
j{{c8}}16
[157]{{c8}}16
[157]{{c8}}69
[3178]{{c8}}67
[3178]{{c8}}73
t23[157]15
t23[157]7596
[139][157]21
[139][157]15
[3239]{{l9}}43
[3239]{{l9}}37
[3240]{{l9}}24
[3240]{{l9}}37
[3241]{{l9}}1
[3241]{{l9}}37
[3242]{{l9}}11
[3242]{{l9}}37
c4[3239]43
c4[3239]30
c30[3239]43
c30[3239]11
[139][3239]4
[139][3239]43
[251][3239]43
[251][3239]24
[218]{{w7}}1
[218]{{w7}}48
[444]{{w7}}44
[444]{{w7}}48
[445]{{w7}}44
[445]{{w7}}48
[446]{{w7}}1
[446]{{w7}}48
[217]{{w7}}54
[217]{{w7}}136
[3166]{{w7}}23
[3166]{{w7}}126
[218][3166]18
[218][3166]50
[444][3166]1
[444][3166]50
[445][3166]1
[445][3166]50
[446][3166]1
[446][3166]50
[441][3166]15
[441][3166]136
[3167][3166]14
[3167][3166]126
l[441]1
l[441]14
[164][441]14
[164][441]16
d[441]15
d[441]15
[139][441]120
[139][441]15
w1{{e7}}1
w1{{e7}}38
[207]{{e7}}1
[207]{{e7}}17
[211]{{e7}}38
[211]{{e7}}50
v1{{e7}}38
v1{{e7}}34
[3100]{{e7}}47
[3100]{{e7}}65
[213][3100]1
[213][3100]65
[3101][3100]47
[3101][3100]65
w1[3101]42
w1[3101]34
[212][3101]42
[212][3101]48
[3102][3101]10
[3102][3101]65
k0[3102]10
k0[3102]10
[228][3102]10
[228][3102]63
w1[228]1
w1[228]42
[206][228]1
[206][228]9
[210][228]1
[210][228]46
v1[228]1
v1[228]38
[3103][228]11
[3103][228]63
w1[3103]1
w1[3103]38
[215][3103]1
[215][3103]45
[209][3103]28
[209][3103]63
g2{{o7}}1
g2{{o7}}36
[207]{{o7}}1
[207]{{o7}}16
[211]{{o7}}36
[211]{{o7}}42
f2{{o7}}36
f2{{o7}}34
[3140]{{o7}}41
[3140]{{o7}}63
[213][3140]1
[213][3140]63
[3141][3140]41
[3141][3140]63
g2[3141]38
g2[3141]32
[212][3141]38
[212][3141]41
[3142][3141]10
[3142][3141]63
y[3142]10
y[3142]10
[238][3142]10
[238][3142]64
g2[238]1
g2[238]38
[206][238]1
[206][238]7
[210][238]1
[210][238]38
f2[238]1
f2[238]36
[3143][238]11
[3143][238]64
g2[3143]1
g2[3143]34
[215][3143]1
[215][3143]40
[209][3143]26
[209][3143]64
u1{{c7}}1
u1{{c7}}36
[207]{{c7}}1
[207]{{c7}}15
[211]{{c7}}34
[211]{{c7}}43
t1{{c7}}34
t1{{c7}}32
[3093]{{c7}}41
[3093]{{c7}}46
[213][3093]1
[213][3093]46
[3094][3093]41
[3094][3093]46
u1[3094]38
u1[3094]34
[212][3094]38
[212][3094]44
[3095][3094]10
[3095][3094]46
d0[3095]10
d0[3095]10
[227][3095]10
[227][3095]44
u1[227]1
u1[227]38
[206][227]1
[206][227]6
[210][227]1
[210][227]39
t1[227]1
t1[227]34
[3096][227]11
[3096][227]44
u1[3096]1
u1[3096]36
[215][3096]1
[215][3096]40
[209][3096]25
[209][3096]44
x1{{f7}}1
x1{{f7}}36
[207]{{f7}}1
[207]{{f7}}16
[211]{{f7}}36
[211]{{f7}}41
w1{{f7}}36
w1{{f7}}34
[3104]{{f7}}39
[3104]{{f7}}53
[213][3104]1
[213][3104]53
[3105][3104]39
[3105][3104]53
x1[3105]38
x1[3105]32
[212][3105]38
[212][3105]40
[3106][3105]10
[3106][3105]53
l0[3106]10
l0[3106]10
[229][3106]10
[229][3106]52
x1[229]1
x1[229]38
[206][229]1
[206][229]7
[210][229]1
[210][229]40
w1[229]1
w1[229]36
[3107][229]11
[3107][229]52
x1[3107]1
x1[3107]34
[215][3107]1
[215][3107]38
[209][3107]25
[209][3107]52
h2[239]1
h2[239]37
[206][239]1
[206][239]8
[210][239]1
[210][239]38
g2[239]1
g2[239]33
[3147][239]11
[3147][239]61
h2[3147]1
h2[3147]35
[215][3147]1
[215][3147]39
[209][3147]24
[209][3147]61
y1{{g7}}1
y1{{g7}}36
[207]{{g7}}1
[207]{{g7}}16
[211]{{g7}}36
[211]{{g7}}54
x1{{g7}}36
x1{{g7}}32
[3108]{{g7}}55
[3108]{{g7}}78
[213][3108]1
[213][3108]78
[3109][3108]55
[3109][3108]78
y1[3109]40
y1[3109]34
[212][3109]40
[212][3109]57
[3110][3109]10
[3110][3109]78
q[3110]10
q[3110]10
[230][3110]10
[230][3110]57
y1[230]1
y1[230]40
[206][230]1
[206][230]8
[210][230]1
[210][230]41
x1[230]1
x1[230]36
[3111][230]11
[3111][230]57
y1[3111]1
y1[3111]38
[215][3111]1
[215][3111]43
[209][3111]25
[209][3111]57
i2{{q7}}1
i2{{q7}}36
[207]{{q7}}1
[207]{{q7}}16
[211]{{q7}}36
[211]{{q7}}41
h2{{q7}}36
h2{{q7}}34
[3148]{{q7}}39
[3148]{{q7}}55
[213][3148]1
[213][3148]55
[3149][3148]39
[3149][3148]55
i2[3149]38
i2[3149]32
[212][3149]38
[212][3149]40
[3150][3149]10
[3150][3149]55
a0[3150]10
a0[3150]10
[240][3150]10
[240][3150]54
i2[240]1
i2[240]38
[206][240]1
[206][240]7
[210][240]1
[210][240]40
h2[240]1
h2[240]36
[3151][240]11
[3151][240]54
i2[3151]1
i2[3151]34
[215][3151]1
[215][3151]38
[209][3151]25
[209][3151]54
z1{{h7}}1
z1{{h7}}38
[207]{{h7}}1
[207]{{h7}}17
[211]{{h7}}38
[211]{{h7}}48
y1{{h7}}38
y1{{h7}}34
[3112]{{h7}}45
[3112]{{h7}}61
[213][3112]1
[213][3112]61
[3113][3112]45
[3113][3112]61
z1[3113]42
z1[3113]34
[212][3113]42
[212][3113]46
[3114][3113]10
[3114][3113]61
r[3114]10
r[3114]10
[231][3114]10
[231][3114]61
z1[231]1
z1[231]42
[206][231]1
[206][231]9
[210][231]1
[210][231]45
y1[231]1
y1[231]38
[3115][231]11
[3115][231]61
z1[3115]1
z1[3115]38
[215][3115]1
[215][3115]44
[209][3115]27
[209][3115]61
j2[241]1
j2[241]35
[206][241]1
[206][241]6
[210][241]1
[210][241]37
i2[241]1
i2[241]33
[3155][241]11
[3155][241]37
j2[3155]1
j2[3155]33
[215][3155]1
[215][3155]36
[209][3155]25
[209][3155]37
a2[232]1
a2[232]39
[206][232]1
[206][232]7
[210][232]1
[210][232]41
z1[232]1
z1[232]35
[3119][232]11
[3119][232]55
a2[3119]1
a2[3119]35
[215][3119]1
[215][3119]39
[209][3119]26
[209][3119]55
o1{{w6}}1
o1{{w6}}38
[207]{{w6}}1
[207]{{w6}}17
[211]{{w6}}36
[211]{{w6}}42
n1{{w6}}36
n1{{w6}}34
[3067]{{w6}}41
[3067]{{w6}}55
[213][3067]1
[213][3067]55
[3068][3067]41
[3068][3067]55
o1[3068]40
o1[3068]34
[212][3068]40
[212][3068]43
[3069][3068]10
[3069][3068]55
j0[3069]10
j0[3069]10
[221][3069]10
[221][3069]56
o1[221]1
o1[221]40
[206][221]1
[206][221]8
[210][221]1
[210][221]41
n1[221]1
n1[221]36
[3072][221]11
[3072][221]56
o1[3072]1
o1[3072]36
[215][3072]1
[215][3072]41
[209][3072]25
[209][3072]56
k2[242]1
k2[242]35
[206][242]1
[206][242]6
[210][242]1
[210][242]37
j2[242]1
j2[242]33
[3159][242]11
[3159][242]37
k2[3159]1
k2[3159]33
[215][3159]1
[215][3159]36
[209][3159]25
[209][3159]37
b2[233]1
b2[233]37
[206][233]1
[206][233]6
[210][233]1
[210][233]39
a2[233]1
a2[233]35
[3123][233]11
[3123][233]44
b2[3123]1
b2[3123]33
[215][3123]1
[215][3123]38
[209][3123]27
[209][3123]44
p1[222]1
p1[222]39
[206][222]1
[206][222]8
[210][222]1
[210][222]40
o1[222]1
o1[222]35
[3076][222]11
[3076][222]45
p1[3076]1
p1[3076]35
[215][3076]1
[215][3076]41
[209][3076]25
[209][3076]45
c2[234]1
c2[234]35
[206][234]1
[206][234]7
[210][234]1
[210][234]35
b2[234]1
b2[234]33
[3127][234]11
[3127][234]60
c2[3127]1
c2[3127]33
[215][3127]1
[215][3127]37
[209][3127]25
[209][3127]60
q1[223]1
q1[223]37
[206][223]1
[206][223]7
[210][223]1
[210][223]40
p1[223]1
p1[223]35
[3080][223]11
[3080][223]47
q1[3080]1
q1[3080]33
[215][3080]1
[215][3080]37
[209][3080]28
[209][3080]47
d2[235]1
d2[235]37
[206][235]1
[206][235]8
[210][235]1
[210][235]38
c2[235]1
c2[235]33
[3131][235]11
[3131][235]63
d2[3131]1
d2[3131]35
[215][3131]1
[215][3131]39
[209][3131]26
[209][3131]63
r1{{z6}}1
r1{{z6}}36
[207]{{z6}}1
[207]{{z6}}15
[211]{{z6}}34
[211]{{z6}}43
q1{{z6}}34
q1{{z6}}32
[3081]{{z6}}44
[3081]{{z6}}48
[213][3081]1
[213][3081]48
[3082][3081]44
[3082][3081]48
r1[3082]38
r1[3082]34
[212][3082]38
[212][3082]47
[3083][3082]10
[3083][3082]48
g0[3083]10
g0[3083]10
[224][3083]10
[224][3083]46
r1[224]1
r1[224]38
[206][224]1
[206][224]6
[210][224]1
[210][224]39
q1[224]1
q1[224]34
[3084][224]11
[3084][224]46
r1[3084]1
r1[3084]36
[215][3084]1
[215][3084]41
[209][3084]25
[209][3084]46
e2[236]1
e2[236]39
[206][236]1
[206][236]8
[210][236]1
[210][236]40
d2[236]1
d2[236]35
[3135][236]11
[3135][236]61
e2[3135]1
e2[3135]35
[215][3135]1
[215][3135]41
[209][3135]25
[209][3135]61
s1{{a7}}1
s1{{a7}}36
[207]{{a7}}1
[207]{{a7}}15
[211]{{a7}}38
[211]{{a7}}48
r1{{a7}}38
r1{{a7}}34
[3085]{{a7}}45
[3085]{{a7}}49
[213][3085]1
[213][3085]49
[3086][3085]45
[3086][3085]49
s1[3086]40
s1[3086]32
[212][3086]40
[212][3086]46
[3087][3086]10
[3087][3086]49
f0[3087]10
f0[3087]10
[225][3087]10
[225][3087]47
s1[225]1
s1[225]40
[206][225]1
[206][225]6
[210][225]1
[210][225]43
r1[225]1
r1[225]38
[3088][225]11
[3088][225]47
s1[3088]1
s1[3088]36
[215][3088]1
[215][3088]42
[209][3088]28
[209][3088]47
f2{{n7}}1
f2{{n7}}38
[207]{{n7}}1
[207]{{n7}}16
[211]{{n7}}36
[211]{{n7}}43
e2{{n7}}36
e2{{n7}}34
[3136]{{n7}}41
[3136]{{n7}}53
[213][3136]1
[213][3136]53
[3137][3136]41
[3137][3136]53
f2[3137]40
f2[3137]34
[212][3137]40
[212][3137]42
[3138][3137]10
[3138][3137]53
x[3138]10
x[3138]10
[237][3138]10
[237][3138]54
f2[237]1
f2[237]40
[206][237]1
[206][237]7
[210][237]1
[210][237]42
e2[237]1
e2[237]36
[3139][237]11
[3139][237]54
f2[3139]1
f2[3139]36
[215][3139]1
[215][3139]40
[209][3139]26
[209][3139]54
t1{{b7}}1
t1{{b7}}34
[207]{{b7}}1
[207]{{b7}}15
[211]{{b7}}34
[211]{{b7}}55
s1{{b7}}34
s1{{b7}}32
[3089]{{b7}}52
[3089]{{b7}}54
[213][3089]1
[213][3089]54
[3090][3089]52
[3090][3089]54
t1[3090]36
t1[3090]32
[212][3090]36
[212][3090]53
[3091][3090]10
[3091][3090]54
e0[3091]10
e0[3091]10
[226][3091]10
[226][3091]39
t1[226]1
t1[226]36
[206][226]1
[206][226]7
[210][226]1
[210][226]39
s1[226]1
s1[226]34
[3092][226]11
[3092][226]39
t1[3092]1
t1[3092]34
[215][3092]1
[215][3092]38
[209][3092]25
[209][3092]39
[139][209]36
[139][209]964
[205][209]964
[205][209]1764
[174][213]34
[174][213]1
[205][213]1
[205][213]113
{{i9}}[251]21
{{i9}}[251]23
[159][251]25
[159][251]23
{{i9}}[3241]20
{{i9}}[3241]1
[166][3241]26
[166][3241]1
[3235]{{k9}}21
[3235]{{k9}}29
[3236]{{k9}}31
[3236]{{k9}}29
b4[3236]23
b4[3236]23
[159][3236]23
[159][3236]21
[161][3236]24
[161][3236]23
{{i9}}[3236]43
{{i9}}[3236]27
c30[3236]29
c30[3236]10
b4[3240]23
b4[3240]23
c4[3240]23
c4[3240]23
{{i9}}[3240]14
{{i9}}[3240]23
b4[3235]21
b4[3235]27
{{i9}}[3235]21
{{i9}}[3235]21
[174][3235]12
[174][3235]21
[174]{{i9}}34
[174]{{i9}}27
[313]{{i9}}19
[313]{{i9}}27
[314]{{i9}}25
[314]{{i9}}27
[315]{{i9}}31
[315]{{i9}}27
[174][211]198
[174][211]280
[196][211]280
[196][211]449
{{h9}}[313]19
{{h9}}[313]19
o29[313]19
o29[313]19
[148][313]19
[148][313]25
[3226]{{h9}}19
[3226]{{h9}}19
[3227]{{h9}}1
[3227]{{h9}}19
{{g9}}[3227]1
{{g9}}[3227]1
w16[3227]1
w16[3227]1
y3[3227]1
y3[3227]1
o29[3227]19
o29[3227]1
[174][3227]1
[174][3227]19
[321]{{g9}}1
[321]{{g9}}1
[322]{{g9}}1
[322]{{g9}}1
x3[321]1
x3[321]1
a17[321]1
a17[321]1
[207][321]1
[207][321]1
[146][212]1
[146][212]1488
[207][212]1488
[207][212]2354
w16[207]1488
w16[207]254
[174][207]607
[174][207]1488
x3[322]1
x3[322]1
w16[322]1
w16[322]1
[174][322]1
[174][322]1
z29[174]54
z29[174]2002
[139][174]113
[139][174]2002
j[455]1
j[455]14
[164][455]14
[164][455]14
b[455]13
b[455]13
[139][455]47
[139][455]13
d4[253]28
d4[253]28
j25[253]28
j25[253]47
[151][253]42
[151][253]28
j1{{s6}}5
j1{{s6}}14
[186]{{s6}}5
[186]{{s6}}5
[3061]{{s6}}12
[3061]{{s6}}18
[144]{{q6}}12
[144]{{q6}}12
[184]{{q6}}12
[184]{{q6}}23
[3059]{{q6}}5
[3059]{{q6}}21
h1[3059]5
h1[3059]13
[186][3059]5
[186][3059]5
x15{{t6}}11
x15{{t6}}1
[181]{{t6}}12
[181]{{t6}}1
[3062]{{t6}}19
[3062]{{t6}}19
k1[3062]5
k1[3062]14
[186][3062]5
[186][3062]5
[3063][3062]12
[3063][3062]19
i1{{r6}}5
i1{{r6}}14
[186]{{r6}}5
[186]{{r6}}5
[3060]{{r6}}12
[3060]{{r6}}21
x15[186]1
x15[186]1
[144][186]1
[144][186]1
[151][186]10
[151][186]1
[181][186]8
[181][186]10
h4[3255]17
h4[3255]13
k4[3255]24
k4[3255]17
[181][3255]21
[181][3255]17
c30[3255]53
c30[3255]10
z29[181]25
z29[181]136
[151][181]30
[151][181]136
[676]{{u6}}12
[676]{{u6}}20
[677]{{u6}}5
[677]{{u6}}20
l1[677]5
l1[677]14
x15[677]5
x15[677]1
[151][677]5
[151][677]5
g1[151]28
g1[151]251
[139][151]26
[139][151]251
r23[3242]27
r23[3242]11
[139][3242]10
[139][3242]11
[139][210]280
[139][210]1
[196][210]1
[196][210]1488
[276]{{r9}}12
[276]{{r9}}21
[277]{{r9}}12
[277]{{r9}}21
n1[276]12
n1[276]12
i4[276]12
i4[276]12
[206][276]12
[206][276]12
n1[277]12
n1[277]12
i4[277]12
i4[277]12
[206][277]12
[206][277]12
[146][215]1
[146][215]1
[206][215]1
[206][215]1785
w16[206]21
w16[206]1260
[139][206]972
[139][206]21
c30{{d7}}33
c30{{d7}}22
[606]{{d7}}25
[606]{{d7}}33
[607]{{d7}}25
[607]{{d7}}33
u1[607]25
u1[607]25
[139][607]26
[139][607]25
[153][607]25
[153][607]33
[166]{{t9}}9
[166]{{t9}}9
[195]{{t9}}9
[195]{{t9}}9
a17{{u9}}10
a17{{u9}}10
[195]{{u9}}10
[195]{{u9}}10
m1[195]4
m1[195]4
[139][195]4
[139][195]4
y2[3188]29
y2[3188]29
[163][3188]29
[163][3188]42
[3189][3188]29
[3189][3188]41
t2[3178]29
t2[3178]29
[163][3178]29
[163][3178]37
[3179][3178]29
[3179][3178]36
v2[3182]29
v2[3182]29
[163][3182]29
[163][3182]34
[3183][3182]29
[3183][3182]35
x2[3186]29
x2[3186]29
[163][3186]29
[163][3186]58
[3187][3186]29
[3187][3186]56
z2[3190]29
z2[3190]29
[163][3190]29
[163][3190]38
u2[3180]29
u2[3180]29
[163][3180]29
[163][3180]37
[3181][3180]29
[3181][3180]41
w2[3184]29
w2[3184]29
[163][3184]29
[163][3184]42
[3185][3184]29
[3185][3184]42
w16[163]63
w16[163]63
[150][163]63
[150][163]109
u2[3179]29
u2[3179]29
[167][3179]29
[167][3179]38
w2[3183]29
w2[3183]29
[167][3183]29
[167][3183]36
y2[3187]29
y2[3187]29
[167][3187]29
[167][3187]50
t2[3177]29
t2[3177]29
[167][3177]29
[167][3177]45
v2[3181]29
v2[3181]29
[167][3181]29
[167][3181]42
x2[3185]29
x2[3185]29
[167][3185]29
[167][3185]44
z2[3189]29
z2[3189]29
[167][3189]29
[167][3189]40
w16[167]47
w16[167]99
[150][167]47
[150][167]150
t23[150]194
t23[150]49
[139][150]49
[139][150]49
[139][3232]26
[139][3232]25
[3233][3232]25
[3233][3232]33
v1[606]25
v1[606]25
[139][606]26
[139][606]25
[154][606]25
[154][606]34
i[463]14
i[463]13
[216][463]14
[216][463]47
p[414]14
p[414]13
[216][414]14
[216][414]54
[218][3171]16
[218][3171]37
[430][3171]1
[430][3171]37
[431][3171]1
[431][3171]37
[432][3171]1
[432][3171]37
[428][3171]14
[428][3171]57
n[428]14
n[428]13
[216][428]14
[216][428]47
[218][3167]16
[218][3167]46
[444][3167]1
[444][3167]46
[445][3167]1
[445][3167]46
[446][3167]1
[446][3167]46
[442][3167]14
[442][3167]54
l[442]14
l[442]13
[216][442]14
[216][442]56
j[456]14
j[456]13
[216][456]14
[216][456]55
[218][3173]16
[218][3173]45
[423][3173]1
[423][3173]45
[424][3173]1
[424][3173]45
[425][3173]1
[425][3173]45
[421][3173]14
[421][3173]52
o[421]14
o[421]13
[216][421]14
[216][421]54
[218][3165]16
[218][3165]45
[451][3165]1
[451][3165]45
[452][3165]1
[452][3165]45
[453][3165]1
[453][3165]45
[449][3165]14
[449][3165]53
k[449]14
k[449]13
[216][449]14
[216][449]55
[164][217]28
[164][217]11946
[216][217]11946
[216][217]75
t23[216]20
t23[216]28696
[139][216]129
[139][216]28696
[465][216]20
[465][216]28696
p[413]1
p[413]14
[164][413]14
[164][413]14
h[413]13
h[413]13
[139][413]47
[139][413]13
x15[676]12
x15[676]12
[144][676]12
[144][676]12
[189][676]21
[189][676]12
r23c3010
r23c3010
[189]c30187
[189]c3010
z29[189]26
z29[189]565
[139][189]9
[139][189]26
c1[3060]12
c1[3060]12
d1[3060]12
d1[3060]12
[184][3060]12
[184][3060]23
c1[3063]12
c1[3063]12
d1[3063]12
d1[3063]12
[184][3063]12
[184][3063]21
c1[3061]12
c1[3061]12
d1[3061]12
d1[3061]12
[184][3061]12
[184][3061]20
x15[184]33
x15[184]10
[139][184]10
[139][184]10
