
outfunc
duration = 0.097954sec.

cost:4057
CSPF
duration = 4.60811sec.

Transcirc
cut[520]
cut[521]
cut[360]
cut[599]
cut[600]
delete_node_ex17
cost:3980

w53
minus[275]1



p21
minus{{w5}}1



[378]
minus{{f10}}1
cut{{e10}}
cut[4322]



[619]
minus[282]1



[622]
minus[282]1



[540]
minus[283]1



[543]
minus[283]1



t22
minus[274]1



[823]
minus{{j6}}1
cut{{i6}}
cut[4015]



[832]
minus{{f6}}1
cut{{e6}}
cut[4009]



h40
minus{{b6}}1



[444]
minus{{m9}}1



[709]
minus{{k7}}1



[4022]
minus{{t6}}1



[4329]
minus{{t10}}1



[387]
minus{{b10}}1
cut{{a10}}
cut[4316]



[814]
minus{{q6}}1


wire17
two_wire17
delete_node44
cost:3868
