
outfunc
duration = 0.04568sec.

cost:3253
CSPF
duration = 0.828341sec.

Transcirc
cut[558]
cut[3087]
cut[3088]
cut[113]
cut[2993]
cut[3017]
cut[224]
cut[626]
cut[627]
cut[488]
cut[3033]
cut[3034]
cut[463]
cut[3081]
cut[464]
delete_node_ex58
cost:2928

[322]
minus[365]1



[325]
minusn8621
minusn7471



[162]
minusn8691
minusn2871



[373]
minus[258]1



[169]
minus[223]1
minus[315]1
minus{{n1544}}1



n1261



[545]
minus[544]1



[546]
minus[544]1



[547]
minus[544]1



[465]
minus[3079]1



[466]
minusn11881
minus[3079]1



n885
minus[77]-2



[126]
minus{{n1459}}1



[2968]
minus{{n1459}}5



[2992]
minus[2991]2



n276
minus[87]1
minus[133]1
minusn7301



[3104]
minus{{n2006}}3



[2957]
minus[2956]2



n724
minus[279]-1



[246]
minusn7332



n693



[241]
cutn699



n799
minus[170]1



[2950]
minus{{n1417}}1



[225]
minus[573]1
minusn10841



[129]
minus[3071]1
minus[3057]1
cut[3061]



n225
minus[753]-1



[306]



n947
minus[508]-1
minus[506]-1
minus[109]-1
minus[505]1
minus[509]1
cut[527]



[384]
minus{{n2063}}1



[3093]
minus{{n1964}}5



[3026]
minus[3025]2
cut[589]
cut[588]
cut[316]
cutn784
cut[232]
cut[3027]



[3006]
minus{{n1544}}2



[492]
minusn11063



[493]
minus[3072]3



[3070]



[2997]
minus[2996]2



n841



[3030]
minus{{n1605}}5



[3122]
minus{{n2133}}3



[291]



[3077]
minus[3076]2



n1190
minus{{n1846}}2



[470]
minus[468]1


wire44
two_wire50
delete_node111
cost:2828
