
outfunc
duration = 0.023596sec.

cost:2626
CSPF
[440]{{n1527}}7
[440]{{n1527}}171
[441]{{n1527}}7
[441]{{n1527}}171
[442]{{n1527}}7
[442]{{n1527}}171
[443]{{n1527}}7
[443]{{n1527}}171
[444]{{n1527}}23
[444]{{n1527}}171
[445]{{n1527}}17
[445]{{n1527}}171
miso_i[445]17
miso_i[445]17
[162][445]17
[162][445]99
[330]{{n1921}}6
[330]{{n1921}}61
[331]{{n1921}}6
[331]{{n1921}}61
[332]{{n1921}}6
[332]{{n1921}}61
[333]{{n1921}}6
[333]{{n1921}}61
[334]{{n1921}}4
[334]{{n1921}}61
[335]{{n1921}}4
[335]{{n1921}}61
n0_DFFX1_40[330]6
n0_DFFX1_40[330]6
[173][330]6
[173][330]32
[530]{{n1294}}5
[530]{{n1294}}8
[531]{{n1294}}5
[531]{{n1294}}8
n0_DFFX1_40[531]5
n0_DFFX1_40[531]5
[153][531]5
[153][531]5
n0_DFFX1_242{{dat_o[4]}}2
n0_DFFX1_242{{dat_o[4]}}2
[470]{{n1487}}7
[470]{{n1487}}117
[471]{{n1487}}7
[471]{{n1487}}117
[472]{{n1487}}7
[472]{{n1487}}117
[473]{{n1487}}7
[473]{{n1487}}117
[474]{{n1487}}23
[474]{{n1487}}117
[475]{{n1487}}17
[475]{{n1487}}117
n0_DFFSRX1_326[471]7
n0_DFFSRX1_326[471]7
[168][471]7
[168][471]80
[296]{{n2211}}10
[296]{{n2211}}13
[297]{{n2211}}10
[297]{{n2211}}13
n0_DFFSRX1_326[297]10
n0_DFFSRX1_326[297]10
[150][297]10
[150][297]10
[446]{{n1519}}7
[446]{{n1519}}103
[447]{{n1519}}7
[447]{{n1519}}103
[448]{{n1519}}7
[448]{{n1519}}103
[449]{{n1519}}7
[449]{{n1519}}103
[450]{{n1519}}22
[450]{{n1519}}103
[451]{{n1519}}17
[451]{{n1519}}103
n0_DFFSRX1_302[448]7
n0_DFFSRX1_302[448]7
[167][448]7
[167][448]75
[320]{{n2043}}10
[320]{{n2043}}19
[321]{{n2043}}10
[321]{{n2043}}19
n0_DFFSRX1_302[321]10
n0_DFFSRX1_302[321]10
[151][321]10
[151][321]10
[554]{{n1198_1}}5
[554]{{n1198_1}}9
[555]{{n1198_1}}5
[555]{{n1198_1}}9
n0_DFFX1_28[555]5
n0_DFFX1_28[555]5
[148][555]5
[148][555]5
[369]{{n1860}}15
[369]{{n1860}}31
[370]{{n1860}}6
[370]{{n1860}}31
[371]{{n1860}}6
[371]{{n1860}}31
[372]{{n1860}}6
[372]{{n1860}}31
[373]{{n1860}}6
[373]{{n1860}}31
[374]{{n1860}}4
[374]{{n1860}}31
[375]{{n1860}}4
[375]{{n1860}}31
n0_DFFX1_28[371]6
n0_DFFX1_28[371]6
[172][371]6
[172][371]24
[572]{{n1126_1}}5
[572]{{n1126_1}}7
[573]{{n1126_1}}5
[573]{{n1126_1}}7
n0_DFFX1_19[573]5
n0_DFFX1_19[573]5
[149][573]5
[149][573]5
[358]{{n1868}}17
[358]{{n1868}}43
[359]{{n1868}}6
[359]{{n1868}}43
[360]{{n1868}}6
[360]{{n1868}}43
[361]{{n1868}}6
[361]{{n1868}}43
[362]{{n1868}}6
[362]{{n1868}}43
[363]{{n1868}}4
[363]{{n1868}}43
[364]{{n1868}}4
[364]{{n1868}}43
n0_DFFX1_19[361]6
n0_DFFX1_19[361]6
[171][361]6
[171][361]30
rst_i{{n3072}}5
rst_i{{n3072}}5
n0_DFFSRX1_742{{n3072}}4
n0_DFFSRX1_742{{n3072}}5
[202]{{n3072}}5
[202]{{n3072}}3
n0_DFFX1_3{{n1016_1}}59
n0_DFFX1_3{{n1016_1}}59
[201]{{n1016_1}}59
[201]{{n1016_1}}35
[2536]{{n1016_1}}19
[2536]{{n1016_1}}60
n0_DFFSRX1_286{{n1972}}13
n0_DFFSRX1_286{{n1972}}13
[201]{{n1972}}13
[201]{{n1972}}18
[2843]{{n1972}}16
[2843]{{n1972}}14
[324]{{n2012}}10
[324]{{n2012}}16
[325]{{n2012}}13
[325]{{n2012}}16
n0_DFFSRX1_294[325]13
n0_DFFSRX1_294[325]13
[201][325]13
[201][325]12
n305[201]40
n305[201]12
n310[201]18
n310[201]40
n0_DFFSRX1_294[324]10
n0_DFFSRX1_294[324]10
n305[324]10
n305[324]10
n310[324]10
n310[324]14
n305[2843]16
n305[2843]18
n310[2843]16
n310[2843]19
[217][2843]16
[217][2843]15
we_in3107
we_in3107
n0_DFFSRX1_742n3107
n0_DFFSRX1_742n3106
n306n3107
n306n3105
[202]n3107
[202]n3103
n0_DFFSRX1_494{{n1905}}30
n0_DFFSRX1_494{{n1905}}30
[2819]{{n1905}}30
[2819]{{n1905}}26
n0_DFFX1_240[2819]9
n0_DFFX1_240[2819]24
[343][2819]1
[343][2819]24
dat_i[6][2819]28
dat_i[6][2819]9
[2820][2819]29
[2820][2819]26
n0_DFFX1_240[2820]28
n0_DFFX1_240[2820]24
[343][2820]22
[343][2820]24
[156][2820]29
[156][2820]11
n0_DFFSRX1_494{{n1039}}21
n0_DFFSRX1_494{{n1039}}21
[2547]{{n1039}}21
[2547]{{n1039}}19
n0_DFFX1_7[2547]15
n0_DFFX1_7[2547]8
[591][2547]11
[591][2547]8
dat_i[7][2547]21
dat_i[7][2547]15
[2548][2547]19
[2548][2547]19
n0_DFFX1_7[2548]19
n0_DFFX1_7[2548]17
[591][2548]14
[591][2548]17
[156][2548]19
[156][2548]15
n335[156]19
n335[156]30
n336[156]19
n336[156]45
dat_i[2]{{n2748}}8
dat_i[2]{{n2748}}8
[178]{{n2748}}8
[178]{{n2748}}10
[2924]{{n2748}}10
[2924]{{n2748}}15
dat_i[0]{{n2733}}8
dat_i[0]{{n2733}}8
[178]{{n2733}}8
[178]{{n2733}}9
[2923]{{n2733}}9
[2923]{{n2733}}12
dat_i[5]{{n2719}}8
dat_i[5]{{n2719}}8
[178]{{n2719}}8
[178]{{n2719}}10
[2922]{{n2719}}10
[2922]{{n2719}}13
n305{{n2826}}10
n305{{n2826}}10
[147]{{n2826}}10
[147]{{n2826}}9
[2927]{{n2826}}8
[2927]{{n2826}}13
dat_i[6][2927]8
dat_i[6][2927]8
[178][2927]8
[178][2927]10
dat_i[7]{{n2705}}8
dat_i[7]{{n2705}}8
[178]{{n2705}}8
[178]{{n2705}}10
[2921]{{n2705}}10
[2921]{{n2705}}13
dat_i[3]{{n2812}}8
dat_i[3]{{n2812}}8
[178]{{n2812}}8
[178]{{n2812}}10
[2926]{{n2812}}10
[2926]{{n2812}}15
dat_i[1]{{n2798}}8
dat_i[1]{{n2798}}8
[178]{{n2798}}8
[178]{{n2798}}10
[2925]{{n2798}}10
[2925]{{n2798}}12
rst_i[178]18
rst_i[178]7
[147][178]25
[147][178]18
n0_DFFSRX1_490[2925]10
n0_DFFSRX1_490[2925]10
[180][2925]10
[180][2925]9
n0_DFFSRX1_477{{n2775}}10
n0_DFFSRX1_477{{n2775}}10
[180]{{n2775}}10
[180]{{n2775}}8
n0_DFFSRX1_461[2924]10
n0_DFFSRX1_461[2924]10
[180][2924]10
[180][2924]9
n0_DFFSRX1_457[2923]9
n0_DFFSRX1_457[2923]9
[180][2923]9
[180][2923]9
n0_DFFSRX1_455[2922]10
n0_DFFSRX1_455[2922]10
[180][2922]10
[180][2922]9
n0_DFFSRX1_492[2926]10
n0_DFFSRX1_492[2926]10
[180][2926]10
[180][2926]9
n0_DFFSRX1_453[2921]10
n0_DFFSRX1_453[2921]10
[180][2921]10
[180][2921]9
rst_i[180]27
rst_i[180]8
[147][180]27
[147][180]6
n335[147]6
n335[147]8
n904[147]6
n904[147]3
dat_i[7]{{n2679}}8
dat_i[7]{{n2679}}8
[174]{{n2679}}8
[174]{{n2679}}10
[2920]{{n2679}}10
[2920]{{n2679}}12
dat_i[2]{{n2616}}8
dat_i[2]{{n2616}}8
[174]{{n2616}}8
[174]{{n2616}}10
[2916]{{n2616}}10
[2916]{{n2616}}15
dat_i[1]{{n2602}}8
dat_i[1]{{n2602}}8
[174]{{n2602}}8
[174]{{n2602}}10
[2915]{{n2602}}10
[2915]{{n2602}}12
dat_i[6]{{n2658}}8
dat_i[6]{{n2658}}8
[174]{{n2658}}8
[174]{{n2658}}10
[2919]{{n2658}}10
[2919]{{n2658}}13
dat_i[0]{{n2588}}8
dat_i[0]{{n2588}}8
[174]{{n2588}}8
[174]{{n2588}}10
[2914]{{n2588}}10
[2914]{{n2588}}13
dat_i[4]{{n2644}}8
dat_i[4]{{n2644}}8
[174]{{n2644}}8
[174]{{n2644}}10
[2918]{{n2644}}10
[2918]{{n2644}}16
dat_i[5]{{n2566}}8
dat_i[5]{{n2566}}8
[174]{{n2566}}8
[174]{{n2566}}10
[2913]{{n2566}}10
[2913]{{n2566}}16
dat_i[3]{{n2630}}8
dat_i[3]{{n2630}}8
[174]{{n2630}}8
[174]{{n2630}}10
[2917]{{n2630}}10
[2917]{{n2630}}13
rst_i[174]19
rst_i[174]7
[146][174]27
[146][174]19
n0_DFFSRX1_412[2916]10
n0_DFFSRX1_412[2916]10
[175][2916]10
[175][2916]9
n0_DFFSRX1_434[2920]10
n0_DFFSRX1_434[2920]10
[175][2920]10
[175][2920]9
n0_DFFSRX1_410[2915]10
n0_DFFSRX1_410[2915]10
[175][2915]10
[175][2915]9
n0_DFFSRX1_418[2919]10
n0_DFFSRX1_418[2919]10
[175][2919]10
[175][2919]9
n0_DFFSRX1_408[2914]10
n0_DFFSRX1_408[2914]10
[175][2914]10
[175][2914]9
n0_DFFSRX1_416[2918]10
n0_DFFSRX1_416[2918]10
[175][2918]10
[175][2918]9
n0_DFFSRX1_405[2913]10
n0_DFFSRX1_405[2913]10
[175][2913]10
[175][2913]9
n0_DFFSRX1_414[2917]10
n0_DFFSRX1_414[2917]10
[175][2917]10
[175][2917]9
rst_i[175]29
rst_i[175]8
[146][175]29
[146][175]18
n335[146]6
n335[146]8
n907[146]6
n907[146]3
[308]{{n2127}}10
[308]{{n2127}}14
[309]{{n2127}}10
[309]{{n2127}}14
n0_DFFSRX1_314[309]10
n0_DFFSRX1_314[309]10
[151][309]10
[151][309]10
[300]{{n2183}}10
[300]{{n2183}}15
[301]{{n2183}}11
[301]{{n2183}}15
dat_i[7][300]10
dat_i[7][300]10
[151][300]11
[151][300]10
[304]{{n2155}}10
[304]{{n2155}}15
[305]{{n2155}}11
[305]{{n2155}}15
n0_DFFSRX1_318[305]11
n0_DFFSRX1_318[305]11
[151][305]11
[151][305]10
n0_DFFSRX1_322[301]11
n0_DFFSRX1_322[301]11
[151][301]11
[151][301]10
[310]{{n2113}}10
[310]{{n2113}}17
[311]{{n2113}}11
[311]{{n2113}}17
dat_i[0][310]10
dat_i[0][310]10
[151][310]11
[151][310]10
n0_DFFSRX1_220{{n1844}}31
n0_DFFSRX1_220{{n1844}}31
[200]{{n1844}}31
[200]{{n1844}}29
[2748]{{n1844}}25
[2748]{{n1844}}31
n305[2748]25
n305[2748]31
[2749][2748]25
[2749][2748]40
[160][2749]18
[160][2749]37
[216][2749]18
[216][2749]38
[2750][2749]18
[2750][2749]40
n0_DFFSRX1_308{{n2085}}13
n0_DFFSRX1_308{{n2085}}13
n913{{n2085}}15
n913{{n2085}}13
[160]{{n2085}}15
[160]{{n2085}}14
n305{{n2085}}14
n305{{n2085}}3
[150][160]51
[150][160]11
[151][160]51
[151][160]11
[306]{{n2141}}10
[306]{{n2141}}19
[307]{{n2141}}11
[307]{{n2141}}19
dat_i[2][306]10
dat_i[2][306]10
[151][306]11
[151][306]10
[302]{{n2169}}10
[302]{{n2169}}13
[303]{{n2169}}11
[303]{{n2169}}13
dat_i[5][302]10
dat_i[5][302]10
[151][302]11
[151][302]10
n0_DFFSRX1_312[311]11
n0_DFFSRX1_312[311]11
[151][311]11
[151][311]10
dat_i[6][320]10
dat_i[6][320]10
[151][320]10
[151][320]10
n0_DFFSRX1_316[307]11
n0_DFFSRX1_316[307]11
[151][307]11
[151][307]10
[316]{{n2071}}10
[316]{{n2071}}19
[317]{{n2071}}11
[317]{{n2071}}19
dat_i[4][316]10
dat_i[4][316]10
[151][316]11
[151][316]10
n0_DFFSRX1_320[303]11
n0_DFFSRX1_320[303]11
[151][303]11
[151][303]10
dat_i[1][308]10
dat_i[1][308]10
[151][308]10
[151][308]10
n0_DFFSRX1_306[317]11
n0_DFFSRX1_306[317]11
[151][317]11
[151][317]10
dat_i[3][304]10
dat_i[3][304]10
[151][304]11
[151][304]10
n913[151]9
n913[151]11
n915[151]9
n915[151]3
[262]{{n2473}}10
[262]{{n2473}}16
[263]{{n2473}}11
[263]{{n2473}}16
dat_i[3][262]10
dat_i[3][262]10
[155][262]11
[155][262]10
[258]{{n2501}}10
[258]{{n2501}}13
[259]{{n2501}}11
[259]{{n2501}}13
dat_i[6][258]10
dat_i[6][258]10
[155][258]11
[155][258]10
[266]{{n2445}}10
[266]{{n2445}}15
[267]{{n2445}}11
[267]{{n2445}}15
n0_DFFSRX1_372[267]11
n0_DFFSRX1_372[267]11
[155][267]11
[155][267]10
[284]{{n2316}}10
[284]{{n2316}}13
[285]{{n2316}}11
[285]{{n2316}}13
n0_DFFSRX1_351[285]11
n0_DFFSRX1_351[285]11
[155][285]11
[155][285]10
n0_DFFSRX1_376[263]11
n0_DFFSRX1_376[263]11
[155][263]11
[155][263]10
n0_DFFSRX1_380[259]11
n0_DFFSRX1_380[259]11
[155][259]11
[155][259]10
[264]{{n2459}}10
[264]{{n2459}}13
[265]{{n2459}}11
[265]{{n2459}}13
dat_i[2][264]10
dat_i[2][264]10
[155][264]11
[155][264]10
[282]{{n2333}}10
[282]{{n2333}}17
[283]{{n2333}}11
[283]{{n2333}}17
dat_i[0][282]10
dat_i[0][282]10
[155][282]11
[155][282]10
[260]{{n2487}}10
[260]{{n2487}}18
[261]{{n2487}}11
[261]{{n2487}}18
dat_i[5][260]10
dat_i[5][260]10
[155][260]11
[155][260]10
[256]{{n2515}}10
[256]{{n2515}}14
[257]{{n2515}}11
[257]{{n2515}}14
dat_i[7][256]10
dat_i[7][256]10
[155][256]11
[155][256]10
n0_DFFSRX1_374[265]11
n0_DFFSRX1_374[265]11
[155][265]11
[155][265]10
n0_DFFSRX1_356[283]11
n0_DFFSRX1_356[283]11
[155][283]11
[155][283]10
n0_DFFSRX1_378[261]11
n0_DFFSRX1_378[261]11
[155][261]11
[155][261]10
n0_DFFSRX1_382[257]11
n0_DFFSRX1_382[257]11
[155][257]11
[155][257]10
dat_i[1][266]10
dat_i[1][266]10
[155][266]11
[155][266]10
dat_i[4][284]10
dat_i[4][284]10
[155][284]11
[155][284]10
n913[155]9
n913[155]11
n1162[155]9
n1162[155]3
n913[2750]18
n913[2750]42
n914[2750]11
n914[2750]18
n915[2750]11
n915[2750]18
[207][2750]18
[207][2750]38
[288]{{n2267}}10
[288]{{n2267}}14
[289]{{n2267}}11
[289]{{n2267}}14
n0_DFFSRX1_334[289]11
n0_DFFSRX1_334[289]11
[150][289]11
[150][289]10
[298]{{n2197}}10
[298]{{n2197}}15
[299]{{n2197}}11
[299]{{n2197}}15
dat_i[1][298]10
dat_i[1][298]10
[150][298]11
[150][298]10
[318]{{n2057}}10
[318]{{n2057}}17
[319]{{n2057}}11
[319]{{n2057}}17
dat_i[0][318]10
dat_i[0][318]10
[150][318]11
[150][318]10
[294]{{n2225}}10
[294]{{n2225}}17
[295]{{n2225}}11
[295]{{n2225}}17
dat_i[3][294]10
dat_i[3][294]10
[150][294]11
[150][294]10
[322]{{n2029}}10
[322]{{n2029}}19
[323]{{n2029}}11
[323]{{n2029}}19
n0_DFFSRX1_300[323]11
n0_DFFSRX1_300[323]11
[150][323]11
[150][323]10
n0_DFFSRX1_324[299]11
n0_DFFSRX1_324[299]11
[150][299]11
[150][299]10
n0_DFFSRX1_304[319]11
n0_DFFSRX1_304[319]11
[150][319]11
[150][319]10
[290]{{n2253}}10
[290]{{n2253}}19
[291]{{n2253}}11
[291]{{n2253}}19
dat_i[6][290]10
dat_i[6][290]10
[150][290]11
[150][290]10
n0_DFFSRX1_328[295]11
n0_DFFSRX1_328[295]11
[150][295]11
[150][295]10
n0_DFFSRX1_332[291]11
n0_DFFSRX1_332[291]11
[150][291]11
[150][291]10
dat_i[2][296]10
dat_i[2][296]10
[150][296]10
[150][296]10
[292]{{n2239}}10
[292]{{n2239}}19
[293]{{n2239}}11
[293]{{n2239}}19
dat_i[5][292]10
dat_i[5][292]10
[150][292]11
[150][292]10
dat_i[7][288]10
dat_i[7][288]10
[150][288]11
[150][288]10
n0_DFFSRX1_330[293]11
n0_DFFSRX1_330[293]11
[150][293]11
[150][293]10
dat_i[4][322]10
dat_i[4][322]10
[150][322]11
[150][322]10
n913[150]9
n913[150]11
n914[150]9
n914[150]3
n0_DFFSRX1_220[343]22
n0_DFFSRX1_220[343]21
n554[343]22
n554[343]21
n913[343]22
n913[343]12
[270]{{n2417}}10
[270]{{n2417}}16
[271]{{n2417}}11
[271]{{n2417}}16
n0_DFFSRX1_368[271]11
n0_DFFSRX1_368[271]11
[154][271]11
[154][271]10
[280]{{n2347}}10
[280]{{n2347}}15
[281]{{n2347}}11
[281]{{n2347}}15
dat_i[7][280]10
dat_i[7][280]10
[154][280]11
[154][280]10
[276]{{n2375}}10
[276]{{n2375}}13
[277]{{n2375}}11
[277]{{n2375}}13
dat_i[1][276]10
dat_i[1][276]10
[154][276]11
[154][276]10
[272]{{n2403}}10
[272]{{n2403}}17
[273]{{n2403}}11
[273]{{n2403}}17
dat_i[3][272]10
dat_i[3][272]10
[154][272]11
[154][272]10
n0_DFFSRX1_358[281]11
n0_DFFSRX1_358[281]11
[154][281]11
[154][281]10
[268]{{n2431}}10
[268]{{n2431}}13
[269]{{n2431}}11
[269]{{n2431}}13
dat_i[5][268]10
dat_i[5][268]10
[154][268]11
[154][268]10
n0_DFFSRX1_362[277]11
n0_DFFSRX1_362[277]11
[154][277]11
[154][277]10
[286]{{n2292}}10
[286]{{n2292}}19
[287]{{n2292}}11
[287]{{n2292}}19
dat_i[4][286]10
dat_i[4][286]10
[154][286]11
[154][286]10
n0_DFFSRX1_366[273]11
n0_DFFSRX1_366[273]11
[154][273]11
[154][273]10
n0_DFFSRX1_370[269]11
n0_DFFSRX1_370[269]11
[154][269]11
[154][269]10
[278]{{n2361}}10
[278]{{n2361}}17
[279]{{n2361}}11
[279]{{n2361}}17
dat_i[0][278]10
dat_i[0][278]10
[154][278]11
[154][278]10
n0_DFFSRX1_339[287]11
n0_DFFSRX1_339[287]11
[154][287]11
[154][287]10
[274]{{n2389}}10
[274]{{n2389}}19
[275]{{n2389}}11
[275]{{n2389}}19
dat_i[2][274]10
dat_i[2][274]10
[154][274]11
[154][274]10
n0_DFFSRX1_360[279]11
n0_DFFSRX1_360[279]11
[154][279]11
[154][279]10
dat_i[6][270]10
dat_i[6][270]10
[154][270]11
[154][270]10
n0_DFFSRX1_364[275]11
n0_DFFSRX1_364[275]11
[154][275]11
[154][275]10
n913[154]9
n913[154]11
n1155[154]9
n1155[154]3
[312]{{n2099}}13
[312]{{n2099}}16
[313]{{n2099}}10
[313]{{n2099}}16
n0_DFFSRX1_310[312]13
n0_DFFSRX1_310[312]13
n305[312]13
n305[312]12
n913[312]11
n913[312]13
n0_DFFSRX1_310[313]10
n0_DFFSRX1_310[313]10
n305[313]10
n305[313]10
n913[313]10
n913[313]14
n0_DFFSRX1_742n9137
n0_DFFSRX1_742n9137
n306n9137
n306n9136
n335n9137
n335n9134
we_in33520
we_in3354
[202]n33520
[202]n3353
cyc_i[202]26
cyc_i[202]3
stb_i[202]26
stb_i[202]2
n0_DFFSRX1_374[470]7
n0_DFFSRX1_374[470]7
[169][470]7
[169][470]80
[352]{{n1876}}6
[352]{{n1876}}20
[353]{{n1876}}6
[353]{{n1876}}20
[354]{{n1876}}6
[354]{{n1876}}20
[355]{{n1876}}6
[355]{{n1876}}20
[356]{{n1876}}4
[356]{{n1876}}20
[357]{{n1876}}4
[357]{{n1876}}20
n0_DFFSRX1_405[356]4
n0_DFFSRX1_405[356]4
n907[356]4
n907[356]15
n0_DFFSRX1_360[443]7
n0_DFFSRX1_360[443]7
[166][443]7
[166][443]121
n0_DFFSRX1_356[440]7
n0_DFFSRX1_356[440]7
[169][440]7
[169][440]121
[568]{{n1142}}5
[568]{{n1142}}9
[569]{{n1142}}5
[569]{{n1142}}9
n0_DFFX1_21[569]5
n0_DFFX1_21[569]5
[149][569]5
[149][569]5
[376]{{n1852}}15
[376]{{n1852}}98
[377]{{n1852}}6
[377]{{n1852}}98
[378]{{n1852}}6
[378]{{n1852}}98
[379]{{n1852}}6
[379]{{n1852}}98
[380]{{n1852}}6
[380]{{n1852}}98
[381]{{n1852}}4
[381]{{n1852}}98
[382]{{n1852}}4
[382]{{n1852}}98
n0_DFFX1_21[379]6
n0_DFFX1_21[379]6
[171][379]6
[171][379]57
[550]{{n1214}}5
[550]{{n1214}}7
[551]{{n1214}}5
[551]{{n1214}}7
n0_DFFX1_30[551]5
n0_DFFX1_30[551]5
[152][551]5
[152][551]5
n0_DFFX1_30[362]6
n0_DFFX1_30[362]6
[170][362]6
[170][362]30
n0_DFFX1_225{{dat_o[5]}}2
n0_DFFX1_225{{dat_o[5]}}2
[458]{{n1503}}7
[458]{{n1503}}135
[459]{{n1503}}7
[459]{{n1503}}135
[460]{{n1503}}7
[460]{{n1503}}135
[461]{{n1503}}7
[461]{{n1503}}135
[462]{{n1503}}22
[462]{{n1503}}135
[463]{{n1503}}17
[463]{{n1503}}135
n0_DFFSRX1_339[461]7
n0_DFFSRX1_339[461]7
[166][461]7
[166][461]94
[464]{{n1495}}7
[464]{{n1495}}82
[465]{{n1495}}7
[465]{{n1495}}82
[466]{{n1495}}7
[466]{{n1495}}82
[467]{{n1495}}7
[467]{{n1495}}82
[468]{{n1495}}23
[468]{{n1495}}82
[469]{{n1495}}17
[469]{{n1495}}82
n0_DFFSRX1_366[467]7
n0_DFFSRX1_366[467]7
[166][467]7
[166][467]67
[390]{{n1787}}6
[390]{{n1787}}56
[391]{{n1787}}6
[391]{{n1787}}56
[392]{{n1787}}6
[392]{{n1787}}56
[393]{{n1787}}6
[393]{{n1787}}56
[394]{{n1787}}4
[394]{{n1787}}56
[395]{{n1787}}4
[395]{{n1787}}56
[396]{{n1787}}4
[396]{{n1787}}56
n0_DFFX1_240[396]4
n0_DFFX1_240[396]4
n336[396]4
n336[396]39
n0_DFFX1_13[378]6
n0_DFFX1_13[378]6
[172][378]6
[172][378]58
[584]{{n1078}}5
[584]{{n1078}}9
[585]{{n1078}}5
[585]{{n1078}}9
n0_DFFX1_13[585]5
n0_DFFX1_13[585]5
[148][585]5
[148][585]5
n0_DFFX1_239{{dat_o[0]}}2
n0_DFFX1_239{{dat_o[0]}}2
[546]{{n1230_1}}5
[546]{{n1230_1}}9
[547]{{n1230_1}}5
[547]{{n1230_1}}9
n0_DFFX1_32[547]5
n0_DFFX1_32[547]5
[152][547]5
[152][547]5
n0_DFFX1_32[380]6
n0_DFFX1_32[380]6
[170][380]6
[170][380]58
n0_DFFSRX1_332[447]7
n0_DFFSRX1_332[447]7
[168][447]7
[168][447]82
n0_DFFSRX1_416[334]4
n0_DFFSRX1_416[334]4
n907[334]4
n907[334]37
n0_DFFX1_33[333]6
n0_DFFX1_33[333]6
[170][333]6
[170][333]33
[544]{{n1238_1}}5
[544]{{n1238_1}}8
[545]{{n1238_1}}5
[545]{{n1238_1}}8
n0_DFFX1_33[545]5
n0_DFFX1_33[545]5
[152][545]5
[152][545]5
n0_DFFSRX1_328[465]7
n0_DFFSRX1_328[465]7
[168][465]7
[168][465]59
n0_DFFSRX1_492[382]4
n0_DFFSRX1_492[382]4
n904[382]4
n904[382]64
[2615]{{n1384}}30
[2615]{{n1384}}224
[2616]{{n1384}}215
[2616]{{n1384}}224
n0_DFFSRX1_492[2616]62
n0_DFFSRX1_492[2616]62
[211][2616]62
[211][2616]135
[2617][2616]129
[2617][2616]224
[582]{{n1086}}5
[582]{{n1086}}8
[583]{{n1086}}5
[583]{{n1086}}8
n0_DFFX1_14[583]5
n0_DFFX1_14[583]5
[148][583]5
[148][583]5
n0_DFFX1_14[331]6
n0_DFFX1_14[331]6
[172][331]6
[172][331]33
[452]{{n1511_1}}7
[452]{{n1511_1}}93
[453]{{n1511_1}}7
[453]{{n1511_1}}93
[454]{{n1511_1}}7
[454]{{n1511_1}}93
[455]{{n1511_1}}7
[455]{{n1511_1}}93
[456]{{n1511_1}}23
[456]{{n1511_1}}93
[457]{{n1511_1}}17
[457]{{n1511_1}}93
n0_DFFSRX1_330[453]7
n0_DFFSRX1_330[453]7
[168][453]7
[168][453]66
n0_DFFX1_923{{inta_o}}2
n0_DFFX1_923{{inta_o}}2
n0_DFFSRX1_118[2617]129
n0_DFFSRX1_118[2617]129
[221][2617]129
[221][2617]177
[208][221]17
[208][221]177
[2629][221]104
[2629][221]177
n589[2629]20
n589[2629]34
[162][2629]34
[162][2629]120
[2630][2629]27
[2630][2629]177
[2618][211]24
[2618][211]135
[2619][211]51
[2619][211]135
n589[2619]20
n589[2619]34
[162][2619]20
[162][2619]97
[2620][2619]19
[2620][2619]135
n589{{n1736}}19
n589{{n1736}}32
[162]{{n1736}}19
[162]{{n1736}}16
n589{{n1412}}19
n589{{n1412}}32
[162]{{n1412}}19
[162]{{n1412}}18
n0_DFFSRX1_128{{n1412}}21
n0_DFFSRX1_128{{n1412}}19
n0_DFFSRX1_494{{n1412}}21
n0_DFFSRX1_494{{n1412}}2
[2631]{{n1412}}19
[2631]{{n1412}}52
[495]{{n1443}}1
[495]{{n1443}}4
[496]{{n1443}}1
[496]{{n1443}}4
[497]{{n1443}}8
[497]{{n1443}}4
n564{{n1443}}8
n564{{n1443}}31
[2634]{{n1443}}31
[2634]{{n1443}}30
n589[2634]19
n589[2634]35
[162][2634]19
[162][2634]21
[2635][2634]24
[2635][2634]30
n0_DFFSRX1_132n58919
n0_DFFSRX1_132n58919
n0_DFFSRX1_135n58918
n0_DFFSRX1_135n58919
n0_DFFSRX1_140n58917
n0_DFFSRX1_140n58919
n0_DFFSRX1_135[2635]24
n0_DFFSRX1_135[2635]23
[212][2635]24
[212][2635]20
n0_DFFSRX1_312[442]7
n0_DFFSRX1_312[442]7
[167][442]7
[167][442]121
[534]{{n1278}}5
[534]{{n1278}}9
[535]{{n1278}}5
[535]{{n1278}}9
n0_DFFX1_148[534]5
n0_DFFX1_148[534]5
[153][534]5
[153][534]5
[434]{{n1535}}7
[434]{{n1535}}73
[435]{{n1535}}7
[435]{{n1535}}73
[436]{{n1535}}7
[436]{{n1535}}73
[437]{{n1535}}7
[437]{{n1535}}73
[438]{{n1535}}21
[438]{{n1535}}73
[439]{{n1535}}17
[439]{{n1535}}73
n0_DFFX1_148[438]21
n0_DFFX1_148[438]21
[163][438]21
[163][438]39
[556]{{n1190_1}}5
[556]{{n1190_1}}10
[557]{{n1190_1}}6
[557]{{n1190_1}}10
n0_DFFX1_148[556]5
n0_DFFX1_148[556]5
[148][556]6
[148][556]5
n0_DFFX1_148[475]17
n0_DFFX1_148[475]17
[162][475]17
[162][475]72
n0_DFFX1_148[550]5
n0_DFFX1_148[550]5
[152][550]5
[152][550]5
n0_DFFX1_148[572]5
n0_DFFX1_148[572]5
[149][572]5
[149][572]5
n0_DFFX1_24[392]6
n0_DFFX1_24[392]6
[171][392]6
[171][392]31
[562]{{n1166}}5
[562]{{n1166}}8
[563]{{n1166}}5
[563]{{n1166}}8
n0_DFFX1_24[563]5
n0_DFFX1_24[563]5
[149][563]5
[149][563]5
[345]{{n1897}}17
[345]{{n1897}}47
[346]{{n1897}}6
[346]{{n1897}}47
[347]{{n1897}}6
[347]{{n1897}}47
[348]{{n1897}}6
[348]{{n1897}}47
[349]{{n1897}}6
[349]{{n1897}}47
[350]{{n1897}}4
[350]{{n1897}}47
[351]{{n1897}}4
[351]{{n1897}}47
n0_DFFX1_37[346]6
n0_DFFX1_37[346]6
[173][346]6
[173][346]31
[536]{{n1270}}5
[536]{{n1270}}9
[537]{{n1270}}5
[537]{{n1270}}9
n0_DFFX1_37[537]5
n0_DFFX1_37[537]5
[153][537]5
[153][537]5
n0_DFFSRX1_304[441]7
n0_DFFSRX1_304[441]7
[168][441]7
[168][441]121
[578]{{n1102}}5
[578]{{n1102}}8
[579]{{n1102}}5
[579]{{n1102}}8
n0_DFFX1_16[579]5
n0_DFFX1_16[579]5
[148][579]5
[148][579]5
n0_DFFX1_16[391]6
n0_DFFX1_16[391]6
[172][391]6
[172][391]32
[208]{{n1728}}16
[208]{{n1728}}27
[209]{{n1728}}19
[209]{{n1728}}27
n0_DFFSRX1_118[2615]30
n0_DFFSRX1_118[2615]30
[220][2615]30
[220][2615]216
[209][220]21
[209][220]216
[512][220]21
[512][220]216
[513][220]5
[513][220]216
n0_DFFX1_143[468]23
n0_DFFX1_143[468]23
[163][468]23
[163][468]74
n0_DFFX1_146[450]22
n0_DFFX1_146[450]22
[163][450]22
[163][450]66
n0_DFFX1_145[456]23
n0_DFFX1_145[456]23
[163][456]23
[163][456]65
n0_DFFX1_142[474]23
n0_DFFX1_142[474]23
[163][474]23
[163][474]68
[203][212]8
[203][212]20
[492][212]24
[492][212]20
[493][212]21
[493][212]20
{{n1479}}[492]19
{{n1479}}[492]24
[158][492]24
[158][492]2
n0_DFFSRX1_140[493]21
n0_DFFSRX1_140[493]19
{{n1479}}[493]21
{{n1479}}[493]2
[495]{{n1479}}19
[495]{{n1479}}25
[496]{{n1479}}25
[496]{{n1479}}25
[497]{{n1479}}6
[497]{{n1479}}25
n0_DFFSRX1_132[495]24
n0_DFFSRX1_132[495]19
n0_DFFSRX1_140[495]19
n0_DFFSRX1_140[495]19
{{n1428}}[495]19
{{n1428}}[495]28
{{n1428}}[497]4
{{n1428}}[497]4
n564[497]4
n564[497]27
[203][496]8
[203][496]21
[498][496]19
[498][496]21
[499][496]22
[499][496]21
n0_DFFSRX1_140[496]25
n0_DFFSRX1_140[496]25
{{n1428}}[498]19
{{n1428}}[498]19
[158][498]19
[158][498]3
[144]{{n1428}}4
[144]{{n1428}}27
[501]{{n1428}}1
[501]{{n1428}}27
[502]{{n1428}}18
[502]{{n1428}}27
n0_DFFSRX1_132[501]1
n0_DFFSRX1_132[501]24
[163][501]1
[163][501]19
n0_DFFX1_147[444]23
n0_DFFX1_147[444]23
[163][444]23
[163][444]109
n0_DFFX1_144[462]22
n0_DFFX1_144[462]22
[163][462]22
[163][462]86
[476]{{n1465}}7
[476]{{n1465}}70
[477]{{n1465}}7
[477]{{n1465}}70
[478]{{n1465}}7
[478]{{n1465}}70
[479]{{n1465}}7
[479]{{n1465}}70
[480]{{n1465}}23
[480]{{n1465}}70
[481]{{n1465}}17
[481]{{n1465}}70
n0_DFFX1_139[480]23
n0_DFFX1_139[480]23
[163][480]23
[163][480]48
[203][163]21
[203][163]625
[209][163]49
[209][163]625
n576[209]16
n576[209]19
[158][209]19
[158][209]20
n0_DFFSRX1_199{{n1768}}29
n0_DFFSRX1_199{{n1768}}29
n885{{n1768}}23
n885{{n1768}}29
n576{{n1768}}1
n576{{n1768}}35
n638{{n1768}}29
n638{{n1768}}27
n576[512]17
n576[512]21
[223][512]21
[223][512]191
n584[499]22
n584[499]1
n638[499]22
n638[499]21
[2729]{{n1630}}35
[2729]{{n1630}}73
[2730]{{n1630}}60
[2730]{{n1630}}73
[187][2730]1
[187][2730]38
[413][2730]1
[413][2730]38
[414][2730]1
[414][2730]38
[415][2730]38
[415][2730]38
[181][2730]38
[181][2730]54
n822[2730]50
n822[2730]73
[2731][2730]40
[2731][2730]73
[187]{{n1672}}40
[187]{{n1672}}78
[413]{{n1672}}32
[413]{{n1672}}78
[414]{{n1672}}15
[414]{{n1672}}78
[415]{{n1672}}46
[415]{{n1672}}78
n0_DFFSRX1_174[2729]14
n0_DFFSRX1_174[2729]14
[214][2729]14
[214][2729]11
n641[2729]27
n641[2729]15
n638[2729]35
n638[2729]54
[187][214]1
[187][214]16
[413][214]11
[413][214]16
[414][214]1
[414][214]16
[415][214]1
[415][214]16
n0_DFFSRX1_180[214]8
n0_DFFSRX1_180[214]11
[187][2731]40
[187][2731]34
[413][2731]1
[413][2731]34
[414][2731]1
[414][2731]34
[415][2731]1
[415][2731]34
n0_DFFSRX1_457[2731]36
n0_DFFSRX1_457[2731]40
n638[2731]15
n638[2731]40
n0_DFFSRX1_184[414]10
n0_DFFSRX1_184[414]10
n865[414]9
n865[414]10
n0_DFFSRX1_180[414]15
n0_DFFSRX1_180[414]15
n638[414]15
n638[414]53
[2726]{{n1616}}39
[2726]{{n1616}}97
[2727]{{n1616}}59
[2727]{{n1616}}97
n0_DFFSRX1_172[2726]17
n0_DFFSRX1_172[2726]17
n641[2726]12
n641[2726]17
[157][2726]23
[157][2726]28
n638[2726]39
n638[2726]53
[2642]{{n1457}}42
[2642]{{n1457}}91
[2643]{{n1457}}49
[2643]{{n1457}}91
n0_DFFSRX1_137[2642]23
n0_DFFSRX1_137[2642]23
[177][2642]23
[177][2642]19
[184][2642]34
[184][2642]27
n638[2642]42
n638[2642]49
n0_DFFSRX1_178{{n1658}}25
n0_DFFSRX1_178{{n1658}}25
[184]{{n1658}}25
[184]{{n1658}}20
n798{{n1658}}28
n798{{n1658}}35
n638{{n1658}}43
n638{{n1658}}37
[2735]{{n1658}}35
[2735]{{n1658}}68
n0_DFFSRX1_137[184]19
n0_DFFSRX1_137[184]27
[177][184]26
[177][184]27
[486][177]28
[486][177]24
[487][177]1
[487][177]24
[488][177]1
[488][177]24
n0_DFFSRX1_170[177]7
n0_DFFSRX1_170[177]28
[486][2643]1
[486][2643]32
[487][2643]1
[487][2643]32
[488][2643]36
[488][2643]32
n0_DFFSRX1_457[2643]36
n0_DFFSRX1_457[2643]38
n638[2643]34
n638[2643]36
[2644][2643]35
[2644][2643]91
[486][2644]1
[486][2644]35
[487][2644]1
[487][2644]35
[488][2644]35
[488][2644]35
[181][2644]35
[181][2644]82
{{n1602}}[2735]35
{{n1602}}[2735]35
[181][2735]35
[181][2735]57
[486]{{n1602}}1
[486]{{n1602}}35
[487]{{n1602}}1
[487]{{n1602}}35
[488]{{n1602}}35
[488]{{n1602}}35
n0_DFFSRX1_170[486]1
n0_DFFSRX1_170[486]28
n638[486]28
n638[486]43
[179][486]64
[179][486]28
[181][415]38
[181][415]38
[187][415]40
[187][415]38
[419][415]1
[419][415]38
[420][415]1
[420][415]38
n0_DFFSRX1_457[415]46
n0_DFFSRX1_457[415]34
n638[415]16
n638[415]46
[181]{{n1700}}37
[181]{{n1700}}50
[187]{{n1700}}39
[187]{{n1700}}50
[419]{{n1700}}30
[419]{{n1700}}50
[420]{{n1700}}8
[420]{{n1700}}50
[181][413]1
[181][413]10
[187][413]1
[187][413]10
[419][413]32
[419][413]10
[420][413]1
[420][413]10
n0_DFFSRX1_180[413]10
n0_DFFSRX1_180[413]32
n638[413]32
n638[413]53
n865[413]46
n865[413]32
n0_DFFSRX1_182[419]8
n0_DFFSRX1_182[419]30
n0_DFFSRX1_184[419]8
n0_DFFSRX1_184[419]30
n638[419]30
n638[419]37
n0_DFFSRX1_168{{n1588}}26
n0_DFFSRX1_168{{n1588}}26
n798{{n1588}}21
n798{{n1588}}26
n885{{n1588}}23
n885{{n1588}}37
n638{{n1588}}39
n638{{n1588}}45
[2725]{{n1588}}36
[2725]{{n1588}}79
n0_DFFSRX1_186{{n1714}}20
n0_DFFSRX1_186{{n1714}}20
[157]{{n1714}}20
[157]{{n1714}}14
[161]{{n1714}}23
[161]{{n1714}}28
n638{{n1714}}39
n638{{n1714}}49
n822{{n1714}}49
n822{{n1714}}77
n0_DFFSRX1_408[187]37
n0_DFFSRX1_408[187]53
n638[187]16
n638[187]37
n822[187]49
n822[187]78
n0_DFFSRX1_408[2727]38
n0_DFFSRX1_408[2727]34
n0_DFFSRX1_457[2727]50
n0_DFFSRX1_457[2727]38
n638[2727]23
n638[2727]38
n822[2727]49
n822[2727]97
n0_DFFSRX1_170[487]1
n0_DFFSRX1_170[487]24
n638[487]1
n638[487]42
[179][487]1
[179][487]43
n0_DFFSRX1_182[420]8
n0_DFFSRX1_182[420]8
n0_DFFSRX1_184[420]8
n0_DFFSRX1_184[420]8
n638[420]8
n638[420]37
n0_DFFSRX1_176{{n1644}}22
n0_DFFSRX1_176{{n1644}}22
[161]{{n1644}}22
[161]{{n1644}}16
[179]{{n1644}}26
[179]{{n1644}}28
n638{{n1644}}40
n638{{n1644}}51
[2734]{{n1644}}51
[2734]{{n1644}}84
n0_DFFSRX1_410[488]49
n0_DFFSRX1_410[488]49
n638[488]24
n638[488]49
n822[2734]51
n822[2734]100
[186][2734]51
[186][2734]51
n0_DFFSRX1_410n82249
n0_DFFSRX1_410n82249
n638n82254
n638n82249
[2728]n82233
[2728]n822122
n0_DFFSRX1_408[2728]33
n0_DFFSRX1_408[2728]37
[181][2728]33
[181][2728]100
n0_DFFSRX1_410[2725]36
n0_DFFSRX1_410[2725]36
n0_DFFSRX1_457[2725]36
n0_DFFSRX1_457[2725]32
[181][2725]36
[181][2725]53
n0_DFFSRX1_490[181]31
n0_DFFSRX1_490[181]31
n638[181]74
n638[181]31
n865{{n1686}}43
n865{{n1686}}43
[417]n86538
[417]n86543
[418]n8657
[418]n86543
n0_DFFSRX1_408[417]38
n0_DFFSRX1_408[417]38
n0_DFFSRX1_490[417]36
n0_DFFSRX1_490[417]38
n638[417]34
n638[417]38
[186][417]14
[186][417]38
n0_DFFSRX1_182[418]7
n0_DFFSRX1_182[418]29
n638[418]7
n638[418]47
n0_DFFSRX1_494n63827
n0_DFFSRX1_494n63827
n564n63817
n564n63827
n576n63813
n576n63827
n0_DFFX1_143[463]17
n0_DFFX1_143[463]17
[162][463]17
[162][463]109
n0_DFFX1_146[481]17
n0_DFFX1_146[481]17
[162][481]17
[162][481]54
n0_DFFX1_142[469]17
n0_DFFX1_142[469]17
[162][469]17
[162][469]79
n0_DFFX1_145[451]17
n0_DFFX1_145[451]17
[162][451]17
[162][451]87
n0_DFFSRX1_132[502]18
n0_DFFSRX1_132[502]18
[162][502]18
[162][502]25
n0_DFFX1_147[439]17
n0_DFFX1_147[439]17
[162][439]17
[162][439]52
n0_DFFX1_144[457]17
n0_DFFX1_144[457]17
[162][457]17
[162][457]70
n576[162]61
n576[162]19
[158][162]61
[158][162]4
n576[208]16
n576[208]19
[223][208]16
[223][208]21
n0_DFFSRX1_199n57623
n0_DFFSRX1_199n57613
n885n57613
n885n57625
n0_DFFSRX1_168n88521
n0_DFFSRX1_168n88523
n798n88523
n798n88524
n0_DFFSRX1_137n79820
n0_DFFSRX1_137n79828
n0_DFFSRX1_170n79819
n0_DFFSRX1_170n79828
n0_DFFSRX1_178n79817
n0_DFFSRX1_178n79828
[179]n79820
[179]n79828
n0_DFFX1_3[345]17
n0_DFFX1_3[345]17
n336[345]17
n336[345]47
n967[345]17
n967[345]83
n0_DFFX1_3[358]17
n0_DFFX1_3[358]17
n336[358]17
n336[358]47
n967[358]17
n967[358]69
[365]n9677
[365]n967173
[366]n9677
[366]n967173
[367]n9677
[367]n967173
[368]n9677
[368]n967173
n312[365]7
n312[365]34
n899[365]7
n899[365]98
[570]{{n1134}}5
[570]{{n1134}}6
[571]{{n1134}}5
[571]{{n1134}}6
n0_DFFX1_20[571]5
n0_DFFX1_20[571]5
[149][571]5
[149][571]5
n0_DFFX1_146[562]5
n0_DFFX1_146[562]5
[149][562]5
[149][562]5
[574]{{n1118}}5
[574]{{n1118}}9
[575]{{n1118}}6
[575]{{n1118}}9
n0_DFFX1_18[575]6
n0_DFFX1_18[575]6
[149][575]6
[149][575]5
[566]{{n1150}}5
[566]{{n1150}}8
[567]{{n1150}}5
[567]{{n1150}}8
n0_DFFX1_144[566]5
n0_DFFX1_144[566]5
[149][566]5
[149][566]5
n0_DFFX1_142[570]5
n0_DFFX1_142[570]5
[149][570]5
[149][570]5
[560]{{n1174_1}}5
[560]{{n1174_1}}9
[561]{{n1174_1}}6
[561]{{n1174_1}}9
n0_DFFX1_25[561]6
n0_DFFX1_25[561]6
[149][561]6
[149][561]5
n0_DFFX1_147[574]5
n0_DFFX1_147[574]5
[149][574]6
[149][574]5
[564]{{n1158}}5
[564]{{n1158}}8
[565]{{n1158}}5
[565]{{n1158}}8
n0_DFFX1_23[565]5
n0_DFFX1_23[565]5
[149][565]5
[149][565]5
n0_DFFX1_139[560]5
n0_DFFX1_139[560]5
[149][560]6
[149][560]5
n305[2536]19
n305[2536]19
[2537][2536]19
[2537][2536]59
[159][2537]12
[159][2537]54
[210][2537]12
[210][2537]55
[2538][2537]12
[2538][2537]59
n0_DFFSRX1_9{{n1056}}5
n0_DFFSRX1_9{{n1056}}5
n0_DFFX1_190{{n1056}}9
n0_DFFX1_190{{n1056}}5
[159]{{n1056}}9
[159]{{n1056}}8
n305{{n1056}}8
n305{{n1056}}3
[148][159]47
[148][159]6
[149][159]47
[149][159]6
n0_DFFX1_145[564]5
n0_DFFX1_145[564]5
[149][564]5
[149][564]5
n0_DFFX1_143[568]5
n0_DFFX1_143[568]5
[149][568]5
[149][568]5
n0_DFFX1_22[567]5
n0_DFFX1_22[567]5
[149][567]5
[149][567]5
n0_DFFX1_190[149]4
n0_DFFX1_190[149]4
n312[149]4
n312[149]3
n0_DFFX1_190[2538]12
n0_DFFX1_190[2538]36
n312[2538]21
n312[2538]12
n313[2538]21
n313[2538]12
[206][2538]12
[206][2538]55
n0_DFFSRX1_9n31230
n0_DFFSRX1_9n3123
n0_DFFSRX1_11n3122
n0_DFFSRX1_11n31230
[580]{{n1094}}5
[580]{{n1094}}8
[581]{{n1094}}5
[581]{{n1094}}8
n0_DFFX1_145[580]5
n0_DFFX1_145[580]5
[148][580]5
[148][580]5
n0_DFFX1_143[584]5
n0_DFFX1_143[584]5
[148][584]5
[148][584]5
n0_DFFX1_27[557]6
n0_DFFX1_27[557]6
[148][557]6
[148][557]5
n0_DFFX1_146[578]5
n0_DFFX1_146[578]5
[148][578]5
[148][578]5
n0_DFFX1_144[582]5
n0_DFFX1_144[582]5
[148][582]5
[148][582]5
[576]{{n1110}}5
[576]{{n1110}}6
[577]{{n1110}}5
[577]{{n1110}}6
n0_DFFX1_17[577]5
n0_DFFX1_17[577]5
[148][577]5
[148][577]5
[558]{{n1182_1}}5
[558]{{n1182_1}}9
[559]{{n1182_1}}6
[559]{{n1182_1}}9
n0_DFFX1_26[559]6
n0_DFFX1_26[559]6
[148][559]6
[148][559]5
n0_DFFX1_15[581]5
n0_DFFX1_15[581]5
[148][581]5
[148][581]5
n0_DFFX1_142[554]5
n0_DFFX1_142[554]5
[148][554]5
[148][554]5
n0_DFFX1_139[576]5
n0_DFFX1_139[576]5
[148][576]5
[148][576]5
n0_DFFX1_147[558]5
n0_DFFX1_147[558]5
[148][558]6
[148][558]5
n0_DFFX1_190[148]4
n0_DFFX1_190[148]4
n313[148]4
n313[148]3
n313[368]7
n313[368]32
n892[368]7
n892[368]109
n0_DFFSRX1_9n3133
n0_DFFSRX1_9n31328
n0_DFFSRX1_11n31328
n0_DFFSRX1_11n3132
n499[366]7
n499[366]34
n897[366]7
n897[366]99
[522]{{n1326}}5
[522]{{n1326}}8
[523]{{n1326}}5
[523]{{n1326}}8
n0_DFFX1_146[522]5
n0_DFFX1_146[522]5
[153][522]5
[153][522]5
n0_DFFX1_38[535]5
n0_DFFX1_38[535]5
[153][535]5
[153][535]5
[526]{{n1310_1}}5
[526]{{n1310_1}}6
[527]{{n1310_1}}5
[527]{{n1310_1}}6
n0_DFFX1_139[526]5
n0_DFFX1_139[526]5
[153][526]5
[153][526]5
n0_DFFX1_144[530]5
n0_DFFX1_144[530]5
[153][530]5
[153][530]5
[524]{{n1318}}5
[524]{{n1318}}6
[525]{{n1318}}5
[525]{{n1318}}6
n0_DFFX1_43[525]5
n0_DFFX1_43[525]5
[153][525]5
[153][525]5
[528]{{n1302}}5
[528]{{n1302}}8
[529]{{n1302}}6
[529]{{n1302}}8
n0_DFFX1_41[529]6
n0_DFFX1_41[529]6
[153][529]6
[153][529]5
[532]{{n1286}}5
[532]{{n1286}}6
[533]{{n1286}}5
[533]{{n1286}}6
n0_DFFX1_39[533]5
n0_DFFX1_39[533]5
[153][533]5
[153][533]5
n0_DFFX1_142[524]5
n0_DFFX1_142[524]5
[153][524]5
[153][524]5
n0_DFFX1_145[528]5
n0_DFFX1_145[528]5
[153][528]6
[153][528]5
n0_DFFX1_143[532]5
n0_DFFX1_143[532]5
[153][532]5
[153][532]5
n0_DFFX1_44[523]5
n0_DFFX1_44[523]5
[153][523]5
[153][523]5
n0_DFFX1_147[536]5
n0_DFFX1_147[536]5
[153][536]5
[153][536]5
n0_DFFX1_42[527]5
n0_DFFX1_42[527]5
[153][527]5
[153][527]5
n0_DFFX1_190[153]4
n0_DFFX1_190[153]4
n499[153]4
n499[153]3
n0_DFFSRX1_9n4993
n0_DFFSRX1_9n49910
n0_DFFSRX1_11n4992
n0_DFFSRX1_11n49910
n450[367]7
n450[367]32
n894[367]7
n894[367]95
[548]{{n1222}}5
[548]{{n1222}}9
[549]{{n1222}}6
[549]{{n1222}}9
n0_DFFX1_31[549]6
n0_DFFX1_31[549]6
[152][549]6
[152][549]5
[552]{{n1206_1}}5
[552]{{n1206_1}}9
[553]{{n1206_1}}6
[553]{{n1206_1}}9
n0_DFFX1_29[553]6
n0_DFFX1_29[553]6
[152][553]6
[152][553]5
n0_DFFX1_144[544]5
n0_DFFX1_144[544]5
[152][544]5
[152][544]5
n0_DFFX1_142[548]5
n0_DFFX1_142[548]5
[152][548]6
[152][548]5
[538]{{n1262}}5
[538]{{n1262}}6
[539]{{n1262}}5
[539]{{n1262}}6
n0_DFFX1_36[539]5
n0_DFFX1_36[539]5
[152][539]5
[152][539]5
n0_DFFX1_147[552]5
n0_DFFX1_147[552]5
[152][552]6
[152][552]5
[542]{{n1246_1}}5
[542]{{n1246_1}}8
[543]{{n1246_1}}6
[543]{{n1246_1}}8
n0_DFFX1_34[543]6
n0_DFFX1_34[543]6
[152][543]6
[152][543]5
n0_DFFX1_139[538]5
n0_DFFX1_139[538]5
[152][538]5
[152][538]5
n0_DFFX1_145[542]5
n0_DFFX1_145[542]5
[152][542]6
[152][542]5
n0_DFFX1_143[546]5
n0_DFFX1_143[546]5
[152][546]5
[152][546]5
[540]{{n1254_1}}5
[540]{{n1254_1}}8
[541]{{n1254_1}}6
[541]{{n1254_1}}8
n0_DFFX1_35[541]6
n0_DFFX1_35[541]6
[152][541]6
[152][541]5
n0_DFFX1_146[540]5
n0_DFFX1_146[540]5
[152][540]6
[152][540]5
n0_DFFX1_190[152]4
n0_DFFX1_190[152]4
n450[152]4
n450[152]3
n0_DFFSRX1_9n45010
n0_DFFSRX1_9n4503
n0_DFFSRX1_11n45010
n0_DFFSRX1_11n4502
n0_DFFSRX1_300[459]7
n0_DFFSRX1_300[459]7
[168][459]7
[168][459]105
n0_DFFSRX1_306[460]7
n0_DFFSRX1_306[460]7
[167][460]7
[167][460]94
n0_DFFSRX1_362[437]7
n0_DFFSRX1_362[437]7
[166][437]7
[166][437]70
n0_DFFSRX1_370[455]7
n0_DFFSRX1_370[455]7
[166][455]7
[166][455]89
n0_DFFSRX1_364[473]7
n0_DFFSRX1_364[473]7
[166][473]7
[166][473]115
n0_DFFSRX1_358[479]7
n0_DFFSRX1_358[479]7
[166][479]7
[166][479]65
n0_DFFSRX1_368[449]7
n0_DFFSRX1_368[449]7
[166][449]7
[166][449]86
n662[166]19
n662[166]81
[144][166]19
[144][166]64
n0_DFFSRX1_220[376]15
n0_DFFSRX1_220[376]15
n336[376]15
n336[376]150
n554[376]15
n554[376]150
[144][2620]19
[144][2620]160
[191][2620]239
[191][2620]19
n336[369]15
n336[369]74
[191][369]82
[191][369]15
n0_DFFSRX1_461[2618]27
n0_DFFSRX1_461[2618]24
[144][2618]24
[144][2618]186
[191][2618]24
[191][2618]160
[144][2631]19
[144][2631]81
[191][2631]19
[191][2631]60
[144]{{n2574}}19
[144]{{n2574}}26
[191]{{n2574}}19
[191]{{n2574}}11
n0_DFFSRX1_461[2630]27
n0_DFFSRX1_461[2630]24
[144][2630]27
[144][2630]201
[191][2630]27
[191][2630]207
n0_DFFSRX1_220[191]842
n0_DFFSRX1_220[191]11
n554[191]11
n554[191]922
[518]n55423
[518]n5542778
[519]n55423
[519]n5542778
[520]n55423
[520]n5542778
[521]n55423
[521]n5542778
n662[519]23
n662[519]1725
n1155[519]23
n1155[519]2704
[388][207]13
[388][207]38
[389][207]13
[389][207]38
n0_DFFSRX1_310[389]13
n0_DFFSRX1_310[389]9
n662[389]13
n662[389]36
n0_DFFSRX1_288n6623319
n0_DFFSRX1_288n662119
n0_DFFSRX1_496n6626584
n0_DFFSRX1_496n662119
n0_DFFSRX1_288{{n1986}}5
n0_DFFSRX1_288{{n1986}}5
[200]{{n1986}}5
[200]{{n1986}}9
[2844]{{n1986}}8
[2844]{{n1986}}10
n0_DFFX1_407[2844]8
n0_DFFX1_407[2844]6
n305[2844]8
n305[2844]8
[218][2844]8
[218][2844]7
n657[218]6
n657[218]7
n664[218]6
n664[218]7
n664[520]23
n664[520]1725
n915[520]23
n915[520]2704
n0_DFFSRX1_310[388]9
n0_DFFSRX1_310[388]13
n664[388]13
n664[388]36
n0_DFFSRX1_320[454]7
n0_DFFSRX1_320[454]7
[167][454]7
[167][454]89
n0_DFFSRX1_316[472]7
n0_DFFSRX1_316[472]7
[167][472]7
[167][472]113
n0_DFFSRX1_322[478]7
n0_DFFSRX1_322[478]7
[167][478]7
[167][478]65
n0_DFFSRX1_318[466]7
n0_DFFSRX1_318[466]7
[167][466]7
[167][466]66
n0_DFFSRX1_314[436]7
n0_DFFSRX1_314[436]7
[167][436]7
[167][436]68
n664[167]19
n664[167]81
[144][167]19
[144][167]64
n0_DFFSRX1_288n6643163
n0_DFFSRX1_288n664181
n0_DFFSRX1_496n664181
n0_DFFSRX1_496n6644296
n657[521]23
n657[521]1725
n914[521]23
n914[521]2704
[386][216]13
[386][216]38
[387][216]13
[387][216]38
n0_DFFSRX1_310[387]13
n0_DFFSRX1_310[387]9
n657[387]13
n657[387]36
n0_DFFSRX1_334[477]7
n0_DFFSRX1_334[477]7
[168][477]7
[168][477]67
n0_DFFSRX1_324[435]7
n0_DFFSRX1_324[435]7
[168][435]7
[168][435]69
n657[168]18
n657[168]71
[144][168]18
[144][168]64
n0_DFFSRX1_288n657179
n0_DFFSRX1_288n6573
n0_DFFSRX1_496n6576652
n0_DFFSRX1_496n657179
n0_DFFSRX1_310[386]9
n0_DFFSRX1_310[386]13
n659[386]13
n659[386]36
n0_DFFSRX1_380[446]7
n0_DFFSRX1_380[446]7
[169][446]7
[169][446]87
n0_DFFSRX1_376[464]7
n0_DFFSRX1_376[464]7
[169][464]7
[169][464]65
n0_DFFSRX1_372[434]7
n0_DFFSRX1_372[434]7
[169][434]7
[169][434]69
n0_DFFSRX1_378[452]7
n0_DFFSRX1_378[452]7
[169][452]7
[169][452]68
n0_DFFSRX1_351[458]7
n0_DFFSRX1_351[458]7
[169][458]7
[169][458]99
n0_DFFSRX1_382[476]7
n0_DFFSRX1_382[476]7
[169][476]7
[169][476]59
n659[169]18
n659[169]83
[144][169]18
[144][169]64
n659[518]23
n659[518]1725
n1162[518]23
n1162[518]2704
n0_DFFSRX1_288n659116
n0_DFFSRX1_288n6593231
n0_DFFSRX1_496n659116
n0_DFFSRX1_496n6597222
n0_DFFX1_35[393]6
n0_DFFX1_35[393]6
[170][393]6
[170][393]32
n0_DFFX1_34[355]6
n0_DFFX1_34[355]6
[170][355]6
[170][355]18
n0_DFFX1_31[373]6
n0_DFFX1_31[373]6
[170][373]6
[170][373]29
[336]{{n1913}}6
[336]{{n1913}}15
[337]{{n1913}}6
[337]{{n1913}}15
[338]{{n1913}}6
[338]{{n1913}}15
[339]{{n1913}}6
[339]{{n1913}}15
[340]{{n1913}}4
[340]{{n1913}}15
[341]{{n1913}}4
[341]{{n1913}}15
[342]{{n1913}}4
[342]{{n1913}}15
n0_DFFX1_36[339]6
n0_DFFX1_36[339]6
[170][339]6
[170][339]14
n0_DFFX1_29[349]6
n0_DFFX1_29[349]6
[170][349]6
[170][349]35
n306[170]17
n306[170]31
n894[170]17
n894[170]244
n0_DFFX1_42[336]6
n0_DFFX1_42[336]6
[173][336]6
[173][336]13
n0_DFFX1_44[390]6
n0_DFFX1_44[390]6
[173][390]6
[173][390]51
n0_DFFX1_38[359]6
n0_DFFX1_38[359]6
[173][359]6
[173][359]41
n0_DFFX1_39[377]6
n0_DFFX1_39[377]6
[173][377]6
[173][377]93
n0_DFFX1_41[352]6
n0_DFFX1_41[352]6
[173][352]6
[173][352]14
n0_DFFX1_43[370]6
n0_DFFX1_43[370]6
[173][370]6
[173][370]29
n306[173]17
n306[173]31
n897[173]17
n897[173]250
n0_DFFX1_17[337]6
n0_DFFX1_17[337]6
[172][337]6
[172][337]14
n0_DFFX1_27[360]6
n0_DFFX1_27[360]6
[172][360]6
[172][360]41
n0_DFFX1_26[347]6
n0_DFFX1_26[347]6
[172][347]6
[172][347]35
n0_DFFX1_15[353]6
n0_DFFX1_15[353]6
[172][353]6
[172][353]18
n306[172]17
n306[172]31
n892[172]17
n892[172]232
n0_DFFX1_23[354]6
n0_DFFX1_23[354]6
[171][354]6
[171][354]18
n0_DFFX1_20[372]6
n0_DFFX1_20[372]6
[171][372]6
[171][372]29
n0_DFFX1_22[332]6
n0_DFFX1_22[332]6
[171][332]6
[171][332]56
n0_DFFX1_25[338]6
n0_DFFX1_25[338]6
[171][338]6
[171][338]13
n0_DFFX1_18[348]6
n0_DFFX1_18[348]6
[171][348]6
[171][348]43
n306[171]16
n306[171]31
n899[171]16
n899[171]255
adr_i[0]n30623
adr_i[0]n306372
adr_i[1]n306372
adr_i[1]n30622
n0_DFFSRX1_453[341]4
n0_DFFSRX1_453[341]4
n904[341]4
n904[341]14
n0_DFFSRX1_494[395]4
n0_DFFSRX1_494[395]4
n904[395]4
n904[395]54
n0_DFFSRX1_490[364]4
n0_DFFSRX1_490[364]4
n904[364]4
n904[364]42
n0_DFFSRX1_457[351]4
n0_DFFSRX1_457[351]4
n904[351]4
n904[351]46
n0_DFFSRX1_455[357]4
n0_DFFSRX1_455[357]4
n904[357]4
n904[357]19
n0_DFFSRX1_461[375]4
n0_DFFSRX1_461[375]4
n904[375]4
n904[375]30
n0_DFFSRX1_477[335]4
n0_DFFSRX1_477[335]4
n904[335]4
n904[335]60
adr_i[0]n9043
adr_i[0]n90425
adr_i[1]n9042
adr_i[1]n90425
n0_DFFSRX1_434[340]4
n0_DFFSRX1_434[340]4
n907[340]4
n907[340]14
n0_DFFSRX1_418[394]4
n0_DFFSRX1_418[394]4
n907[394]4
n907[394]55
n0_DFFSRX1_410[363]4
n0_DFFSRX1_410[363]4
n907[363]4
n907[363]42
n0_DFFSRX1_414[381]4
n0_DFFSRX1_414[381]4
n907[381]4
n907[381]97
n0_DFFSRX1_408[350]4
n0_DFFSRX1_408[350]4
n907[350]4
n907[350]46
n0_DFFSRX1_412[374]4
n0_DFFSRX1_412[374]4
n907[374]4
n907[374]30
adr_i[0]n90726
adr_i[0]n9073
adr_i[1]n90726
adr_i[1]n9072
n0_DFFX1_7[342]4
n0_DFFX1_7[342]4
n336[342]4
n336[342]14
adr_i[0]n336133
adr_i[0]n336265
adr_i[1]n3369795
adr_i[1]n336133
[601][206]8
[601][206]55
[602][206]8
[602][206]55
n0_DFFSRX1_11[602]19
n0_DFFSRX1_11[602]8
n892[602]8
n892[602]53
n892[217]11
n892[217]15
n899[217]11
n899[217]15
n0_DFFSRX1_286n892170
n0_DFFSRX1_286n89269
n0_DFFSRX1_294n89269
n0_DFFSRX1_294n892154
[599][210]8
[599][210]55
[600][210]8
[600][210]55
n0_DFFSRX1_11[600]19
n0_DFFSRX1_11[600]8
n894[600]8
n894[600]53
n0_DFFSRX1_286n89443
n0_DFFSRX1_286n894163
n0_DFFSRX1_294n89443
n0_DFFSRX1_294n894365
n0_DFFSRX1_11[601]8
n0_DFFSRX1_11[601]19
n897[601]8
n897[601]53
n0_DFFSRX1_286n897154
n0_DFFSRX1_286n89737
n0_DFFSRX1_294n897411
n0_DFFSRX1_294n89737
n0_DFFSRX1_11[599]8
n0_DFFSRX1_11[599]19
n899[599]8
n899[599]53
n0_DFFSRX1_286n89965
n0_DFFSRX1_286n8993
n0_DFFSRX1_294n899439
n0_DFFSRX1_294n89965
n0_DFFSRX1_176[179]33
n0_DFFSRX1_176[179]45
[161][179]41
[161][179]45
n0_DFFSRX1_186[161]30
n0_DFFSRX1_186[161]47
[157][161]36
[157][161]47
n0_DFFSRX1_172[157]25
n0_DFFSRX1_172[157]47
n641[157]47
n641[157]35
n0_DFFSRX1_174n64124
n0_DFFSRX1_174n64150
n0_DFFSRX1_180n64122
n0_DFFSRX1_180n64150
n0_DFFSRX1_182n64118
n0_DFFSRX1_182n64150
n0_DFFSRX1_184n64114
n0_DFFSRX1_184n64150
n0_DFFX1_241{{dat_o[7]}}2
n0_DFFX1_241{{dat_o[7]}}2
n0_DFFSRX1_308n116228
n0_DFFSRX1_308n11623
n0_DFFSRX1_310n116228
n0_DFFSRX1_310n11622
n0_DFFSRX1_308n11553
n0_DFFSRX1_308n115528
n0_DFFSRX1_310n11552
n0_DFFSRX1_310n115528
n0_DFFSRX1_308n91443
n0_DFFSRX1_308n9143
n0_DFFSRX1_310n9142
n0_DFFSRX1_310n91443
n0_DFFSRX1_308n9153
n0_DFFSRX1_308n91541
n0_DFFSRX1_310n91541
n0_DFFSRX1_310n9152
[224]{{n2840}}5
[224]{{n2840}}6
[225]{{n2840}}5
[225]{{n2840}}6
n0_DFFSRX1_496[225]5
n0_DFFSRX1_496[225]5
[200][225]5
[200][225]6
n0_DFFX1_407[200]17
n0_DFFX1_407[200]24
n305[200]24
n305[200]3
[586]{{n1070}}5
[586]{{n1070}}5
[587]{{n1070}}5
[587]{{n1070}}5
n0_DFFSRX1_11[587]5
n0_DFFSRX1_11[587]5
n0_DFFX1_190[587]5
n0_DFFX1_190[587]5
n305[587]5
n305[587]3
n0_DFFX1_407[224]5
n0_DFFX1_407[224]5
n0_DFFSRX1_496[224]5
n0_DFFSRX1_496[224]5
n305[224]5
n305[224]3
n0_DFFSRX1_11[586]5
n0_DFFSRX1_11[586]5
n0_DFFX1_190[586]5
n0_DFFX1_190[586]5
n305[586]5
n305[586]3
rst_in30535
rst_in3053
n0_DFFSRX1_494n30535
n0_DFFSRX1_494n3052
n0_DFFX1_223{{dat_o[2]}}2
n0_DFFX1_223{{dat_o[2]}}2
[592]{{n1031}}6
[592]{{n1031}}8
[593]{{n1031}}4
[593]{{n1031}}8
[594]{{n1031}}5
[594]{{n1031}}8
[595]{{n1031}}3
[595]{{n1031}}8
n0_DFFSRX1_418[595]3
n0_DFFSRX1_418[595]3
n0_DFFSRX1_494[595]8
n0_DFFSRX1_494[595]3
n0_DFFSRX1_418[594]5
n0_DFFSRX1_418[594]6
[164][594]7
[164][594]5
n0_DFFSRX1_118{{sck_o}}2
n0_DFFSRX1_118{{sck_o}}2
n0_DFFSRX1_188[513]5
n0_DFFSRX1_188[513]17
[203][513]5
[203][513]191
n0_DFFSRX1_128[223]21
n0_DFFSRX1_128[223]4
n0_DFFSRX1_188[223]23
n0_DFFSRX1_188[223]21
n0_DFFSRX1_494[223]21
n0_DFFSRX1_494[223]2
n0_DFFSRX1_494[158]33
n0_DFFSRX1_494[158]4
n584[158]33
n584[158]3
n0_DFFSRX1_494[203]24
n0_DFFSRX1_494[203]5
n564[203]359
n564[203]24
n584[203]77
n584[203]24
n0_DFFSRX1_128n5843
n0_DFFSRX1_128n5843
n0_DFFSRX1_188n5843
n0_DFFSRX1_188n5842
n0_DFFSRX1_494[144]4
n0_DFFSRX1_494[144]4
n564[144]4
n564[144]397
n0_DFFSRX1_128n5643
n0_DFFSRX1_128n5643
n0_DFFSRX1_188n56460
n0_DFFSRX1_188n5643
n0_DFFSRX1_742{{ack_o}}2
n0_DFFSRX1_742{{ack_o}}2
n0_DFFSRX1_5[593]4
n0_DFFSRX1_5[593]4
n0_DFFX1_190[593]8
n0_DFFX1_190[593]4
n0_DFFSRX1_494[593]4
n0_DFFSRX1_494[593]3
n0_DFFSRX1_1[592]6
n0_DFFSRX1_1[592]6
n0_DFFSRX1_494[592]6
n0_DFFSRX1_494[592]5
[164][592]7
[164][592]6
[2534]{{n1008_1}}5
[2534]{{n1008_1}}8
[2535]{{n1008_1}}7
[2535]{{n1008_1}}8
n0_DFFSRX1_1[2535]6
n0_DFFSRX1_1[2535]6
[164][2535]7
[164][2535]6
n0_DFFSRX1_494[2535]9
n0_DFFSRX1_494[2535]3
n0_DFFSRX1_434[2535]7
n0_DFFSRX1_434[2535]7
n0_DFFSRX1_1[2534]5
n0_DFFSRX1_1[2534]5
n0_DFFSRX1_494[2534]5
n0_DFFSRX1_494[2534]6
[164][2534]5
[164][2534]7
n0_DFFSRX1_1[591]15
n0_DFFSRX1_1[591]15
[164][591]16
[164][591]15
n0_DFFX1_204{{dat_o[6]}}2
n0_DFFX1_204{{dat_o[6]}}2
n0_DFFX1_222{{dat_o[3]}}2
n0_DFFX1_222{{dat_o[3]}}2
n0_DFFSRX1_5[164]18
n0_DFFSRX1_5[164]6
n0_DFFX1_190[164]6
n0_DFFX1_190[164]30
n0_DFFSRX1_410[186]11
n0_DFFSRX1_410[186]51
n0_DFFSRX1_457[186]8
n0_DFFSRX1_457[186]51
n0_DFFX1_224{{dat_o[1]}}2
n0_DFFX1_224{{dat_o[1]}}2
n0_DFFX1_139{{mosi_o}}2
n0_DFFX1_139{{mosi_o}}2
n0_DFFX1_7{{n3282}}3
n0_DFFX1_7{{n3282}}3
n0_DFFSRX1_453{{n3282}}3
n0_DFFSRX1_453{{n3282}}2
duration = 0.185262sec.

Transcirc
cut{{n1602}}
delete_node_ex5
cost:2589

n450
minus[367]1
minus[152]-1



n914
minus[521]1
minus[2750]-1
minus[150]-1



n894
minus[367]1
minus[600]1
minus[170]1



n915
minus[151]-1
minus[520]1
minus[2750]-1



n659
minus[386]1
minus[169]1
minus[518]1



[201]
minus{{n1016_1}}1
minus{{n1972}}1
minus[325]1



[513]
minus[220]1



[208]
minus{{n1728}}1
minus[221]1



[2630]
minus[2629]2



[488]



[200]
minus{{n1844}}1
minus{{n1986}}1
minus[225]1



[214]
minus[2729]1



{{n1428}}
cut[501]



[498]
minus[496]1



[497]
minus{{n1479}}1



[212]
minus[2635]1
cut[492]
cut[493]
cut{{n1479}}


wire16
two_wire28
delete_node25
cost:2550
