
outfunc
duration = 0.048186sec.

cost:3253
CSPF
duration = 0.146064sec.

Transcirc

[367]
minus{{n2161}}1



[126]
minus{{n1459}}1



[2968]
minus{{n1459}}5


cut[113]
cut[2993]

[2992]
minus[2991]2



[3104]
minus{{n2006}}3



[2957]
minus[2956]2



[2950]
minus{{n1417}}1



[101]



[384]
minus{{n2063}}1


cut[82]

[3093]
minus{{n1964}}5


cut[224]

[3026]
minus[3025]2
cut[588]
cut[316]
cut[589]
cut[590]
cut[3027]
cut[245]
cutn784
cut[138]
cutn777



[3006]
minus{{n1544}}2



[2997]
minus[2996]2



[3030]
minus{{n1605}}5


cut[88]

[3122]
minus{{n2133}}3



[274]
minus[2975]1
cut[2981]



[468]
minusn11883
cut[470]



[3079]
minusn11884


wire18
two_wire17
delete_node54
cost:2746
