
outfunc
duration = 0.813527sec.

cost:7057
CSPF
duration = 6.35399sec.

Transcirc
delete_node_ex7
cost:7023

[4463]
minus{{g4841}}1



[4482]
minus{{g4841}}1



[4672]
minus{{g4846}}1



[4642]
minus{{g4856}}1



{{g4424}}
minus[4807]2
cut[4603]
cut[4604]



{{g4123}}
minus[4809]1



[4634]
minus{{g4853}}1



[4874]
minus{{g4852}}1



[4875]
minus{{g4852}}1



[4601]
minus{{g4855}}1



[4640]
minus{{g4851}}1



[4635]
minus{{g4849}}1



[4597]
minus{{g4844}}1



[4598]
minus{{g4844}}1



[4741]
minus[4740]2



[4665]
minus{{g4843}}1



[4748]
minus[4747]1
cut[4761]



[317]
cut[4751]
cut[4752]



[4789]
minus[4788]1



[4578]
minus{{g4847}}1



[4823]
minus{{g6596}}1



[4713]
minus{{g4845}}1


wire22
two_wire21
delete_node34
cost:6945
