
outfunc
duration = 0.052213sec.

cost:3299
CSPF
[218]{{y7}}1
[218]{{y7}}63
[430]{{y7}}41
[430]{{y7}}63
[431]{{y7}}41
[431]{{y7}}63
[432]{{y7}}18
[432]{{y7}}63
[217]{{y7}}68
[217]{{y7}}25
[3170]{{y7}}177
[3170]{{y7}}147
[218][3170]17
[218][3170]64
[430][3170]58
[430][3170]64
[431][3170]58
[431][3170]64
[432][3170]23
[432][3170]64
[427][3170]95
[427][3170]98
[3171][3170]92
[3171][3170]147
n[427]1
n[427]14
[164][427]14
[164][427]95
f[427]95
f[427]90
[139][427]3
[139][427]95
d2{{l7}}1
d2{{l7}}36
[207]{{l7}}1
[207]{{l7}}15
[211]{{l7}}33
[211]{{l7}}59
c2{{l7}}33
c2{{l7}}59
[3128]{{l7}}79
[3128]{{l7}}95
[213][3128]1
[213][3128]95
[3129][3128]79
[3129][3128]95
d2[3129]35
d2[3129]34
[212][3129]35
[212][3129]52
[3130][3129]63
[3130][3129]95
v[3130]63
v[3130]10
[235][3130]63
[235][3130]62
c2{{k7}}1
c2{{k7}}34
[207]{{k7}}1
[207]{{k7}}14
[211]{{k7}}33
[211]{{k7}}56
b2{{k7}}33
b2{{k7}}56
[3124]{{k7}}87
[3124]{{k7}}93
[213][3124]1
[213][3124]93
[3125][3124]87
[3125][3124]93
c2[3125]33
c2[3125]32
[212][3125]33
[212][3125]54
[3126][3125]60
[3126][3125]93
u[3126]60
u[3126]10
[234][3126]60
[234][3126]59
{{p6}}{{v6}}219
{{p6}}{{v6}}221
[195]{{v6}}221
[195]{{v6}}9
[3066]{{v6}}6
[3066]{{v6}}352
n0[3066]6
n0[3066]6
p0[3066]6
p0[3066]5
m1[3066]219
m1[3066]6
[139][3066]3
[139][3066]6
{{p6}}{{v9}}96
{{p6}}{{v9}}143
a25{{v9}}110
a25{{v9}}96
[3270]{{v9}}108
[3270]{{v9}}192
[139]{{p6}}1
[139]{{p6}}124
[168]{{p6}}124
[168]{{p6}}240
[208]{{p6}}124
[208]{{p6}}181
[220]{{p6}}124
[220]{{p6}}27
[253]{{p6}}104
[253]{{p6}}271
g25[208]181
g25[208]57
[693][208]108
[693][208]181
[694][208]54
[694][208]181
[695][208]39
[695][208]181
z0[695]39
z0[695]59
[173][695]177
[173][695]39
a1[694]54
a1[694]81
l1[694]126
l1[694]54
[149][694]54
[149][694]53
b1[693]108
b1[693]126
[149][693]108
[149][693]90
[175][693]108
[175][693]61
l25[3270]111
l25[3270]108
[139][3270]10
[139][3270]108
[168][3270]108
[168][3270]101
[3252]{{q9}}95
[3252]{{q9}}156
[3253]{{q9}}190
[3253]{{q9}}156
h4[3252]95
h4[3252]87
a25[3252]95
a25[3252]163
[181][3252]17
[181][3252]95
w3{{f9}}75
w3{{f9}}75
[143]{{f9}}75
[143]{{f9}}126
[3216]{{f9}}125
[3216]{{f9}}224
k4[3216]125
k4[3216]133
a25[3216]167
a25[3216]125
j28[3216]208
j28[3216]125
j25[3216]9
j25[3216]125
[3258]{{s9}}155
[3258]{{s9}}170
[3259]{{s9}}83
[3259]{{s9}}170
[3260]{{s9}}266
[3260]{{s9}}170
j4[3259]83
j4[3259]75
a25[3259]83
a25[3259]316
[151][3259]4
[151][3259]83
d3{{m8}}80
d3{{m8}}80
[143]{{m8}}80
[143]{{m8}}81
[3197]{{m8}}80
[3197]{{m8}}116
e3[3197]80
e3[3197]80
[145][3197]80
[145][3197]80
o3{{x8}}82
o3{{x8}}82
[143]{{x8}}82
[143]{{x8}}81
[3208]{{x8}}80
[3208]{{x8}}112
p3[3208]80
p3[3208]80
[145][3208]80
[145][3208]82
s3{{b9}}77
s3{{b9}}77
[143]{{b9}}77
[143]{{b9}}81
[3212]{{b9}}80
[3212]{{b9}}123
t3[3212]80
t3[3212]80
[145][3212]80
[145][3212]77
j3{{s8}}82
j3{{s8}}82
[143]{{s8}}82
[143]{{s8}}81
[3203]{{s8}}80
[3203]{{s8}}112
k3[3203]80
k3[3203]80
[145][3203]80
[145][3203]82
c3{{l8}}75
c3{{l8}}75
[143]{{l8}}75
[143]{{l8}}79
[3196]{{l8}}78
[3196]{{l8}}138
d3[3196]78
d3[3196]78
[145][3196]78
[145][3196]76
n3{{w8}}82
n3{{w8}}82
[143]{{w8}}82
[143]{{w8}}81
[3207]{{w8}}80
[3207]{{w8}}112
o3[3207]80
o3[3207]80
[145][3207]80
[145][3207]82
r3{{a9}}80
r3{{a9}}80
[143]{{a9}}80
[143]{{a9}}76
[3211]{{a9}}75
[3211]{{a9}}127
s3[3211]75
s3[3211]75
[145][3211]75
[145][3211]80
a3{{j8}}75
a3{{j8}}75
[143]{{j8}}75
[143]{{j8}}79
[3191]{{j8}}78
[3191]{{j8}}138
b3[3191]78
b3[3191]78
[145][3191]78
[145][3191]76
i3{{r8}}74
i3{{r8}}74
[143]{{r8}}74
[143]{{r8}}81
[3202]{{r8}}80
[3202]{{r8}}122
j3[3202]80
j3[3202]80
[145][3202]80
[145][3202]74
v3{{e9}}80
v3{{e9}}80
[143]{{e9}}80
[143]{{e9}}76
[3215]{{e9}}74
[3215]{{e9}}147
w3[3215]74
w3[3215]74
[145][3215]74
[145][3215]80
b3{{k8}}80
b3{{k8}}80
[143]{{k8}}80
[143]{{k8}}76
[3195]{{k8}}74
[3195]{{k8}}139
c3[3195]74
c3[3195]74
[145][3195]74
[145][3195]80
m3{{v8}}77
m3{{v8}}77
[143]{{v8}}77
[143]{{v8}}81
[3206]{{v8}}80
[3206]{{v8}}123
n3[3206]80
n3[3206]80
[145][3206]80
[145][3206]77
q3{{z8}}77
q3{{z8}}77
[143]{{z8}}77
[143]{{z8}}79
[3210]{{z8}}78
[3210]{{z8}}127
r3[3210]78
r3[3210]78
[145][3210]78
[145][3210]77
h3{{q8}}80
h3{{q8}}80
[143]{{q8}}80
[143]{{q8}}73
[3201]{{q8}}72
[3201]{{q8}}102
i3[3201]72
i3[3201]72
[145][3201]72
[145][3201]80
f3{{o8}}78
f3{{o8}}78
[143]{{o8}}78
[143]{{o8}}76
[3199]{{o8}}74
[3199]{{o8}}127
g3[3199]74
g3[3199]74
[145][3199]74
[145][3199]78
u3{{d9}}74
u3{{d9}}74
[143]{{d9}}74
[143]{{d9}}79
[3214]{{d9}}78
[3214]{{d9}}94
v3[3214]78
v3[3214]78
[145][3214]78
[145][3214]74
l3{{u8}}82
l3{{u8}}82
[143]{{u8}}82
[143]{{u8}}76
[3205]{{u8}}75
[3205]{{u8}}123
m3[3205]75
m3[3205]75
[145][3205]75
[145][3205]82
g3{{p8}}75
g3{{p8}}75
[143]{{p8}}75
[143]{{p8}}79
[3200]{{p8}}78
[3200]{{p8}}138
h3[3200]78
h3[3200]78
[145][3200]78
[145][3200]76
e3{{n8}}82
e3{{n8}}82
[143]{{n8}}82
[143]{{n8}}77
[3198]{{n8}}76
[3198]{{n8}}119
f3[3198]76
f3[3198]76
[145][3198]76
[145][3198]82
p3{{y8}}82
p3{{y8}}82
[143]{{y8}}82
[143]{{y8}}76
[3209]{{y8}}75
[3209]{{y8}}123
q3[3209]75
q3[3209]75
[145][3209]75
[145][3209]82
t3{{c9}}82
t3{{c9}}82
[143]{{c9}}82
[143]{{c9}}73
[3213]{{c9}}72
[3213]{{c9}}122
u3[3213]72
u3[3213]72
[145][3213]72
[145][3213]82
k3{{t8}}82
k3{{t8}}82
[143]{{t8}}82
[143]{{t8}}81
[3204]{{t8}}80
[3204]{{t8}}112
l3[3204]80
l3[3204]80
[145][3204]80
[145][3204]82
k4[145]292
k4[145]292
a25[145]289
a25[145]292
[141][145]125
[141][145]292
[3254][3253]139
[3254][3253]156
[3255][3253]23
[3255][3253]156
g1[3254]80
g1[3254]139
h4[3254]139
h4[3254]155
k4[3254]139
k4[3254]184
a25[3254]217
a25[3254]139
[252][3254]139
[252][3254]158
k4{{w9}}68
k4{{w9}}68
a25{{w9}}60
a25{{w9}}68
j4[3258]139
j4[3258]155
k4[3258]155
k4[3258]203
{{l5}}[3258]139
{{l5}}[3258]155
a25[3258]211
a25[3258]155
j28[3258]105
j28[3258]155
[168][3258]155
[168][3258]13
j4[3260]266
j4[3260]266
[3261][3260]266
[3261][3260]227
k4[3261]225
k4[3261]263
[151][3261]4
[151][3261]263
[3262][3261]245
[3262][3261]227
g1[3262]218
g1[3262]245
a25[3262]437
a25[3262]245
[214][3262]245
[214][3262]242
[3249]{{p9}}172
[3249]{{p9}}180
[3250]{{p9}}257
[3250]{{p9}}180
s23[3250]15
s23[3250]15
z29[3250]15
z29[3250]258
r23[3250]369
r23[3250]10
{{m9}}[3250]16
{{m9}}[3250]260
[3251][3250]176
[3251][3250]180
z29[252]17
z29[252]148
[169][252]148
[169][252]158
{{m9}}[252]158
{{m9}}[252]89
f4[3251]100
f4[3251]130
g4[3251]130
g4[3251]130
[165][3251]172
[165][3251]104
{{o9}}[3251]257
{{o9}}[3251]176
g4[3249]172
g4[3249]179
{{o9}}[3249]172
{{o9}}[3249]172
c30[3249]172
c30[3249]16
[151][3249]19
[151][3249]172
[181]{{o9}}30
[181]{{o9}}167
[288]{{o9}}96
[288]{{o9}}167
[289]{{o9}}163
[289]{{o9}}167
f4[289]163
f4[289]121
[187][289]163
[187][289]104
f4[288]104
f4[288]96
[187][288]121
[187][288]96
e4[187]142
e4[187]107
{{n9}}[187]249
{{n9}}[187]142
[181]{{n9}}59
[181]{{n9}}142
[291]{{n9}}134
[291]{{n9}}142
[292]{{n9}}228
[292]{{n9}}142
e4[291]142
e4[291]134
[193][291]1
[193][291]134
e4[292]228
e4[292]1
[193][292]228
[193][292]142
{{m9}}[193]202
{{m9}}[193]188
[178][193]43
[178][193]202
[189]{{m9}}275
[189]{{m9}}44
[253]{{m9}}104
[253]{{m9}}275
[3243]{{m9}}288
[3243]{{m9}}275
d4[3243]197
d4[3243]124
[151][3243]127
[151][3243]197
[177][3243]197
[177][3243]248
[3244][3243]144
[3244][3243]275
g1[3244]144
g1[3244]144
k4[3244]144
k4[3244]256
a25[3244]314
a25[3244]144
[178][3244]186
[178][3244]144
l25a25208
l25a2559
[139]a253
[139]a25208
[141][143]554
[141][143]461
[177][143]287
[177][143]461
[139][143]3
[139][143]317
k4[177]1018
k4[177]498
l25[177]1018
l25[177]717
b1l2543
b1l25147
l1l25147
l1l2539
[149]l2559
[149]l2592
[155]l2559
[155]l2565
[175]l2559
[175]l2537
[176]l2559
[176]l2517
z0[149]50
z0[149]119
j1[149]119
j1[149]49
p1{{x6}}1
p1{{x6}}38
[207]{{x6}}1
[207]{{x6}}15
[211]{{x6}}35
[211]{{x6}}60
o1{{x6}}35
o1{{x6}}60
[3073]{{x6}}68
[3073]{{x6}}65
[213][3073]1
[213][3073]65
[3074][3073]68
[3074][3073]65
p1[3074]35
p1[3074]34
[212][3074]35
[212][3074]53
[3075][3074]45
[3075][3074]65
i0[3075]45
i0[3075]10
[222][3075]45
[222][3075]44
[155][220]124
[155][220]22
[176][220]124
[176][220]11
j25[220]1
j25[220]27
y0[176]33
y0[176]14
i1[176]14
i1[176]31
b2{{j7}}1
b2{{j7}}36
[207]{{j7}}1
[207]{{j7}}14
[211]{{j7}}35
[211]{{j7}}62
a2{{j7}}35
a2{{j7}}61
[3120]{{j7}}69
[3120]{{j7}}67
[213][3120]1
[213][3120]67
[3121][3120]69
[3121][3120]67
b2[3121]33
b2[3121]32
[212][3121]33
[212][3121]55
[3122][3121]44
[3122][3121]67
t[3122]44
t[3122]10
[233][3122]44
[233][3122]43
k2{{s7}}1
k2{{s7}}34
[207]{{s7}}1
[207]{{s7}}14
[211]{{s7}}33
[211]{{s7}}57
j2{{s7}}33
j2{{s7}}56
[3156]{{s7}}63
[3156]{{s7}}56
[213][3156]1
[213][3156]56
[3157][3156]63
[3157][3156]56
k2[3157]33
k2[3157]32
[212][3157]33
[212][3157]52
[3158][3157]37
[3158][3157]56
c0[3158]37
c0[3158]10
[242][3158]37
[242][3158]36
i{{b8}}16
i{{b8}}16
[157]{{b8}}16
[157]{{b8}}86
[3176]{{b8}}86
[3176]{{b8}}142
s2[3176]45
s2[3176]45
[163][3176]45
[163][3176]81
[3177][3176]47
[3177][3176]142
[218]{{a8}}1
[218]{{a8}}65
[416]{{a8}}43
[416]{{a8}}65
[417]{{a8}}43
[417]{{a8}}65
[418]{{a8}}18
[418]{{a8}}65
[217]{{a8}}81
[217]{{a8}}25
[3174]{{a8}}186
[3174]{{a8}}161
[218][3174]18
[218][3174]73
[416][3174]66
[416][3174]73
[417][3174]66
[417][3174]73
[418][3174]33
[418][3174]73
[413][3174]117
[413][3174]139
[3175][3174]101
[3175][3174]161
[218][3175]15
[218][3175]73
[416][3175]56
[416][3175]73
[417][3175]56
[417][3175]73
[418][3175]20
[418][3175]73
[414][3175]101
[414][3175]129
s2[417]90
s2[417]33
[153][417]34
[153][417]90
r2[418]28
r2[418]35
s2[418]28
s2[418]40
a2{{i7}}1
a2{{i7}}38
[207]{{i7}}1
[207]{{i7}}15
[211]{{i7}}35
[211]{{i7}}62
z1{{i7}}35
z1{{i7}}61
[3116]{{i7}}73
[3116]{{i7}}80
[213][3116]1
[213][3116]80
[3117][3116]73
[3117][3116]80
a2[3117]35
a2[3117]34
[212][3117]35
[212][3117]53
[3118][3117]55
[3118][3117]80
s[3118]55
s[3118]10
[232][3118]55
[232][3118]54
[218]{{v7}}1
[218]{{v7}}41
[451]{{v7}}41
[451]{{v7}}41
[452]{{v7}}41
[452]{{v7}}41
[453]{{v7}}18
[453]{{v7}}41
[217]{{v7}}46
[217]{{v7}}27
[3164]{{v7}}106
[3164]{{v7}}108
[218][3164]17
[218][3164]42
[451][3164]61
[451][3164]42
[452][3164]61
[452][3164]42
[453][3164]31
[453][3164]42
[448][3164]71
[448][3164]77
[3165][3164]63
[3165][3164]108
k[448]1
k[448]14
[164][448]14
[164][448]71
c[448]71
c[448]67
[139][448]3
[139][448]71
j2{{r7}}1
j2{{r7}}34
[207]{{r7}}1
[207]{{r7}}14
[211]{{r7}}33
[211]{{r7}}57
i2{{r7}}33
i2{{r7}}56
[3152]{{r7}}63
[3152]{{r7}}56
[213][3152]1
[213][3152]56
[3153][3152]63
[3153][3152]56
j2[3153]33
j2[3153]32
[212][3153]33
[212][3153]52
[3154][3153]37
[3154][3153]56
b0[3154]37
b0[3154]10
[241][3154]37
[241][3154]36
g3{{x4}}6
g3{{x4}}6
[152]{{x4}}6
[152]{{x4}}8
[3048]{{x4}}7
[3048]{{x4}}12
m4{{m5}}2
m4{{m5}}2
n4[214]242
n4[214]139
t15[214]1
t15[214]242
[141][214]397
[141][214]242
[268][214]242
[268][214]242
[269][214]208
[269][214]242
[270][214]170
[270][214]242
[271][214]84
[271][214]242
[272][214]78
[272][214]242
w0[269]36
w0[269]208
l1[269]208
l1[269]180
[3217]j2876
[3217]j28125
[3218]j28229
[3218]j28125
h1[3218]18
h1[3218]229
s28[3218]76
s28[3218]229
[3219]s2818
[3219]s28229
[3220]s2845
[3220]s28229
i1[3220]69
i1[3220]45
[254][3220]45
[254][3220]216
[330][254]18
[330][254]216
[331][254]18
[331][254]216
[332][254]18
[332][254]216
w0[330]18
w0[330]57
j1[330]30
j1[330]18
k1[330]27
k1[330]18
l1[330]18
l1[330]162
[218]{{x7}}1
[218]{{x7}}61
[437]{{x7}}40
[437]{{x7}}61
[438]{{x7}}40
[438]{{x7}}61
[439]{{x7}}17
[439]{{x7}}61
[217]{{x7}}63
[217]{{x7}}31
[3168]{{x7}}159
[3168]{{x7}}178
[218][3168]18
[218][3168]62
[437][3168]64
[437][3168]62
[438][3168]64
[438][3168]62
[439][3168]33
[439][3168]62
[434][3168]94
[434][3168]116
[3169][3168]87
[3169][3168]178
m[434]1
m[434]14
[164][434]14
[164][434]94
e[434]94
e[434]108
[139][434]3
[139][434]94
m{{f8}}16
m{{f8}}16
[157]{{f8}}16
[157]{{f8}}71
[3184]{{f8}}71
[3184]{{f8}}112
[218][3169]15
[218][3169]62
[437][3169]56
[437][3169]62
[438][3169]56
[438][3169]62
[439][3169]21
[439][3169]62
[435][3169]87
[435][3169]129
m[435]87
m[435]87
[216][435]87
[216][435]17
q1{{y6}}1
q1{{y6}}36
[207]{{y6}}1
[207]{{y6}}15
[211]{{y6}}35
[211]{{y6}}65
p1{{y6}}35
p1{{y6}}63
[3077]{{y6}}72
[3077]{{y6}}72
[213][3077]1
[213][3077]72
[3078][3077]72
[3078][3077]72
q1[3078]33
q1[3078]32
[212][3078]33
[212][3078]53
[3079][3078]47
[3079][3078]72
h0[3079]47
h0[3079]10
[223][3079]47
[223][3079]46
m0{{s4}}15
m0{{s4}}3
q3{{s4}}3
q3{{s4}}15
[3044]{{s4}}13
[3044]{{s4}}21
a3[3044]6
a3[3044]6
[152][3044]6
[152][3044]11
[3045][3044]7
[3045][3044]21
[218]{{t7}}1
[218]{{t7}}63
[467]{{t7}}38
[467]{{t7}}63
[468]{{t7}}38
[468]{{t7}}63
[469]{{t7}}17
[469]{{t7}}63
[217]{{t7}}68
[217]{{t7}}28
[3160]{{t7}}172
[3160]{{t7}}186
[218][3160]17
[218][3160]64
[467][3160]56
[467][3160]64
[468][3160]56
[468][3160]64
[469][3160]28
[469][3160]64
[462][3160]97
[462][3160]116
[3161][3160]93
[3161][3160]186
i[462]1
i[462]14
[164][462]14
[164][462]97
a[462]97
a[462]108
[139][462]3
[139][462]97
m0{{q4}}15
m0{{q4}}3
s3{{q4}}3
s3{{q4}}15
[3040]{{q4}}13
[3040]{{q4}}21
c3[3040]6
c3[3040]6
[152][3040]6
[152][3040]11
[3041][3040]7
[3041][3040]21
[218]{{z7}}1
[218]{{z7}}58
[423]{{z7}}43
[423]{{z7}}58
[424]{{z7}}43
[424]{{z7}}58
[425]{{z7}}18
[425]{{z7}}58
[217]{{z7}}67
[217]{{z7}}26
[3172]{{z7}}160
[3172]{{z7}}148
[218][3172]17
[218][3172]59
[423][3172]61
[423][3172]59
[424][3172]61
[424][3172]59
[425][3172]29
[425][3172]59
[420][3172]96
[420][3172]99
[3173][3172]94
[3173][3172]148
o[420]1
o[420]14
[164][420]14
[164][420]96
g[420]96
g[420]91
[139][420]3
[139][420]96
h2{{p7}}1
h2{{p7}}36
[207]{{p7}}1
[207]{{p7}}15
[211]{{p7}}33
[211]{{p7}}57
g2{{p7}}33
g2{{p7}}57
[3144]{{p7}}77
[3144]{{p7}}91
[213][3144]1
[213][3144]91
[3145][3144]77
[3145][3144]91
h2[3145]35
h2[3145]34
[212][3145]35
[212][3145]52
[3146][3145]61
[3146][3145]91
z[3146]61
z[3146]10
[239][3146]61
[239][3146]60
e2{{m7}}1
e2{{m7}}38
[207]{{m7}}1
[207]{{m7}}15
[211]{{m7}}35
[211]{{m7}}60
d2{{m7}}35
d2{{m7}}60
[3132]{{m7}}78
[3132]{{m7}}91
[213][3132]1
[213][3132]91
[3133][3132]78
[3133][3132]91
e2[3133]35
e2[3133]34
[212][3133]35
[212][3133]55
[3134][3133]61
[3134][3133]91
w[3134]61
w[3134]10
[236][3134]61
[236][3134]60
[218][3161]15
[218][3161]67
[467][3161]52
[467][3161]67
[468][3161]52
[468][3161]67
[469][3161]20
[469][3161]67
[463][3161]93
[463][3161]138
l2[468]102
l2[468]33
[153][468]34
[153][468]102
k2[469]32
k2[469]35
l2[469]32
l2[469]38
[218]{{u7}}1
[218]{{u7}}65
[458]{{u7}}39
[458]{{u7}}65
[459]{{u7}}39
[459]{{u7}}65
[460]{{u7}}18
[460]{{u7}}65
[217]{{u7}}73
[217]{{u7}}17
[3162]{{u7}}110
[3162]{{u7}}101
[218][3162]17
[218][3162]69
[458][3162]61
[458][3162]69
[459][3162]61
[459][3162]69
[460][3162]27
[460][3162]69
[455][3162]108
[455][3162]103
[3163][3162]99
[3163][3162]101
[218][3163]15
[218][3163]69
[458][3163]55
[458][3163]69
[459][3163]55
[459][3163]69
[460][3163]20
[460][3163]69
[456][3163]99
[456][3163]107
l2[460]20
l2[460]35
m2[460]20
m2[460]39
l2[458]58
l2[458]33
[154][458]34
[154][458]58
o{{h8}}16
o{{h8}}16
[157]{{h8}}16
[157]{{h8}}78
[3188]{{h8}}78
[3188]{{h8}}123
k{{d8}}16
k{{d8}}16
[157]{{d8}}16
[157]{{d8}}70
[3180]{{d8}}70
[3180]{{d8}}114
p{{i8}}16
p{{i8}}16
[157]{{i8}}16
[157]{{i8}}54
[3190]{{i8}}46
[3190]{{i8}}86
l{{e8}}16
l{{e8}}16
[157]{{e8}}16
[157]{{e8}}67
[3182]{{e8}}67
[3182]{{e8}}106
c30{{j9}}77
c30{{j9}}31
[157]{{j9}}15
[157]{{j9}}77
[3232]{{j9}}47
[3232]{{j9}}77
n{{g8}}16
n{{g8}}16
[157]{{g8}}16
[157]{{g8}}76
[3186]{{g8}}76
[3186]{{g8}}84
j{{c8}}16
j{{c8}}16
[157]{{c8}}16
[157]{{c8}}67
[3178]{{c8}}67
[3178]{{c8}}73
t23[157]15
t23[157]94
[139][157]3
[139][157]15
[3239]{{l9}}43
[3239]{{l9}}37
[3240]{{l9}}39
[3240]{{l9}}37
[3241]{{l9}}1
[3241]{{l9}}37
[3242]{{l9}}10
[3242]{{l9}}37
c4[3239]43
c4[3239]30
c30[3239]43
c30[3239]10
[139][3239]3
[139][3239]43
[251][3239]43
[251][3239]34
[218]{{w7}}1
[218]{{w7}}48
[444]{{w7}}44
[444]{{w7}}48
[445]{{w7}}44
[445]{{w7}}48
[446]{{w7}}19
[446]{{w7}}48
[217]{{w7}}54
[217]{{w7}}24
[3166]{{w7}}129
[3166]{{w7}}126
[218][3166]18
[218][3166]50
[444][3166]63
[444][3166]50
[445][3166]63
[445][3166]50
[446][3166]30
[446][3166]50
[441][3166]79
[441][3166]84
[3167][3166]76
[3167][3166]126
l[441]1
l[441]14
[164][441]14
[164][441]79
d[441]79
d[441]78
[139][441]3
[139][441]79
w1{{e7}}1
w1{{e7}}38
[207]{{e7}}1
[207]{{e7}}14
[211]{{e7}}38
[211]{{e7}}50
v1{{e7}}38
v1{{e7}}49
[3100]{{e7}}67
[3100]{{e7}}65
[213][3100]1
[213][3100]65
[3101][3100]67
[3101][3100]65
w1[3101]38
w1[3101]34
[212][3101]38
[212][3101]43
[3102][3101]62
[3102][3101]65
k0[3102]62
k0[3102]10
[228][3102]62
[228][3102]52
w1[228]1
w1[228]38
[206][228]1
[206][228]5
[210][228]38
[210][228]40
v1[228]38
v1[228]40
[3103][228]39
[3103][228]52
w1[3103]38
w1[3103]34
[215][3103]38
[215][3103]34
[209][3103]10
[209][3103]52
g2{{o7}}1
g2{{o7}}36
[207]{{o7}}1
[207]{{o7}}13
[211]{{o7}}36
[211]{{o7}}42
f2{{o7}}36
f2{{o7}}42
[3140]{{o7}}70
[3140]{{o7}}63
[213][3140]1
[213][3140]63
[3141][3140]70
[3141][3140]63
g2[3141]34
g2[3141]32
[212][3141]34
[212][3141]38
[3142][3141]64
[3142][3141]63
y[3142]64
y[3142]10
[238][3142]64
[238][3142]60
g2[238]1
g2[238]36
[206][238]1
[206][238]4
[210][238]36
[210][238]36
f2[238]36
f2[238]38
[3143][238]36
[3143][238]60
g2[3143]34
g2[3143]32
[215][3143]34
[215][3143]35
[209][3143]10
[209][3143]60
u1{{c7}}1
u1{{c7}}36
[207]{{c7}}1
[207]{{c7}}13
[211]{{c7}}34
[211]{{c7}}43
t1{{c7}}34
t1{{c7}}42
[3093]{{c7}}47
[3093]{{c7}}46
[213][3093]1
[213][3093]46
[3094][3093]47
[3094][3093]46
u1[3094]36
u1[3094]34
[212][3094]36
[212][3094]38
[3095][3094]44
[3095][3094]46
d0[3095]44
d0[3095]10
[227][3095]44
[227][3095]42
u1[227]1
u1[227]36
[206][227]1
[206][227]4
[210][227]34
[210][227]37
t1[227]34
t1[227]37
[3096][227]37
[3096][227]42
u1[3096]36
u1[3096]34
[215][3096]36
[215][3096]33
[209][3096]10
[209][3096]42
x1{{f7}}1
x1{{f7}}36
[207]{{f7}}1
[207]{{f7}}14
[211]{{f7}}36
[211]{{f7}}41
w1{{f7}}36
w1{{f7}}40
[3104]{{f7}}53
[3104]{{f7}}53
[213][3104]1
[213][3104]53
[3105][3104]53
[3105][3104]53
x1[3105]34
x1[3105]32
[212][3105]34
[212][3105]37
[3106][3105]52
[3106][3105]53
l0[3106]52
l0[3106]10
[229][3106]52
[229][3106]50
x1[229]1
x1[229]36
[206][229]1
[206][229]5
[210][229]36
[210][229]38
w1[229]36
w1[229]38
[3107][229]35
[3107][229]50
x1[3107]34
x1[3107]32
[215][3107]34
[215][3107]34
[209][3107]10
[209][3107]50
h2[239]1
h2[239]36
[206][239]1
[206][239]5
[210][239]33
[210][239]37
g2[239]33
g2[239]37
[3147][239]35
[3147][239]60
h2[3147]35
h2[3147]34
[215][3147]35
[215][3147]32
[209][3147]10
[209][3147]60
y1{{g7}}1
y1{{g7}}36
[207]{{g7}}1
[207]{{g7}}13
[211]{{g7}}36
[211]{{g7}}54
x1{{g7}}36
x1{{g7}}54
[3108]{{g7}}81
[3108]{{g7}}78
[213][3108]1
[213][3108]78
[3109][3108]81
[3109][3108]78
y1[3109]38
y1[3109]34
[212][3109]38
[212][3109]50
[3110][3109]56
[3110][3109]78
q[3110]56
q[3110]10
[230][3110]56
[230][3110]52
y1[230]1
y1[230]36
[206][230]1
[206][230]4
[210][230]36
[210][230]36
x1[230]36
x1[230]36
[3111][230]38
[3111][230]52
y1[3111]38
y1[3111]34
[215][3111]38
[215][3111]33
[209][3111]10
[209][3111]52
i2{{q7}}1
i2{{q7}}36
[207]{{q7}}1
[207]{{q7}}14
[211]{{q7}}36
[211]{{q7}}41
h2{{q7}}36
h2{{q7}}40
[3148]{{q7}}55
[3148]{{q7}}55
[213][3148]1
[213][3148]55
[3149][3148]55
[3149][3148]55
i2[3149]34
i2[3149]32
[212][3149]34
[212][3149]37
[3150][3149]54
[3150][3149]55
a0[3150]54
a0[3150]10
[240][3150]54
[240][3150]52
i2[240]1
i2[240]36
[206][240]1
[206][240]5
[210][240]36
[210][240]38
h2[240]36
h2[240]38
[3151][240]35
[3151][240]52
i2[3151]34
i2[3151]32
[215][3151]34
[215][3151]34
[209][3151]10
[209][3151]52
z1{{h7}}1
z1{{h7}}38
[207]{{h7}}1
[207]{{h7}}14
[211]{{h7}}38
[211]{{h7}}48
y1{{h7}}38
y1{{h7}}47
[3112]{{h7}}72
[3112]{{h7}}61
[213][3112]1
[213][3112]61
[3113][3112]72
[3113][3112]61
z1[3113]38
z1[3113]34
[212][3113]38
[212][3113]41
[3114][3113]60
[3114][3113]61
r[3114]60
r[3114]10
[231][3114]60
[231][3114]54
z1[231]1
z1[231]38
[206][231]1
[206][231]5
[210][231]38
[210][231]40
y1[231]38
y1[231]40
[3115][231]38
[3115][231]54
z1[3115]38
z1[3115]34
[215][3115]38
[215][3115]34
[209][3115]10
[209][3115]54
j2[241]1
j2[241]34
[206][241]1
[206][241]4
[210][241]33
[210][241]36
i2[241]33
i2[241]37
[3155][241]34
[3155][241]36
j2[3155]33
j2[3155]32
[215][3155]33
[215][3155]33
[209][3155]10
[209][3155]36
a2[232]1
a2[232]38
[206][232]1
[206][232]5
[210][232]35
[210][232]40
z1[232]35
z1[232]40
[3119][232]36
[3119][232]54
a2[3119]35
a2[3119]34
[215][3119]35
[215][3119]34
[209][3119]10
[209][3119]54
o1{{w6}}1
o1{{w6}}38
[207]{{w6}}1
[207]{{w6}}14
[211]{{w6}}36
[211]{{w6}}42
n1{{w6}}36
n1{{w6}}42
[3067]{{w6}}65
[3067]{{w6}}55
[213][3067]1
[213][3067]55
[3068][3067]65
[3068][3067]55
o1[3068]36
o1[3068]34
[212][3068]36
[212][3068]37
[3069][3068]56
[3069][3068]55
j0[3069]56
j0[3069]10
[221][3069]56
[221][3069]52
o1[221]1
o1[221]38
[206][221]1
[206][221]5
[210][221]36
[210][221]39
n1[221]36
n1[221]39
[3072][221]36
[3072][221]52
o1[3072]36
o1[3072]34
[215][3072]36
[215][3072]34
[209][3072]10
[209][3072]52
k2[242]1
k2[242]34
[206][242]1
[206][242]4
[210][242]33
[210][242]36
j2[242]33
j2[242]37
[3159][242]34
[3159][242]36
k2[3159]33
k2[3159]32
[215][3159]33
[215][3159]33
[209][3159]10
[209][3159]36
b2[233]1
b2[233]36
[206][233]1
[206][233]4
[210][233]35
[210][233]38
a2[233]35
a2[233]40
[3123][233]35
[3123][233]43
b2[3123]33
b2[3123]32
[215][3123]33
[215][3123]35
[209][3123]10
[209][3123]43
p1[222]1
p1[222]38
[206][222]1
[206][222]5
[210][222]35
[210][222]39
o1[222]35
o1[222]39
[3076][222]35
[3076][222]44
p1[3076]35
p1[3076]34
[215][3076]35
[215][3076]34
[209][3076]10
[209][3076]44
c2[234]1
c2[234]34
[206][234]1
[206][234]4
[210][234]33
[210][234]34
b2[234]33
b2[234]36
[3127][234]35
[3127][234]59
c2[3127]33
c2[3127]32
[215][3127]33
[215][3127]33
[209][3127]10
[209][3127]59
q1[223]1
q1[223]36
[206][223]1
[206][223]5
[210][223]35
[210][223]39
p1[223]35
p1[223]41
[3080][223]36
[3080][223]46
q1[3080]33
q1[3080]32
[215][3080]33
[215][3080]34
[209][3080]10
[209][3080]46
d2[235]1
d2[235]36
[206][235]1
[206][235]5
[210][235]33
[210][235]37
c2[235]33
c2[235]39
[3131][235]37
[3131][235]62
d2[3131]35
d2[3131]34
[215][3131]35
[215][3131]32
[209][3131]10
[209][3131]62
r1{{z6}}1
r1{{z6}}36
[207]{{z6}}1
[207]{{z6}}13
[211]{{z6}}34
[211]{{z6}}43
q1{{z6}}34
q1{{z6}}42
[3081]{{z6}}46
[3081]{{z6}}48
[213][3081]1
[213][3081]48
[3082][3081]46
[3082][3081]48
r1[3082]36
r1[3082]34
[212][3082]36
[212][3082]41
[3083][3082]46
[3083][3082]48
g0[3083]46
g0[3083]10
[224][3083]46
[224][3083]42
r1[224]1
r1[224]36
[206][224]1
[206][224]4
[210][224]34
[210][224]37
q1[224]34
q1[224]37
[3084][224]37
[3084][224]42
r1[3084]36
r1[3084]34
[215][3084]36
[215][3084]33
[209][3084]10
[209][3084]42
e2[236]1
e2[236]38
[206][236]1
[206][236]5
[210][236]35
[210][236]39
d2[236]35
d2[236]39
[3135][236]35
[3135][236]60
e2[3135]35
e2[3135]34
[215][3135]35
[215][3135]34
[209][3135]10
[209][3135]60
s1{{a7}}1
s1{{a7}}36
[207]{{a7}}1
[207]{{a7}}13
[211]{{a7}}38
[211]{{a7}}48
r1{{a7}}38
r1{{a7}}47
[3085]{{a7}}49
[3085]{{a7}}49
[213][3085]1
[213][3085]49
[3086][3085]49
[3086][3085]49
s1[3086]36
s1[3086]32
[212][3086]36
[212][3086]43
[3087][3086]46
[3087][3086]49
f0[3087]46
f0[3087]10
[225][3087]46
[225][3087]40
s1[225]1
s1[225]36
[206][225]1
[206][225]4
[210][225]38
[210][225]38
r1[225]38
r1[225]39
[3088][225]38
[3088][225]40
s1[3088]36
s1[3088]32
[215][3088]36
[215][3088]35
[209][3088]10
[209][3088]40
f2{{n7}}1
f2{{n7}}38
[207]{{n7}}1
[207]{{n7}}14
[211]{{n7}}36
[211]{{n7}}43
e2{{n7}}36
e2{{n7}}42
[3136]{{n7}}59
[3136]{{n7}}53
[213][3136]1
[213][3136]53
[3137][3136]59
[3137][3136]53
f2[3137]36
f2[3137]34
[212][3137]36
[212][3137]37
[3138][3137]54
[3138][3137]53
x[3138]54
x[3138]10
[237][3138]54
[237][3138]50
f2[237]1
f2[237]38
[206][237]1
[206][237]5
[210][237]36
[210][237]40
e2[237]36
e2[237]40
[3139][237]37
[3139][237]50
f2[3139]36
f2[3139]34
[215][3139]36
[215][3139]34
[209][3139]10
[209][3139]50
t1{{b7}}1
t1{{b7}}34
[207]{{b7}}1
[207]{{b7}}13
[211]{{b7}}34
[211]{{b7}}55
s1{{b7}}34
s1{{b7}}54
[3089]{{b7}}62
[3089]{{b7}}54
[213][3089]1
[213][3089]54
[3090][3089]62
[3090][3089]54
t1[3090]34
t1[3090]32
[212][3090]34
[212][3090]50
[3091][3090]38
[3091][3090]54
e0[3091]38
e0[3091]10
[226][3091]38
[226][3091]36
t1[226]1
t1[226]34
[206][226]1
[206][226]4
[210][226]34
[210][226]36
s1[226]34
s1[226]37
[3092][226]35
[3092][226]36
t1[3092]34
t1[3092]32
[215][3092]34
[215][3092]33
[209][3092]10
[209][3092]36
[139][209]12
[139][209]38
[205][209]38
[205][209]189
[174][213]36
[174][213]1
[205][213]1
[205][213]189
{{i9}}[251]32
{{i9}}[251]34
[159][251]45
[159][251]34
{{i9}}[3241]20
{{i9}}[3241]1
[166][3241]54
[166][3241]1
[3235]{{k9}}33
[3235]{{k9}}47
[3236]{{k9}}55
[3236]{{k9}}47
b4[3236]35
b4[3236]35
[159][3236]35
[159][3236]22
[161][3236]39
[161][3236]24
{{i9}}[3236]51
{{i9}}[3236]45
c30[3236]47
c30[3236]10
b4[3240]39
b4[3240]24
c4[3240]39
c4[3240]41
{{i9}}[3240]53
{{i9}}[3240]39
b4[3235]33
b4[3235]41
{{i9}}[3235]33
{{i9}}[3235]39
[174][3235]11
[174][3235]33
[174]{{i9}}44
[174]{{i9}}41
[313]{{i9}}18
[313]{{i9}}41
[314]{{i9}}10
[314]{{i9}}41
[315]{{i9}}9
[315]{{i9}}41
[174][211]173
[174][211]221
[196][211]221
[196][211]777
{{h9}}[313]17
{{h9}}[313]17
o29[313]17
o29[313]15
[148][313]17
[148][313]27
[3226]{{h9}}17
[3226]{{h9}}17
[3227]{{h9}}1
[3227]{{h9}}17
{{g9}}[3227]1
{{g9}}[3227]1
w16[3227]1
w16[3227]1
y3[3227]1
y3[3227]1
o29[3227]17
o29[3227]1
[174][3227]1
[174][3227]17
[321]{{g9}}1
[321]{{g9}}1
[322]{{g9}}1
[322]{{g9}}1
x3[321]1
x3[321]1
a17[321]1
a17[321]1
[207][321]1
[207][321]1
[146][212]1
[146][212]6505
[207][212]6505
[207][212]193
w16[207]6505
w16[207]88
[174][207]36
[174][207]6505
x3[322]1
x3[322]1
w16[322]1
w16[322]1
[174][322]1
[174][322]1
z29[174]52
z29[174]12255
[139][174]3
[139][174]12255
j[455]1
j[455]14
[164][455]14
[164][455]56
b[455]56
b[455]73
[139][455]3
[139][455]56
d4[253]28
d4[253]24
j25[253]28
j25[253]83
[151][253]24
[151][253]28
j1{{s6}}5
j1{{s6}}14
[186]{{s6}}5
[186]{{s6}}15
[3061]{{s6}}12
[3061]{{s6}}18
[144]{{q6}}12
[144]{{q6}}12
[184]{{q6}}12
[184]{{q6}}17
[3059]{{q6}}5
[3059]{{q6}}21
h1[3059]5
h1[3059]13
[186][3059]5
[186][3059]16
x15{{t6}}11
x15{{t6}}1
[181]{{t6}}16
[181]{{t6}}1
[3062]{{t6}}19
[3062]{{t6}}19
k1[3062]5
k1[3062]14
[186][3062]5
[186][3062]16
[3063][3062]12
[3063][3062]19
i1{{r6}}5
i1{{r6}}14
[186]{{r6}}5
[186]{{r6}}16
[3060]{{r6}}12
[3060]{{r6}}21
x15[186]1
x15[186]13
[144][186]1
[144][186]12
[151][186]4
[151][186]1
[181][186]13
[181][186]8
h4[3255]13
h4[3255]13
k4[3255]36
k4[3255]13
[181][3255]15
[181][3255]13
c30[3255]48
c30[3255]10
z29[181]10
z29[181]30
[151][181]4
[151][181]30
[676]{{u6}}12
[676]{{u6}}20
[677]{{u6}}5
[677]{{u6}}20
l1[677]5
l1[677]14
x15[677]5
x15[677]11
[151][677]13
[151][677]5
g1[151]4
g1[151]53
[139][151]3
[139][151]53
r23[3242]26
r23[3242]10
[139][3242]3
[139][3242]10
[139][210]87
[139][210]221
[196][210]221
[196][210]777
[276]{{r9}}12
[276]{{r9}}21
[277]{{r9}}12
[277]{{r9}}21
n1[276]12
n1[276]12
i4[276]12
i4[276]12
[206][276]12
[206][276]10
n1[277]12
n1[277]12
i4[277]12
i4[277]12
[206][277]12
[206][277]10
[146][215]1
[146][215]6505
[206][215]6505
[206][215]88
w16[206]13463
w16[206]10
[139][206]3
[139][206]13463
c30{{d7}}38
c30{{d7}}23
[606]{{d7}}28
[606]{{d7}}38
[607]{{d7}}26
[607]{{d7}}38
u1[607]26
u1[607]25
[139][607]24
[139][607]26
[153][607]26
[153][607]43
[166]{{t9}}9
[166]{{t9}}9
[195]{{t9}}9
[195]{{t9}}4
a17{{u9}}10
a17{{u9}}10
[195]{{u9}}10
[195]{{u9}}4
m1[195]4
m1[195]4
[139][195]3
[139][195]4
y2[3188]34
y2[3188]34
[163][3188]34
[163][3188]50
[3189][3188]32
[3189][3188]86
t2[3178]32
t2[3178]32
[163][3178]32
[163][3178]51
[3179][3178]34
[3179][3178]88
v2[3182]34
v2[3182]34
[163][3182]34
[163][3182]50
[3183][3182]34
[3183][3182]55
x2[3186]34
x2[3186]34
[163][3186]34
[163][3186]51
[3187][3186]34
[3187][3186]56
z2[3190]32
z2[3190]32
[163][3190]32
[163][3190]46
u2[3180]34
u2[3180]34
[163][3180]34
[163][3180]50
[3181][3180]34
[3181][3180]55
w2[3184]34
w2[3184]34
[163][3184]34
[163][3184]51
[3185][3184]34
[3185][3184]56
w16[163]31
w16[163]70
[150][163]70
[150][163]22
u2[3179]34
u2[3179]34
[167][3179]34
[167][3179]51
w2[3183]34
w2[3183]34
[167][3183]34
[167][3183]50
y2[3187]34
y2[3187]34
[167][3187]34
[167][3187]51
t2[3177]32
t2[3177]32
[167][3177]32
[167][3177]51
v2[3181]34
v2[3181]34
[167][3181]34
[167][3181]50
x2[3185]34
x2[3185]34
[167][3185]34
[167][3185]51
z2[3189]32
z2[3189]32
[167][3189]32
[167][3189]50
w16[167]69
w16[167]69
[150][167]69
[150][167]21
t23[150]22
t23[150]57
[139][150]3
[139][150]57
[139][3232]34
[139][3232]34
[3233][3232]34
[3233][3232]66
v1[606]28
v1[606]27
[139][606]24
[139][606]28
[154][606]28
[154][606]44
i[463]55
i[463]55
[216][463]55
[216][463]13
p[414]55
p[414]55
[216][414]55
[216][414]13
[218][3171]15
[218][3171]38
[430][3171]36
[430][3171]38
[431][3171]36
[431][3171]38
[432][3171]17
[432][3171]38
[428][3171]52
[428][3171]71
n[428]52
n[428]52
[216][428]52
[216][428]15
[218][3167]15
[218][3167]40
[444][3167]37
[444][3167]40
[445][3167]37
[445][3167]40
[446][3167]18
[446][3167]40
[442][3167]54
[442][3167]73
l[442]54
l[442]54
[216][442]54
[216][442]15
j[456]55
j[456]55
[216][456]55
[216][456]13
[218][3173]15
[218][3173]42
[423][3173]36
[423][3173]42
[424][3173]36
[424][3173]42
[425][3173]17
[425][3173]42
[421][3173]56
[421][3173]77
o[421]56
o[421]56
[216][421]56
[216][421]15
[218][3165]15
[218][3165]43
[451][3165]36
[451][3165]43
[452][3165]36
[452][3165]43
[453][3165]17
[453][3165]43
[449][3165]58
[449][3165]79
k[449]58
k[449]58
[216][449]58
[216][449]15
[164][217]21
[164][217]1940
[216][217]1940
[216][217]22
t23[216]22
t23[216]3998
[139][216]11
[139][216]3998
[465][216]19
[465][216]3998
p[413]1
p[413]14
[164][413]14
[164][413]56
h[413]56
h[413]73
[139][413]3
[139][413]56
x15[676]12
x15[676]12
[144][676]11
[144][676]12
[189][676]14
[189][676]12
r23c3010
r23c3010
[189]c30192
[189]c3010
z29[189]18
z29[189]313
[139][189]3
[139][189]18
c1[3060]12
c1[3060]12
d1[3060]11
d1[3060]12
[184][3060]12
[184][3060]17
c1[3063]12
c1[3063]12
d1[3063]12
d1[3063]11
[184][3063]12
[184][3063]15
c1[3061]12
c1[3061]12
d1[3061]12
d1[3061]11
[184][3061]12
[184][3061]14
x15[184]16
x15[184]10
[139][184]3
[139][184]10
o0[139]845
o0[139]3
q0[139]2
q0[139]845
k1{{f6}}3
k1{{f6}}3
l4{{f6}}3
l4{{f6}}2
k1{{k6}}2
k1{{k6}}2
k1[268]27
k1[268]72
[179][268]27
[179][268]71
u0[332]16
u0[332]46
j1[332]16
j1[332]52
[173][332]58
[173][332]16
k1[141]52
k1[141]35
l1[141]52
l1[141]74
t15[141]35
t15[141]78
j25[141]76
j25[141]78
[3192][141]84
[3192][141]78
i1[3192]67
i1[3192]47
g25[3192]67
g25[3192]52
[3193][3192]86
[3193][3192]78
t0[3219]18
t0[3219]52
i1[3219]18
i1[3219]26
g25[3219]76
g25[3219]18
a4[3233]22
a4[3233]37
[219][3233]22
[219][3233]39
[3234][3233]24
[3234][3233]66
o29[219]28
o29[219]20
[148][219]20
[148][219]28
r23[219]22
r23[219]15
[153][219]14
[153][219]39
k0[164]21
k0[164]22
s23[164]21
s23[164]23
r23[164]548
r23[164]21
l0[465]19
l0[465]21
r23[465]1997
r23[465]19
s23t2313
s23t2313
r23t2310
r23t2313
q2[423]67
q2[423]26
[154][423]25
[154][423]67
[153][218]38
[153][218]3588
[154][218]38
[154][218]3588
o29[3234]24
o29[3234]28
[154][3234]24
[154][3234]51
[159][3234]46
[159][3234]24
o2[437]72
o2[437]26
[154][437]26
[154][437]72
m2[451]67
m2[451]25
[154][451]26
[154][451]67
r2[416]68
r2[416]25
[154][416]25
[154][416]68
p2[430]72
p2[430]26
[154][430]26
[154][430]72
n2[444]70
n2[444]26
[154][444]26
[154][444]70
k2[467]68
k2[467]25
[154][467]25
[154][467]68
w16[154]60
w16[154]84
r23[154]60
r23[154]8
m2[459]68
m2[459]25
[153][459]25
[153][459]68
r2[424]67
r2[424]25
[153][424]26
[153][424]67
p2[438]72
p2[438]26
[153][438]26
[153][438]72
n2[452]67
n2[452]26
[153][452]25
[153][452]67
q2[431]72
q2[431]26
[153][431]26
[153][431]72
o2[445]70
o2[445]26
[153][445]26
[153][445]70
w16[153]88
w16[153]56
r23[153]56
r23[153]8
m0r2310
m0r238
z29r238
z29r239
e1x1510
e1x1510
z29x1510
z29x1514
[140][205]36
[140][205]123
[146][205]85
[146][205]36
w16[196]777
w16[196]45
[140][196]89
[140][196]777
[672][140]180
[672][140]123
[673][140]52
[673][140]123
z29[673]52
z29[673]81
w16[673]52
w16[673]50
n0z2918
n0z2913
t15z2913
t15z2924
t15[146]53
t15[146]85
w16[146]168
w16[146]85
h1t156
h1t1551
[172]t155
[172]t1551
h1[3193]73
h1[3193]68
[172][3193]73
[172][3193]43
[3194][3193]60
[3194][3193]78
s0[3217]17
s0[3217]56
[172][3217]32
[172][3217]17
h1[3217]62
h1[3217]31
i1[172]5
i1[172]132
g25[172]4
g25[172]132
j1g254
j1g25278
[173]g253
[173]g25278
j1[3194]60
j1[3194]41
[173][3194]60
[173][3194]70
k1[173]3
k1[173]318
l1[173]2
l1[173]318
k1{{q5}}4
k1{{q5}}4
[170]{{q5}}3
[170]{{q5}}4
k1{{a6}}4
k1{{a6}}4
[171]{{a6}}3
[171]{{a6}}4
k1[331]16
k1[331]56
l1[331]54
l1[331]16
[179][331]98
[179][331]16
a1[175]13
a1[175]32
k1[175]32
k1[175]12
p2[432]31
p2[432]28
q2[432]31
q2[432]28
o2[439]31
o2[439]28
p2[439]31
p2[439]30
s0[272]44
s0[272]17
h1[272]17
h1[272]62
x3{{o6}}7
x3{{o6}}7
[166]{{o6}}6
[166]{{o6}}7
z3[315]9
z3[315]15
o29[315]30
o29[315]9
w16[3226]17
w16[3226]17
o29[3226]17
o29[3226]1
x3o2917
x3o2944
y3o2944
y3o2914
a17o297
a17o2944
w16[314]27
w16[314]10
[148][314]19
[148][314]10
n0[672]50
n0[672]180
w16[672]81
w16[672]180
l4w1687
l4w1627
a17w1622
a17w1687
x3a1792
x3a177
[166]a17138
[166]a177
i1{{o5}}4
i1{{o5}}4
[170]{{o5}}3
[170]{{o5}}4
j1{{p5}}4
j1{{p5}}4
[170]{{p5}}3
[170]{{p5}}4
l1{{r5}}4
l1{{r5}}4
[170]{{r5}}3
[170]{{r5}}4
h1{{n5}}4
h1{{n5}}4
[170]{{n5}}3
[170]{{n5}}4
n0[170]3
n0[170]9
k4[170]2
k4[170]9
k4{{m6}}2
k4{{m6}}2
h1{{x5}}4
h1{{x5}}4
[171]{{x5}}3
[171]{{x5}}4
l1{{b6}}4
l1{{b6}}4
[171]{{b6}}3
[171]{{b6}}4
i1{{y5}}4
i1{{y5}}4
[171]{{y5}}3
[171]{{y5}}4
j1{{z5}}4
j1{{z5}}4
[171]{{z5}}3
[171]{{z5}}4
m1[171]8
m1[171]3
k4[171]2
k4[171]8
g1{{l5}}38
g1{{l5}}39
j4{{l5}}1
j4{{l5}}38
g1{{o4}}2
g1{{o4}}2
e3{{v4}}6
e3{{v4}}6
[152]{{v4}}6
[152]{{v4}}6
[3046]{{v4}}6
[3046]{{v4}}9
m0[3046]6
m0[3046]6
m3[3046]6
m3[3046]4
s23[3046]6
s23[3046]8
m0{{d5}}3
m0{{d5}}3
m3{{d5}}3
m3{{d5}}2
m0{{j5}}3
m0{{j5}}3
s3{{j5}}3
s3{{j5}}2
k3{{b5}}6
k3{{b5}}6
[152]{{b5}}6
[152]{{b5}}6
[3052]{{b5}}6
[3052]{{b5}}9
m0[3052]6
m0[3052]6
s3[3052]6
s3[3052]4
s23[3052]6
s23[3052]8
i3{{z4}}6
i3{{z4}}6
[152]{{z4}}6
[152]{{z4}}6
[3050]{{z4}}6
[3050]{{z4}}9
m0[3050]6
m0[3050]6
q3[3050]6
q3[3050]4
s23[3050]6
s23[3050]8
m0{{h5}}3
m0{{h5}}3
q3{{h5}}3
q3{{h5}}2
l1{{g6}}3
l1{{g6}}3
l4{{g6}}3
l4{{g6}}2
l1{{l6}}2
l1{{l6}}2
f3{{w4}}6
f3{{w4}}6
[152]{{w4}}6
[152]{{w4}}6
[3047]{{w4}}6
[3047]{{w4}}9
j1{{j6}}2
j1{{j6}}2
v0[179]81
v0[179]133
j1[179]100
j1[179]81
u0[270]25
u0[270]21
j1[270]21
j1[270]68
j1{{e6}}3
j1{{e6}}3
l4{{e6}}3
l4{{e6}}2
[3054]{{s5,t5,u5,v5,w5}}7
[3054]{{s5,t5,u5,v5,w5}}15
[3055]{{s5,t5,u5,v5,w5}}9
[3055]{{s5,t5,u5,v5,w5}}15
[699][3055]8
[699][3055]9
[700][3055]8
[700][3055]9
[166][3055]7
[166][3055]9
n1[3054]7
n1[3054]7
[166][3054]7
[166][3054]9
c4[166]6
c4[166]6
[161][166]5
[161][166]6
a4[161]5
a4[161]28
b4[161]4
b4[161]28
[148][161]3
[148][161]28
d4[178]87
d4[178]53
j25[178]23
j25[178]53
n4[168]53
n4[168]6
j25[168]24
j25[168]53
h4j25105
h4j255
[169]j25152
[169]j255
e4[169]45
e4[169]126
[165][169]138
[165][169]45
f4[165]45
f4[165]82
g4[165]119
g4[165]45
[699]{{n6}}3
[699]{{n6}}3
[700]{{n6}}3
[700]{{n6}}3
f1[700]3
f1[700]3
i4[700]3
i4[700]3
f1[699]3
f1[699]3
i4[699]3
i4[699]3
j3{{a5}}6
j3{{a5}}6
[152]{{a5}}6
[152]{{a5}}6
[3051]{{a5}}6
[3051]{{a5}}9
m0{{r4}}11
m0{{r4}}3
r3{{r4}}3
r3{{r4}}11
[3042]{{r4}}9
[3042]{{r4}}13
b3[3042]6
b3[3042]6
[152][3042]6
[152][3042]9
[3043][3042]6
[3043][3042]13
j3[3043]6
j3[3043]6
[185][3043]6
[185][3043]9
q2[425]28
q2[425]27
r2[425]28
r2[425]27
y3[148]47
y3[148]3
z3[148]47
z3[148]2
z3[159]24
z3[159]20
a4[159]70
a4[159]24
t0[271]40
t0[271]20
i1[271]20
i1[271]68
l3{{c5}}6
l3{{c5}}6
[152]{{c5}}6
[152]{{c5}}6
[3053]{{c5}}6
[3053]{{c5}}9
m0{{p4}}10
m0{{p4}}3
t3{{p4}}3
t3{{p4}}10
[3036]{{p4}}9
[3036]{{p4}}13
d3[3036]6
d3[3036]6
[152][3036]6
[152][3036]9
[3037][3036]6
[3037][3036]13
l3[3037]6
l3[3037]6
[185][3037]6
[185][3037]9
m0{{k5}}3
m0{{k5}}3
t3{{k5}}3
t3{{k5}}2
m0[3053]6
m0[3053]6
t3[3053]6
t3[3053]4
s23[3053]6
s23[3053]8
m0[3047]6
m0[3047]6
n3[3047]6
n3[3047]4
s23[3047]6
s23[3047]8
h3{{y4}}6
h3{{y4}}6
[152]{{y4}}6
[152]{{y4}}6
[3049]{{y4}}6
[3049]{{y4}}9
m0[152]17
m0[152]5
s23[152]19
s23[152]17
m0[3051]6
m0[3051]6
r3[3051]6
r3[3051]4
s23[3051]6
s23[3051]8
m0[3049]6
m0[3049]6
p3[3049]6
p3[3049]4
s23[3049]6
s23[3049]8
k3[3041]6
k3[3041]6
[185][3041]6
[185][3041]9
i3[3045]6
i3[3045]6
[185][3045]6
[185][3045]9
m0[185]9
m0[185]9
s23[185]9
s23[185]25
m0[3048]6
m0[3048]6
o3[3048]6
o3[3048]4
s23[3048]6
s23[3048]8
[729]s233
[729]s233
[730]s233
[730]s233
k0[729]3
k0[729]3
l0[729]3
l0[729]3
k0[730]3
k0[730]3
l0[730]3
l0[730]3
m0{{f5}}3
m0{{f5}}3
o3{{f5}}3
o3{{f5}}2
h1{{c6}}3
h1{{c6}}3
l4{{c6}}3
l4{{c6}}2
i1{{d6}}3
i1{{d6}}3
l4{{d6}}3
l4{{d6}}2
n2[446]30
n2[446]28
o2[446]30
o2[446]31
m0{{g5}}3
m0{{g5}}3
p3{{g5}}3
p3{{g5}}2
m0{{e5}}3
m0{{e5}}3
n3{{e5}}3
n3{{e5}}2
m0{{i5}}3
m0{{i5}}3
r3{{i5}}3
r3{{i5}}2
c1[144]11
c1[144]11
d1[144]10
d1[144]11
x0[155]13
x0[155]20
h1[155]20
h1[155]12
m2[453]28
m2[453]27
n2[453]28
n2[453]31
v3{{u4}}2
v3{{u4}}2
i1{{i6}}2
i1{{i6}}2
u3{{t4}}2
u3{{t4}}2
h1{{h6}}2
h1{{h6}}2
duration = 4.72713sec.

