
outfunc
duration = 0.121313sec.

cost:4057
CSPF
[499]{{b9}}46
[499]{{b9}}99
[500]{{b9}}52
[500]{{b9}}99
[501]{{b9}}20
[501]{{b9}}99
u3[499]46
u3[499]46
g41[499]52
g41[499]46
[155][499]46
[155][499]21
[462]{{h9}}508
[462]{{h9}}742
[463]{{h9}}379
[463]{{h9}}742
[464]{{h9}}20
[464]{{h9}}742
a4[463]379
a4[463]379
n43[463]379
n43[463]508
[155][463]379
[155][463]21
z{{j9}}927
z{{j9}}1124
[449]{{j9}}1422
[449]{{j9}}1124
[450]{{j9}}906
[450]{{j9}}1124
[451]{{j9}}28
[451]{{j9}}1124
c4[450]605
c4[450]906
l51[450]906
l51[450]274
y43[450]906
y43[450]1001
[4263]{{i9}}748
[4263]{{i9}}1140
[4264]{{i9}}21
[4264]{{i9}}1140
l51[4263]748
l51[4263]291
[284][4263]748
[284][4263]783
[4265][284]281
[4265][284]783
[4266][284]748
[4266][284]783
z50[4265]281
z50[4265]338
y43[4265]281
y43[4265]783
y43[4266]338
y43[4266]557
[182][4266]557
[182][4266]289
n43[4266]565
n43[4266]490
b4[4266]748
b4[4266]783
[4267][4266]330
[4267][4266]783
y43[4267]338
y43[4267]330
[320][4267]330
[320][4267]783
c4[449]1422
c4[449]812
l51[449]1422
l51[449]292
y43[449]785
y43[449]1422
[460]y43487
[460]y432206
[461]y43563
[461]y432206
b4[460]495
b4[460]487
n43[460]487
n43[460]1172
[182][460]1393
[182][460]487
b4[461]563
b4[461]555
[320][461]563
[320][461]2188
a4[320]783
a4[320]729
z50[320]995
z50[320]783
n43[320]783
n43[320]1378
a4[462]508
a4[462]508
n43[462]379
n43[462]508
[155][462]508
[155][462]21
[465]n43437
[465]n431378
[466]n43477
[466]n431378
[467]n43511
[467]n431378
y3[465]337
y3[465]437
z3[465]321
z3[465]437
z50[465]437
z50[465]343
[254][465]437
[254][465]1741
z{{g9}}869
z{{g9}}1113
[468]{{g9}}840
[468]{{g9}}1113
[469]{{g9}}1284
[469]{{g9}}1113
[470]{{g9}}28
[470]{{g9}}1113
z3[468]578
z3[468]840
l51[468]840
l51[468]252
[204][468]1128
[204][468]840
z3[469]1284
z3[469]774
l51[469]1284
l51[469]270
[204][469]1284
[204][469]783
v42[204]828
v42[204]1382
[472][204]101
[472][204]828
[473][204]90
[473][204]828
z{{f9}}689
z{{f9}}875
[475]{{f9}}946
[475]{{f9}}875
[476]{{f9}}631
[476]{{f9}}875
[477]{{f9}}29
[477]{{f9}}875
y3[475]946
y3[475]591
l51[475]946
l51[475]228
v42[475]606
v42[475]946
y3[476]449
y3[476]631
l51[476]631
l51[476]210
v42[476]631
v42[476]771
z50v42473
z50v42529
[254]v42473
[254]v422337
[319]v42641
[319]v422335
[4244]{{e9}}441
[4244]{{e9}}623
[4245]{{e9}}21
[4245]{{e9}}623
x3[4244]427
x3[4244]427
q42[4244]317
q42[4244]427
[254][4244]317
[254][4244]441
l51[4244]441
l51[4244]20
x3[254]1844
x3[254]988
q42[254]988
q42[254]4129
y3[466]477
y3[466]389
z3[466]477
z3[466]373
[319][466]477
[319][466]1306
x3[319]961
x3[319]825
z50[319]1175
z50[319]961
q42[319]961
q42[319]4129
i0[467]511
i0[467]1141
q42[467]511
q42[467]1220
[485]q42718
[485]q424129
[486]q42438
[486]q424129
[487]q421933
[487]q424129
i0[487]1933
i0[487]1896
g41[487]962
g41[487]1933
v3[486]427
v3[486]438
w3[486]426
w3[486]438
z50[486]438
z50[486]825
v41[486]438
v41[486]2560
[494]{{c9}}310
[494]{{c9}}322
[495]{{c9}}229
[495]{{c9}}322
[496]{{c9}}20
[496]{{c9}}322
v3[495]229
v3[495]229
v41[495]229
v41[495]310
[155][495]229
[155][495]21
[488]{{d9}}235
[488]{{d9}}535
[489]{{d9}}324
[489]{{d9}}535
[490]{{d9}}20
[490]{{d9}}535
w3[488]235
w3[488]235
[155][488]235
[155][488]226
[198][488]645
[198][488]235
w3[489]324
w3[489]324
[155][489]324
[155][489]311
[198][489]324
[198][489]412
v41[198]307
v41[198]450
[491][198]64
[491][198]307
[492][198]57
[492][198]307
v3[485]718
v3[485]421
w3[485]718
w3[485]420
z50[485]837
z50[485]718
v41[485]718
v41[485]2560
v3[494]310
v3[494]310
v41[494]229
v41[494]310
[155][494]310
[155][494]21
[497]v41475
[497]v414737
[498]v41440
[498]v414737
u3[497]475
u3[497]784
g41[497]1021
g41[497]475
z50[497]2214
z50[497]475
u3[498]746
u3[498]440
g41[498]1016
g41[498]440
z50[498]440
z50[498]2105
u3[500]52
u3[500]52
g41[500]52
g41[500]46
[155][500]52
[155][500]21
s4g411030
s4g41156
[241]g412154
[241]g411030
[502]g411090
[502]g411030
[503]g411429
[503]g411030
f0g416832
f0g411925
c54{{x10}}38
c54{{x10}}41
[4337]{{x10}}38
[4337]{{x10}}31
[287][4337]15
[287][4337]32
[325][4337]1
[325][4337]32
[326][4337]1
[326][4337]32
[327][4337]1
[327][4337]32
q5[4337]15
q5[4337]29
[4338][4337]30
[4338][4337]31
[287][4338]1
[287][4338]26
[325][4338]13
[325][4338]26
[326][4338]12
[326][4338]26
[327][4338]1
[327][4338]26
[259][4338]11
[259][4338]30
c54{{y10}}37
c54{{y10}}40
[4339]{{y10}}37
[4339]{{y10}}30
[287][4339]15
[287][4339]28
[321][4339]1
[321][4339]28
[322][4339]1
[322][4339]28
[323][4339]1
[323][4339]28
r5[4339]15
r5[4339]25
[4340][4339]29
[4340][4339]30
[287][4340]1
[287][4340]26
[321][4340]13
[321][4340]26
[322][4340]12
[322][4340]26
[323][4340]1
[323][4340]26
[259][4340]10
[259][4340]29
p5{{w10}}15
p5{{w10}}16
[259]{{w10}}16
[259]{{w10}}36
[271]{{w10}}42
[271]{{w10}}40
c54{{w10}}42
c54{{w10}}7
w53[259]13
w53[259]29
x53[259]13
x53[259]18
r5[271]1
r5[271]21
[275][271]13
[275][271]21
q5[271]13
q5[271]27
[4336][271]24
[4336][271]40
r5[4336]12
r5[4336]28
[256][4336]27
[256][4336]12
[287][4336]15
[287][4336]40
w53[287]20
w53[287]34
[256][287]17
[256][287]20
p5[326]12
p5[326]22
[256][326]12
[256][326]12
q5[322]12
q5[322]19
[256][322]12
[256][322]12
w53[256]17
w53[256]22
x53[256]18
x53[256]17
r5[325]13
r5[325]19
[275][325]13
[275][325]14
p5[321]13
p5[321]23
[275][321]13
[275][321]15
w53[275]1
w53[275]19
x53[275]19
x53[275]18
l5w5318
l5w5314
[187]w5317
[187]w5318
c0w5319
c0w5325
b18{{p6}}16
b18{{p6}}16
[164]{{p6}}16
[164]{{p6}}5
i1{{p6}}16
i1{{p6}}9
{{n6}}{{p6}}22
{{n6}}{{p6}}10
i1{{n6}}28
i1{{n6}}10
[945]{{n6}}25
[945]{{n6}}10
[657]{{y7}}198
[657]{{y7}}354
[658]{{y7}}202
[658]{{y7}}354
r2[658]202
r2[658]202
t20[658]202
t20[658]169
[200][658]202
[200][658]356
r2[657]198
r2[657]198
t20[657]198
t20[657]126
[200][657]422
[200][657]198
r20[200]276
r20[200]328
[659][200]37
[659][200]276
[660][200]37
[660][200]276
[631]{{d8}}540
[631]{{d8}}739
[632]{{d8}}536
[632]{{d8}}739
w2[631]540
w2[631]540
t20[631]540
t20[631]319
z30[631]884
z30[631]540
[176]{{i8}}21
[176]{{i8}}1354
[603]{{i8}}543
[603]{{i8}}1354
[604]{{i8}}536
[604]{{i8}}1354
b3[604]536
b3[604]536
t20[604]536
t20[604]160
h32[604]536
h32[604]975
b3[603]543
b3[603]543
t20[603]543
t20[603]195
h32[603]815
h32[603]543
[4164]{{k8}}305
[4164]{{k8}}873
[4165]{{k8}}866
[4165]{{k8}}873
[176][4165]338
[176][4165]873
[4166][4165]1094
[4166][4165]873
d3[4166]1067
d3[4166]677
[296][4166]1067
[296][4166]860
[4167][4166]577
[4167][4166]873
{{j8}}[296]305
{{j8}}[296]305
i33[296]410
i33[296]305
w32[296]669
w32[296]323
t20[296]346
t20[296]34
[4170][296]652
[4170][296]860
{{j8}}[4164]305
{{j8}}[4164]566
i33[4164]305
i33[4164]1015
[599]{{j8}}1
[599]{{j8}}773
[600]{{j8}}293
[600]{{j8}}773
c3[600]667
c3[600]293
t20[600]293
t20[600]184
w32[600]293
w32[600]1
c3[4167]577
c3[4167]410
e19[4167]757
e19[4167]577
w32[4167]577
w32[4167]949
i33[4167]566
i33[4167]577
[176]{{l8}}21
[176]{{l8}}919
[587]{{l8}}730
[587]{{l8}}919
[588]{{l8}}711
[588]{{l8}}919
e3[588]711
e3[588]711
t20[588]711
t20[588]184
i33[588]711
i33[588]1067
e19[4170]614
e19[4170]652
i33[4170]566
i33[4170]652
e3[587]730
e3[587]730
t20[587]730
t20[587]248
i33[587]879
i33[587]730
[597]i33443
[597]i331182
[598]i33410
[598]i331182
e19[598]443
e19[598]410
w32[598]410
w32[598]963
[190][598]828
[190][598]410
c3[597]443
c3[597]443
d3[597]424
d3[597]443
e19[597]443
e19[597]948
w32[597]443
w32[597]1116
c3[599]1
c3[599]1
t20[599]1
t20[599]1
w32[599]773
w32[599]1
[601]w32576
[601]w321116
[602]w32626
[602]w321116
b3[602]408
b3[602]626
e19[602]626
e19[602]551
h32[602]626
h32[602]1143
b3[601]576
b3[601]551
e19[601]408
e19[601]576
h32[601]576
h32[601]1143
[606]h32514
[606]h321143
[607]h32275
[607]h321143
[608]h32415
[608]h321143
j[608]415
j[608]1065
z30[608]415
z30[608]1088
[623]{{f8}}672
[623]{{f8}}1234
[624]{{f8}}668
[624]{{f8}}1234
y2[624]668
y2[624]668
t20[624]668
t20[624]351
h31[624]668
h31[624]1299
y2[623]672
y2[623]672
t20[623]672
t20[623]452
h31[623]1158
h31[623]672
[625]h31554
[625]h31918
[626]h31442
[626]h31918
w2[626]442
w2[626]442
x2[626]414
x2[626]442
[260][626]442
[260][626]982
[4143]{{g8}}754
[4143]{{g8}}1253
[4144]{{g8}}928
[4144]{{g8}}1253
z2[4144]750
z2[4144]750
d31[4144]750
d31[4144]869
[295][4144]750
[295][4144]820
[176][4144]21
[176][4144]1253
[617][295]436
[617][295]820
[618][295]342
[618][295]820
y2[618]592
y2[618]342
{{e8}}[618]342
{{e8}}[618]789
e19[618]342
e19[618]41
z2[4143]754
z2[4143]754
[282][4143]754
[282][4143]937
[619][282]338
[619][282]937
[620][282]1040
[620][282]937
[621][282]37
[621][282]937
[622][282]1150
[622][282]937
y2[622]1150
y2[622]342
{{e8}}[622]1150
{{e8}}[622]488
{{e8}}[619]342
{{e8}}[619]338
t20[619]338
t20[619]34
e19[619]338
e19[619]436
[627]{{e8}}744
[627]{{e8}}1261
[628]{{e8}}906
[628]{{e8}}1261
x2[627]744
x2[627]401
t20[627]744
t20[627]204
d31[627]1001
d31[627]744
t20[620]1040
t20[620]204
d31[620]971
d31[620]1040
x2[628]792
x2[628]906
t20[628]906
t20[628]167
d31[628]906
d31[628]703
[629]d31505
[629]d311693
[630]d31666
[630]d311693
w2[630]666
w2[630]666
[260][630]666
[260][630]1661
[176]{{h8}}21
[176]{{h8}}867
[609]{{h8}}686
[609]{{h8}}867
[610]{{h8}}681
[610]{{h8}}867
a3[609]686
a3[609]686
t20[609]686
t20[609]222
b32[609]846
b32[609]686
a3[607]275
a3[607]275
e19[607]275
e19[607]350
b32[607]275
b32[607]1123
a3[606]514
a3[606]350
e19[606]275
e19[606]514
b32[606]514
b32[606]1123
a3[610]681
a3[610]681
t20[610]681
t20[610]157
b32[610]681
b32[610]1024
u2b32392
u2b32392
[260]b32392
[260]b321199
[4154]b32657
[4154]b321251
e19[260]688
e19[260]944
z30[260]688
z30[260]794
v2[4154]657
v2[4154]484
[261][4154]657
[261][4154]1138
w2[625]554
w2[625]554
x2[625]554
x2[625]522
[261][625]554
[261][625]941
w2[629]505
w2[629]505
[261][629]505
[261][629]1667
e19[261]749
e19[261]1528
z30[261]1528
z30[261]794
w2[632]536
w2[632]536
t20[632]536
t20[632]236
z30[632]536
z30[632]1004
jz30580
jz30992
[633]z30334
[633]z30992
[634]z30295
[634]z30992
r20z30794
r20z30125
[176]{{a8}}21
[176]{{a8}}611
[638]{{a8}}459
[638]{{a8}}611
[639]{{a8}}468
[639]{{a8}}611
t2[639]468
t2[639]468
t20[639]468
t20[639]127
[201][639]468
[201][639]570
t2[638]459
t2[638]459
t20[638]459
t20[638]80
[201][638]711
[201][638]459
r20[201]541
r20[201]556
[641][201]83
[641][201]541
[642][201]178
[642][201]541
[664]{{x7}}89
[664]{{x7}}95
[665]{{x7}}90
[665]{{x7}}95
q2[665]90
q2[665]90
t20[665]90
t20[665]51
r20[665]90
r20[665]151
[652]{{z7}}377
[652]{{z7}}378
[653]{{z7}}369
[653]{{z7}}378
s2[653]369
s2[653]369
t20[653]369
t20[653]162
x29[653]369
x29[653]583
s2[652]377
s2[652]377
t20[652]377
t20[652]225
x29[652]532
x29[652]377
[654]x29218
[654]x29648
[655]x29180
[655]x29648
[656]x2911
[656]x29648
r20x29499
r20x29125
q2[664]89
q2[664]89
t20[664]89
t20[664]75
r20[664]133
r20[664]89
z0{{w5}}62
z0{{w5}}305
[249]{{w5}}305
[249]{{w5}}121
[181]{{w5}}305
[181]{{w5}}1
p21{{w5}}134
p21{{w5}}305
r20{{w5}}305
r20{{w5}}110
t20{{w5}}305
t20{{w5}}21
w2{{w5}}17
w2{{w5}}305
e2{{w5}}16
e2{{w5}}305
q1{{w5}}15
q1{{w5}}305
n1{{w5}}14
n1{{w5}}305
l1{{w5}}13
l1{{w5}}305
m{{w5}}12
m{{w5}}305
w{{w5}}11
w{{w5}}305
v{{w5}}10
v{{w5}}305
u{{w5}}9
u{{w5}}305
t{{w5}}8
t{{w5}}305
s{{w5}}7
s{{w5}}305
r{{w5}}6
r{{w5}}305
q{{w5}}5
q{{w5}}305
p{{w5}}4
p{{w5}}305
o{{w5}}3
o{{w5}}305
n{{w5}}2
n{{w5}}305
fr20125
fr20125
[936]r2078
[936]r20125
[937]r207
[937]r20125
[938]r206
[938]r20125
v0[936]80
v0[936]78
[159][936]78
[159][936]73
[252][936]32
[252][936]78
y0{{f6}}142
y0{{f6}}142
[832]{{f6}}81
[832]{{f6}}142
s16{{f6}}142
s16{{f6}}200
m16{{f6}}65
m16{{f6}}200
x0[832]81
x0[832]122
{{e6}}[832]186
{{e6}}[832]81
[4008]{{e6}}122
[4008]{{e6}}81
[4009]{{e6}}81
[4009]{{e6}}81
w0[4008]81
w0[4008]122
s16[4008]1
s16[4008]122
{{d6}}[4008]140
{{d6}}[4008]81
x0[4008]122
x0[4008]1
w0[4009]81
w0[4009]1
x0[4009]81
x0[4009]81
{{d6}}[4009]1
{{d6}}[4009]81
s16[4009]1
s16[4009]81
[837]{{d6}}81
[837]{{d6}}79
[838]{{d6}}122
[838]{{d6}}79
w0[837]79
w0[837]81
s16[837]1
s16[837]81
[177][837]1
[177][837]81
c1{{j6}}169
c1{{j6}}169
[823]{{j6}}101
[823]{{j6}}169
s16{{j6}}173
s16{{j6}}172
b17{{j6}}172
b17{{j6}}84
b1[823]101
b1[823]171
{{i6}}[823]256
{{i6}}[823]101
[4014]{{i6}}171
[4014]{{i6}}101
[4015]{{i6}}101
[4015]{{i6}}101
a1[4015]101
a1[4015]1
b1[4015]101
b1[4015]101
{{h6}}[4015]1
{{h6}}[4015]101
s16[4015]1
s16[4015]101
a1[4014]101
a1[4014]177
s16[4014]1
s16[4014]177
{{h6}}[4014]238
{{h6}}[4014]101
b1[4014]171
b1[4014]1
[828]{{h6}}101
[828]{{h6}}99
[829]{{h6}}177
[829]{{h6}}99
a1[829]177
a1[829]1
s16[829]1
s16[829]177
[178][829]177
[178][829]99
w0[838]122
w0[838]1
s16[838]1
s16[838]122
[177][838]122
[177][838]79
[839]{{c6}}74
[839]{{c6}}124
[840]{{c6}}72
[840]{{c6}}124
v0[839]74
v0[839]74
s16[839]54
s16[839]74
u19[839]88
u19[839]74
[821]{{k6}}103
[821]{{k6}}250
[822]{{k6}}168
[822]{{k6}}250
d1[821]103
d1[821]103
s16[821]114
s16[821]103
b17[821]242
b17[821]103
[830]{{g6}}149
[830]{{g6}}151
[831]{{g6}}87
[831]{{g6}}151
z0[830]149
z0[830]149
s16[830]142
s16[830]149
m16[830]106
m16[830]149
d1[822]168
d1[822]168
s16[822]173
s16[822]168
b17[822]168
b17[822]182
z0[831]87
z0[831]87
s16[831]94
s16[831]87
m16[831]87
m16[831]165
v0[840]65
v0[840]72
s16[840]72
s16[840]72
u19[840]72
u19[840]86
a1[828]99
a1[828]101
s16[828]1
s16[828]101
[178][828]1
[178][828]101
b18s1640
b18s16434
[843]s167
[843]s16434
[844]s1641
[844]s16434
p22[844]176
p22[844]41
[159][844]326
[159][844]41
[4022]{{t6}}5
[4022]{{t6}}121
[4023]{{t6}}123
[4023]{{t6}}121
[186][4023]121
[186][4023]7
[4024][4023]122
[4024][4023]121
h22[4024]149
h22[4024]20
[191][4024]20
[191][4024]107
[4025][4024]69
[4025][4024]121
p22[4025]120
p22[4025]69
t20[4025]69
t20[4025]54
[276][4025]69
[276][4025]177
r1[276]176
r1[276]69
b17[276]176
b17[276]61
d1[276]69
d1[276]27
c[276]6
c[276]177
a1b1784
a1b1784
b1b1784
b1b1779
c1b1784
c1b1777
[178]b1771
[178]b1784
z0[178]202
z0[178]71
m16[178]202
m16[178]65
w0m1665
w0m1665
x0m1665
x0m1656
y0m1665
y0m1654
[177]m1650
[177]m1665
v0[177]171
v0[177]50
u19[177]171
u19[177]46
r1u1932
r1u1932
h22u1938
h22u1932
[159]u1916
[159]u1946
j18[159]15
j18[159]46
[145][159]13
[145][159]46
x2[617]436
x2[617]40
y2[617]436
y2[617]37
e19[617]794
e19[617]436
y2[621]436
y2[621]37
e19[621]503
e19[621]37
t2[634]264
t2[634]295
e19[634]295
e19[634]305
e29[634]743
e29[634]295
q2[660]37
q2[660]131
e19[660]37
e19[660]186
e19[642]178
e19[642]214
e29[642]178
e29[642]290
t2[633]334
t2[633]314
e19[633]256
e19[633]334
g29[633]736
g29[633]334
e19[655]180
e19[655]218
[171][655]495
[171][655]180
t20[176]1526
t20[176]21
e19[176]2643
e19[176]21
[636]{{b8}}10
[636]{{b8}}60
[637]{{b8}}34
[637]{{b8}}60
t20[637]39
t20[637]34
e19[637]34
e19[637]54
e19[641]268
e19[641]83
g29[641]83
g29[641]258
q2[659]186
q2[659]37
e19[659]131
e19[659]37
e19[654]180
e19[654]218
[172][654]493
[172][654]218
p22e19224
p22e1935
[145]e1935
[145]e19263
ge192
ge19310
[727]{{f7}}508
[727]{{f7}}908
[728]{{f7}}478
[728]{{f7}}908
[729]{{f7}}19
[729]{{f7}}908
y1[728]478
y1[728]478
p25[728]478
p25[728]508
[156][728]478
[156][728]20
[4069]{{g7}}703
[4069]{{g7}}716
[4070]{{g7}}20
[4070]{{g7}}716
k20[4069]703
k20[4069]326
[281][4069]703
[281][4069]796
[4071][281]397
[4071][281]796
[4072][281]699
[4072][281]796
v19[4071]397
v19[4071]475
a26[4071]397
a26[4071]791
b{{h7}}576
b{{h7}}834
[714]{{h7}}975
[714]{{h7}}834
[715]{{h7}}921
[715]{{h7}}834
[716]{{h7}}24
[716]{{h7}}834
a2[715]682
a2[715]921
k20[715]921
k20[715]290
a26[715]921
a26[715]918
a26[4072]475
a26[4072]645
[179][4072]645
[179][4072]437
p25[4072]714
p25[4072]494
z1[4072]688
z1[4072]774
[4073][4072]435
[4073][4072]796
a26[4073]475
a26[4073]435
[317][4073]435
[317][4073]791
a2[714]975
a2[714]732
k20[714]975
k20[714]307
a26[714]789
a26[714]975
[725]a26575
[725]a261140
[726]a26647
[726]a261140
z1[725]595
z1[725]575
p25[725]575
p25[725]641
[179][725]817
[179][725]575
z1[726]647
z1[726]627
[317][726]647
[317][726]1124
y1[317]655
y1[317]638
v19[317]674
v19[317]655
p25[317]655
p25[317]758
y1[727]508
y1[727]508
p25[727]478
p25[727]508
[156][727]508
[156][727]20
[730]p25358
[730]p25758
[731]p25334
[731]p25758
[732]p25353
[732]p25758
k[732]353
k[732]1157
s24[732]353
s24[732]680
b{{e7}}752
b{{e7}}1500
[733]{{e7}}1030
[733]{{e7}}1500
[734]{{e7}}974
[734]{{e7}}1500
[735]{{e7}}23
[735]{{e7}}1500
x1[733]1030
x1[733]781
k20[733]1030
k20[733]299
c25[733]998
c25[733]1030
x1[734]728
x1[734]974
k20[734]974
k20[734]282
c25[734]974
c25[734]1557
x1[730]358
x1[730]332
v19[730]306
v19[730]358
c25[730]358
c25[730]746
x1[731]306
x1[731]334
v19[731]334
v19[731]332
c25[731]334
c25[731]746
[737]c25670
[737]c251820
[738]c25580
[738]c251820
v1[737]670
v1[737]622
w1[737]670
w1[737]610
v19[737]1103
v19[737]670
s24[737]670
s24[737]1004
b{{c7}}649
b{{c7}}1276
[746]{{c7}}573
[746]{{c7}}1276
[747]{{c7}}553
[747]{{c7}}1276
[748]{{c7}}23
[748]{{c7}}1276
v1[746]573
v1[746]433
k20[746]573
k20[746]177
s24[746]581
s24[746]573
v1[738]568
v1[738]580
w1[738]556
w1[738]580
v19[738]580
v19[738]1211
s24[738]580
s24[738]1004
v1[747]413
v1[747]553
k20[747]553
k20[747]172
s24[747]553
s24[747]791
b{{d7}}573
b{{d7}}764
[739]{{d7}}949
[739]{{d7}}764
[740]{{d7}}983
[740]{{d7}}764
[741]{{d7}}23
[741]{{d7}}764
w1[739]710
w1[739]949
k20[739]949
k20[739]275
[199][739]809
[199][739]949
w1[740]983
w1[740]747
k20[740]983
k20[740]280
[199][740]983
[199][740]762
s24[199]1009
s24[199]1043
[743][199]103
[743][199]1009
[744][199]96
[744][199]1009
[750]s24755
[750]s242423
[751]s24587
[751]s242423
[752]s24784
[752]s242423
t1[750]755
t1[750]685
u1[750]755
u1[750]665
v19[750]1144
v19[750]755
x23[750]755
x23[750]1611
y1[179]111
y1[179]607
v19[179]607
v19[179]798
t1[751]630
t1[751]587
u1[751]610
u1[751]587
v19[751]587
v19[751]1257
x23[751]587
x23[751]1611
[753]{{b7}}228
[753]{{b7}}779
[754]{{b7}}256
[754]{{b7}}779
[755]{{b7}}19
[755]{{b7}}779
u1[753]228
u1[753]228
[156][753]228
[156][753]206
[197][753]751
[197][753]228
u1[754]256
u1[754]256
[156][754]256
[156][754]340
[197][754]256
[197][754]416
x23[197]289
x23[197]500
[756][197]89
[756][197]289
[757][197]83
[757][197]289
t1[756]258
t1[756]89
v19[756]233
v19[756]89
v1[743]554
v1[743]103
v19[743]502
v19[743]103
t1[757]83
t1[757]233
v19[757]83
v19[757]258
v1[744]96
v1[744]502
v19[744]96
v19[744]554
[759]{{a7}}234
[759]{{a7}}402
[760]{{a7}}215
[760]{{a7}}402
[761]{{a7}}19
[761]{{a7}}402
t1[759]234
t1[759]234
x23[759]215
x23[759]234
[156][759]234
[156][759]20
t1[760]215
t1[760]215
x23[760]215
x23[760]234
[156][760]215
[156][760]20
[762]x23578
[762]x232896
[763]x23528
[763]x232896
s1[762]578
s1[762]1109
v19[762]1007
v19[762]578
d21[762]1271
d21[762]578
s1[763]1007
s1[763]528
v19[763]528
v19[763]1109
d21[763]1271
d21[763]528
iv191071
iv19984
[145]v191129
[145]v19984
g1[145]13
g1[145]3041
i1[145]10
i1[145]3041
[945][145]8
[945][145]3041
h1[945]9
h1[945]8
r18[945]9
r18[945]8
y18[945]8
y18[945]10
b18{{o6}}13
b18{{o6}}13
r18{{o6}}13
r18{{o6}}4
h1{{o6}}13
h1{{o6}}11
j18{{o6}}20
j18{{o6}}11
i1j1811
i1j1811
y18j1811
y18j187
[164]j185
[164]j1811
h1j1823
h1j1811
[949]y1811
[949]y1814
[950]y188
[950]y1814
r18[949]11
r18[949]8
[164][949]10
[164][949]11
[798]{{u6}}6
[798]{{u6}}28
[799]{{u6}}13
[799]{{u6}}28
[800]{{u6}}12
[800]{{u6}}28
l1[799]13
l1[799]9
{{s6}}[799]38
{{s6}}[799]13
b18[799]6
b18[799]13
[191]{{s6}}13
[191]{{s6}}10
[249]{{s6}}21
[249]{{s6}}10
h22{{s6}}5
h22{{s6}}26
[4021]{{s6}}7
[4021]{{s6}}13
t20[4021]14
t20[4021]7
b18[4021]1
b18[4021]7
r18[4021]9
r18[4021]7
h20[4021]1
h20[4021]13
r18[191]26
r18[191]107
p21[191]12
p21[191]107
r18[950]10
r18[950]8
[164][950]8
[164][950]8
e1r183
e1r1829
f1r1824
f1r183
y{{h10}}2
y{{h10}}2
y48{{k10}}10
y48{{k10}}10
o49{{k10}}10
o49{{k10}}4
d5{{k10}}11
d5{{k10}}8
g49{{k10}}14
g49{{k10}}9
[376]{{g10}}98
[376]{{g10}}218
[377]{{g10}}151
[377]{{g10}}218
z4[376]98
z4[376]98
p47[376]77
p47[376]98
y47[376]146
y47[376]98
[385]{{c10}}134
[385]{{c10}}164
[386]{{c10}}82
[386]{{c10}}164
v4[385]134
v4[385]134
p47[385]88
p47[385]134
j47[385]82
j47[385]134
u4{{b10}}104
u4{{b10}}104
[387]{{b10}}73
[387]{{b10}}104
p47{{b10}}88
p47{{b10}}155
j47{{b10}}47
j47{{b10}}155
t4[387]73
t4[387]101
{{a10}}[387]121
{{a10}}[387]73
[4315]{{a10}}101
[4315]{{a10}}73
[4316]{{a10}}73
[4316]{{a10}}73
s4[4315]73
s4[4315]89
p47[4315]1
p47[4315]89
{{z9}}[4315]102
{{z9}}[4315]73
t4[4315]101
t4[4315]1
[394]{{y9}}61
[394]{{y9}}68
[395]{{y9}}56
[395]{{y9}}68
r4[394]61
r4[394]61
p47[394]36
p47[394]61
y50[394]58
y50[394]61
z4[377]151
z4[377]151
p47[377]109
p47[377]151
y47[377]151
y47[377]112
v4[386]82
v4[386]82
p47[386]58
p47[386]82
j47[386]82
j47[386]119
s4[4316]73
s4[4316]1
t4[4316]73
t4[4316]73
{{z9}}[4316]1
{{z9}}[4316]73
p47[4316]1
p47[4316]73
r4[395]60
r4[395]56
p47[395]41
p47[395]56
y50[395]56
y50[395]63
y4{{f10}}150
y4{{f10}}150
[378]{{f10}}96
[378]{{f10}}150
p47{{f10}}109
p47{{f10}}152
y47{{f10}}152
y47{{f10}}62
x4[378]96
x4[378]155
{{e10}}[378]231
{{e10}}[378]96
[4321]{{e10}}155
[4321]{{e10}}96
[4322]{{e10}}96
[4322]{{e10}}96
w4[4321]96
w4[4321]158
p47[4321]1
p47[4321]158
{{d10}}[4321]164
{{d10}}[4321]96
x4[4321]155
x4[4321]1
w4[4322]96
w4[4322]1
x4[4322]96
x4[4322]96
{{d10}}[4322]1
{{d10}}[4322]96
p47[4322]1
p47[4322]96
[383]{{d10}}96
[383]{{d10}}90
[384]{{d10}}158
[384]{{d10}}90
w4[383]90
w4[383]96
p47[383]1
p47[383]96
[185][383]1
[185][383]96
[392]{{z9}}73
[392]{{z9}}64
[393]{{z9}}89
[393]{{z9}}64
s4[392]64
s4[392]73
p47[392]1
p47[392]73
[184][392]1
[184][392]73
w4[384]158
w4[384]1
p47[384]1
p47[384]158
[185][384]158
[185][384]90
s4[393]89
s4[393]1
p47[393]1
p47[393]89
[184][393]89
[184][393]64
y48p4727
y48p47389
[398]p477
[398]p47389
[399]p4728
[399]p47389
u53[399]142
u53[399]28
[160][399]321
[160][399]28
l3{{b6}}472
l3{{b6}}472
[170]{{b6}}472
[170]{{b6}}1
k40{{b6}}228
k40{{b6}}472
h40{{b6}}240
h40{{b6}}472
c52{{b6}}472
c52{{b6}}192
e52{{b6}}472
e52{{b6}}24
q5{{b6}}17
q5{{b6}}472
n5{{b6}}16
n5{{b6}}472
l5{{b6}}15
l5{{b6}}472
v4{{b6}}14
v4{{b6}}472
g4{{b6}}13
g4{{b6}}472
k0{{b6}}12
k0{{b6}}472
u0{{b6}}11
u0{{b6}}472
t0{{b6}}10
t0{{b6}}472
s0{{b6}}9
s0{{b6}}472
r0{{b6}}8
r0{{b6}}472
q0{{b6}}7
q0{{b6}}472
p0{{b6}}6
p0{{b6}}472
o0{{b6}}5
o0{{b6}}472
n0{{b6}}4
n0{{b6}}472
m0{{b6}}3
m0{{b6}}472
l0{{b6}}2
l0{{b6}}472
[175]{{w8}}21
[175]{{w8}}1204
[530]{{w8}}957
[530]{{w8}}1204
[531]{{w8}}941
[531]{{w8}}1204
p3[530]957
p3[530]957
e52[530]957
e52[530]298
q39[530]1267
q39[530]957
[4222]{{z8}}357
[4222]{{z8}}1320
[4223]{{z8}}1144
[4223]{{z8}}1320
[175][4223]814
[175][4223]1320
[4224][4223]1635
[4224][4223]1320
s3[4224]1242
s3[4224]794
[298][4224]1242
[298][4224]909
[4225][4224]708
[4225][4224]1320
{{y8}}[298]357
{{y8}}[298]357
z40[298]467
z40[298]357
n40[298]778
n40[298]340
e52[298]368
e52[298]21
[4228][298]723
[4228][298]909
z40[4225]467
z40[4225]708
[318][4225]708
[318][4225]1110
j50[4228]737
j50[4228]723
z40[4228]756
z40[4228]723
[175]{{a9}}21
[175]{{a9}}1010
[508]{{a9}}886
[508]{{a9}}1010
[509]{{a9}}864
[509]{{a9}}1010
t3[508]886
t3[508]886
e52[508]886
e52[508]350
z40[508]1096
z40[508]886
{{y8}}[4222]357
{{y8}}[4222]756
z40[4222]357
z40[4222]1343
t3[509]864
t3[509]864
e52[509]864
e52[509]317
z40[509]864
z40[509]1241
[518]z40539
[518]z401701
[519]z40467
[519]z401701
s3[519]467
s3[519]708
[318][519]467
[318][519]1551
r3[318]878
r3[318]878
j50[318]845
j50[318]878
n40[318]878
n40[318]1710
[520]{{y8}}1
[520]{{y8}}1018
[521]{{y8}}349
[521]{{y8}}1018
r3[521]778
r3[521]349
e52[521]349
e52[521]317
n40[521]349
n40[521]1
r3[520]1
r3[520]1
e52[520]1
e52[520]1
n40[520]1018
n40[520]1
r3[518]539
r3[518]539
s3[518]495
s3[518]539
j50[518]539
j50[518]1231
n40[518]539
n40[518]1710
[522]n40878
[522]n401710
[523]n40733
[523]n401710
q3[522]878
q3[522]810
j50[522]487
j50[522]878
w39[522]878
w39[522]1360
[175]{{x8}}21
[175]{{x8}}936
[524]{{x8}}568
[524]{{x8}}936
[525]{{x8}}564
[525]{{x8}}936
q3[525]564
q3[525]564
e52[525]564
e52[525]273
w39[525]564
w39[525]1054
q3[524]568
q3[524]568
e52[524]568
e52[524]304
w39[524]987
w39[524]568
q3[523]487
q3[523]733
j50[523]733
j50[523]810
w39[523]733
w39[523]1360
[527]w39603
[527]w391360
[528]w39330
[528]w391360
[529]w39352
[529]w391360
p3[528]330
p3[528]330
j50[528]330
j50[528]540
q39[528]330
q39[528]1203
p3[527]603
p3[527]540
j50[527]330
j50[527]603
q39[527]603
q39[527]1203
p3[531]941
p3[531]941
e52[531]941
e52[531]269
q39[531]941
q39[531]1382
j3q39457
j3q39457
[262]q39457
[262]q391482
[4212]q39778
[4212]q391740
[544]{{u8}}774
[544]{{u8}}904
[545]{{u8}}758
[545]{{u8}}904
n3[544]774
n3[544]774
e52[544]774
e52[544]662
v38[544]1279
v38[544]774
n3[545]758
n3[545]758
e52[545]758
e52[545]620
v38[545]758
v38[545]1361
[546]v38610
[546]v381047
[547]v38465
[547]v381047
l3[547]465
l3[547]465
m3[547]457
m3[547]465
[262][547]465
[262][547]1180
[4201]{{v8}}792
[4201]{{v8}}1284
[4202]{{v8}}901
[4202]{{v8}}1284
o3[4202]778
o3[4202]778
r38[4202]778
r38[4202]802
[297][4202]778
[297][4202]552
[175][4202]21
[175][4202]1284
[538][297]455
[538][297]552
[539][297]351
[539][297]552
n3[539]448
n3[539]351
{{t8}}[539]351
{{t8}}[539]486
j50[539]351
j50[539]43
o3[4201]792
o3[4201]792
[283][4201]792
[283][4201]901
[540][283]323
[540][283]901
[541][283]1016
[541][283]901
[542][283]31
[542][283]901
[543][283]800
[543][283]901
n3[543]800
n3[543]351
{{t8}}[543]800
{{t8}}[543]520
{{t8}}[540]351
{{t8}}[540]323
e52[540]323
e52[540]21
j50[540]323
j50[540]455
[548]{{t8}}796
[548]{{t8}}1207
[549]{{t8}}818
[549]{{t8}}1207
m3[549]740
m3[549]818
e52[549]818
e52[549]257
r38[549]818
r38[549]681
m3[548]796
m3[548]340
e52[548]796
e52[548]288
r38[548]914
r38[548]796
e52[541]1016
e52[541]288
r38[541]1076
r38[541]1016
[550]r38693
[550]r382137
[551]r38793
[551]r382137
l3[551]793
l3[551]793
[262][551]793
[262][551]2453
j50[262]785
j50[262]1491
n38[262]785
n38[262]660
[552]{{s8}}474
[552]{{s8}}599
[553]{{s8}}470
[553]{{s8}}599
l3[553]470
l3[553]470
e52[553]470
e52[553]397
n38[553]470
n38[553]825
k3[4212]778
k3[4212]705
[263][4212]778
[263][4212]1246
l3[546]610
l3[546]610
m3[546]610
m3[546]602
[263][546]610
[263][546]1216
l3[550]693
l3[550]693
[263][550]693
[263][550]2371
j50[263]829
j50[263]2088
n38[263]2088
n38[263]660
l3[552]474
l3[552]474
e52[552]474
e52[552]421
n38[552]785
n38[552]474
h0[529]352
h0[529]969
n38[529]352
n38[529]1032
h0n38549
h0n38643
[554]n38347
[554]n38643
[555]n38277
[555]n38643
c52n38660
c52n38138
[578]{{n8}}253
[578]{{n8}}252
[579]{{n8}}259
[579]{{n8}}252
g3[579]259
g3[579]259
e52[579]259
e52[579]223
[202][579]259
[202][579]360
g3[578]253
g3[578]253
e52[578]253
e52[578]210
[202][578]373
[202][578]253
c52[202]302
c52[202]302
[580][202]30
[580][202]302
[581][202]30
[581][202]302
[585]{{m8}}121
[585]{{m8}}127
[586]{{m8}}121
[586]{{m8}}127
f3[586]121
f3[586]121
e52[586]121
e52[586]114
c52[586]121
c52[586]179
[175]{{p8}}21
[175]{{p8}}471
[559]{{p8}}404
[559]{{p8}}471
[560]{{p8}}413
[560]{{p8}}471
i3[560]413
i3[560]413
e52[560]413
e52[560]177
[203][560]413
[203][560]497
i3[559]404
i3[559]404
e52[559]404
e52[559]156
[203][559]569
[203][559]404
c52[203]446
c52[203]458
[562][203]60
[562][203]446
[563][203]74
[563][203]446
f3[585]121
f3[585]121
e52[585]121
e52[585]123
c52[585]170
c52[585]121
[573]{{o8}}294
[573]{{o8}}335
[574]{{o8}}285
[574]{{o8}}335
h3[574]285
h3[574]285
e52[574]285
e52[574]238
l37[574]285
l37[574]452
h3[573]294
h3[573]294
e52[573]294
e52[573]251
l37[573]428
l37[573]294
[575]l37282
[575]l37416
[576]l37218
[576]l37416
[577]l3718
[577]l37416
c52l37374
c52l37138
d0c52138
d0c52138
[3997]c52128
[3997]c52138
[160][3997]126
[160][3997]110
[241][3997]45
[241][3997]126
[253][3997]26
[253][3997]126
[3998][3997]5
[3998][3997]138
[4329]{{t10}}5
[4329]{{t10}}89
[4330]{{t10}}89
[4330]{{t10}}89
[187][4330]89
[187][4330]5
[4331][4330]86
[4331][4330]89
m53[4331]114
m53[4331]17
[195][4331]17
[195][4331]109
[4332][4331]61
[4332][4331]89
e52[4332]61
e52[4332]48
u53[4332]111
u53[4332]61
[277][4332]61
[277][4332]136
r5[277]116
r5[277]56
y47[277]116
y47[277]47
z4[277]56
z4[277]25
a0[277]6
a0[277]136
w4y4762
w4y4762
x4y4762
x4y4759
y4y4762
y4y4755
[185]y4752
[185]y4762
v4[185]190
v4[185]52
j47[185]190
j47[185]47
s4j4747
s4j4747
t4j4747
t4j4745
u4j4747
u4j4740
[184]j4738
[184]j4747
r4[184]132
r4[184]38
y50[184]132
y50[184]33
r5y5023
r5y5023
m53y5026
m53y5023
[160]y5014
[160]y5033
g49[160]11
g49[160]33
[146][160]10
[146][160]33
e5g498
e5g498
v49g498
v49g497
[165]g495
[165]g498
d5g4915
d5g499
y48{{l10}}11
y48{{l10}}11
[165]{{l10}}11
[165]{{l10}}5
e5{{l10}}12
e5{{l10}}8
{{j10}}{{l10}}21
{{j10}}{{l10}}9
e5{{j10}}17
e5{{j10}}9
[869]{{j10}}15
[869]{{j10}}9
y3[472]471
y3[472]101
z50[472]407
z50[472]101
y3[473]90
y3[473]407
z50[473]90
z50[473]471
v3[491]178
v3[491]64
z50[491]158
z50[491]64
a4[182]171
a4[182]727
z50[182]727
z50[182]1378
v3[492]57
v3[492]158
z50[492]57
z50[492]178
g0z50304
g0z50304
[146]z50347
[146]z50304
f3[580]236
f3[580]30
j50[580]179
j50[580]30
j50[562]258
j50[562]60
r36[562]60
r36[562]242
j50[575]218
j50[575]282
[174][575]355
[174][575]282
m3[538]455
m3[538]36
n3[538]455
n3[538]31
j50[538]540
j50[538]455
n3[542]455
n3[542]31
j50[542]424
j50[542]31
i3[555]276
i3[555]277
j50[555]277
j50[555]332
p36[555]543
p36[555]277
f3[581]30
f3[581]179
j50[581]30
j50[581]236
j50[563]74
j50[563]231
p36[563]74
p36[563]269
i3[554]347
i3[554]349
j50[554]260
j50[554]347
r36[554]523
r36[554]347
j50[576]218
j50[576]282
[173][576]353
[173][576]218
[557]{{q8}}13
[557]{{q8}}44
[558]{{q8}}21
[558]{{q8}}44
e52[558]48
e52[558]21
j50[558]21
j50[558]60
e52[175]2171
e52[175]21
j50[175]5757
j50[175]21
u53j50307
u53j5025
[146]j5025
[146]j50327
e0j502
e0j50325
c5[146]10
c5[146]865
e5[146]9
e5[146]865
[869][146]7
[869][146]865
d5[869]8
d5[869]7
o49[869]7
o49[869]7
v49[869]7
v49[869]8
[873]v498
[873]v499
[874]v497
[874]v499
o49[873]8
o49[873]8
[165][873]7
[165][873]8
o49[874]7
o49[874]7
[165][874]7
[165][874]8
[343]{{u10}}6
[343]{{u10}}27
[344]{{u10}}15
[344]{{u10}}27
[345]{{u10}}12
[345]{{u10}}27
l5[344]15
l5[344]12
{{s10}}[344]29
{{s10}}[344]15
y48[344]6
y48[344]15
k40{{s10}}12
k40{{s10}}23
[195]{{s10}}17
[195]{{s10}}12
m53{{s10}}5
m53{{s10}}25
[4328]{{s10}}7
[4328]{{s10}}15
h40[195]14
h40[195]109
o49[195]7
o49[195]109
e52[4328]15
e52[4328]7
y48[4328]1
y48[4328]7
o49[4328]7
o49[4328]7
j51[4328]1
j51[4328]15
a5o493
a5o4913
b5o4912
b5o493
[764]{{z6}}50
[764]{{z6}}104
[765]{{z6}}47
[765]{{z6}}104
[766]{{z6}}19
[766]{{z6}}104
s1[764]50
s1[764]50
d21[764]47
d21[764]50
[156][764]50
[156][764]20
s1[765]47
s1[765]47
d21[765]47
d21[765]50
[156][765]47
[156][765]20
k[752]784
k[752]1381
d21[752]708
d21[752]784
v0d21227
v0d21467
w0d21467
w0d211159
p22d21536
p22d21467
[769]d21241
[769]d21467
[770]d21972
[770]d21467
hd211855
hd211271
a5{{i10}}2
a5{{i10}}2
z{{u9}}55
z{{u9}}110
[409]{{u9}}56
[409]{{u9}}110
[410]{{u9}}38
[410]{{u9}}110
[411]{{u9}}29
[411]{{u9}}110
n4[410]41
n4[410]38
v50[410]44
v50[410]38
b46[410]38
b46[410]126
g3{{z5}}23
g3{{z5}}23
x4{{z5}}22
x4{{z5}}23
s4{{z5}}21
s4{{z5}}23
n4{{z5}}20
n4{{z5}}23
j4{{z5}}19
j4{{z5}}23
e4{{z5}}18
e4{{z5}}23
a4{{z5}}17
a4{{z5}}23
x3{{z5}}16
x3{{z5}}23
u3{{z5}}15
u3{{z5}}23
r3{{z5}}14
r3{{z5}}23
n3{{z5}}13
n3{{z5}}23
k0{{z5}}12
k0{{z5}}23
u0{{z5}}11
u0{{z5}}23
t0{{z5}}10
t0{{z5}}23
s0{{z5}}9
s0{{z5}}23
r0{{z5}}8
r0{{z5}}23
q0{{z5}}7
q0{{z5}}23
p0{{z5}}6
p0{{z5}}23
o0{{z5}}5
o0{{z5}}23
n0{{z5}}4
n0{{z5}}23
m0{{z5}}3
m0{{z5}}23
l0{{z5}}2
l0{{z5}}23
z{{w9}}27
z{{w9}}45
v50{{w9}}45
v50{{w9}}43
h4{{w9}}45
h4{{w9}}9
j4{{w9}}45
j4{{w9}}8
k4{{w9}}45
k4{{w9}}7
l4{{w9}}45
l4{{w9}}6
m4{{w9}}45
m4{{w9}}5
n4{{w9}}45
n4{{w9}}4
o4{{w9}}45
o4{{w9}}3
q4{{w9}}45
q4{{w9}}2
z{{v9}}49
z{{v9}}87
[405]{{v9}}44
[405]{{v9}}87
[406]{{v9}}64
[406]{{v9}}87
[407]{{v9}}27
[407]{{v9}}87
o4[405]47
o4[405]44
v50[405]44
v50[405]44
[158][405]117
[158][405]44
o4[406]64
o4[406]68
v50[406]78
v50[406]64
[158][406]64
[158][406]68
z{{x9}}55
z{{x9}}118
[401]{{x9}}50
[401]{{x9}}118
[402]{{x9}}77
[402]{{x9}}118
[403]{{x9}}29
[403]{{x9}}118
q4[401]53
q4[401]50
v50[401]53
v50[401]50
[206][401]147
[206][401]50
q4[402]77
q4[402]82
v50[402]97
v50[402]77
[206][402]77
[206][402]82
o4[206]63
o4[206]63
[158][206]87
[158][206]63
n4[158]90
n4[158]75
b46[158]90
b46[158]118
n4[409]56
n4[409]60
v50[409]79
v50[409]56
b46[409]70
b46[409]56
[4295]{{t9}}31
[4295]{{t9}}109
[4296]{{t9}}78
[4296]{{t9}}109
v50[4296]108
v50[4296]78
b46[4296]53
b46[4296]78
[301][4296]78
[301][4296]79
z[4296]2
z[4296]109
m4[301]56
m4[301]79
[169][301]40
[169][301]79
m4b46152
m4b46102
[169]b46152
[169]b46171
f3{{a6}}23
f3{{a6}}23
r5{{a6}}22
r5{{a6}}23
p5{{a6}}21
p5{{a6}}23
m5{{a6}}20
m5{{a6}}23
w4{{a6}}19
w4{{a6}}23
r4{{a6}}18
r4{{a6}}23
m4{{a6}}17
m4{{a6}}23
h4{{a6}}16
h4{{a6}}23
d4{{a6}}15
d4{{a6}}23
q3{{a6}}14
q3{{a6}}23
m3{{a6}}13
m3{{a6}}23
k0{{a6}}12
k0{{a6}}23
u0{{a6}}11
u0{{a6}}23
t0{{a6}}10
t0{{a6}}23
s0{{a6}}9
s0{{a6}}23
r0{{a6}}8
r0{{a6}}23
q0{{a6}}7
q0{{a6}}23
p0{{a6}}6
p0{{a6}}23
o0{{a6}}5
o0{{a6}}23
n0{{a6}}4
n0{{a6}}23
m0{{a6}}3
m0{{a6}}23
l0{{a6}}2
l0{{a6}}23
[188][769]241
[188][769]467
[268][769]241
[268][769]310
p1[770]467
p1[770]972
[268][770]972
[268][770]310
q1[268]310
q1[268]806
m19[268]310
m19[268]382
[279][268]1025
[279][268]195
a3[741]23
a3[741]19
k20[741]759
k20[741]23
y2[755]19
y2[755]19
[209][755]19
[209][755]435
c3[729]19
c3[729]19
[209][729]19
[209][729]567
x2[761]19
x2[761]19
[209][761]19
[209][761]237
w2[766]19
w2[766]19
[209][766]19
[209][766]67
b[209]11
b[209]30
k20[209]1033
k20[209]30
b[156]12
b[156]1008
k20[156]1008
k20[156]34
d3[4070]19
d3[4070]19
k20[4070]703
k20[4070]19
b[4070]2
b[4070]716
e3[716]24
e3[716]19
k20[716]763
k20[716]24
z2[748]23
z2[748]19
k20[748]793
k20[748]23
b3[735]23
b3[735]19
k20[735]784
k20[735]23
v0k2018
v0k2018
[252]k2020
[252]k2018
h20k205
h20k2021
w0[252]17
w0[252]78
d1[252]15
d1[252]78
p22[252]19
p22[252]78
i19[252]78
i19[252]20
r1[279]195
r1[279]618
i19[279]195
i19[279]678
a1i19260
a1i19421
b1i19245
b1i19421
c1i19240
c1i19421
m19i19421
m19i19349
z0m19219
z0m19701
[188]m19206
[188]m19701
x0[188]187
x0[188]1149
y0[188]184
y0[188]1149
x0{{t5}}23
x0{{t5}}23
d3{{t5}}22
d3{{t5}}23
z2{{t5}}21
z2{{t5}}23
s2{{t5}}20
s2{{t5}}23
m2{{t5}}19
m2{{t5}}23
i2{{t5}}18
i2{{t5}}23
d2{{t5}}17
d2{{t5}}23
z1{{t5}}16
z1{{t5}}23
w1{{t5}}15
w1{{t5}}23
t1{{t5}}14
t1{{t5}}23
c1{{t5}}13
c1{{t5}}23
m{{t5}}12
m{{t5}}23
w{{t5}}11
w{{t5}}23
v{{t5}}10
v{{t5}}23
u{{t5}}9
u{{t5}}23
t{{t5}}8
t{{t5}}23
s{{t5}}7
s{{t5}}23
r{{t5}}6
r{{t5}}23
q{{t5}}5
q{{t5}}23
p{{t5}}4
p{{t5}}23
o{{t5}}3
o{{t5}}23
n{{t5}}2
n{{t5}}23
w2[636]10
w2[636]10
x2[636]9
x2[636]10
y2[636]8
y2[636]10
z2[636]7
z2[636]10
t20[636]10
t20[636]21
w0{{u5}}23
w0{{u5}}23
c3{{u5}}22
c3{{u5}}23
y2{{u5}}21
y2{{u5}}23
r2{{u5}}20
r2{{u5}}23
l2{{u5}}19
l2{{u5}}23
h2{{u5}}18
h2{{u5}}23
c2{{u5}}17
c2{{u5}}23
y1{{u5}}16
y1{{u5}}23
v1{{u5}}15
v1{{u5}}23
s1{{u5}}14
s1{{u5}}23
b1{{u5}}13
b1{{u5}}23
m{{u5}}12
m{{u5}}23
w{{u5}}11
w{{u5}}23
v{{u5}}10
v{{u5}}23
u{{u5}}9
u{{u5}}23
t{{u5}}8
t{{u5}}23
s{{u5}}7
s{{u5}}23
r{{u5}}6
r{{u5}}23
q{{u5}}5
q{{u5}}23
p{{u5}}4
p{{u5}}23
o{{u5}}3
o{{u5}}23
n{{u5}}2
n{{u5}}23
h22[800]19
h22[800]12
p21[800]12
p21[800]36
y2p21144
y2p2128
z2p2126
z2p21144
a3p2124
a3p21144
b3p2121
b3p21144
c3p2119
c3p21144
d3p2117
d3p21144
e3p2114
e3p21144
w2{{c8}}10
w2{{c8}}10
x2{{c8}}10
x2{{c8}}9
y2{{c8}}10
y2{{c8}}8
z2{{c8}}10
z2{{c8}}7
t20{{c8}}10
t20{{c8}}6
j5[3998]76
j5[3998]5
k5[3998]5
k5[3998]74
[312][3998]5
[312][3998]72
k5{{r10}}8
k5{{r10}}11
{{q10}}{{r10}}8
{{q10}}{{r10}}12
[4327]{{r10}}7
[4327]{{r10}}12
[359]{{q10}}8
[359]{{q10}}12
[360]{{q10}}1
[360]{{q10}}12
j5[360]1
j5[360]1
[316][360]1
[316][360]12
j5[4327]7
j5[4327]7
[316][4327]7
[316][4327]11
z[316]1
z[316]7
k5[316]6
k5[316]7
m53[316]8
m53[316]7
z[359]3
z[359]8
j5[359]8
j5[359]6
m53[359]8
m53[359]6
i3{{x5}}23
i3{{x5}}23
z4{{x5}}22
z4{{x5}}23
u4{{x5}}21
u4{{x5}}23
q4{{x5}}20
q4{{x5}}23
l4{{x5}}19
l4{{x5}}23
i4{{x5}}18
i4{{x5}}23
c4{{x5}}17
c4{{x5}}23
z3{{x5}}16
z3{{x5}}23
w3{{x5}}15
w3{{x5}}23
t3{{x5}}14
t3{{x5}}23
p3{{x5}}13
p3{{x5}}23
k0{{x5}}12
k0{{x5}}23
u0{{x5}}11
u0{{x5}}23
t0{{x5}}10
t0{{x5}}23
s0{{x5}}9
s0{{x5}}23
r0{{x5}}8
r0{{x5}}23
q0{{x5}}7
q0{{x5}}23
p0{{x5}}6
p0{{x5}}23
o0{{x5}}5
o0{{x5}}23
n0{{x5}}4
n0{{x5}}23
m0{{x5}}3
m0{{x5}}23
l0{{x5}}2
l0{{x5}}23
z{{s9}}43
z{{s9}}108
[418]{{s9}}52
[418]{{s9}}108
[419]{{s9}}33
[419]{{s9}}108
[420]{{s9}}29
[420]{{s9}}108
l4[419]35
l4[419]33
v50[419]38
v50[419]33
k45[419]33
k45[419]108
l4[169]127
l4[169]117
k45[169]127
k45[169]201
j0[169]47
j0[169]281
l4[418]52
l4[418]56
v50[418]61
v50[418]52
k45[418]60
k45[418]52
r5[503]543
r5[503]1429
[269][503]1429
[269][503]547
n50[502]543
n50[502]1090
[269][502]1090
[269][502]547
q5[269]467
q5[269]1539
r50[269]467
r50[269]660
[280][269]1822
[280][269]417
p5[280]417
p5[280]1539
[189][280]506
[189][280]417
s3[4264]20
s3[4264]20
l51[4264]748
l51[4264]20
z[4264]2
z[4264]1140
p3[477]29
p3[477]20
l51[477]766
l51[477]29
t3[451]28
t3[451]20
l51[451]963
l51[451]28
n3[490]20
n3[490]20
[210][490]20
[210][490]446
r3[464]20
r3[464]20
[210][464]20
[210][464]624
m3[496]20
m3[496]20
[210][496]20
[210][496]310
l3[501]20
l3[501]20
[210][501]20
[210][501]72
z[210]11
z[210]36
l51[210]1034
l51[210]36
z[155]12
z[155]1010
l51[155]1010
l51[155]46
q3[470]28
q3[470]20
l51[470]848
l51[470]28
o3[4245]20
o3[4245]20
l51[4245]441
l51[4245]20
z[4245]2
z[4245]623
r4l5119
r4l5119
u53l5116
u53l5119
[253]l5120
[253]l5119
j51l515
j51l5125
s4[253]33
s4[253]124
z4[253]32
z4[253]124
n50[253]124
n50[253]41
w4n50681
w4n502304
x4n50666
x4n502304
y4n50619
y4n502304
r50n502304
r50n501040
v4r50637
v4r503667
[189]r50802
[189]r503667
t4[189]546
t4[189]4065
u4[189]495
u4[189]4065
z{{q9}}42
z{{q9}}96
[427]{{q9}}30
[427]{{q9}}96
[428]{{q9}}53
[428]{{q9}}96
[429]{{q9}}26
[429]{{q9}}96
w3[429]26
w3[429]28
v50[429]26
v50[429]59
h3{{y5}}23
h3{{y5}}23
y4{{y5}}22
y4{{y5}}23
t4{{y5}}21
t4{{y5}}23
o4{{y5}}20
o4{{y5}}23
k4{{y5}}19
k4{{y5}}23
f4{{y5}}18
f4{{y5}}23
b4{{y5}}17
b4{{y5}}23
y3{{y5}}16
y3{{y5}}23
v3{{y5}}15
v3{{y5}}23
s3{{y5}}14
s3{{y5}}23
o3{{y5}}13
o3{{y5}}23
k0{{y5}}12
k0{{y5}}23
u0{{y5}}11
u0{{y5}}23
t0{{y5}}10
t0{{y5}}23
s0{{y5}}9
s0{{y5}}23
r0{{y5}}8
r0{{y5}}23
q0{{y5}}7
q0{{y5}}23
p0{{y5}}6
p0{{y5}}23
o0{{y5}}5
o0{{y5}}23
n0{{y5}}4
n0{{y5}}23
m0{{y5}}3
m0{{y5}}23
l0{{y5}}2
l0{{y5}}23
v0{{v5}}23
v0{{v5}}23
b3{{v5}}22
b3{{v5}}23
x2{{v5}}21
x2{{v5}}23
q2{{v5}}20
q2{{v5}}23
k2{{v5}}19
k2{{v5}}23
f2{{v5}}18
f2{{v5}}23
b2{{v5}}17
b2{{v5}}23
r1{{v5}}16
r1{{v5}}23
p1{{v5}}15
p1{{v5}}23
m1{{v5}}14
m1{{v5}}23
a1{{v5}}13
a1{{v5}}23
m{{v5}}12
m{{v5}}23
w{{v5}}11
w{{v5}}23
v{{v5}}10
v{{v5}}23
u{{v5}}9
u{{v5}}23
t{{v5}}8
t{{v5}}23
s{{v5}}7
s{{v5}}23
r{{v5}}6
r{{v5}}23
q{{v5}}5
q{{v5}}23
p{{v5}}4
p{{v5}}23
o{{v5}}3
o{{v5}}23
n{{v5}}2
n{{v5}}23
y0{{s5}}23
y0{{s5}}23
e3{{s5}}22
e3{{s5}}23
a3{{s5}}21
a3{{s5}}23
t2{{s5}}20
t2{{s5}}23
o2{{s5}}19
o2{{s5}}23
j2{{s5}}18
j2{{s5}}23
g2{{s5}}17
g2{{s5}}23
a2{{s5}}16
a2{{s5}}23
x1{{s5}}15
x1{{s5}}23
u1{{s5}}14
u1{{s5}}23
d1{{s5}}13
d1{{s5}}23
m{{s5}}12
m{{s5}}23
w{{s5}}11
w{{s5}}23
v{{s5}}10
v{{s5}}23
u{{s5}}9
u{{s5}}23
t{{s5}}8
t{{s5}}23
s{{s5}}7
s{{s5}}23
r{{s5}}6
r{{s5}}23
q{{s5}}5
q{{s5}}23
p{{s5}}4
p{{s5}}23
o{{s5}}3
o{{s5}}23
n{{s5}}2
n{{s5}}23
p1e2912
p1e2942
g29e29323
g29e2912
s2e29433
s2e29255
[4129]e29729
[4129]e29290
q1[4129]27
q1[4129]28
g29[4129]28
g29[4129]22
[143][4129]493
[143][4129]46
[171][4129]729
[171][4129]223
q1g2927
q1g2918
[172]g2918
[172]g29236
s2g29313
s2g2940
p1g29356
p1g2954
[4130]g29502
[4130]g29396
s2[4130]223
s2[4130]190
[172][4130]495
[172][4130]223
[143][4130]502
[143][4130]36
q2[172]263
q2[172]388
r2[172]263
r2[172]792
q2[171]351
q2[171]224
r2[171]652
r2[171]224
b{{v7}}86
b{{v7}}174
[668]{{v7}}63
[668]{{v7}}174
[669]{{v7}}115
[669]{{v7}}174
[670]{{v7}}38
[670]{{v7}}174
o2[669]115
o2[669]123
q19[669]132
q19[669]115
[205][669]115
[205][669]93
o2[668]66
o2[668]63
q19[668]69
q19[668]63
[205][668]168
[205][668]63
m2[205]95
m2[205]95
[157][205]150
[157][205]95
b{{t7}}87
b{{t7}}176
[672]{{t7}}62
[672]{{t7}}176
[673]{{t7}}120
[673]{{t7}}176
[674]{{t7}}38
[674]{{t7}}176
m2[673]120
m2[673]128
q19[673]121
q19[673]120
[157][673]120
[157][673]99
m2[672]65
m2[672]62
q19[672]63
q19[672]62
[157][672]178
[157][672]62
l2[157]101
l2[157]95
a28[157]101
a28[157]169
b{{s7}}109
b{{s7}}229
[676]{{s7}}106
[676]{{s7}}229
[677]{{s7}}56
[677]{{s7}}229
[678]{{s7}}38
[678]{{s7}}229
l2[676]106
l2[676]114
q19[676]117
q19[676]106
a28[676]126
a28[676]106
[4101]{{r7}}41
[4101]{{r7}}169
[4102]{{r7}}130
[4102]{{r7}}169
q19[4102]134
q19[4102]130
a28[4102]67
a28[4102]130
[294][4102]130
[294][4102]88
b[4102]2
b[4102]169
l2[677]59
l2[677]56
q19[677]60
q19[677]56
a28[677]56
a28[677]232
k2a28157
k2a28132
[167]a28157
[167]a28182
k2[294]81
k2[294]88
[167][294]56
[167][294]88
b{{u7}}33
b{{u7}}64
q19{{u7}}64
q19{{u7}}61
f2{{u7}}67
f2{{u7}}9
h2{{u7}}67
h2{{u7}}8
i2{{u7}}67
i2{{u7}}7
j2{{u7}}67
j2{{u7}}6
k2{{u7}}67
k2{{u7}}5
l2{{u7}}67
l2{{u7}}4
m2{{u7}}67
m2{{u7}}3
o2{{u7}}67
o2{{u7}}2
[4095]{{p7}}36
[4095]{{p7}}159
[4096]{{p7}}93
[4096]{{p7}}159
v1[4095]36
v1[4095]36
q19[4095]36
q19[4095]93
z{{n9}}19
z{{n9}}54
[4277]{{n9}}42
[4277]{{n9}}54
u3[4277]29
u3[4277]31
v50[4277]29
v50[4277]37
[4278][4277]31
[4278][4277]54
[212][4278]31
[212][4278]53
[299][4278]31
[299][4278]21
g4[299]19
g4[299]21
[183][299]23
[183][299]21
[243][299]21
[243][299]21
f50{{o10}}26
f50{{o10}}25
[367]{{o10}}18
[367]{{o10}}26
[368]{{o10}}18
[368]{{o10}}26
f50{{n10}}41
f50{{n10}}7
[361]{{n10}}28
[361]{{n10}}41
[362]{{n10}}28
[362]{{n10}}41
z{{n10}}2
z{{n10}}42
f5[362]28
f5[362]30
{{m10}}[362]42
{{m10}}[362]28
z{{m10}}1
z{{m10}}24
[364]{{m10}}26
[364]{{m10}}24
[365]{{m10}}30
[365]{{m10}}24
f50{{m10}}42
f50{{m10}}5
f5[364]26
f5[364]26
g5[364]26
g5[364]26
[163][364]1
[163][364]26
f5[365]30
f5[365]1
[163][365]30
[163][365]24
g5[361]28
g5[361]27
[163][361]28
[163][361]24
f50[163]37
f50[163]1
[367][163]22
[367][163]37
[368][163]1
[368][163]37
h5[163]10
h5[163]22
z[367]18
z[367]18
h5[367]23
h5[367]18
[170][367]26
[170][367]18
z[368]18
z[368]18
h5[368]18
h5[368]23
[170][368]18
[170][368]26
z3[4295]31
z3[4295]31
v50[4295]31
v50[4295]78
j4[428]53
j4[428]57
v50[428]44
v50[428]53
[168][428]53
[168][428]58
a4[411]29
a4[411]31
v50[411]29
v50[411]81
y3[420]29
y3[420]31
v50[420]29
v50[420]78
b4[407]27
b4[407]29
v50[407]27
v50[407]79
z{{o9}}27
z{{o9}}51
[434]{{o9}}26
[434]{{o9}}51
[435]{{o9}}24
[435]{{o9}}51
[436]{{o9}}26
[436]{{o9}}51
h4[434]28
h4[434]26
n44[434]26
n44[434]26
v50[434]28
v50[434]26
c4[403]29
c4[403]31
v50[403]29
v50[403]89
[4289]{{r9}}29
[4289]{{r9}}61
[4290]{{r9}}58
[4290]{{r9}}61
x3[4289]29
x3[4289]29
v50[4289]29
v50[4289]57
h4[435]24
h4[435]26
[212][435]24
[212][435]50
n44[212]40
n44[212]27
v50[212]63
v50[212]40
v50[4290]62
v50[4290]57
k45[4290]46
k45[4290]57
[300][4290]57
[300][4290]71
z[4290]2
z[4290]61
j4[427]32
j4[427]30
v50[427]29
v50[427]30
[168][427]100
[168][427]30
v3[436]26
v3[436]28
v50[436]26
v50[436]49
e52v5021
e52v5086
y48v5021
y48v5027
[170]v50117
[170]v5039
p4[170]13
p4[170]28
n44[170]26
n44[170]13
j4[300]34
j4[300]46
[168][300]60
[168][300]34
k4[300]57
k4[300]71
j4k45167
j4k45140
k4k45167
k4k45133
[168]k45231
[168]k45167
h4[168]231
h4[168]156
n44[168]134
n44[168]231
[183]n44205
[183]n4453
[243]n4453
[243]n44191
g4n44212
g4n4437
j0[183]94
j0[183]65
p5[183]225
p5[183]65
z{{p9}}10
z{{p9}}10
[431]{{p9}}7
[431]{{p9}}10
[432]{{p9}}8
[432]{{p9}}10
i4[432]10
i4[432]8
i44[432]8
i44[432]9
i4[243]200
i4[243]65
i44[243]200
i44[243]52
i4[431]7
i4[431]9
i44[431]10
i44[431]7
j0i449
j0i4440
q5i4440
q5i4411
[4001]i4435
[4001]i4412
p1{{w6}}17
p1{{w6}}18
[258]{{w6}}18
[258]{{w6}}21
[270]{{w6}}33
[270]{{w6}}41
z22{{w6}}33
z22{{w6}}7
z22{{x6}}33
z22{{x6}}43
[4030]{{x6}}33
[4030]{{x6}}48
z22{{y6}}33
z22{{y6}}43
[4032]{{y6}}33
[4032]{{y6}}48
[795]z2217
[795]z227
[796]z2216
[796]z227
[797]z2217
[797]z227
bz222
bz2241
p1[795]17
p1[795]5
q1[795]5
q1[795]17
r1[795]5
r1[795]17
[286][4030]17
[286][4030]35
[780][4030]1
[780][4030]35
[781][4030]1
[781][4030]35
[782][4030]1
[782][4030]35
q1[4030]17
q1[4030]27
[4031][4030]21
[4031][4030]48
[286][4031]1
[286][4031]33
[780][4031]12
[780][4031]33
[781][4031]11
[781][4031]33
[782][4031]1
[782][4031]33
[258][4031]13
[258][4031]21
p1[782]1
p1[782]15
r1[782]1
r1[782]22
p1[796]5
p1[796]16
q1[796]16
q1[796]5
r1[796]5
r1[796]16
v0[843]7
v0[843]7
r1[843]7
r1[843]172
h22[843]338
h22[843]7
r1[270]1
r1[270]17
[274][270]12
[274][270]17
q1[270]12
q1[270]29
[4029][270]24
[4029][270]41
r1[4029]11
r1[4029]23
[255][4029]20
[255][4029]11
[286][4029]17
[286][4029]41
p1[797]5
p1[797]17
q1[797]4
q1[797]17
r1[797]17
r1[797]6
r1[780]12
r1[780]19
[274][780]12
[274][780]14
[286][4032]17
[286][4032]34
[776][4032]1
[776][4032]34
[777][4032]1
[777][4032]34
[778][4032]1
[778][4032]34
r1[4032]17
r1[4032]26
[4033][4032]20
[4033][4032]48
r1[937]8
r1[937]7
h22[937]103
h22[937]7
q1[656]11
q1[656]34
[143][656]600
[143][656]11
j[143]21
j[143]27
h22[143]789
h22[143]27
b{{o7}}81
b{{o7}}176
[694]{{o7}}38
[694]{{o7}}176
[695]{{o7}}61
[695]{{o7}}176
[696]{{o7}}33
[696]{{o7}}176
h2[694]41
h2[694]38
q19[694]41
q19[694]38
[166][694]117
[166][694]38
b{{q7}}58
b{{q7}}123
[685]{{q7}}85
[685]{{q7}}123
[686]{{q7}}50
[686]{{q7}}123
[687]{{q7}}35
[687]{{q7}}123
j2[685]85
j2[685]91
q19[685]78
q19[685]85
j27[685]73
j27[685]85
q19[4096]86
q19[4096]93
j27[4096]69
j27[4096]93
[293][4096]93
[293][4096]95
b[4096]2
b[4096]159
j2[167]157
j2[167]184
j27[167]157
j27[167]306
l[167]40
l[167]320
j2[686]53
j2[686]50
q19[686]49
q19[686]50
j27[686]50
j27[686]119
h2j27230
h2j27200
i2j27230
i2j27198
[166]j27290
[166]j27230
h2[695]61
h2[695]67
q19[695]56
q19[695]61
[166][695]61
[166][695]97
h2[293]47
h2[293]69
[166][293]87
[166][293]47
i2[293]85
i2[293]95
m53[345]27
m53[345]12
h40[345]12
h40[345]39
n3h40248
n3h4031
o3h4028
o3h40248
p3h4025
p3h40248
q3h4022
q3h40248
r3h4019
r3h40248
s3h4016
s3h40248
t3h4014
t3h40248
p3k40254
p3k40262
q3k40254
q3k40253
r3k40254
r3k40246
s3k40254
s3k40238
t3k40254
t3k40385
l3[557]13
l3[557]13
m3[557]12
m3[557]13
n3[557]10
n3[557]13
o3[557]8
o3[557]13
e52[557]13
e52[557]21
l3{{r8}}13
l3{{r8}}13
m3{{r8}}13
m3{{r8}}12
n3{{r8}}13
n3{{r8}}10
o3{{r8}}13
o3{{r8}}8
e52{{r8}}13
e52{{r8}}6
u1[696]33
u1[696]36
q19[696]33
q19[696]104
v0[938]6
v0[938]8
h22[938]103
h22[938]6
e3[249]140
e3[249]123
[190][249]319
[190][249]140
c3[190]1123
c3[190]3
d3[190]1123
d3[190]1547
[286][4033]1
[286][4033]33
[776][4033]12
[776][4033]33
[777][4033]11
[777][4033]33
[778][4033]1
[778][4033]33
[258][4033]13
[258][4033]20
q1[777]11
q1[777]17
[255][777]13
[255][777]11
b{{n7}}20
b{{n7}}20
[698]{{n7}}11
[698]{{n7}}20
[699]{{n7}}11
[699]{{n7}}20
g2[698]11
g2[698]15
j26[698]14
j26[698]11
f2[166]358
f2[166]477
o26[166]313
o26[166]358
b{{m7}}36
b{{m7}}78
[701]{{m7}}37
[701]{{m7}}78
[702]{{m7}}36
[702]{{m7}}78
[703]{{m7}}38
[703]{{m7}}78
f2[701]40
f2[701]37
q19[701]40
q19[701]37
o26[701]59
o26[701]37
b{{l7}}24
b{{l7}}52
[4083]{{l7}}49
[4083]{{l7}}52
s1[4083]38
s1[4083]41
q19[4083]38
q19[4083]37
[4084][4083]31
[4084][4083]52
[211][4084]31
[211][4084]52
[292][4084]31
[292][4084]31
f2[702]36
f2[702]39
[211][702]36
[211][702]88
q19[211]35
q19[211]53
o26[211]53
o26[211]51
[666]{{w7}}15
[666]{{w7}}24
[667]{{w7}}17
[667]{{w7}}24
p2[667]17
p2[667]17
[247][667]17
[247][667]15
a[666]15
a[666]15
[247][666]17
[247][666]15
j1[247]14
j1[247]14
[181][247]13
[181][247]14
a2[670]38
a2[670]41
q19[670]38
q19[670]128
[812]{{q6}}36
[812]{{q6}}37
[813]{{q6}}33
[813]{{q6}}37
[814]{{q6}}4
[814]{{q6}}37
j1[812]36
j1[812]36
b18[812]16
b18[812]36
q19[812]38
q19[812]36
z1[674]38
z1[674]41
q19[674]38
q19[674]144
t1[703]38
t1[703]41
q19[703]38
q19[703]66
w1[687]35
w1[687]38
q19[687]35
q19[687]107
y1[678]38
y1[678]41
q19[678]38
q19[678]161
j1[813]33
j1[813]33
b18[813]16
b18[813]33
q19[813]33
q19[813]41
x1[4101]41
x1[4101]41
q19[4101]41
q19[4101]130
t20q1924
t20q1916
b18q1924
b18q1935
[181]q1932
[181]q1913
n2[181]13
n2[181]13
o26[181]12
o26[181]13
[180]o26320
[180]o2612
[239]o2612
[239]o26301
e2o26306
e2o262
e2[292]27
e2[292]31
[180][292]36
[180][292]31
[239][292]31
[239][292]28
g2[239]335
g2[239]35
j26[239]335
j26[239]29
g2[699]14
g2[699]11
j26[699]11
j26[699]15
lj2611
lj2652
q1j2652
q1j2618
[3996]j2640
[3996]j2626
p1[778]1
p1[778]14
q1[778]1
q1[778]23
m5[4329]5
m5[4329]62
m53[4329]5
m53[4329]17
y48[4329]6
y48[4329]5
m5x5316
m5x5320
[187]x5322
[187]x5320
b0x5322
b0x5329
n5[187]5
n5[187]223
y48[187]6
y48[187]5
m5[343]26
m5[343]6
u53[343]6
u53[343]5
y48[343]6
y48[343]6
u53{{v10}}6
u53{{v10}}6
r4[241]1240
r4[241]4067
u53[241]2047
u53[241]4067
y48f5032
y48f5065
j51f5032
j51f5065
u53f5029
u53f5045
m5u534
m5u535
n5u533
n5u535
zu532
zu535
j51u535
j51u536
l5j515
l5j514
m5j513
m5j515
y48j516
y48j515
l5y485
l5y485
m5y484
m5y485
n5y485
n5y481076
zy482
zy481079
[4185]p36417
[4185]p36269
[4186]p36737
[4186]p36269
q5[4185]30
q5[4185]40
[173][4185]40
[173][4185]238
h3[4185]391
h3[4185]258
r36[4185]417
r36[4185]18
p5[4186]18
p5[4186]44
r36[4186]258
r36[4186]44
[4187][4186]666
[4187][4186]269
p5r3620
p5r3633
[144]r36323
[144]r3620
h3r36384
h3r36365
[4188]r36796
[4188]r36390
p5[4188]27
p5[4188]36
q5[4188]52
q5[4188]36
[144][4188]734
[144][4188]53
[174][4188]796
[174][4188]376
[144][4187]666
[144][4187]48
[173][4187]666
[173][4187]253
q5[577]18
q5[577]32
[144][577]414
[144][577]18
h0[144]34
h0[144]45
m53[144]798
m53[144]45
r4[398]7
r4[398]7
r5[398]7
r5[398]135
m53[398]346
m53[398]7
e52m535
e52m535
[232]m533
[232]m535
l5e525
l5e525
[232]e525
[232]e525
ze522
ze526
m5[232]4
m5[232]3
n5[232]2
n5[232]4
j1[164]11
j1[164]19
k1[164]17
k1[164]11
o1[164]11
o1[164]15
m1[4022]5
m1[4022]72
h22[4022]5
h22[4022]18
b18[4022]6
b18[4022]5
t20h225
t20h22403
[231]h223886
[231]h225
t20[814]4
t20[814]4
[257][814]4
[257][814]37
l1t205
l1t205
[231]t204
[231]t205
bt202
bt206
m1[231]4
m1[231]401
n1[231]368
n1[231]4
m1[798]27
m1[798]6
p22[798]6
p22[798]5
b18[798]6
b18[798]6
p22{{v6}}6
p22{{v6}}6
m1p224
m1p225
n1p223
n1p225
bp222
bp224
h20p225
h20p226
t22[258]14
t22[258]21
u22[258]14
u22[258]16
t22[286]21
t22[286]31
[255][286]15
[255][286]21
p1[781]11
p1[781]20
[255][781]12
[255][781]11
t22[255]15
t22[255]21
u22[255]16
u22[255]15
p1[776]12
p1[776]22
[274][776]12
[274][776]13
t22[274]1
t22[274]16
u22[274]16
u22[274]16
m1u2220
m1u2221
[186]u2233
[186]u2221
du2222
du2234
l1t2218
l1t2218
[186]t2228
[186]t2218
et2219
et2229
n1[186]7
n1[186]373
b18[186]6
b18[186]7
b18h205
b18h205
[257]h205
[257]h203
n1b185
n1b185
[257]b185
[257]b182035
bb182
bb182036
l1[257]4
l1[257]3
m1[257]2
m1[257]4
[340]c5415
[340]c547
[341]c5419
[341]c547
[342]c5421
[342]c547
zc542
zc5443
p5[340]15
p5[340]5
q5[340]5
q5[340]15
r5[340]6
r5[340]15
p5[327]1
p5[327]17
r5[327]1
r5[327]16
p5[323]1
p5[323]16
q5[323]1
q5[323]20
p5[341]5
p5[341]19
q5[341]19
q5[341]5
r5[341]6
r5[341]19
p5[342]5
p5[342]21
q5[342]4
q5[342]21
r5[342]21
r5[342]7
l[180]125
l[180]35
p1[180]366
p1[180]35
z{{l9}}4
z{{l9}}4
[446]{{l9}}3
[446]{{l9}}4
[447]{{l9}}3
[447]{{l9}}4
z{{m9}}5
z{{m9}}5
[443]{{m9}}4
[443]{{m9}}5
[444]{{m9}}4
[444]{{m9}}5
z{{k9}}3
z{{k9}}3
d4{{k9}}3
d4{{k9}}2
e1{{m6}}2
e1{{m6}}2
f3[174]360
f3[174]314
g3[174]360
g3[174]545
f3[173]351
f3[173]263
g3[173]642
g3[173]263
b{{i7}}3
b{{i7}}3
b2{{i7}}3
b2{{i7}}2
b{{j7}}5
b{{j7}}5
[711]{{j7}}3
[711]{{j7}}5
[712]{{j7}}3
[712]{{j7}}5
b2[711]3
b2[711]4
c2[711]4
c2[711]3
b2[712]4
b2[712]3
c2[712]3
c2[712]4
d2[3996]40
d2[3996]21
[193][3996]23
[193][3996]40
b{{k7}}7
b{{k7}}7
[708]{{k7}}4
[708]{{k7}}7
[709]{{k7}}5
[709]{{k7}}7
d2[708]5
d2[708]4
[193][708]7
[193][708]4
d2[709]5
d2[709]7
[193][709]5
[193][709]5
b2[193]39
b2[193]20
c2[193]39
c2[193]16
r4[312]5
r4[312]72
r5[312]72
r5[312]4
d4[446]3
d4[446]4
e4[446]4
e4[446]3
d4[447]4
d4[447]3
e4[447]3
e4[447]4
f4[443]5
f4[443]4
[194][443]5
[194][443]4
f4[4001]35
f4[4001]12
[194][4001]11
[194][4001]35
f4[444]4
f4[444]5
[194][444]4
[194][444]5
d4[194]34
d4[194]15
e4[194]34
e4[194]13
g5[165]8
g5[165]23
i5[165]22
i5[165]8
o5[165]8
o5[165]21
g5{{p10}}2
g5{{p10}}2
a{{l6}}2
a{{l6}}2
j1{{r6}}2
j1{{r6}}2
duration = 3.6986sec.

