
outfunc
duration = 0.046039sec.

cost:3253
CSPF
[84]{{n1459}}13
[84]{{n1459}}18
[126]{{n1459}}13
[126]{{n1459}}75
[81]{{n1459}}8
[81]{{n1459}}71
n0_DFFSRX1_9{{n1459}}15
n0_DFFSRX1_9{{n1459}}88
[2968]{{n1459}}131
[2968]{{n1459}}122
reset_i[2968]131
reset_i[2968]131
[254][2968]131
[254][2968]129
dat_i[0][254]30
dat_i[0][254]29
[107][254]30
[107][254]120
[161][254]46
[161][254]129
[2969][254]99
[2969][254]129
n0_DFFSRX1_9[2969]76
n0_DFFSRX1_9[2969]92
[310][2969]76
[310][2969]75
[2970][2969]32
[2970][2969]129
adr_i[0][2970]32
adr_i[0][2970]31
n215[2970]32
n215[2970]31
n315[2970]32
n315[2970]38
[94][2970]32
[94][2970]87
dat_i[1]{{n1473_1}}30
dat_i[1]{{n1473_1}}30
[107]{{n1473_1}}30
[107]{{n1473_1}}211
n483{{n1473_1}}107
n483{{n1473_1}}231
reset_i{{n1473_1}}2
reset_i{{n1473_1}}133
[2973]{{n1473_1}}120
[2973]{{n1473_1}}231
n0_DFFSRX1_11n4839
n0_DFFSRX1_11n4839
n372n4839
n372n483254
[2977]n483110
[2977]n483231
n721[2977]110
n721[2977]322
[261][2977]110
[261][2977]287
n279[261]43
n279[261]74
[76][261]43
[76][261]114
[104][261]186
[104][261]42
n0_DFFSRX1_11[261]50
n0_DFFSRX1_11[261]135
[2978][261]98
[2978][261]287
n457[2978]57
n457[2978]287
[2979][2978]33
[2979][2978]287
n0_DFFSRX1_71[2979]191
n0_DFFSRX1_71[2979]1
n215[2979]1
n215[2979]146
[2980][2979]33
[2980][2979]287
adr_i[1][2980]33
adr_i[1][2980]158
n315[2980]33
n315[2980]67
[319][2980]33
[319][2980]146
[2948]{{n1417}}122
[2948]{{n1417}}232
[2949]{{n1417}}8
[2949]{{n1417}}232
[2950]{{n1417}}58
[2950]{{n1417}}232
[2951]{{n1417}}103
[2951]{{n1417}}232
adr_i[9][2949]8
adr_i[9][2949]8
[166][2949]8
[166][2949]185
[263]{{n1487}}55
[263]{{n1487}}152
[287]{{n1487}}126
[287]{{n1487}}152
n0_DFFSRX1_13{{n1487}}138
n0_DFFSRX1_13{{n1487}}124
[2982]{{n1487}}118
[2982]{{n1487}}190
[2985][2982]32
[2985][2982]190
[2986][2982]8
[2986][2982]190
[2987][2982]30
[2987][2982]190
[2988][2982]58
[2988][2982]190
reset_i[2985]32
reset_i[2985]32
adr_i[3][2985]32
adr_i[3][2985]31
[165][2985]32
[165][2985]171
[257]{{n1516}}128
[257]{{n1516}}117
[328]{{n1516}}9
[328]{{n1516}}117
n0_DFFSRX1_18{{n1516}}121
n0_DFFSRX1_18{{n1516}}186
[2995]{{n1516}}256
[2995]{{n1516}}206
[166][2995]7
[166][2995]206
[2996][2995]256
[2996][2995]206
n0_DFFSRX1_5[2996]58
n0_DFFSRX1_5[2996]58
[230][2996]58
[230][2996]194
[2997][2996]187
[2997][2996]206
reset_i[2997]187
reset_i[2997]187
[266][2997]187
[266][2997]255
[76][266]41
[76][266]32
[94][266]41
[94][266]180
[133][266]21
[133][266]208
n0_DFFSRX1_18[266]53
n0_DFFSRX1_18[266]181
[2998][266]123
[2998][266]255
[161][2998]45
[161][2998]255
[2999][2998]60
[2999][2998]255
dat_i[5][2999]30
dat_i[5][2999]29
[107][2999]30
[107][2999]191
[3000][2999]32
[3000][2999]255
n0_DFFSRX1_594{{dat_rdy_o}}2
n0_DFFSRX1_594{{dat_rdy_o}}2
reset_i{{n3057}}16
reset_i{{n3057}}24
n0_DFFSRX1_594{{n3057}}24
n0_DFFSRX1_594{{n3057}}21
[299]{{n3057}}24
[299]{{n3057}}12
[223]{{n3057}}12
[223]{{n3057}}26
n347{{n1431}}91
n347{{n1431}}228
[240]{{n1431}}91
[240]{{n1431}}21
[2956]{{n1431}}161
[2956]{{n1431}}208
n0_DFFSRX1_5[2956]55
n0_DFFSRX1_5[2956]55
[263][2956]55
[263][2956]219
[2957][2956]141
[2957][2956]208
reset_i[2957]141
reset_i[2957]141
[286][2957]141
[286][2957]252
n0_DFFSRX1_5[286]61
n0_DFFSRX1_5[286]58
[98][286]61
[98][286]248
[2959][286]60
[2959][286]252
dat_i[4][2959]30
dat_i[4][2959]29
[107][2959]30
[107][2959]186
[2960][2959]32
[2960][2959]252
n0_DFFSRX1_261{{n2367}}27
n0_DFFSRX1_261{{n2367}}27
[99]{{n2367}}27
[99]{{n2367}}28
[3137]{{n2367}}28
[3137]{{n2367}}46
n0_DFFSRX1_242[3137]28
n0_DFFSRX1_242[3137]28
[106][3137]28
[106][3137]28
n0_DFFSRX1_242{{dat_o[1]}}2
n0_DFFSRX1_242{{dat_o[1]}}2
n0_DFFSRX1_242{{n2381}}27
n0_DFFSRX1_242{{n2381}}27
[99]{{n2381}}27
[99]{{n2381}}29
[3138]{{n2381}}29
[3138]{{n2381}}54
n0_DFFSRX1_248{{n2423}}27
n0_DFFSRX1_248{{n2423}}27
[99]{{n2423}}27
[99]{{n2423}}29
[3141]{{n2423}}29
[3141]{{n2423}}54
n0_DFFSRX1_248{{dat_o[5]}}2
n0_DFFSRX1_248{{dat_o[5]}}2
n0_DFFSRX1_236{{n2409}}27
n0_DFFSRX1_236{{n2409}}27
[99]{{n2409}}27
[99]{{n2409}}28
[3140]{{n2409}}28
[3140]{{n2409}}48
n0_DFFSRX1_248[3140]28
n0_DFFSRX1_248[3140]28
[106][3140]28
[106][3140]28
n0_DFFSRX1_165{{n2133}}28
n0_DFFSRX1_165{{n2133}}49
[74]{{n2133}}28
[74]{{n2133}}55
[271]{{n2133}}28
[271]{{n2133}}20
[3122]{{n2133}}43
[3122]{{n2133}}30
n287[271]28
n287[271]20
[88][271]1
[88][271]20
[150][271]1
[150][271]20
n742{{n2119}}36
n742{{n2119}}82
n1425{{n2119}}22
n1425{{n2119}}36
n0_DFFSRX1_163{{n2119}}38
n0_DFFSRX1_163{{n2119}}67
n1436{{n2119}}35
n1436{{n2119}}67
reset_i{{n2119}}2
reset_i{{n2119}}67
reset_i[3122]43
reset_i[3122]43
[3123][3122]43
[3123][3122]42
n0_DFFSRX1_165[3123]31
n0_DFFSRX1_165[3123]35
[258][3123]31
[258][3123]57
[3124][3123]24
[3124][3123]42
[365]{{n2161}}22
[365]{{n2161}}30
[366]{{n2161}}13
[366]{{n2161}}30
[367]{{n2161}}28
[367]{{n2161}}30
reset_i[366]13
reset_i[366]13
n0_DFFSRX1_169[366]13
n0_DFFSRX1_169[366]44
[258][366]13
[258][366]59
n874[258]15
n874[258]43
[373][258]21
[373][258]43
[374][258]1
[374][258]43
[92]{{n1624}}106
[92]{{n1624}}21
[93]{{n1624}}106
[93]{{n1624}}12
n0_DFFSRX1_28{{n1624}}95
n0_DFFSRX1_28{{n1624}}31
[3036]{{n1624}}105
[3036]{{n1624}}124
n742[3036]1
n742[3036]1
n869[3036]1
n869[3036]12
n874[3036]13
n874[3036]12
n0_DFFSRX1_42[3036]13
n0_DFFSRX1_42[3036]115
[3037][3036]96
[3037][3036]124
n0_DFFSRX1_138{{n2006}}28
n0_DFFSRX1_138{{n2006}}43
[74]{{n2006}}28
[74]{{n2006}}70
[294]{{n2006}}28
[294]{{n2006}}47
[3104]{{n2006}}54
[3104]{{n2006}}41
reset_i[3104]54
reset_i[3104]54
[3105][3104]54
[3105][3104]59
n0_DFFSRX1_138[3105]31
n0_DFFSRX1_138[3105]41
[256][3105]31
[256][3105]78
[3106][3105]29
[3106][3105]59
n862[256]21
n862[256]39
n1158[256]21
n1158[256]90
n874[256]13
n874[256]78
[105][256]78
[105][256]1
[314][256]1
[314][256]78
n0_DFFSRX1_238{{n2034}}22
n0_DFFSRX1_238{{n2034}}22
[321]{{n2034}}22
[321]{{n2034}}37
[3109]{{n2034}}22
[3109]{{n2034}}38
n0_DFFSRX1_142[3109]22
n0_DFFSRX1_142[3109]50
[3110][3109]22
[3110][3109]52
[74][3110]28
[74][3110]51
[142][3110]28
[142][3110]43
[3111][3110]12
[3111][3110]52
reset_i[3111]39
reset_i[3111]12
[270][3111]12
[270][3111]60
n0_DFFSRX1_22[270]1
n0_DFFSRX1_22[270]31
n862[270]1
n862[270]46
n874[270]12
n874[270]60
[105][270]60
[105][270]1
reset_i{{n1873}}12
reset_i{{n1873}}12
n954{{n1873}}12
n954{{n1873}}48
[3084]{{n1873}}40
[3084]{{n1873}}49
[92][3084]49
[92][3084]21
[234][3084]21
[234][3084]25
[3085][3084]22
[3085][3084]49
n0_DFFSRX1_97[3085]22
n0_DFFSRX1_97[3085]74
[255][3085]22
[255][3085]66
n251[255]1
n251[255]46
[312][255]28
[312][255]46
[74][255]28
[74][255]40
[3086][255]13
[3086][255]66
[116][3086]1
[116][3086]66
[244][3086]13
[244][3086]66
[3087][3086]1
[3087][3086]66
n0_DFFSRX1_140{{n2020}}21
n0_DFFSRX1_140{{n2020}}54
[295]{{n2020}}21
[295]{{n2020}}90
[3107]{{n2020}}24
[3107]{{n2020}}42
[116][295]28
[116][295]90
[120][295]1
[120][295]90
[244][295]12
[244][295]90
[120]{{n2048}}1
[120]{{n2048}}22
[264]{{n2048}}22
[264]{{n2048}}22
n0_DFFSRX1_144{{n2048}}22
n0_DFFSRX1_144{{n2048}}24
[3112]{{n2048}}23
[3112]{{n2048}}41
n191{{n1964}}28
n191{{n1964}}1
[74]{{n1964}}28
[74]{{n1964}}22
[264]{{n1964}}13
[264]{{n1964}}22
n0_DFFSRX1_132{{n1964}}22
n0_DFFSRX1_132{{n1964}}36
[3093]{{n1964}}35
[3093]{{n1964}}43
[74][264]28
[74][264]28
[82][264]28
[82][264]31
[244][264]15
[244][264]24
n874[244]24
n874[244]70
[224][244]1
[224][244]70
reset_i[244]2
reset_i[244]24
n747n87410
n747n87420
n1425n87420
n1425n87443
[93]n87420
[93]n87410
n0_DFFSRX1_59n143636
n0_DFFSRX1_59n143635
n0_DFFSRX1_65n143635
n0_DFFSRX1_65n143635
n742n14361
n742n143635
n1425n143641
n1425n143635
[222]n143635
[222]n143615
[231]n143635
[231]n143647
[327]n143635
[327]n14367
n287n142527
n287n142556
n869n142510
n869n142556
[142]n142533
[142]n142556
n287[373]21
n287[373]37
n1164[373]21
n1164[373]57
[505]{{n1715}}22
[505]{{n1715}}64
[506]{{n1715}}33
[506]{{n1715}}64
[507]{{n1715}}65
[507]{{n1715}}64
[77]{{n1701}}74
[77]{{n1701}}75
[3062]{{n1701}}74
[3062]{{n1701}}44
n0_DFFSRX1_57[3062]64
n0_DFFSRX1_57[3062]36
[109][3062]64
[109][3062]22
[3063][3062]24
[3063][3062]44
n0_DFFSRX1_59[3063]24
n0_DFFSRX1_59[3063]26
n739[3063]22
n739[3063]24
[505][3063]24
[505][3063]24
[506][3063]36
[506][3063]24
[507][3063]37
[507][3063]24
[508][507]33
[508][507]64
[509][507]53
[509][507]64
n0_DFFSRX1_59[507]65
n0_DFFSRX1_59[507]23
[508]{{n1757}}31
[508]{{n1757}}61
[509]{{n1757}}52
[509]{{n1757}}61
n0_DFFSRX1_59[505]39
n0_DFFSRX1_59[505]22
n947[505]22
n947[505]33
[77][505]22
[77][505]61
[508][505]33
[508][505]22
[509][505]22
[509][505]22
n0_DFFSRX1_65[508]31
n0_DFFSRX1_65[508]31
n947[508]38
n947[508]31
[77][508]31
[77][508]61
n0_DFFSRX1_59[506]33
n0_DFFSRX1_59[506]31
n947[506]39
n947[506]33
[77][506]33
[77][506]61
[3068]{{n1771}}75
[3068]{{n1771}}75
[3069]{{n1771}}35
[3069]{{n1771}}75
n0_DFFSRX1_63[3069]35
n0_DFFSRX1_63[3069]49
n0_DFFSRX1_67[3069]35
n0_DFFSRX1_67[3069]35
{{n1743}}[3069]77
{{n1743}}[3069]35
[77][3069]35
[77][3069]61
n0_DFFSRX1_63[3068]35
n0_DFFSRX1_63[3068]74
[77][3068]74
[77][3068]46
{{n1743}}[3068]67
{{n1743}}[3068]75
n0_DFFSRX1_67[3068]75
n0_DFFSRX1_67[3068]36
[3066]{{n1743}}56
[3066]{{n1743}}73
[3067]{{n1743}}33
[3067]{{n1743}}73
n0_DFFSRX1_63[3067]33
n0_DFFSRX1_63[3067]33
{{n1652}}[3067]1
{{n1652}}[3067]33
[77][3067]33
[77][3067]20
[144][3067]60
[144][3067]33
[77][3066]79
[77][3066]32
[144][3066]79
[144][3066]51
{{n1652}}[3066]52
{{n1652}}[3066]47
n0_DFFSRX1_63[3066]56
n0_DFFSRX1_63[3066]48
[3052]{{n1652}}44
[3052]{{n1652}}61
[3053]{{n1652}}30
[3053]{{n1652}}61
n0_DFFSRX1_44[3053]30
n0_DFFSRX1_44[3053]1
n0_DFFSRX1_46[3053]31
n0_DFFSRX1_46[3053]30
{{n1638}}[3053]1
{{n1638}}[3053]30
[77][3053]30
[77][3053]17
n0_DFFSRX1_44[3052]31
n0_DFFSRX1_44[3052]46
[77][3052]46
[77][3052]19
{{n1638}}[3052]48
{{n1638}}[3052]63
n0_DFFSRX1_46[3052]44
n0_DFFSRX1_46[3052]19
[525]{{n1638}}30
[525]{{n1638}}79
[526]{{n1638}}46
[526]{{n1638}}79
n0_DFFSRX1_44[526]46
n0_DFFSRX1_44[526]1
[77][526]46
[77][526]46
[109][526]46
[109][526]67
n0_DFFSRX1_44[525]55
n0_DFFSRX1_44[525]30
[77][525]30
[77][525]30
[109][525]46
[109][525]30
[3064]{{n1729_1}}72
[3064]{{n1729_1}}72
[3065]{{n1729_1}}31
[3065]{{n1729_1}}72
n0_DFFSRX1_48[3065]31
n0_DFFSRX1_48[3065]43
n0_DFFSRX1_61[3065]31
n0_DFFSRX1_61[3065]31
{{n1666}}[3065]59
{{n1666}}[3065]31
[77][3065]31
[77][3065]61
n0_DFFSRX1_48[3064]31
n0_DFFSRX1_48[3064]72
[77][3064]72
[77][3064]46
{{n1666}}[3064]43
{{n1666}}[3064]72
n0_DFFSRX1_61[3064]72
n0_DFFSRX1_61[3064]32
[520]{{n1666}}29
[520]{{n1666}}70
[521]{{n1666}}50
[521]{{n1666}}70
n0_DFFSRX1_48[521]50
n0_DFFSRX1_48[521]1
[77][521]50
[77][521]72
[149][521]50
[149][521]39
n0_DFFSRX1_48[520]29
n0_DFFSRX1_48[520]29
[77][520]29
[77][520]30
[149][520]72
[149][520]29
n0_DFFSRX1_44[149]30
n0_DFFSRX1_44[149]39
n0_DFFSRX1_46[149]30
n0_DFFSRX1_46[149]48
[109][149]79
[109][149]30
n739[109]22
n739[109]90
n947[109]22
n947[109]124
n0_DFFSRX1_65[509]38
n0_DFFSRX1_65[509]52
n947[509]52
n947[509]31
[77][509]52
[77][509]61
n287n94738
n287n94762
n869n94722
n869n94762
[150]n94759
[150]n94762
[284]n94738
[284]n94762
[527]n94740
[527]n94762
[528]n94738
[528]n94762
[74][120]1
[74][120]52
[110][120]1
[110][120]69
[3108][120]1
[3108][120]90
n656[3037]1
n656[3037]30
[139][3037]129
[139][3037]1
reset_i[3037]96
reset_i[3037]124
[3038][3037]88
[3038][3037]124
n183[3038]20
n183[3038]30
[155][3038]132
[155][3038]20
[3039][3038]77
[3039][3038]124
[543][3039]55
[543][3039]77
[544][3039]160
[544][3039]77
[545][544]77
[545][544]38
[546][544]155
[546][544]38
[547][544]60
[547][544]38
n911[544]160
n911[544]57
n862[543]22
n862[543]55
n911[543]55
n911[543]57
[252][543]55
[252][543]20
n910n911124
n910n91143
[3040]n911124
[3040]n91125
[558]n9101
[558]n910124
[3042]n910124
[3042]n91043
[559][3042]21
[559][3042]124
[3043][3042]124
[3043][3042]23
n0_DFFSRX1_1[3043]1
n0_DFFSRX1_1[3043]1
n222[3043]1
n222[3043]1
n323[3043]1
n323[3043]1
[90][3043]30
[90][3043]1
[110][3043]23
[110][3043]30
[3044][3043]129
[3044][3043]23
n222[110]23
n222[110]69
n287[110]1
n287[110]69
[74][77]95
[74][77]66
[533][77]158
[533][77]66
n885[77]19
n885[77]147
n954[77]11
n954[77]147
[92][77]147
[92][77]19
reset_i[533]61
reset_i[533]158
n287[533]28
n287[533]158
[101][533]49
[101][533]158
n747{{n1846}}20
n747{{n1846}}68
[123]{{n1846}}20
[123]{{n1846}}54
n1190{{n1846}}84
n1190{{n1846}}112
[3078]{{n1846}}100
[3078]{{n1846}}112
n0_DFFSRX1_86[3078]100
n0_DFFSRX1_86[3078]100
n1188[3078]100
n1188[3078]44
reset_i[3078]2
reset_i[3078]112
n1188n1190100
n1188n119084
[3080]n119084
[3080]n119029
n287n118822
n287n118853
[465]n118890
[465]n118822
[466]n1188123
[466]n118822
[468]n118879
[468]n118888
[3079]n118871
[3079]n118896
n457[2973]71
n457[2973]155
[117][2973]71
[117][2973]104
[2974][2973]77
[2974][2973]231
n0_DFFSRX1_9n45758
n0_DFFSRX1_9n457103
[96]n45758
[96]n457269
[2976]n45778
[2976]n457332
[2963]{{n1445}}30
[2963]{{n1445}}209
[2964]{{n1445}}32
[2964]{{n1445}}209
[2965]{{n1445}}100
[2965]{{n1445}}209
[2966]{{n1445}}130
[2966]{{n1445}}209
n379[2966]130
n379[2966]245
[240][2966]130
[240][2966]21
n0_DFFSRX1_18n37958
n0_DFFSRX1_18n37958
[96]n37958
[96]n379195
[2967]n37976
[2967]n379245
n292[2948]122
n292[2948]212
[240][2948]122
[240][2948]28
n0_DFFSRX1_11n29259
n0_DFFSRX1_11n29259
[96]n29259
[96]n292166
[2952]n29276
[2952]n292212
[243]{{n1501}}58
[243]{{n1501}}116
[257]{{n1501}}128
[257]{{n1501}}116
n0_DFFSRX1_15{{n1501}}148
n0_DFFSRX1_15{{n1501}}162
[2990]{{n1501}}165
[2990]{{n1501}}200
[166][2990]7
[166][2990]200
[2991][2990]160
[2991][2990]200
n0_DFFSRX1_7[2991]58
n0_DFFSRX1_7[2991]58
[230][2991]58
[230][2991]165
[2992][2991]106
[2992][2991]200
[381]{{n2063}}61
[381]{{n2063}}210
[382]{{n2063}}61
[382]{{n2063}}210
[383]{{n2063}}121
[383]{{n2063}}210
[384]{{n2063}}57
[384]{{n2063}}210
n0_DFFSRX1_134[382]61
n0_DFFSRX1_134[382]61
n0_DFFSRX1_147[382]61
n0_DFFSRX1_147[382]61
[230][382]61
[230][382]172
[3098]{{n1992}}183
[3098]{{n1992}}189
[3099]{{n1992}}87
[3099]{{n1992}}189
n0_DFFSRX1_136[3099]87
n0_DFFSRX1_136[3099]87
[97][3099]95
[97][3099]87
[141][3099]87
[141][3099]171
[378]{{n2081}}90
[378]{{n2081}}192
[379]{{n2081}}115
[379]{{n2081}}192
[380]{{n2081}}171
[380]{{n2081}}192
n0_DFFSRX1_151[378]90
n0_DFFSRX1_151[378]90
[141][378]90
[141][378]204
[206][378]75
[206][378]90
[420]{{n1978}}175
[420]{{n1978}}191
[421]{{n1978}}80
[421]{{n1978}}191
n0_DFFSRX1_134[421]80
n0_DFFSRX1_134[421]80
[141][421]80
[141][421]169
n0_DFFSRX1_151[379]115
n0_DFFSRX1_151[379]115
[141][379]115
[141][379]255
[206][379]115
[206][379]210
[99][141]44
[99][141]206
[230][141]99
[230][141]206
[96][230]108
[96][230]177
[121][230]108
[121][230]109
n0_DFFSRX1_13n34758
n0_DFFSRX1_13n34758
[96]n34758
[96]n347213
[2958]n34776
[2958]n347228
n0_DFFSRX1_3[2988]58
n0_DFFSRX1_3[2988]58
[96][2988]58
[96][2988]180
[240][2988]58
[240][2988]24
n0_DFFSRX1_81[96]127
n0_DFFSRX1_81[96]161
n288[96]127
n288[96]406
[463][3080]1
[463][3080]84
[3081][3080]84
[3081][3080]29
n183[463]1
n183[463]1
n215[463]1
n215[463]1
[118][463]84
[118][463]1
[464][3081]1
[464][3081]84
[3082][3081]84
[3082][3081]29
[90][3082]1
[90][3082]1
[459][3082]1
[459][3082]1
[460][3082]21
[460][3082]1
[461][3082]22
[461][3082]1
n1157[3082]29
n1157[3082]34
[3083][3082]57
[3083][3082]29
[90][3083]21
[90][3083]1
[459][3083]1
[459][3083]21
[460][3083]26
[460][3083]21
[461][3083]58
[461][3083]21
[457][3083]57
[457][3083]21
[118][459]1
[118][459]21
[124][459]1
[124][459]1
n1164[464]1
n1164[464]1
[118][464]84
[118][464]1
n1158[461]1
n1158[461]68
[118][461]68
[118][461]21
n0_DFFSRX1_15[118]21
n0_DFFSRX1_15[118]21
n288[118]21
n288[118]80
n0_DFFSRX1_3[2952]76
n0_DFFSRX1_3[2952]76
[108][2952]76
[108][2952]170
n0_DFFSRX1_11[2976]78
n0_DFFSRX1_11[2976]59
[108][2976]78
[108][2976]328
n0_DFFSRX1_7[2967]76
n0_DFFSRX1_7[2967]76
[108][2967]76
[108][2967]230
n0_DFFSRX1_5[2958]76
n0_DFFSRX1_5[2958]76
[108][2958]76
[108][2958]216
n215[287]62
n215[287]28
[80][287]62
[80][287]58
n279[287]10
n279[287]79
[84][287]61
[84][287]94
[2989][287]76
[2989][287]152
[108][2989]76
[108][2989]142
[240][2989]76
[240][2989]11
[84][257]64
[84][257]73
[113][257]64
[113][257]213
[2993][257]80
[2993][257]195
[108][2993]80
[108][2993]192
[121][2993]80
[121][2993]4
reset_i[420]175
reset_i[420]175
n0_DFFSRX1_134[420]175
n0_DFFSRX1_134[420]164
[130][420]175
[130][420]168
reset_i[380]171
reset_i[380]171
n0_DFFSRX1_151[380]171
n0_DFFSRX1_151[380]160
[130][380]171
[130][380]229
[86][130]148
[86][130]184
[89][130]53
[89][130]184
n0_DFFSRX1_136[3098]183
n0_DFFSRX1_136[3098]183
[315][3098]183
[315][3098]179
n0_DFFSRX1_147[315]29
n0_DFFSRX1_147[315]38
[169][315]38
[169][315]150
[3100][315]198
[3100][315]179
reset_i[3100]180
reset_i[3100]219
[269][3100]219
[269][3100]222
[3101][3100]27
[3101][3100]179
n161[269]12
n161[269]162
n880[269]12
n880[269]351
n1398[269]61
n1398[269]222
[86][269]145
[86][269]222
reset_i[383]121
reset_i[383]121
n0_DFFSRX1_147[383]121
n0_DFFSRX1_147[383]112
[86][383]121
[86][383]208
n279[86]36
n279[86]138
[108][86]111
[108][86]138
n1261[86]57
n1261[86]180
[183][86]210
[183][86]24
n0_DFFSRX1_81[108]175
n0_DFFSRX1_81[108]388
n288[108]342
n288[108]175
n248n288252
n248n288416
n287n288252
n287n288942
reset_i[3093]35
reset_i[3093]35
[292][3093]35
[292][3093]51
n183[292]21
n183[292]28
n251[292]21
n251[292]55
[324][292]23
[324][292]47
n0_DFFSRX1_1[292]35
n0_DFFSRX1_1[292]24
[3094][292]1
[3094][292]51
n0_DFFSRX1_132[3094]1
n0_DFFSRX1_132[3094]27
[105][3094]75
[105][3094]1
n183[105]20
n183[105]1
n1164[105]1
n1164[105]20
n287[105]1
n287[105]19
n183[559]21
n183[559]32
n279[559]21
n279[559]17
n287[559]21
n287[559]123
n287[3079]37
n287[3079]82
[465][3079]126
[465][3079]37
[466][3079]133
[466][3079]37
[469][3079]71
[469][3079]88
n183[365]22
n183[365]32
n215[365]22
n215[365]17
[322][365]22
[322][365]30
n0_DFFSRX1_81[3108]1
n0_DFFSRX1_81[3108]21
[322][3108]1
[322][3108]86
reset_i[3087]11
reset_i[3087]1
[93][3087]72
[93][3087]1
[3088][3087]1
[3088][3087]66
[123][3088]1
[123][3088]21
[322][3088]1
[322][3088]62
reset_i[322]11
reset_i[322]22
n287[322]22
n287[322]29
n0_DFFSRX1_42[558]1
n0_DFFSRX1_42[558]21
n287[558]1
n287[558]102
n1164[558]1
n1164[558]153
n0_DFFSRX1_42n28710
n0_DFFSRX1_42n28710
n0_DFFSRX1_140n2878
n0_DFFSRX1_140n28710
[162]n28710
[162]n28711
reset_i{{n2175}}10
reset_i{{n2175}}10
n0_DFFSRX1_171{{n2175}}10
n0_DFFSRX1_171{{n2175}}30
[111]{{n2175}}10
[111]{{n2175}}24
[3129]{{n2175}}21
[3129]{{n2175}}30
do_rnd_read_i[3129]21
do_rnd_read_i[3129]21
do_write_i[3129]20
do_write_i[3129]21
[170][3129]21
[170][3129]28
reset_i{{n2272}}10
reset_i{{n2272}}10
n0_DFFSRX1_217{{n2272}}10
n0_DFFSRX1_217{{n2272}}34
[111]{{n2272}}10
[111]{{n2272}}24
[3133]{{n2272}}22
[3133]{{n2272}}31
do_seq_read_i[3133]22
do_seq_read_i[3133]22
[102][3133]24
[102][3133]22
[170][3133]22
[170][3133]28
n0_DFFSRX1_24{{n1558}}1
n0_DFFSRX1_24{{n1558}}35
[147]{{n1558}}1
[147]{{n1558}}149
n733{{n1558}}119
n733{{n1558}}54
reset_i{{n1558}}2
reset_i{{n1558}}54
[3011]{{n1558}}69
[3011]{{n1558}}119
n279[3011]1
n279[3011]45
[268][3011]45
[268][3011]51
n693[3011]1
n693[3011]51
[84][3011]45
[84][3011]84
[3012][3011]28
[3012][3011]119
n0_DFFSRX1_24[3012]1
n0_DFFSRX1_24[3012]34
[166][3012]1
[166][3012]100
[3013][3012]28
[3013][3012]119
[119][3013]28
[119][3013]22
[170][3013]28
[170][3013]110
do_write_i{{n2353}}20
do_write_i{{n2353}}20
[170]{{n2353}}20
[170]{{n2353}}26
[3136]{{n2353}}9
[3136]{{n2353}}27
[84]{{n1574_1}}53
[84]{{n1574_1}}28
[166]{{n1574_1}}36
[166]{{n1574_1}}28
n0_DFFSRX1_28{{n1574_1}}80
n0_DFFSRX1_28{{n1574_1}}72
[3018]{{n1574_1}}101
[3018]{{n1574_1}}95
[3021][3018]28
[3021][3018]95
[3022][3018]45
[3022][3018]95
[3023][3018]14
[3023][3018]95
[3024][3018]33
[3024][3018]95
[119][3021]28
[119][3021]23
[170][3021]28
[170][3021]86
reset_i[170]19
reset_i[170]28
n799[170]28
n799[170]49
do_write_i[111]19
do_write_i[111]1
n799[111]1
n799[111]23
n275[111]24
n275[111]16
n275n79928
n275n79928
n682n79928
n682n79946
reset_i[3136]9
reset_i[3136]9
n0_DFFSRX1_240[3136]9
n0_DFFSRX1_240[3136]24
[298][3136]9
[298][3136]23
n275[298]23
n275[298]9
n682[298]1
n682[298]23
n161{{n1591_1}}29
n161{{n1591_1}}84
[83]{{n1591_1}}159
[83]{{n1591_1}}29
reset_i{{n1591_1}}89
reset_i{{n1591_1}}120
[3025]{{n1591_1}}84
[3025]{{n1591_1}}120
n0_DFFSRX1_33[3025]27
n0_DFFSRX1_33[3025]68
[276][3025]27
[276][3025]129
[3026][3025]59
[3026][3025]120
n163[276]1
n163[276]65
n279[276]118
n279[276]1
[245][276]1
[245][276]147
n161[276]1
n161[276]129
n372[276]1
n372[276]129
[134][276]27
[134][276]129
n0_DFFSRX1_35{{n1605}}1
n0_DFFSRX1_35{{n1605}}45
[290]{{n1605}}1
[290]{{n1605}}59
n841{{n1605}}1
n841{{n1605}}35
[84]{{n1605}}1
[84]{{n1605}}36
[3030]{{n1605}}53
[3030]{{n1605}}53
reset_i[3030]53
reset_i[3030]53
[289][3030]53
[289][3030]50
[107][289]29
[107][289]50
[3031][289]30
[3031][289]50
n0_DFFSRX1_35[3031]9
n0_DFFSRX1_35[3031]34
[134][3031]9
[134][3031]81
[3032][3031]34
[3032][3031]50
n730[134]10
n730[134]86
n802[134]86
n802[134]31
reset_i{{n1680}}62
reset_i{{n1680}}62
n1018{{n1680}}71
n1018{{n1680}}62
[3056]{{n1680}}9
[3056]{{n1680}}58
n721n101831
n721n1018177
[250]n1018177
[250]n101835
[317]n1018177
[317]n10181
[3058]n1018139
[3058]n101862
n994[3058]139
n994[3058]1
[3059][3058]139
[3059][3058]62
n0_DFFSRX1_50[3059]59
n0_DFFSRX1_50[3059]63
[140][3059]63
[140][3059]55
[3060][3059]171
[3060][3059]62
n372[3060]1
n372[3060]171
[104][3060]171
[104][3060]31
[280][3060]171
[280][3060]35
n0_DFFSRX1_50[280]35
n0_DFFSRX1_50[280]91
[311][280]248
[311][280]35
n372[250]1
n372[250]144
[311][250]144
[311][250]35
n0_DFFSRX1_50[250]35
n0_DFFSRX1_50[250]50
reset_i{{n1785}}106
reset_i{{n1785}}106
n1106{{n1785}}133
n1106{{n1785}}106
[3070]{{n1785}}9
[3070]{{n1785}}102
[485]n11061
[485]n110631
[486]n1106107
[486]n110631
[487]n11061
[487]n110631
[492]n1106107
[492]n110679
[3072]n110631
[3072]n1106106
[260][492]107
[260][492]39
[311][492]107
[311][492]59
n802[311]225
n802[311]1
[147][311]35
[147][311]225
[229][311]59
[229][311]225
n682n80226
n682n80235
[119]n80226
[119]n8029
n275n80231
n275n802113
n388n68226
n388n68233
[93]n68253
[93]n68226
n0_DFFSRX1_28n95411
n0_DFFSRX1_28n95411
[93]n95481
[93]n95411
n0_DFFSRX1_42[93]10
n0_DFFSRX1_42[93]10
n187[93]10
n187[93]66
n676[93]10
n676[93]5
[146][528]38
[146][528]46
[325][528]38
[325][528]59
n742[92]19
n742[92]28
n869[92]19
n869[92]176
n869[469]20
n869[469]71
[142][469]63
[142][469]71
[238][469]71
[238][469]35
n656[116]1
n656[116]61
[74][116]1
[74][116]40
[3089][116]28
[3089][116]71
reset_i[3089]28
reset_i[3089]28
n742[3089]19
n742[3089]28
n869[3089]28
n869[3089]60
n0_DFFSRX1_42n86910
n0_DFFSRX1_42n86910
n0_DFFSRX1_165n8698
n0_DFFSRX1_165n86910
[162]n86910
[162]n86911
n0_DFFSRX1_138[162]7
n0_DFFSRX1_138[162]14
[146][162]14
[146][162]10
n187[146]9
n187[146]46
[132][146]46
[132][146]6
n191[142]10
n191[142]33
[101][142]33
[101][142]33
n183[3040]25
n183[3040]57
[273][3040]57
[273][3040]1
[3041][3040]139
[3041][3040]25
n191[3041]19
n191[3041]139
[249][3041]139
[249][3041]1
[309][3041]139
[309][3041]20
n251[273]1
n251[273]1
[139][273]48
[139][273]1
n0_DFFSRX1_42[273]1
n0_DFFSRX1_42[273]48
[3045][273]30
[3045][273]1
n191[3045]1
n191[3045]30
n862[3045]1
n862[3045]30
[139][3045]30
[139][3045]1
n183[468]34
n183[468]78
[470][468]69
[470][468]34
n248[468]35
n248[468]79
[238][468]79
[238][468]35
n191[470]20
n191[470]69
[155][470]69
[155][470]21
n191[457]20
n191[457]57
n656[457]20
n656[457]57
[568][3032]27
[568][3032]34
[569][3032]7
[569][3032]34
[570][3032]35
[570][3032]34
n372[568]1
n372[568]27
[3033][568]27
[3033][568]34
[147][3033]1
[147][3033]27
[3034][3033]27
[3034][3033]34
n233{{n1403}}169
n233{{n1403}}64
n269{{n1403}}57
n269{{n1403}}169
[235]{{n1403}}169
[235]{{n1403}}102
[278]{{n1403}}169
[278]{{n1403}}27
reset_i{{n1403}}2
reset_i{{n1403}}169
n167[235]56
n167[235]115
[259][235]115
[259][235]58
[2943][235]128
[2943][235]102
n213[2943]128
n213[2943]37
[2944][2943]128
[2944][2943]87
n0_DFFSRX1_1[2944]95
n0_DFFSRX1_1[2944]65
[306][2944]65
[306][2944]38
[2945][2944]114
[2945][2944]87
n261[2945]1
n261[2945]114
n279[2945]114
n279[2945]41
[259][2945]114
[259][2945]58
n0_DFFSRX1_1[259]58
n0_DFFSRX1_1[259]61
[147][259]58
[147][259]181
n161[147]35
n161[147]405
[83][147]35
[83][147]139
n691[83]139
n691[83]65
n880[83]139
n880[83]181
[588][3026]36
[588][3026]51
[589][3026]102
[589][3026]51
[3027][3026]27
[3027][3026]120
n163[3027]27
n163[3027]123
n777[3027]27
n777[3027]109
[245][3027]27
[245][3027]124
n388[245]1
n388[245]124
n784[245]1
n784[245]124
[138][245]27
[138][245]124
[138][588]51
[138][588]36
[247][588]36
[247][588]1
[316][588]36
[316][588]1
n167[589]27
n167[589]120
[590][589]94
[590][589]27
n721[589]28
n721[589]102
[138][590]27
[138][590]94
[313][590]94
[313][590]1
n0_DFFSRX1_33[138]1
n0_DFFSRX1_33[138]33
n0_DFFSRX1_81[138]1
n0_DFFSRX1_81[138]55
n777[138]59
n777[138]64
n0_DFFSRX1_33n7771
n0_DFFSRX1_33n77728
n691n77759
n691n77728
n279n77759
n279n77783
n163n26957
n163n269117
n268n269152
n268n26957
n268n23359
n268n23359
n721n23359
n721n233128
[265]n233169
[265]n23319
[752]n2681
[752]n268116
[753]n26878
[753]n268116
[754]n26886
[754]n268116
[755]n26845
[755]n268116
n213n268152
n213n268115
[95]n21386
[95]n21382
[182]n21386
[182]n21355
n0_DFFSRX1_1n213126
n0_DFFSRX1_1n21374
n721[3034]1
n721[3034]1
[571][3034]1
[571][3034]1
n167[3034]34
n167[3034]1
[3035][3034]27
[3035][3034]34
n721[3035]1
n721[3035]1
[571][3035]27
[571][3035]1
[573][3035]27
[573][3035]34
n0_DFFSRX1_81[571]1
n0_DFFSRX1_81[571]27
n841[571]1
n841[571]27
n0_DFFSRX1_35[569]35
n0_DFFSRX1_35[569]7
n841[569]57
n841[569]7
n215n84136
n215n84127
n219n8411
n219n84136
[95]n84127
[95]n84136
n0_DFFSRX1_35n84157
n0_DFFSRX1_35n84140
n994[3056]7
n994[3056]1
[81][3056]1
[81][3056]64
[3057][3056]9
[3057][3056]58
n163[317]1
n163[317]111
n994[317]130
n994[317]1
n0_DFFSRX1_50n9941
n0_DFFSRX1_50n99427
[225]n994141
[225]n9941
n215[573]9
n215[573]27
[225][573]27
[225][573]39
[485][3072]38
[485][3072]31
[486][3072]1
[486][3072]31
[487][3072]10
[487][3072]31
[493][3072]31
[493][3072]79
n372[486]1
n372[486]107
[253][486]107
[253][486]31
n0_DFFSRX1_69[487]1
n0_DFFSRX1_69[487]10
[253][487]10
[253][487]31
n215[253]31
n215[253]11
n1084[253]11
n1084[253]1
n721[253]31
n721[253]112
n0_DFFSRX1_69[493]59
n0_DFFSRX1_69[493]31
[260][493]31
[260][493]39
n163[260]39
n163[260]66
n1084[260]149
n1084[260]39
n1084[3070]7
n1084[3070]1
[81][3070]1
[81][3070]108
[3071][3070]9
[3071][3070]102
n0_DFFSRX1_69[485]1
n0_DFFSRX1_69[485]36
[488][485]30
[488][485]1
n315[485]31
n315[485]38
n1084[485]38
n1084[485]1
n0_DFFSRX1_69n108439
n0_DFFSRX1_69n108427
[225]n1084150
[225]n108439
n0_DFFSRX1_81[225]10
n0_DFFSRX1_81[225]33
[95][225]33
[95][225]47
n721n7331
n721n7331
n724n7331
n724n73310
[246]n73310
[246]n73354
[3014]n733125
[3014]n73354
n167[246]1
n167[246]1
n693[246]1
n693[246]15
n0_DFFSRX1_24[246]54
n0_DFFSRX1_24[246]15
[3015][246]9
[3015][246]54
n0_DFFSRX1_81[3015]9
n0_DFFSRX1_81[3015]9
n215[3015]38
n215[3015]9
n372[3015]41
n372[3015]9
n693[3015]36
n693[3015]9
n730[3015]8
n730[3015]9
n167[3014]1
n167[3014]125
n372[3014]8
n372[3014]125
n730[3014]8
n730[3014]125
[279][3014]125
[279][3014]59
n0_DFFSRX1_81[279]9
n0_DFFSRX1_81[279]52
n724[279]60
n724[279]52
n721[279]59
n721[279]77
n0_DFFSRX1_81n7241
n0_DFFSRX1_81n72438
n699n72438
n699n72461
n693n72438
n693n72461
n0_DFFSRX1_24n69336
n0_DFFSRX1_24n69373
[95]n693166
[95]n69336
n279[95]52
n279[95]124
n691[95]73
n691[95]52
n0_DFFSRX1_1n691178
n0_DFFSRX1_1n69154
n183n691178
n183n69181
n191n691178
n191n69195
n0_DFFSRX1_132n19110
n0_DFFSRX1_132n19110
n0_DFFSRX1_169n19112
n0_DFFSRX1_169n19110
[131]n19110
[131]n19173
[164]n19110
[164]n19113
[90][294]1
[90][294]29
[150][294]1
[150][294]21
[88][294]28
[88][294]47
n0_DFFSRX1_169[367]28
n0_DFFSRX1_169[367]49
[74][367]28
[74][367]49
[101][367]28
[101][367]38
[82][101]11
[82][101]16
[88][101]14
[88][101]16
n222[88]10
n222[88]33
n862[88]10
n862[88]33
n0_DFFSRX1_1[3107]24
n0_DFFSRX1_1[3107]24
[234][3107]24
[234][3107]31
[324][3107]24
[324][3107]39
n0_DFFSRX1_22[324]21
n0_DFFSRX1_22[324]34
n222[324]34
n222[324]39
[123][324]46
[123][324]34
[437]{{n1887}}29
[437]{{n1887}}37
[438]{{n1887}}11
[438]{{n1887}}37
[439]{{n1887}}8
[439]{{n1887}}37
reset_i[437]28
reset_i[437]29
n219[437]29
n219[437]49
[75][437]29
[75][437]17
[84]{{n1530}}42
[84]{{n1530}}96
[323]{{n1530}}44
[323]{{n1530}}96
n621{{n1530}}62
n621{{n1530}}81
[3001]{{n1530}}50
[3001]{{n1530}}88
n0_DFFSRX1_20n62117
n0_DFFSRX1_20n62123
n0_DFFSRX1_81n62123
n0_DFFSRX1_81n62179
[3004]n62161
[3004]n62181
n615[3004]21
n615[3004]61
[239][3004]61
[239][3004]105
[300][3004]61
[300][3004]69
n0_DFFSRX1_81[239]71
n0_DFFSRX1_81[239]1
n225[239]93
n225[239]1
n279[239]1
n279[239]112
n219[239]73
n219[239]1
[3005][239]61
[3005][239]105
n0_DFFSRX1_71[3005]55
n0_DFFSRX1_71[3005]92
n225[3005]55
n225[3005]124
[152][3005]61
[152][3005]71
n0_DFFSRX1_81[752]53
n0_DFFSRX1_81[752]1
n219[752]1
n219[752]97
n225[752]81
n225[752]1
n0_DFFSRX1_1[753]119
n0_DFFSRX1_1[753]78
n225[753]81
n225[753]78
n219n225119
n219n225105
[168]n225105
[168]n225149
n169[310]41
n169[310]20
n215[310]72
n215[310]41
[133][310]21
[133][310]75
[2971][310]74
[2971][310]75
n295[2971]29
n295[2971]39
[75][2971]39
[75][2971]46
[2972][2971]40
[2972][2971]75
n315[2972]31
n315[2972]40
[94][2972]40
[94][2972]46
reset_i[2950]69
reset_i[2950]58
[285][2950]58
[285][2950]246
n0_DFFSRX1_3[285]1
n0_DFFSRX1_3[285]41
[94][285]1
[94][285]230
[165][285]32
[165][285]258
adr_i[2][285]32
adr_i[2][285]246
[2955][285]30
[2955][285]246
adr_i[4][2960]32
adr_i[4][2960]31
[165][2960]32
[165][2960]241
reset_i[2964]32
reset_i[2964]32
adr_i[6][2964]32
adr_i[6][2964]31
[165][2964]32
[165][2964]206
adr_i[5][3000]32
adr_i[5][3000]31
[165][3000]32
[165][3000]247
reset_i[2992]106
reset_i[2992]106
[275][2992]106
[275][2992]212
n0_DFFSRX1_15[275]43
n0_DFFSRX1_15[275]41
[94][275]43
[94][275]199
[165][275]32
[165][275]226
adr_i[7][275]43
adr_i[7][275]216
[2994][275]67
[2994][275]212
[76][165]100
[76][165]59
[94][165]59
[94][165]598
reset_i[263]40
reset_i[263]50
[128][263]50
[128][263]292
[87][263]22
[87][263]276
n323[128]47
n323[128]83
n721[128]47
n721[128]173
[76][128]47
[76][128]225
n372[128]10
n372[128]292
n0_DFFSRX1_7[2965]100
n0_DFFSRX1_7[2965]100
[262][2965]100
[262][2965]247
n0_DFFSRX1_3[2951]103
n0_DFFSRX1_3[2951]103
[262][2951]103
[262][2951]241
reset_i[262]58
reset_i[262]98
[98][262]98
[98][262]335
[243][262]89
[243][262]308
reset_i[243]39
reset_i[243]75
[76][243]75
[76][243]45
[94][243]75
[94][243]288
[87][243]38
[87][243]345
[233][243]15
[233][243]345
n0_DFFSRX1_71[76]218
n0_DFFSRX1_71[76]30
n315[76]218
n315[76]36
n667{{n1829}}26
n667{{n1829}}33
[240]{{n1829}}33
[240]{{n1829}}3
[226]{{n1829}}45
[226]{{n1829}}28
n0_DFFSRX1_81{{n1829}}72
n0_DFFSRX1_81{{n1829}}78
[3074]{{n1829}}76
[3074]{{n1829}}125
[148][3074]35
[148][3074]26
[233][3074]26
[233][3074]101
[3075][3074]56
[3075][3074]125
[126][3075]43
[126][3075]56
[3076][3075]56
[3076][3075]122
[84][3076]29
[84][3076]143
[291][3076]29
[291][3076]75
[3077][3076]31
[3077][3076]122
[104][3077]31
[104][3077]40
[323][3077]31
[323][3077]77
n215[104]40
n215[104]161
n315[104]83
n315[104]40
n219n31561
n219n315107
n317n31584
n317n31561
n0_DFFSRX1_20[300]69
n0_DFFSRX1_20[300]23
[232][300]69
[232][300]61
n0_DFFSRX1_81[316]1
n0_DFFSRX1_81[316]1
n784[316]1
n784[316]36
n0_DFFSRX1_33n7841
n0_DFFSRX1_33n784137
[232]n7841
[232]n784198
[3016][268]45
[3016][268]51
[3017][268]1
[3017][268]51
n215[3016]45
n215[3016]63
[114][3016]48
[114][3016]45
[241][3016]45
[241][3016]8
n215[3017]1
n215[3017]1
[241][3017]1
[241][3017]1
n0_DFFSRX1_24[3017]1
n0_DFFSRX1_24[3017]51
n388[241]1
n388[241]8
n429[241]45
n429[241]8
n699[241]1
n699[241]8
n0_DFFSRX1_24n69938
n0_DFFSRX1_24n69980
[232]n69938
[232]n699128
n0_DFFSRX1_71[232]80
n0_DFFSRX1_71[232]383
n219[232]187
n219[232]80
n667{{n1544}}12
n667{{n1544}}14
[169]{{n1544}}14
[169]{{n1544}}59
[3006]{{n1544}}66
[3006]{{n1544}}70
reset_i[3006]66
reset_i[3006]66
[267][3006]66
[267][3006]69
[94][267]32
[94][267]85
[140][267]98
[140][267]32
[3007][267]38
[3007][267]69
n215[140]55
n215[140]114
n317[140]55
n317[140]169
n0_DFFSRX1_99n31797
n0_DFFSRX1_99n31786
n0_DFFSRX1_240n31785
n0_DFFSRX1_240n31797
n219n31797
n219n317151
n219[306]37
n219[306]54
n261[306]38
n261[306]54
n0_DFFSRX1_81[306]32
n0_DFFSRX1_81[306]38
[81]{{n2147}}29
[81]{{n2147}}55
[182]{{n2147}}48
[182]{{n2147}}29
[3125]{{n2147}}13
[3125]{{n2147}}41
n215[182]72
n215[182]63
n219[182]72
n219[182]137
adr_i[8][2974]8
adr_i[8][2974]8
[166][2974]8
[166][2974]226
[2975][2974]72
[2975][2974]231
n0_DFFSRX1_11[2975]72
n0_DFFSRX1_11[2975]72
[274][2975]72
[274][2975]272
n0_DFFSRX1_81[274]62
n0_DFFSRX1_81[274]32
n388[274]32
n388[274]199
n279[274]10
n279[274]149
[84][274]41
[84][274]160
[2981][274]51
[2981][274]272
reset_i[2981]36
reset_i[2981]38
n219[2981]70
n219[2981]38
[75][2981]38
[75][2981]204
[87][2981]20
[87][2981]272
n163[98]18
n163[98]19
n279[98]18
n279[98]600
[229][98]108
[229][98]483
[75][229]59
[75][229]306
[80][229]59
[80][229]225
n219[80]225
n219[80]68
n388[80]12
n388[80]225
n219[488]30
n219[488]1
n372[488]1
n372[488]30
dat_i[7][2994]30
dat_i[7][2994]29
[107][2994]30
[107][2994]189
[161][2994]45
[161][2994]212
reset_i[3022]45
reset_i[3022]45
[161][3022]45
[161][3022]108
[75][161]45
[75][161]143
[114][161]332
[114][161]45
n219[114]45
n219[114]278
n429[114]45
n429[114]406
dat_i[2][2955]30
dat_i[2][2955]29
[107][2955]30
[107][2955]237
reset_i[2963]30
reset_i[2963]30
dat_i[6][2963]30
dat_i[6][2963]29
[107][2963]30
[107][2963]199
n295[107]29
n295[107]35
[75][107]29
[75][107]90
dat_i[3][2987]30
dat_i[3][2987]30
n215[2987]30
n215[2987]39
n295[2987]30
n295[2987]101
[84][2987]30
[84][2987]133
n215[291]75
n215[291]1
n295[291]29
n295[291]75
n0_DFFSRX1_81[113]130
n0_DFFSRX1_81[113]65
n295[113]118
n295[113]65
n279[113]11
n279[113]213
n0_DFFSRX1_240n295109
n0_DFFSRX1_240n29582
n219n295109
n219n295131
n0_DFFSRX1_415n219513
n0_DFFSRX1_415n219386
[168]n219386
[168]n2191308
[81][3001]41
[81][3001]6
[152][3001]90
[152][3001]41
[3002][3001]51
[3002][3001]88
n0_DFFSRX1_20[3002]18
n0_DFFSRX1_20[3002]18
[226][3002]18
[226][3002]98
[3003][3002]38
[3003][3002]88
[288][3003]38
[288][3003]44
[328][3003]38
[328][3003]81
n261[288]28
n261[288]44
n615[288]11
n615[288]44
n0_DFFSRX1_71n26138
n0_DFFSRX1_71n26150
n0_DFFSRX1_415n26138
n0_DFFSRX1_415n26169
[168]n26138
[168]n261177
n0_DFFSRX1_71{{n1799}}20
n0_DFFSRX1_71{{n1799}}20
[226]{{n1799}}20
[226]{{n1799}}93
[3073]{{n1799}}95
[3073]{{n1799}}89
n279[3073]96
n279[3073]95
[121][3073]95
[121][3073]129
[251][3073]95
[251][3073]88
[307][3073]95
[307][3073]6
n0_DFFSRX1_81[251]98
n0_DFFSRX1_81[251]88
[168][251]88
[168][251]132
n204[168]647
n204[168]929
n222[168]647
n222[168]1141
n0_DFFSRX1_1[3044]24
n0_DFFSRX1_1[3044]23
n222[3044]23
n222[3044]75
n323[3044]23
n323[3044]107
[90][3044]86
[90][3044]23
[139][3044]129
[139][3044]1
n1164[3124]24
n1164[3124]32
[312][3124]24
[312][3124]39
n222[312]21
n222[312]39
n747[312]29
n747[312]39
n1158[3106]29
n1158[3106]43
[293][3106]29
[293][3106]71
n222[293]22
n222[293]91
n1164[293]43
n1164[293]22
[314][293]21
[314][293]71
n0_DFFSRX1_169n22210
n0_DFFSRX1_169n22210
[163]n22210
[163]n22211
[164]n22210
[164]n2223
reset_i{{n2776}}28
reset_i{{n2776}}28
[331]{{n2776}}17
[331]{{n2776}}28
[332]{{n2776}}15
[332]{{n2776}}28
pci_spoci_sda_i[332]15
pci_spoci_sda_i[332]16
n1595[332]15
n1595[332]19
n0_DFFSRX1_415[331]17
n0_DFFSRX1_415[331]19
n1595[331]16
n1595[331]17
n862n159515
n862n159523
[284]n159515
[284]n159523
n928[284]25
n928[284]26
[163][284]26
[163][284]72
[164][284]26
[164][284]43
n0_DFFSRX1_1[309]12
n0_DFFSRX1_1[309]20
[139][309]12
[139][309]1
n251[309]20
n251[309]130
[358]{{n2258}}11
[358]{{n2258}}64
[359]{{n2258}}41
[359]{{n2258}}64
[360]{{n2258}}13
[360]{{n2258}}64
reset_i[359]29
reset_i[359]41
n0_DFFSRX1_215[359]41
n0_DFFSRX1_215[359]61
[160][359]41
[160][359]41
n705[278]28
n705[278]27
[160][278]167
[160][278]27
n248[160]41
n248[160]58
n251[160]41
n251[160]57
[112][160]177
[112][160]41
n251[82]10
n251[82]16
n656[82]10
n656[82]16
n0_DFFSRX1_42n25110
n0_DFFSRX1_42n25110
n0_DFFSRX1_144n25110
n0_DFFSRX1_144n2519
n0_DFFSRX1_169n25171
n0_DFFSRX1_169n25110
[163]n25110
[163]n251149
n0_DFFSRX1_132[163]7
n0_DFFSRX1_132[163]11
[131][163]11
[131][163]6
n0_DFFSRX1_42[527]22
n0_DFFSRX1_42[527]40
n0_DFFSRX1_169[527]33
n0_DFFSRX1_169[527]40
n928[527]38
n928[527]40
[131][527]40
[131][527]56
n0_DFFSRX1_142[131]6
n0_DFFSRX1_142[131]12
n187[131]12
n187[131]5
n656[314]21
n656[314]27
[90][314]21
[90][314]29
[150][314]21
[150][314]61
n183[460]35
n183[460]21
[124][460]35
[124][460]1
n0_DFFSRX1_22[3007]10
n0_DFFSRX1_22[3007]56
[320][3007]10
[320][3007]14
[3008][3007]29
[3008][3007]69
do_seq_read_i[3008]29
do_seq_read_i[3008]28
n880[3008]27
n880[3008]29
[124][3008]33
[124][3008]29
[135][3008]50
[135][3008]29
n0_DFFSRX1_171{{n2339}}14
n0_DFFSRX1_171{{n2339}}14
[223]{{n2339}}14
[223]{{n2339}}51
[3135]{{n2339}}41
[3135]{{n2339}}52
reset_i[3135]41
reset_i[3135]41
n0_DFFSRX1_238[3135]41
n0_DFFSRX1_238[3135]49
[297][3135]41
[297][3135]35
do_seq_read_i[297]39
do_seq_read_i[297]35
[124][297]39
[124][297]26
[135][297]12
[135][297]35
n248[124]26
n248[124]39
n656[124]26
n656[124]57
n0_DFFSRX1_22[155]12
n0_DFFSRX1_22[155]20
n656[155]20
n656[155]52
n656[150]39
n656[150]60
n747[150]38
n747[150]60
n187n65610
n187n65611
n676n65626
n676n65610
n928n65610
n928n65627
[164]n65610
[164]n6563
n0_DFFSRX1_97n1875
n0_DFFSRX1_97n18715
n0_DFFSRX1_138n1874
n0_DFFSRX1_138n18715
[167]n18715
[167]n1873
n183[249]38
n183[249]1
n862[249]1
n862[249]107
n862[224]1
n862[224]86
[90][224]1
[90][224]40
n862[374]1
n862[374]38
n1158[374]1
n1158[374]56
n0_DFFSRX1_215[3112]23
n0_DFFSRX1_215[3112]23
n0_DFFSRX1_238[3112]22
n0_DFFSRX1_238[3112]23
[321][3112]23
[321][3112]35
reset_i[321]21
reset_i[321]33
n0_DFFSRX1_22[321]20
n0_DFFSRX1_22[321]33
n183[321]33
n183[321]26
n862[321]33
n862[321]14
reset_i[384]57
reset_i[384]57
n1398[384]57
n1398[384]221
[3102]n139844
[3102]n1398221
[3103]n139828
[3103]n1398221
n0_DFFSRX1_134[3102]27
n0_DFFSRX1_134[3102]28
n1514[3102]28
n1514[3102]160
[89][3102]43
[89][3102]195
n0_DFFSRX1_147[3102]44
n0_DFFSRX1_147[3102]84
n161[89]15
n161[89]198
n880[89]15
n880[89]419
[3097][89]48
[3097][89]261
n1264[3097]32
n1264[3097]48
n1514[3097]48
n1514[3097]214
n0_DFFSRX1_134[3103]28
n0_DFFSRX1_134[3103]27
n0_DFFSRX1_147[3103]27
n0_DFFSRX1_147[3103]28
[73][3103]208
[73][3103]28
n0_DFFSRX1_415{{n2466}}27
n0_DFFSRX1_415{{n2466}}27
[99]{{n2466}}27
[99]{{n2466}}29
[3143]{{n2466}}29
[3143]{{n2466}}38
n0_DFFSRX1_261[3143]29
n0_DFFSRX1_261[3143]29
[106][3143]29
[106][3143]28
n0_DFFSRX1_246{{n2325}}27
n0_DFFSRX1_246{{n2325}}27
[99]{{n2325}}27
[99]{{n2325}}29
[3134]{{n2325}}29
[3134]{{n2325}}37
n0_DFFSRX1_236[3134]29
n0_DFFSRX1_236[3134]29
[106][3134]29
[106][3134]28
n0_DFFSRX1_244[3138]29
n0_DFFSRX1_244[3138]29
[106][3138]29
[106][3138]28
n0_DFFSRX1_250{{n2437}}27
n0_DFFSRX1_250{{n2437}}27
[99]{{n2437}}27
[99]{{n2437}}29
[3142]{{n2437}}29
[3142]{{n2437}}40
n0_DFFSRX1_252[3142]29
n0_DFFSRX1_252[3142]29
[106][3142]29
[106][3142]28
n0_DFFSRX1_250[3141]29
n0_DFFSRX1_250[3141]29
[106][3141]29
[106][3141]28
n0_DFFSRX1_244{{n2395}}27
n0_DFFSRX1_244{{n2395}}27
[99]{{n2395}}27
[99]{{n2395}}29
[3139]{{n2395}}29
[3139]{{n2395}}32
n0_DFFSRX1_246[3139]29
n0_DFFSRX1_246[3139]29
[106][3139]29
[106][3139]28
reset_i[106]27
reset_i[106]66
[73][106]66
[73][106]57
reset_i[99]26
reset_i[99]73
[73][99]276
[73][99]73
n1264[73]25
n1264[73]31
n1514[73]25
n1514[73]7
n204n126425
n204n126437
n862n126425
n862n126421
n0_DFFSRX1_42[545]1
n0_DFFSRX1_42[545]77
n862[545]22
n862[545]77
n885[545]20
n885[545]77
n0_DFFSRX1_138n86210
n0_DFFSRX1_138n86210
[132]n86210
[132]n86210
[325]n86210
[325]n8624
n183[547]22
n183[547]60
[237][547]60
[237][547]20
n880[546]22
n880[546]155
[237][546]155
[237][546]20
n885[237]20
n885[237]28
[252][237]50
[252][237]20
n0_DFFSRX1_42[237]1
n0_DFFSRX1_42[237]85
[3046][237]218
[3046][237]20
n0_DFFSRX1_81[238]21
n0_DFFSRX1_81[238]21
n885[238]21
n885[238]42
n742[238]20
n742[238]43
n747[238]35
n747[238]89
n183n88519
n183n88528
n747n88519
n747n885210
[148][3024]33
[148][3024]26
[233][3024]33
[233][3024]73
n742[148]26
n742[148]39
n747[148]26
n747[148]22
n1158[3046]1
n1158[3046]218
[252][3046]218
[252][3046]20
n747[252]20
n747[252]215
n1164[252]119
n1164[252]20
n0_DFFSRX1_97n74710
n0_DFFSRX1_97n74710
n0_DFFSRX1_138n7479
n0_DFFSRX1_138n74710
n676n74710
n676n74728
[325]n74710
[325]n7474
n0_DFFSRX1_42[325]4
n0_DFFSRX1_42[325]12
[167][325]12
[167][325]3
n0_DFFSRX1_140[167]3
n0_DFFSRX1_140[167]16
n0_DFFSRX1_165[167]2
n0_DFFSRX1_165[167]16
adr_i[10][2986]8
adr_i[10][2986]8
[166][2986]8
[166][2986]187
reset_i[166]7
reset_i[166]7
n275[166]7
n275[166]158
reset_i[87]12
reset_i[87]38
n276[87]38
n276[87]606
[328][87]19
[328][87]609
n276[133]18
n276[133]267
n372[133]10
n372[133]267
n0_DFFSRX1_69[3071]9
n0_DFFSRX1_69[3071]18
[129][3071]9
[129][3071]116
n0_DFFSRX1_50[3057]9
n0_DFFSRX1_50[3057]18
[129][3057]9
[129][3057]72
reset_i[129]12
reset_i[129]11
n730[129]11
n730[129]14
[3061][129]1
[3061][129]17
n161n7306
n161n73010
n276n73010
n276n7309
n171n27631
n171n2769
n275n2766
n275n27631
reset_i[438]9
reset_i[438]11
n0_DFFSRX1_99[438]11
n0_DFFSRX1_99[438]35
n275[438]6
n275[438]11
n163[3023]1
n163[3023]14
n275[3023]1
n275[3023]14
n372[3023]26
n372[3023]14
[234][3023]14
[234][3023]73
n0_DFFSRX1_33n2756
n0_DFFSRX1_33n2756
[227]n2756
[227]n2755
[228]n2756
[228]n2753
n880[299]11
n880[299]12
[112][299]18
[112][299]12
n161[112]38
n161[112]137
n1514[112]43
n1514[112]38
[94][320]10
[94][320]14
[626][320]12
[626][320]14
[627][320]11
[627][320]14
n721[626]1
n721[626]12
n1514[626]14
n1514[626]12
n0_DFFSRX1_171[360]13
n0_DFFSRX1_171[360]14
[223][360]13
[223][360]63
n667[223]12
n667[223]30
[169][223]12
[169][223]26
reset_i[169]8
reset_i[169]8
n1514[169]8
n1514[169]149
n0_DFFSRX1_22n15147
n0_DFFSRX1_22n15147
n161n15147
n161n15146
n372[265]9
n372[265]90
[183][265]90
[183][265]13
n0_DFFSRX1_1[265]19
n0_DFFSRX1_1[265]87
n161[183]77
n161[183]26
n171[183]26
n171[183]190
reset_i[358]11
reset_i[358]11
do_seq_read_i[358]10
do_seq_read_i[358]11
n880[358]9
n880[358]11
[135][358]46
[135][358]11
n161[135]35
n161[135]9
n705[135]35
n705[135]50
n0_DFFSRX1_33n1616
n0_DFFSRX1_33n1616
n0_DFFSRX1_50n1616
n0_DFFSRX1_50n1615
n0_DFFSRX1_69n1614
n0_DFFSRX1_69n1616
[228]n1616
[228]n1613
reset_i[226]11
reset_i[226]24
n171[226]24
n171[226]122
[233][226]43
[233][226]124
n163n1716
n163n17152
n167n1716
n167n17152
n169n1716
n169n17152
n163[75]9
n163[75]81
n215[75]9
n215[75]139
n0_DFFSRX1_99[439]8
n0_DFFSRX1_99[439]36
[84][439]8
[84][439]11
[117][240]133
[117][240]41
[323][240]106
[323][240]41
[81][117]96
[81][117]203
[84][117]96
[84][117]203
reset_i[84]7
reset_i[84]277
n163[84]277
n163[84]65
n0_DFFSRX1_81[381]61
n0_DFFSRX1_81[381]25
n0_DFFSRX1_134[381]117
n0_DFFSRX1_134[381]61
n0_DFFSRX1_147[381]61
n0_DFFSRX1_147[381]78
[121][381]61
[121][381]68
n0_DFFSRX1_81[3101]27
n0_DFFSRX1_81[3101]28
[97][3101]27
[97][3101]119
[121][3101]27
[121][3101]49
reset_i[121]15
reset_i[121]307
n1261[121]107
n1261[121]307
n163n126197
n163n1261105
n167n126197
n167n1261105
n721n1261100
n721n1261105
n0_DFFSRX1_33n1636
n0_DFFSRX1_33n1636
n0_DFFSRX1_50n1635
n0_DFFSRX1_50n1636
n0_DFFSRX1_69n1636
n0_DFFSRX1_69n1634
[228]n1636
[228]n1633
n0_DFFSRX1_24[228]3
n0_DFFSRX1_24[228]7
n0_DFFSRX1_35[228]2
n0_DFFSRX1_35[228]7
reset_i[3125]13
reset_i[3125]13
n0_DFFSRX1_167[3125]13
n0_DFFSRX1_167[3125]39
[272][3125]13
[272][3125]9
n0_DFFSRX1_1[272]9
n0_DFFSRX1_1[272]11
n167[272]9
n167[272]14
n279[272]9
n279[272]6
n167[247]1
n167[247]1
[313][247]36
[313][247]1
n0_DFFSRX1_81[328]91
n0_DFFSRX1_81[328]67
[81][328]67
[81][328]853
n215[3061]1
n215[3061]12
[81][3061]1
[81][3061]12
reset_i[81]7
reset_i[81]208
n167[81]208
n167[81]64
n0_DFFSRX1_24n1676
n0_DFFSRX1_24n1676
n0_DFFSRX1_33n1675
n0_DFFSRX1_33n1676
n0_DFFSRX1_35n1676
n0_DFFSRX1_35n1674
[227]n1676
[227]n1673
n169[627]11
n169[627]20
n323[627]17
n323[627]11
reset_i[323]8
reset_i[323]230
n721[323]230
n721[323]142
n0_DFFSRX1_35[570]34
n0_DFFSRX1_35[570]35
n721[570]1
n721[570]35
n0_DFFSRX1_28n7217
n0_DFFSRX1_28n72136
n169n72136
n169n72169
reset_i[233]8
reset_i[233]8
n372[233]8
n372[233]186
n0_DFFSRX1_28n3728
n0_DFFSRX1_28n3727
n169n3728
n169n3726
n169[94]146
n169[94]725
n323[94]146
n323[94]950
n0_DFFSRX1_24n1696
n0_DFFSRX1_24n1696
n0_DFFSRX1_33n1695
n0_DFFSRX1_33n1696
n0_DFFSRX1_35n1694
n0_DFFSRX1_35n1696
[227]n1696
[227]n1693
n183[465]22
n183[465]46
n1157[465]20
n1157[465]46
n183n11571
n183n115728
n248n115728
n248n115796
n248[466]28
n248[466]100
n279[466]39
n279[466]100
n0_DFFSRX1_44n24836
n0_DFFSRX1_44n248135
n0_DFFSRX1_59n248135
n0_DFFSRX1_59n24834
n0_DFFSRX1_65n248135
n0_DFFSRX1_65n24832
[122]n24836
[122]n248135
[222]n248135
[222]n248101
[231]n248135
[231]n24859
n0_DFFSRX1_63n204659
n0_DFFSRX1_63n204557
[144]n2041005
[144]n204659
[222]n204659
[222]n204812
[326]n204659
[326]n204696
n0_DFFSRX1_57[222]1023
n0_DFFSRX1_57[222]804
n0_DFFSRX1_67[222]1469
n0_DFFSRX1_67[222]804
n0_DFFSRX1_81n116474
n0_DFFSRX1_81n116453
n183n116474
n183n116468
n0_DFFSRX1_42[139]1
n0_DFFSRX1_42[139]33
n183[139]114
n183[139]1
reset_i[74]12
reset_i[74]49
n183[74]41
n183[74]49
n183[90]60
n183[90]60
n1158[90]64
n1158[90]60
n0_DFFSRX1_22n115864
n0_DFFSRX1_22n115886
n183n115864
n183n115868
n0_DFFSRX1_81[123]24
n0_DFFSRX1_81[123]58
n183[123]58
n183[123]44
n0_DFFSRX1_46n18332
n0_DFFSRX1_46n18339
n0_DFFSRX1_57n18339
n0_DFFSRX1_57n18329
n0_DFFSRX1_61n18339
n0_DFFSRX1_61n18327
n0_DFFSRX1_67n18339
n0_DFFSRX1_67n18325
[231]n18339
[231]n18341
[326]n18339
[326]n18347
n0_DFFSRX1_48n74256
n0_DFFSRX1_48n74252
n0_DFFSRX1_63n74256
n0_DFFSRX1_63n74251
n0_DFFSRX1_67n74248
n0_DFFSRX1_67n74256
n739n74256
n739n742108
[327]n74256
[327]n74289
n0_DFFSRX1_57n73922
n0_DFFSRX1_57n73944
n0_DFFSRX1_59n73922
n0_DFFSRX1_59n739113
n0_DFFSRX1_65n73922
n0_DFFSRX1_65n739129
n0_DFFSRX1_238n880606
n0_DFFSRX1_238n880190
n705n880190
n705n880996
n0_DFFSRX1_22n7053
n0_DFFSRX1_22n705223
n0_DFFSRX1_215n705150
n0_DFFSRX1_215n705223
n0_DFFSRX1_48[231]33
n0_DFFSRX1_48[231]187
n0_DFFSRX1_63[231]57
n0_DFFSRX1_63[231]187
n279[290]11
n279[290]1
[188][290]58
[188][290]1
n0_DFFSRX1_81[290]1
n0_DFFSRX1_81[290]59
n0_DFFSRX1_240n388136
n0_DFFSRX1_240n38842
n429n388238
n429n38842
n0_DFFSRX1_240n429176
n0_DFFSRX1_240n429238
[188]n429238
[188]n429118
n0_DFFSRX1_171[188]229
n0_DFFSRX1_171[188]118
n0_DFFSRX1_217[188]220
n0_DFFSRX1_217[188]118
n0_DFFSRX1_42[164]3
n0_DFFSRX1_42[164]12
n0_DFFSRX1_144[164]2
n0_DFFSRX1_144[164]12
n0_DFFSRX1_11[319]33
n0_DFFSRX1_11[319]15
n279[319]33
n279[319]122
n215[319]32
n215[319]146
n0_DFFSRX1_1n61528
n0_DFFSRX1_1n61524
n0_DFFSRX1_20n61524
n0_DFFSRX1_20n6153
n0_DFFSRX1_71n61524
n0_DFFSRX1_71n61524
n0_DFFSRX1_1[755]17
n0_DFFSRX1_1[755]45
n215[755]108
n215[755]45
n0_DFFSRX1_81[754]17
n0_DFFSRX1_81[754]86
n215[754]108
n215[754]86
n0_DFFSRX1_33[313]1
n0_DFFSRX1_33[313]35
n215[313]1
n215[313]68
n0_DFFSRX1_71n215141
n0_DFFSRX1_71n215181
n0_DFFSRX1_81n215148
n0_DFFSRX1_81n215141
n0_DFFSRX1_20[152]98
n0_DFFSRX1_20[152]67
n279[152]28
n279[152]98
n0_DFFSRX1_81[126]27
n0_DFFSRX1_81[126]69
n279[126]17
n279[126]69
n0_DFFSRX1_71n279165
n0_DFFSRX1_71n279235
n0_DFFSRX1_81n279141
n0_DFFSRX1_81n279235
n0_DFFSRX1_71[307]117
n0_DFFSRX1_71[307]6
n667[307]109
n667[307]6
n0_DFFSRX1_97[132]6
n0_DFFSRX1_97[132]14
n676[132]14
n676[132]5
n0_DFFSRX1_44[327]31
n0_DFFSRX1_44[327]84
n0_DFFSRX1_46[327]28
n0_DFFSRX1_46[327]84
n0_DFFSRX1_61[327]69
n0_DFFSRX1_61[327]84
n0_DFFSRX1_48[144]740
n0_DFFSRX1_48[144]602
[122][144]1000
[122][144]740
n0_DFFSRX1_46[122]863
n0_DFFSRX1_46[122]702
n0_DFFSRX1_61[122]863
n0_DFFSRX1_61[122]1203
n0_DFFSRX1_50[227]3
n0_DFFSRX1_50[227]9
n0_DFFSRX1_69[227]2
n0_DFFSRX1_69[227]9
n0_DFFSRX1_134n66742
n0_DFFSRX1_134n667123
n0_DFFSRX1_136n66738
n0_DFFSRX1_136n667123
n0_DFFSRX1_147n66735
n0_DFFSRX1_147n667123
n0_DFFSRX1_151n667123
n0_DFFSRX1_151n66730
n0_DFFSRX1_136[206]204
n0_DFFSRX1_136[206]204
[97][206]216
[97][206]204
n0_DFFSRX1_134[97]213
n0_DFFSRX1_134[97]210
n0_DFFSRX1_147[97]213
n0_DFFSRX1_147[97]198
n0_DFFSRX1_142n6765
n0_DFFSRX1_142n67611
n0_DFFSRX1_144n6764
n0_DFFSRX1_144n67611
n928n67611
n928n6764
[741]n92816
[741]n9284
[742]n92819
[742]n9284
n0_DFFSRX1_132[741]4
n0_DFFSRX1_132[741]16
n0_DFFSRX1_144[741]4
n0_DFFSRX1_144[741]16
n0_DFFSRX1_169[741]2
n0_DFFSRX1_169[741]16
n0_DFFSRX1_132[742]19
n0_DFFSRX1_132[742]4
n0_DFFSRX1_144[742]19
n0_DFFSRX1_144[742]4
n0_DFFSRX1_169[742]2
n0_DFFSRX1_169[742]19
do_seq_read_i[119]21
do_seq_read_i[119]9
[102][119]22
[102][119]9
do_rnd_read_i[102]20
do_rnd_read_i[102]30
do_write_i[102]19
do_write_i[102]30
n0_DFFSRX1_252{{dat_o[7]}}2
n0_DFFSRX1_252{{dat_o[7]}}2
n0_DFFSRX1_44[326]693
n0_DFFSRX1_44[326]20
n0_DFFSRX1_59[326]693
n0_DFFSRX1_59[326]15
n0_DFFSRX1_65[326]34
n0_DFFSRX1_65[326]693
reset_i[234]3
reset_i[234]109
n0_DFFSRX1_28[234]109
n0_DFFSRX1_28[234]2
n0_DFFSRX1_28n3231083
n0_DFFSRX1_28n323239
n0_DFFSRX1_81n323974
n0_DFFSRX1_81n323239
n0_DFFSRX1_261{{dat_o[0]}}2
n0_DFFSRX1_261{{dat_o[0]}}2
n0_DFFSRX1_236{{dat_o[4]}}2
n0_DFFSRX1_236{{dat_o[4]}}2
n0_DFFSRX1_167{{write_done_o}}2
n0_DFFSRX1_167{{write_done_o}}2
n0_DFFSRX1_86{{pci_spoci_sda_oe_o}}2
n0_DFFSRX1_86{{pci_spoci_sda_oe_o}}2
n0_DFFSRX1_163{{pci_spoci_scl_oe_o}}2
n0_DFFSRX1_163{{pci_spoci_scl_oe_o}}2
n0_DFFSRX1_244{{dat_o[2]}}2
n0_DFFSRX1_244{{dat_o[2]}}2
n0_DFFSRX1_250{{dat_o[6]}}2
n0_DFFSRX1_250{{dat_o[6]}}2
n0_DFFSRX1_20{{no_ack_o}}2
n0_DFFSRX1_20{{no_ack_o}}2
n0_DFFSRX1_246{{dat_o[3]}}2
n0_DFFSRX1_246{{dat_o[3]}}2
duration = 0.391923sec.

