
outfunc
duration = 0.57023sec.

cost:1960
CSPF
[403]{{w4}}456
[403]{{w4}}667
[404]{{w4}}540
[404]{{w4}}667
[405]{{w4}}331
[405]{{w4}}667
b[404]540
b[404]540
x15[404]538
x15[404]540
y15[404]540
y15[404]582
[1869]{{t4}}556
[1869]{{t4}}1535
[1870]{{t4}}668
[1870]{{t4}}1535
x15[1869]556
x15[1869]1741
[219][1869]556
[219][1869]1067
[400]{{x4}}541
[400]{{x4}}670
[401]{{x4}}459
[401]{{x4}}670
[402]{{x4}}331
[402]{{x4}}670
e2[402]331
e2[402]331
x15[402]331
x15[402]668
c[400]541
c[400]541
x15[400]539
x15[400]541
[161][400]587
[161][400]541
[107]{{p4}}353
[107]{{p4}}352
[1857]{{p4}}353
[1857]{{p4}}350
[462][1857]44
[462][1857]56
[463][1857]57
[463][1857]56
q16[1857]53
q16[1857]378
[1858][1857]346
[1858][1857]350
[462][1858]322
[462][1858]354
[463][1858]352
[463][1858]354
x15[1858]346
x15[1858]478
[1875]{{u4}}635
[1875]{{u4}}1580
[1876]{{u4}}459
[1876]{{u4}}1580
[1877][1876]459
[1877][1876]1580
[1878][1876]1
[1878][1876]1580
o2[1877]459
o2[1877]125
x15[1877]725
x15[1877]459
[148][1877]459
[148][1877]1003
[133][1875]333
[133][1875]395
[212][1875]395
[212][1875]446
[137][1875]370
[137][1875]549
x15[1875]635
x15[1875]545
d2[405]331
d2[405]331
x15[405]331
x15[405]665
b[403]456
b[403]456
x15[403]448
x15[403]456
y15[403]755
y15[403]456
c[401]459
c[401]459
x15[401]451
x15[401]459
[161][401]459
[161][401]758
h16{{l7}}418
h16{{l7}}678
[273]{{l7}}323
[273]{{l7}}678
[274]{{l7}}3
[274]{{l7}}678
u2[273]323
u2[273]348
x15[273]323
x15[273]677
o2[1878]540
o2[1878]1
x15[1878]856
x15[1878]1
[148][1878]955
[148][1878]1
n2[1870]456
n2[1870]461
b16[1870]540
b16[1870]456
[148][1870]670
[148][1870]540
x15[1870]336
x15[1870]668
m16x15330
m16x15329
q16x1541
q16x15330
[255]{{p7}}132
[255]{{p7}}4864
[256]{{p7}}4409
[256]{{p7}}4864
[257]{{p7}}94
[257]{{p7}}4864
[258]{{p7}}1589
[258]{{p7}}4864
[259]{{p7}}35
[259]{{p7}}4864
a4{{p7}}4864
a4{{p7}}2
p16[256]2013
p16[256]1552
h16[256]210
h16[256]1552
s16[256]83
s16[256]1552
[202][256]503
[202][256]1552
q16[256]3059
q16[256]4409
[485][256]18
[485][256]4409
[486][256]6
[486][256]4409
[487][256]4
[487][256]4409
b16{{v4}}560
b16{{v4}}217
y15{{v4}}217
y15{{v4}}471
[210]{{v4}}391
[210]{{v4}}322
m16[210]354
m16[210]288
[117][210]354
[117][210]40
[128][210]354
[128][210]38
q16[210]55
q16[210]322
i16{{r5}}2346
i16{{r5}}2311
o16{{r5}}44
o16{{r5}}2311
p16{{r5}}2311
p16{{r5}}56
[1893]{{q5}}2839
[1893]{{q5}}2807
[1894]{{q5}}54
[1894]{{q5}}2807
n3[1893]885
n3[1893]1451
[130][1893]1652
[130][1893]885
i16[1893]2243
i16[1893]2809
p16[1893]2839
p16[1893]6
[362]i161115
[362]i162213
[363]i16856
[363]i162213
[364]i161
[364]i162213
[365]i161
[365]i162213
[366]i16442
[366]i162213
[367]i16535
[367]i162213
[368]i16249
[368]i162213
t0[362]1115
t0[362]383
l3[362]1320
l3[362]1115
j16[362]1115
j16[362]371
[153][362]1115
[153][362]2437
l0{{u5}}24
l0{{u5}}24
[228]{{u5}}24
[228]{{u5}}23
[113]{{u5}}6
[113]{{u5}}29
s0[228]23
s0[228]24
j16[228]23
j16[228]22
[153][228]23
[153][228]12
u2[153]2505
u2[153]1067
q16[153]1132
q16[153]2505
r2q1641
r2q1641
[117]q1641
[117]q1640
[128]q1641
[128]q1638
a[117]40
a[117]322
f0[117]40
f0[117]386
{{j4}}{{s4}}44
{{j4}}{{s4}}40
h17{{s4}}44
h17{{s4}}15
f0{{s4}}3
f0{{s4}}44
a{{s4}}2
a{{s4}}44
b[161]547
b[161]547
y15[161]547
y15[161]461
n2[148]1003
n2[148]1003
b16[148]1003
b16[148]857
n2b16215
n2b16424
o2b161515
o2b16424
y15b161515
y15b16831
ny15385
ny15559
[127]y15803
[127]y15385
[199]y15385
[199]y15968
ay151530
ay15248
b1{{m5}}7
b1{{m5}}7
[127]{{m5}}7
[127]{{m5}}6
[199]{{m5}}10
[199]{{m5}}4
d[199]4
d[199]10
e[199]4
e[199]8
f[199]4
f[199]6
s3{{k4}}2
s3{{k4}}2
y3{{e7}}7
y3{{e7}}7
z3{{e7}}7
z3{{e7}}6
[165]{{e7}}7
[165]{{e7}}5
[202]{{e7}}7
[202]{{e7}}3
[485]m1645
[485]m16306
[486]m161
[486]m16306
[487]m161
[487]m16306
v16m1645
v16m16138
[1861]m16313
[1861]m16329
[132][1861]496
[132][1861]287
[222][1861]287
[222][1861]520
[1862][1861]23
[1862][1861]329
[109][367]918
[109][367]535
[132][367]535
[132][367]1845
z3[132]5261
z3[132]11823
[485][132]493
[485][132]11823
[486][132]1885
[486][132]11823
[487][132]289
[487][132]11823
v16{{a8}}26
v16{{a8}}26
w16{{a8}}26
w16{{a8}}23
c4{{a8}}2
c4{{a8}}26
w2{{b8}}17
w2{{b8}}24
x2{{b8}}24
x2{{b8}}16
v16{{b8}}24
v16{{b8}}25
w16{{b8}}22
w16{{b8}}24
m1{{j7}}20
m1{{j7}}20
[485]{{j7}}17
[485]{{j7}}20
[486]{{j7}}5
[486]{{j7}}20
[487]{{j7}}3
[487]{{j7}}20
y3[255]132
y3[255]132
{{n7}}[255]132
{{n7}}[255]4261
[174][255]132
[174][255]3242
[485][255]18
[485][255]132
[486][255]6
[486][255]132
[487][255]4
[487][255]132
h16{{n7}}132
h16{{n7}}3142
s16{{n7}}142
s16{{n7}}132
{{h4}}[257]164
{{h4}}[257]94
h16[257]94
h16[257]6143
[174][257]94
[174][257]3484
[260][258]1476
[260][258]5028
[261][258]2761
[261][258]5028
[262][258]170
[262][258]5028
h16[258]264
h16[258]1589
s16{{o7}}145
s16{{o7}}136
[271]{{o7}}88
[271]{{o7}}136
h16{{m7}}110
h16{{m7}}130
s16{{m7}}145
s16{{m7}}130
[271]{{m7}}88
[271]{{m7}}130
h16[271]126
h16[271]88
[197][271]36
[197][271]88
[108][222]519
[108][222]213
[165][222]519
[165][222]200
u2[222]260
u2[222]309
[1863][222]189
[1863][222]520
{{h4}}[1863]191
{{h4}}[1863]266
[168][1863]191
[168][1863]386
[1864][1863]107
[1864][1863]520
h16[1864]107
h16[1864]354
[174][1864]464
[174][1864]107
g3h16908
g3h161311
f16h16908
f16h16823
g16h16391
g16h16908
[129]h16908
[129]h16202
[133][219]1067
[133][219]411
[137][219]410
[137][219]1067
[420][219]253
[420][219]1067
[421][219]303
[421][219]1067
g16[174]218
g16[174]3664
[133][174]749
[133][174]3664
y2[133]9924
y2[133]4509
f16[133]9924
f16[133]2306
e3f1610517
e3f163771
f3f1613108
f3f163771
[200]f1613137
[200]f163771
[129]f1613247
[129]f16988
v1[129]661
v1[129]10394
[122][129]4787
[122][129]661
[263][261]1608
[263][261]2500
[264][261]2729
[264][261]2500
{{h4}}[261]4586
{{h4}}[261]2761
[1951][261]2713
[1951][261]5028
[263][1951]1578
[263][1951]2500
[264][1951]2681
[264][1951]2500
[267][1951]2713
[267][1951]4251
[168][267]2905
[168][267]2713
[485][267]56
[485][267]2713
[486][267]25
[486][267]2713
[487][267]23
[487][267]2713
y3[168]4504
y3[168]4269
s16[168]332
s16[168]4504
{{h4}}[259]86
{{h4}}[259]35
s16[259]35
s16[259]4202
[114][262]170
[114][262]252
[208][262]170
[208][262]5597
l3[260]1476
l3[260]255
[108][260]1476
[108][260]207
[208][260]1476
[208][260]5597
{{h4}}[208]302
{{h4}}[208]1478
[202][208]1478
[202][208]4588
[1950][208]1446
[1950][208]5597
{{i7}}[1950]1446
{{i7}}[1950]3057
s16[1950]164
s16[1950]1446
[485][1950]56
[485][1950]1446
[486][1950]25
[486][1950]1446
[487][1950]23
[487][1950]1446
[122]s16317
[122]s16515
[127]s16519
[127]s16515
n1s16679
n1s161479
b2[122]2049
b2[122]4479
[485][122]355
[485][122]2049
[486][122]78
[486][122]2049
[487][122]174
[487][122]2049
[424][137]361
[424][137]2720
[425][137]167
[425][137]2720
{{h4}}[425]1301
{{h4}}[425]167
{{i4}}[425]167
{{i4}}[425]1610
{{h4}}[424]361
{{h4}}[424]1610
{{i4}}[424]1301
{{i4}}[424]361
v2{{h4}}16988
v2{{h4}}12574
[485]{{h4}}286
[485]{{h4}}12574
[486]{{h4}}46
[486]{{h4}}12574
[487]{{h4}}163
[487]{{h4}}12574
i2{{z5}}37
i2{{z5}}37
k2{{z5}}36
k2{{z5}}37
[135]{{z5}}37
[135]{{z5}}23
[485]{{z5}}17
[485]{{z5}}37
[486]{{z5}}5
[486]{{z5}}37
[487]{{z5}}3
[487]{{z5}}37
x2[1862]329
x2[1862]23
[456][1862]26
[456][1862]23
[457][1862]123
[457][1862]23
[456]{{h8}}6
[456]{{h8}}6
[457]{{h8}}3
[457]{{h8}}6
[485][456]1
[485][456]6
[486][456]6
[486][456]6
[487][456]1
[487][456]6
w2[456]2
w2[456]6
{{j4}}[128]179
{{j4}}[128]38
h17[128]38
h17[128]332
[485]{{j4}}33
[485]{{j4}}38
[486]{{j4}}26
[486]{{j4}}38
[487]{{j4}}22
[487]{{j4}}38
c2{{j4}}75
c2{{j4}}18
[1852]{{j4}}141
[1852]{{j4}}38
[127]{{r7}}40
[127]{{r7}}40
[176]{{r7}}40
[176]{{r7}}30
s1{{q7}}35
s1{{q7}}35
[176]{{q7}}35
[176]{{q7}}30
v16[176]35
v16[176]18
w16[176]35
w16[176]28
d4[176]24
d4[176]30
[485][176]19
[485][176]30
[486][176]7
[486][176]30
[487][176]5
[487][176]30
v[421]303
v[421]529
s0[421]303
s0[421]408
{{i4}}[421]632
{{i4}}[421]303
i0[420]253
i0[420]408
s0[420]529
s0[420]253
{{i4}}[420]632
{{i4}}[420]253
[1850]{{i4}}499
[1850]{{i4}}1800
[1851]{{i4}}1081
[1851]{{i4}}1800
g0[1851]522
g0[1851]564
h0[1851]564
h0[1851]895
s0[1851]1048
s0[1851]564
u2[1851]564
u2[1851]562
[485][1851]196
[485][1851]1800
[486][1851]29
[486][1851]1800
[487][1851]121
[487][1851]1800
[485]{{d8}}17
[485]{{d8}}19
[486]{{d8}}5
[486]{{d8}}19
[487]{{d8}}3
[487]{{d8}}19
w2[485]17
w2[485]27
w16[485]27
w16[485]17
[1841]w1619
[1841]w1670
[1842]w1620
[1842]w1670
l[1842]61
l[1842]19
d0[1842]61
d0[1842]19
g[1842]70
g[1842]17
[1843][1842]15
[1843][1842]70
i[1843]70
i[1843]15
u3[1843]15
u3[1843]61
[1844][1843]12
[1844][1843]70
[1929]{{p6}}75
[1929]{{p6}}86
[1930]{{p6}}37
[1930]{{p6}}86
c16[1929]75
c16[1929]78
[221][1929]75
[221][1929]34
d16[221]60
d16[221]34
[304][221]31
[304][221]34
[305][221]49
[305][221]34
[306][221]49
[306][221]34
h0[305]23
h0[305]49
i0[305]49
i0[305]32
s0[305]30
s0[305]49
[120][463]338
[120][463]132
[464][463]364
[464][463]338
[466][463]337
[466][463]338
a[463]351
a[463]361
[469][463]331
[469][463]361
f2[464]329
f2[464]332
g2[464]329
g2[464]343
h2[464]329
h2[464]335
z1[464]364
z1[464]138
a[462]323
a[462]325
z1[462]325
z1[462]138
l2[462]368
l2[462]325
o1{{d7}}29
o1{{d7}}29
y3{{d7}}28
y3{{d7}}29
i1{{d7}}25
i1{{d7}}47
[205]{{d7}}52
[205]{{d7}}24
m1[205]45
m1[205]24
{{c7}}[205]45
{{c7}}[205]42
q[205]24
q[205]14
l2[205]24
l2[205]12
{{e6}}[205]10
{{e6}}[205]24
o1{{c7}}1
o1{{c7}}24
y3{{c7}}23
y3{{c7}}1
m1{{c7}}45
m1{{c7}}39
[204]{{c7}}45
[204]{{c7}}20
q[204]20
q[204]1
[131][204]45
[131][204]20
[217][204]45
[217][204]17
s1[217]17
s1[217]36
h17[217]17
h17[217]47
a3[304]31
a3[304]63
{{o6}}[304]65
{{o6}}[304]31
g16[304]27
g16[304]31
a3[1930]37
a3[1930]69
[1931][1930]37
[1931][1930]87
{{o6}}[1931]29
{{o6}}[1931]64
[171][1931]29
[171][1931]21
[1932][1931]18
[1932][1931]87
[171]{{o6}}74
[171]{{o6}}55
[308]{{o6}}34
[308]{{o6}}74
[309]{{o6}}27
[309]{{o6}}74
z2[308]34
z2[308]32
c16[308]31
c16[308]34
e16[308]52
e16[308]34
c16[171]21
c16[171]54
[109][171]60
[109][171]21
z2[309]27
z2[309]17
c16[309]27
c16[309]41
d16[309]64
d16[309]27
g16[1932]32
g16[1932]18
c16[1932]26
c16[1932]18
e16[1932]56
e16[1932]18
d17c161
d17c1655
[311]c1636
[311]c1655
[312]c1644
[312]c1655
[126]c1660
[126]c1647
g16[311]28
g16[311]36
[200][311]36
[200][311]51
a3{{r6}}1
a3{{r6}}9
e16{{r6}}1
e16{{r6}}37
[1938]{{r6}}19
[1938]{{r6}}19
c3[1938]19
c3[1938]29
[201][1938]19
[201][1938]29
[230][1938]19
[230][1938]13
b3[230]17
b3[230]13
g16[230]13
g16[230]18
h3{{m6}}79
h3{{m6}}77
y16{{m6}}79
y16{{m6}}87
o16{{m6}}5
o16{{m6}}88
d17{{m6}}11
d17{{m6}}88
d17{{n6}}39
d17{{n6}}67
[314]{{n6}}36
[314]{{n6}}67
[315]{{n6}}36
[315]{{n6}}67
h3[314]36
h3[314]66
i3[314]66
i3[314]36
y16[314]63
y16[314]36
y16[368]1427
y16[368]249
d16[368]249
d16[368]857
i3[315]36
i3[315]63
y16[315]36
y16[315]67
[369]y16842
[369]y16210
[370]y1611
[370]y16210
m3[369]842
m3[369]210
g16[369]143
g16[369]842
[126][369]9
[126][369]842
r0{{j6}}52
r0{{j6}}52
g16{{j6}}41
g16{{j6}}52
[131]{{j6}}52
[131]{{j6}}9
o16{{j6}}5
o16{{j6}}52
r1g162499
r1g1618012
h17g162499
h17g1658393
[127]h1710219
[127]h1755
[458]h17692
[458]h1710219
p1h179891
p1h17994
o2h17994
o2h1712674
[113]h17994
[113]h1712647
[120]h17994
[120]h1712607
l2[113]6
l2[113]8210
f17[113]6
f17[113]16310
z1[113]2
z1[113]16295
l3[363]300
l3[363]300
[130][363]429
[130][363]300
[190][363]704
[190][363]300
h0{{t5}}10
h0{{t5}}10
[190]{{t5}}9
[190]{{t5}}10
k0{{t5}}10
k0{{t5}}3
l2{{t5}}2
l2{{t5}}11
j16[190]206
j16[190]190
[118][190]289
[118][190]206
o3{{s5}}15
o3{{s5}}18
j16{{s5}}18
j16{{s5}}17
[1915]{{s5}}13
[1915]{{s5}}18
j0[1894]21
j0[1894]6
j16[1894]37
j16[1894]6
p16[1894]1023
p16[1894]38
{{i6}}[264]677
{{i6}}[264]724
[108][264]677
[108][264]573
l3{{i6}}677
l3{{i6}}372
p16{{i6}}677
p16{{i6}}978
n3{{w5}}34
n3{{w5}}22
p16{{w5}}34
p16{{w5}}38
p16[263]427
p16[263]508
[114][263]427
[114][263]912
j0p1638
j0p1638
[373]p1636
[373]p1638
k0p1638
k0p1616
l0p1638
l0p1615
m0p1638
m0p1614
[115]p1638
[115]p1613
j16[373]36
j16[373]38
[135][373]36
[135][373]20
j16[366]306
j16[366]176
[226][366]306
[226][366]907
a2j16476
a2j16334
[197]j16476
[197]j16331
[501]{{f4}}4
[501]{{f4}}5
[502]{{f4}}4
[502]{{f4}}5
j1[501]4
j1[501]4
[183][501]4
[183][501]4
v0{{z4}}3
v0{{z4}}3
b4{{z4}}3
b4{{z4}}2
u2[1844]12
u2[1844]42
[109][1844]41
[109][1844]12
[215][1844]12
[215][1844]33
s[114]486
s[114]701
[108][114]486
[108][114]567
u2[114]912
u2[114]299
u2[1852]101
u2[1852]31
[109][1852]101
[109][1852]36
t[1850]308
t[1850]300
u[1850]300
u[1850]401
s0[1850]300
s0[1850]540
u2[1850]300
u2[1850]361
z2{{q6}}1
z2{{q6}}10
e16{{q6}}1
e16{{q6}}14
[1937]{{q6}}3
[1937]{{q6}}3
b3[1937]3
b3[1937]8
[201][1937]3
[201][1937]7
h3[370]12
h3[370]109
i3[370]12
i3[370]47
[126][370]10
[126][370]12
[126]d1714
[126]d1712
[130]d1762
[130]d1712
e16[126]10
e16[126]63
[118][126]3
[118][126]63
o0{{s6}}3
o0{{s6}}4
c3{{s6}}3
c3{{s6}}5
[1939]{{s6}}3
[1939]{{s6}}4
d3[1939]3
d3[1939]8
[201][1939]3
[201][1939]8
o0[201]11
o0[201]20
e16[201]10
e16[201]20
[118]e1610
[118]e1610
[1909]e1610
[1909]e167
b3[1909]6
b3[1909]8
c3[1909]3
c3[1909]8
d3[1909]4
d3[1909]8
[1910][1909]7
[1910][1909]7
u[306]23
u[306]46
v[306]46
v[306]31
s0[306]46
s0[306]30
[497][109]3317
[497][109]1188
[498][109]3557
[498][109]1188
u[498]3557
u[498]1128
s0[498]3557
s0[498]1124
s1[108]691
s1[108]786
b2[108]786
b2[108]728
s0[108]920
s0[108]767
h0[497]3317
h0[497]1124
s0[497]1128
s0[497]3317
h[215]33
h[215]12
u3[215]12
u3[215]31
[1847][215]10
[1847][215]33
w2[1847]24
w2[1847]10
x2[1847]10
x2[1847]20
[240][1847]10
[240][1847]24
[495][240]9
[495][240]24
[496][240]9
[496][240]24
k[496]20
k[496]9
d0[496]9
d0[496]20
[247]{{z7}}3
[247]{{z7}}4
[248]{{z7}}3
[248]{{z7}}4
k[247]3
k[247]3
d0[247]3
d0[247]3
s[274]3
s[274]192
l3[274]296
l3[274]3
s[165]403
s[165]142
l3[165]399
l3[165]142
k2{{t6}}18
k2{{t6}}18
[146]{{t6}}17
[146]{{t6}}18
[1940]{{t6}}13
[1940]{{t6}}18
k2{{x5}}18
k2{{x5}}18
[146]{{x5}}18
[146]{{x5}}5
[226]{{x5}}14
[226]{{x5}}19
j2[364]1
j2[364]756
z16[364]1
z16[364]996
[146][364]1
[146][364]580
o[146]5
o[146]22
p[146]20
p[146]5
[123][146]18
[123][146]5
m0{{v5}}23
m0{{v5}}23
[346]{{v5}}22
[346]{{v5}}23
[347]{{v5}}9
[347]{{v5}}23
o16{{v5}}5
o16{{v5}}27
p2[346]22
p2[346]23
[349][346]15
[349][346]23
p[346]22
p[346]13
[123][346]12
[123][346]22
o[349]17
o[349]15
[141][349]15
[141][349]16
g2{{r4}}22
g2{{r4}}23
[211]{{r4}}22
[211]{{r4}}14
[242]{{r4}}22
[242]{{r4}}28
l2{{r4}}32
l2{{r4}}22
[112]{{r4}}32
[112]{{r4}}17
[1866]{{r4}}21
[1866]{{r4}}34
q1[1866]24
q1[1866]21
r1[1866]23
r1[1866]21
s1[1866]22
s1[1866]21
[218][1866]21
[218][1866]23
a[218]19
a[218]17
[206][218]19
[206][218]11
[1867][218]12
[1867][218]23
g2[1867]11
g2[1867]12
f17[1867]11
f17[1867]12
[112][1867]12
[112][1867]13
h2[112]35
h2[112]20
[241][112]35
[241][112]19
o0[112]28
o0[112]17
o0[206]12
o0[206]7
[241][206]11
[241][206]7
g2[206]12
g2[206]12
[1868][206]15
[1868][206]11
o[241]19
o[241]42
p[241]17
p[241]42
q[241]15
q[241]42
j2[1940]13
j2[1940]18
[150][1940]17
[150][1940]13
j2[1915]13
j2[1915]18
[150][1915]17
[150][1915]13
l3{{y5}}16
l3{{y5}}16
[179]{{y5}}16
[179]{{y5}}15
[115]{{y5}}16
[115]{{y5}}13
j2[115]13
j2[115]56
[150][115]13
[150][115]53
p17[150]30
p17[150]56
z16[150]23
z16[150]56
j2[365]1
j2[365]621
p17[365]1
p17[365]554
z16[365]744
z16[365]1
p17{{u6}}13
p17{{u6}}13
[179]{{u6}}13
[179]{{u6}}3
l2[226]617
l2[226]14
p17[226]14
p17[226]728
[179][226]14
[179][226]634
[378]p1724
[378]p1717
[379]p1730
[379]p1717
[380]p1724
[380]p1717
u1p1737
u1p1710
[276]{{h7}}10
[276]{{h7}}13
[277]{{h7}}10
[277]{{h7}}13
[278]{{h7}}9
[278]{{h7}}13
k1[276]10
k1[276]10
l1[276]10
l1[276]10
k17[276]10
k17[276]9
k1[277]10
k1[277]10
l1[277]10
l1[277]10
k17[277]10
k17[277]9
a[211]1
a[211]14
f17[211]14
f17[211]22
l2[466]271
l2[466]113
f17[466]271
f17[466]280
[467]f17281
[467]f1731471
[468]f17293
[468]f1731471
f2[467]281
f2[467]39
g2[467]22100
g2[467]281
h2[467]25681
h2[467]281
a{{n5}}6
a{{n5}}6
[469]{{n5}}5
[469]{{n5}}6
l2[469]5
l2[469]5
[134][469]5
[134][469]5
[471][469]6
[471][469]5
[472][469]5
[472][469]5
[473][469]4
[473][469]5
[474][469]4
[474][469]5
[471]{{o5}}5
[471]{{o5}}5
[472]{{o5}}4
[472]{{o5}}5
g2[471]5
g2[471]5
l2[471]4
l2[471]5
[134][471]5
[134][471]4
[473][471]3
[473][471]5
[474][471]3
[474][471]5
[134]{{p5}}5
[134]{{p5}}4
[473]{{p5}}3
[473]{{p5}}5
[474]{{p5}}3
[474]{{p5}}5
f2[472]4
f2[472]7
[134][472]4
[134][472]4
[473][472]3
[473][472]4
[474][472]3
[474][472]4
h2[473]3
h2[473]3
l2[473]4
l2[473]3
f2[468]25069
f2[468]293
g2[468]16738
g2[468]293
h2[468]293
h2[468]22117
[134][1868]15
[134][1868]7
[242][1868]13
[242][1868]7
h2[1868]12
h2[1868]15
a1{{q4}}8
a1{{q4}}8
t2{{q4}}8
t2{{q4}}2
[1865]{{q4}}6
[1865]{{q4}}8
a[1865]7
a[1865]6
[107][1865]6
[107][1865]6
[120][1865]5
[120][1865]6
f2[120]1111
f2[120]12613
h2[120]2272
h2[120]12613
g2[134]11
g2[134]15
l2[134]11
l2[134]16
[1879][212]210
[1879][212]283
[1880][212]215
[1880][212]283
i3[1880]231
i3[1880]210
[200][1880]210
[200][1880]236
e3[1880]195
e3[1880]231
f3[1880]215
f3[1880]270
e3[1879]210
e3[1879]226
i3[1879]210
i3[1879]226
[200][1879]210
[200][1879]256
l2[131]28
l2[131]24
[110][131]66
[110][131]28
l2{{k5}}2
l2{{k5}}2
[387]{{f5}}7
[387]{{f5}}7
[389]{{f5}}7
[389]{{f5}}7
[158]{{f5}}6
[158]{{f5}}8
[158]{{j5}}7
[158]{{j5}}7
[387]{{j5}}3
[387]{{j5}}7
[158]{{g5}}7
[158]{{g5}}7
[389]{{g5}}3
[389]{{g5}}7
[385]{{d5}}8
[385]{{d5}}8
[387]{{d5}}8
[387]{{d5}}7
[389]{{d5}}8
[389]{{d5}}7
[158]{{d5}}6
[158]{{d5}}9
[385]{{h5}}7
[385]{{h5}}7
[387]{{h5}}7
[387]{{h5}}7
[158]{{h5}}6
[158]{{h5}}8
[385]{{e5}}7
[385]{{e5}}7
[389]{{e5}}7
[389]{{e5}}7
[158]{{e5}}6
[158]{{e5}}8
[158]{{i5}}7
[158]{{i5}}7
[385]{{i5}}3
[385]{{i5}}7
n[158]8
n[158]5
p[158]4
p[158]8
l2[158]6
l2[158]2
[123][158]9
[123][158]3
o0[1910]7
o0[1910]6
l2[1910]7
l2[1910]5
[223][1910]7
[223][1910]3
q[123]56
q[123]3
l2[123]3
l2[123]2
e1[389]6
e1[389]3
l2[389]3
l2[389]2
c1[387]6
c1[387]3
l2[387]3
l2[387]2
d1[385]6
d1[385]3
l2[385]3
l2[385]2
f2[474]3
f2[474]4
l2[474]3
l2[474]3
e0[502]4
e0[502]4
[183][502]4
[183][502]4
[340]{{a6}}4
[340]{{a6}}5
[341]{{a6}}4
[341]{{a6}}5
e0[340]4
e0[340]4
[185][340]4
[185][340]4
[499]{{g4}}3
[499]{{g4}}5
[500]{{g4}}3
[500]{{g4}}5
k1[500]3
k1[500]3
y1[500]3
y1[500]3
[279]{{g7}}9
[279]{{g7}}11
[280]{{g7}}9
[280]{{g7}}11
k1[279]9
k1[279]9
k17[279]9
k17[279]9
v0{{y4}}4
v0{{y4}}4
x3{{y4}}3
x3{{y4}}4
a{{y4}}2
a{{y4}}4
[330]{{g6}}10
[330]{{g6}}12
[331]{{g6}}10
[331]{{g6}}12
p0[330]10
p0[330]10
l17[330]10
l17[330]10
[327]{{h6}}11
[327]{{h6}}14
[328]{{h6}}11
[328]{{h6}}14
[329]{{h6}}10
[329]{{h6}}14
p0[327]11
p0[327]11
q0[327]11
q0[327]11
l17[327]11
l17[327]10
p0[328]11
p0[328]11
q0[328]11
q0[328]11
l17[328]11
l17[328]10
p0[499]3
p0[499]3
y1[499]3
y1[499]3
g0o1664
g0o165
h0o165
h0o1690
t0o165
t0o1658
l3o1697
l3o165
t1[107]311
t1[107]287
t2[107]287
t2[107]287
w3[329]10
w3[329]10
l17[329]12
l17[329]10
v3[331]10
v3[331]10
l17[331]10
l17[331]10
pl175
pl175
m2l174
m2l175
[110]l177
[110]l175
[225]l177
[225]l179
[1853]{{n4}}8
[1853]{{n4}}25
[1854]{{n4}}22
[1854]{{n4}}25
[225][1854]7
[225][1854]25
[1855][1854]8
[1855][1854]25
r0[225]7
r0[225]7
[110][225]7
[110][225]6
[181][225]7
[181][225]4
r3[278]9
r3[278]9
k17[278]11
k17[278]9
q3[280]9
q3[280]9
k17[280]9
k17[280]9
[281]k175
[281]k178
[282]k176
[282]k178
[110][282]6
[110][282]6
[182][282]6
[182][282]10
q[281]5
q[281]5
m2[281]4
m2[281]5
[110][281]6
[110][281]5
p2[110]45
p2[110]3
q2[110]45
q2[110]2
k2{{l6}}6
k2{{l6}}7
[229]{{l6}}7
[229]{{l6}}7
{{k6}}{{l6}}3
{{k6}}{{l6}}8
i3[229]7
i3[229]7
d16[229]7
d16[229]8
m2[229]7
m2[229]5
p2[229]4
p2[229]7
[336]{{e6}}6
[336]{{e6}}24
[337]{{e6}}6
[337]{{e6}}24
p2[337]5
p2[337]6
q2[337]6
q2[337]21
p2{{f6}}5
p2{{f6}}5
[163]{{f6}}4
[163]{{f6}}5
m2{{f6}}5
m2{{f6}}2
p2[336]6
p2[336]21
q2[336]5
q2[336]6
m1{{f7}}5
m1{{f7}}5
p2{{f7}}4
p2{{f7}}5
q2{{f7}}3
q2{{f7}}5
m2{{f7}}5
m2{{f7}}2
p2{{d6}}2
p2{{d6}}2
m1{{b6}}5
m1{{b6}}5
[163]{{b6}}4
[163]{{b6}}5
m2{{b6}}5
m2{{b6}}2
r0[163]4
r0[163]6
q2[163]3
q2[163]6
n0[341]4
n0[341]4
[185][341]4
[185][341]4
x[185]3
x[185]3
y[185]3
y[185]2
x[183]3
x[183]3
y[183]2
y[183]3
a0{{u7}}2
a0{{u7}}2
r1[458]692
r1[458]9801
s1[458]8668
s1[458]692
r1[127]9987
r1[127]547
s1[127]547
s1[127]12521
k3{{x7}}6
k3{{x7}}6
p3{{x7}}6
p3{{x7}}5
r{{x7}}6
r{{x7}}4
[1952]{{x7}}3
[1952]{{x7}}6
u0[1952]3
u0[1952]6
s2[1952]3
s2[1952]5
y3{{i7}}455
y3{{i7}}124
[202]{{i7}}455
[202]{{i7}}580
f1[242]28
f1[242]27
g1[242]26
g1[242]27
h1[242]24
h1[242]27
i1[202]1277
i1[202]3
e4[202]1277
e4[202]2
b0{{v7}}2
b0{{v7}}2
m0{{k6}}7
m0{{k6}}3
k2{{k6}}2
k2{{k6}}3
[394]{{c5}}4
[394]{{c5}}4
[395]{{c5}}4
[395]{{c5}}4
e1[395]4
e1[395]4
[162][395]4
[162][395]4
e1[394]4
e1[394]4
[162][394]4
[162][394]4
n{{l5}}5
n{{l5}}5
e1{{l5}}5
e1{{l5}}4
[162]{{l5}}3
[162]{{l5}}5
n[1853]8
n[1853]1
e1[1853]8
e1[1853]8
[162][1853]7
[162][1853]8
[182][1853]8
[182][1853]13
[1911]z16333
[1911]z161083
[1912]z16374
[1912]z161083
[1913][1912]361
[1913][1912]1083
[1914][1912]361
[1914][1912]1083
w0[1914]35
w0[1914]361
x0[1914]361
x0[1914]864
y0[1914]864
y0[1914]361
z0[1914]855
z0[1914]361
[381][379]24
[381][379]12
[382][379]8
[382][379]12
w0[379]30
w0[379]10
y0[379]30
y0[379]14
x0[382]8
x0[382]8
z0[382]8
z0[382]6
w0[380]6
w0[380]24
x0[380]8
x0[380]24
y0[380]10
y0[380]24
z0[380]11
z0[380]24
y0{{v6,z6}}3
y0{{v6,z6}}3
z0{{v6,z6}}2
z0{{v6,z6}}3
w0[1913]855
w0[1913]361
x0[1913]32
x0[1913]361
y0[1913]361
y0[1913]861
z0[1913]855
z0[1913]361
x0[381]6
x0[381]24
z0[381]8
z0[381]24
w0[1911]333
w0[1911]855
z0[1911]333
z0[1911]993
z0{{b7}}2
z0{{b7}}2
w0[378]8
w0[378]24
x0[378]24
x0[378]8
y0[378]11
y0[378]24
z0[378]24
z0[378]13
m3[200]2489
m3[200]2644
d16[200]2489
d16[200]5892
h3d164140
h3d1616468
i3d1625947
i3d164140
[141]d1642218
[141]d166823
h3[312]43
h3[312]35
i3[312]43
i3[312]57
h3[141]34615
h3[141]7788
i3[141]7788
i3[141]22188
t3{{m4}}2
t3{{m4}}2
n3[197]521
n3[197]580
o3[197]611
o3[197]580
t3[197]672
t3[197]580
m2{{a5}}2
m2{{a5}}2
i1{{k7}}5
i1{{k7}}5
[182]{{k7}}4
[182]{{k7}}5
w1[1855]5
w1[1855]5
v16[1855]5
v16[1855]17
[1856][1855]5
[1856][1855]25
n[1856]8
n[1856]5
[182][1856]5
[182][1856]13
x1[182]4
x1[182]4
[159][182]4
[159][182]3
x2[486]5
x2[486]6
v16[486]18
v16[486]5
w2{{c8}}6
w2{{c8}}6
v16{{c8}}5
v16{{c8}}6
a4{{c8}}6
a4{{c8}}2
w1{{o4}}5
w1{{o4}}5
v16{{o4}}5
v16{{o4}}4
x1v164
x1v164
[159]v164
[159]v163
y1[159]3
y1[159]3
m2[159]3
m2[159]2
w1[347]23
w1[347]9
[181][347]9
[181][347]22
w1{{c6}}5
w1{{c6}}5
[181]{{c6}}5
[181]{{c6}}4
x1[181]12
x1[181]4
y1[181]3
y1[181]12
m2[181]12
m2[181]2
m[248]3
m[248]3
d0[248]3
d0[248]3
j[1841]38
j[1841]19
d0[1841]19
d0[1841]38
m[495]20
m[495]9
d0[495]20
d0[495]9
z2[118]3
z2[118]113
a3[118]2
a3[118]113
c3[223]3
c3[223]7
d3[223]6
d3[223]3
w2[487]3
w2[487]3
x2[487]17
x2[487]3
w2[457]3
w2[457]3
x2[457]7
x2[457]3
[396]{{b5}}3
[396]{{b5}}3
[397]{{b5}}3
[397]{{b5}}3
c1[396]3
c1[396]3
d1[396]3
d1[396]3
c1[162]3
c1[162]3
d1[162]3
d1[162]2
c1[397]3
c1[397]3
d1[397]3
d1[397]3
n3[135]65
n3[135]92
[130][135]94
[130][135]65
h0[130]791
h0[130]370
t0[130]370
t0[130]227
w{{s7}}2
w{{s7}}2
w0{{y6}}2
w0{{y6}}2
w0{{f8}}2
w0{{f8}}2
w0{{x6,e8}}3
w0{{x6,e8}}3
x0{{x6,e8}}2
x0{{x6,e8}}3
g0[179]20
g0[179]3
t0[179]20
t0[179]2
x0{{g8}}2
x0{{g8}}2
y0{{a7}}2
y0{{a7}}2
y0{{w6}}2
y0{{w6}}2
j3{{y7}}3
j3{{y7}}3
p3{{y7}}3
p3{{y7}}2
o3{{l4}}2
o3{{l4}}2
c0{{w7}}2
c0{{w7}}2
z{{t7}}2
z{{t7}}2
duration = 20.706sec.

