
outfunc
duration = 0.932965sec.

cost:7057
CSPF
[4746]{{g6925}}306
[4746]{{g6925}}12870
[4764]{{g6925}}1024
[4764]{{g6925}}12870
[4782]{{g6925}}155
[4782]{{g6925}}12870
[4794]{{g6925}}5
[4794]{{g6925}}12870
g336[4794]1
g336[4794]5
n807[4794]5
n807[4794]155
n819[4794]1280
n819[4794]5
[4783][4782]148
[4783][4782]12870
[4788][4782]156
[4788][4782]12870
g336[4783]148
g336[4783]137
n819[4783]4964
n819[4783]148
n1868[4783]148
n1868[4783]20017
n2062[4783]148
n2062[4783]82
g336[4788]156
g336[4788]157
[4789][4788]156
[4789][4788]22066
g46{{g4109}}2
g46{{g4109}}2
g46{{g4128}}2
g46{{g4128}}2
[4644]{{g6854}}69
[4644]{{g6854}}4143
[4645]{{g6854}}826
[4645]{{g6854}}4143
n1674[4645]31
n1674[4645]4143
[4654][4645]1
[4654][4645]4143
[4657][4645]1
[4657][4645]4143
[4658][4645]24
[4658][4645]4143
[4659][4645]14
[4659][4645]4143
[4660][4645]13
[4660][4645]4143
[4661][4645]22
[4661][4645]4143
[4662][4645]23
[4662][4645]4143
[4663][4645]83
[4663][4645]4143
[4664][4645]20
[4664][4645]4143
g434[4661]22
g434[4661]22
n1499[4661]22
n1499[4661]4111
[4876]{{g4848}}33
[4876]{{g4848}}41
[4877]{{g4848}}33
[4877]{{g4848}}41
g434[4877]33
g434[4877]33
n1205[4877]33
n1205[4877]33
g23{{g4098}}2
g23{{g4098}}2
n1476{{g6599}}1
n1476{{g6599}}323
[558]{{g6599}}1
[558]{{g6599}}323
[486]{{g6599}}182
[486]{{g6599}}323
[283]{{g6599}}323
[283]{{g6599}}100
[282]{{g6599}}323
[282]{{g6599}}100
n1674{{g6599}}581
n1674{{g6599}}323
n1526{{g6599}}191
n1526{{g6599}}323
n1517{{g6599}}187
n1517{{g6599}}323
n1513{{g6599}}207
n1513{{g6599}}323
n1508{{g6599}}209
n1508{{g6599}}323
n1506{{g6599}}209
n1506{{g6599}}323
n1499{{g6599}}197
n1499{{g6599}}323
n1497{{g6599}}197
n1497{{g6599}}323
n1483{{g6599}}102
n1483{{g6599}}323
g562{{g6599}}175
g562{{g6599}}323
n1471{{g6599}}171
n1471{{g6599}}323
n1333{{g6599}}1
n1333{{g6599}}323
n828{{g6599}}32
n828{{g6599}}323
{{g6105}}{{g6599}}20
{{g6105}}{{g6599}}323
g692{{g6599}}9
g692{{g6599}}323
g197{{g6599}}323
g197{{g6599}}8
g508{{g6599}}7
g508{{g6599}}323
g536{{g6599}}6
g536{{g6599}}323
g293{{g6599}}5
g293{{g6599}}323
g453{{g6599}}4
g453{{g6599}}323
g410{{g6599}}3
g410{{g6599}}323
g551{{g6599}}2
g551{{g6599}}323
[4665]{{g4843}}33
[4665]{{g4843}}41
[4666]{{g4843}}33
[4666]{{g4843}}41
g453[4666]33
g453[4666]33
n1205[4666]33
n1205[4666]33
[4597]{{g4844}}33
[4597]{{g4844}}42
[4598]{{g4844}}34
[4598]{{g4844}}42
g453[4597]33
g453[4597]33
n1205[4597]33
n1205[4597]34
[4509]{{g5147}}8
[4509]{{g5147}}8
[4510]{{g5147}}8
[4510]{{g5147}}8
g639[4509]8
g639[4509]8
g622[4509]7
g622[4509]8
n1315[4509]8
n1315[4509]8
[4797]{{g5489}}11
[4797]{{g5489}}11
[4798]{{g5489}}10
[4798]{{g5489}}11
g639[4798]10
g639[4798]4
g625[4798]10
g625[4798]12
g628[4798]11
g628[4798]10
{{g5328}}[4798]12
{{g5328}}[4798]10
g639[4797]12
g639[4797]4
g625[4797]12
g625[4797]12
{{g5328}}[4797]12
{{g5328}}[4797]11
g628[4797]11
g628[4797]11
g625{{g5581}}11
g625{{g5581}}14
g628{{g5581}}11
g628{{g5581}}15
{{g5328}}{{g5581}}13
{{g5328}}{{g5581}}11
g631{{g5581}}12
g631{{g5581}}12
g639{{g5581}}12
g639{{g5581}}11
n1446{{g5581}}10
n1446{{g5581}}12
[4575]{{g5328}}10
[4575]{{g5328}}10
[4576]{{g5328}}9
[4576]{{g5328}}10
g639[4576]9
g639[4576]10
g625[4576]11
g625[4576]9
[330][4576]10
[330][4576]9
[4835]{{g6592}}12
[4835]{{g6592}}12
[4836]{{g6592}}12
[4836]{{g6592}}12
g578[4835]20
g578[4835]12
n1446[4835]12
n1446[4835]12
n1456[4835]12
n1456[4835]18
[4680]{{g6594}}4
[4680]{{g6594}}15
[4681]{{g6594}}14
[4681]{{g6594}}15
[4682]{{g6594}}14
[4682]{{g6594}}15
g586[4681]14
g586[4681]14
g582[4681]14
g582[4681]14
n1456[4681]14
n1456[4681]12
[335][4681]14
[335][4681]16
[4870]{{g6593}}13
[4870]{{g6593}}13
[4871]{{g6593}}13
[4871]{{g6593}}13
g582[4871]21
g582[4871]13
n1456[4871]13
n1456[4871]20
[335][4871]13
[335][4871]13
g586[4682]20
g586[4682]14
g582[4682]14
g582[4682]14
n1456[4682]14
n1456[4682]20
[335][4682]13
[335][4682]14
g582[4870]13
g582[4870]13
n1456[4870]13
n1456[4870]12
[335][4870]13
[335][4870]13
[4822]{{g6596}}19
[4822]{{g6596}}19
[4823]{{g6596}}17
[4823]{{g6596}}19
{{g6595}}[4822]17
{{g6595}}[4822]1
n1450[4822]1
n1450[4822]18
g594[4822]19
g594[4822]19
n1456[4822]19
n1456[4822]18
g594[4823]1
g594[4823]17
{{g6595}}[4823]22
{{g6595}}[4823]17
n1450[4823]17
n1450[4823]22
[4551]{{g6595}}16
[4551]{{g6595}}17
[4552]{{g6595}}21
[4552]{{g6595}}17
g590[4552]1
g590[4552]1
n1450[4552]17
n1450[4552]1
n1456[4552]17
n1456[4552]21
g586[4680]4
g586[4680]4
g582[4680]22
g582[4680]4
n1456[4680]4
n1456[4680]18
g578[4836]12
g578[4836]12
n1446[4836]20
n1446[4836]12
n1456[4836]12
n1456[4836]18
[4669]{{g6591}}1
[4669]{{g6591}}22
[4670]{{g6591}}22
[4670]{{g6591}}22
g582[4670]15
g582[4670]1
[335][4670]15
[335][4670]15
[456][4670]15
[456][4670]7
g574[4670]17
g574[4670]17
n1450[4670]17
n1450[4670]17
n1456[4670]22
n1456[4670]18
g590n145617
g590n145617
g594n145617
g594n145616
n1450n145617
n1450n145626
g639n145628
g639n14562
g590[4551]17
g590[4551]16
n1450[4551]16
n1450[4551]1
g582[4669]15
g582[4669]1
n1450[4669]1
n1450[4669]1
[335][4669]1
[335][4669]17
[456][4669]1
[456][4669]7
g574n145015
g574n145014
[335]n145013
[335]n145015
[456]n145015
[456]n14503
g578[335]11
g578[335]11
n1446[335]11
n1446[335]10
g625n144610
g625n144610
g631n144610
g631n14469
g628n144610
g628n14468
[330]n14467
[330]n144610
g639[4575]10
g639[4575]12
g625[4575]10
g625[4575]12
[330][4575]10
[330][4575]11
g622[330]10
g622[330]7
n1315[330]10
n1315[330]6
g639[4510]8
g639[4510]8
g622[4510]8
g622[4510]7
n1315[4510]8
n1315[4510]8
[4839]{{g4854}}33
[4839]{{g4854}}41
[4840]{{g4854}}33
[4840]{{g4854}}41
g422[4840]33
g422[4840]33
n1205[4840]33
n1205[4840]33
[4601]{{g4855}}33
[4601]{{g4855}}35
[4602]{{g4855}}33
[4602]{{g4855}}35
g422[4601]33
g422[4601]33
n1205[4601]33
n1205[4601]33
n1499{{g6601}}529
n1499{{g6601}}1449
[559]{{g6601}}1
[559]{{g6601}}1449
[558]{{g6601}}1
[558]{{g6601}}1449
[466]{{g6601}}398
[466]{{g6601}}1449
[283]{{g6601}}1449
[283]{{g6601}}186
[282]{{g6601}}1449
[282]{{g6601}}186
n2278{{g6601}}1
n2278{{g6601}}1449
n1749{{g6601}}1
n1749{{g6601}}1449
n1674{{g6601}}1354
n1674{{g6601}}1449
n1526{{g6601}}417
n1526{{g6601}}1449
n1506{{g6601}}547
n1506{{g6601}}1449
g559{{g6601}}1076
g559{{g6601}}1449
n1497{{g6601}}517
n1497{{g6601}}1449
n1483{{g6601}}235
n1483{{g6601}}1449
n828{{g6601}}178
n828{{g6601}}1449
{{g6103}}{{g6601}}132
{{g6103}}{{g6601}}1449
{{g6107}}{{g6601}}28
{{g6107}}{{g6601}}1449
g422{{g6601}}5
g422{{g6601}}1449
g441{{g6601}}4
g441{{g6601}}1449
g520{{g6601}}3
g520{{g6601}}1449
g695{{g6601}}2
g695{{g6601}}1449
g613{{g4858}}7
g613{{g4858}}7
g616{{g4858}}7
g616{{g4858}}6
[357]{{g4858}}6
[357]{{g4858}}7
g619{{g4858}}8
g619{{g4858}}8
g639{{g4858}}8
g639{{g4858}}7
n1315{{g4858}}6
n1315{{g4858}}8
[4824]{{g4657}}7
[4824]{{g4657}}6
[4825]{{g4657}}7
[4825]{{g4657}}6
[4826][4825]6
[4826][4825]6
[4827][4825]6
[4827][4825]6
g613[4827]6
g613[4827]6
g616[4827]6
g616[4827]6
{{g4423}}[4827]7
{{g4423}}[4827]6
g639[4824]7
g639[4824]3
g616[4824]7
g616[4824]7
{{g4423}}[4824]7
{{g4423}}[4824]7
g613[4826]6
g613[4826]6
g616[4826]6
g616[4826]6
{{g4423}}[4826]7
{{g4423}}[4826]6
[4799]{{g4423}}5
[4799]{{g4423}}5
[4800]{{g4423}}5
[4800]{{g4423}}5
g613[4800]5
g613[4800]5
[357][4800]5
[357][4800]5
g639[4800]5
g639[4800]2
g619n13156
g619n13156
g613n13156
g613n13155
g616n13156
g616n13154
[357]n13153
[357]n13156
g613[4799]5
g613[4799]5
[357][4799]5
[357][4799]5
g602[357]9
g602[357]3
g610[357]9
g610[357]2
[4809]{{g4124}}4
[4809]{{g4124}}4
[4810]{{g4124}}4
[4810]{{g4124}}4
g639[4810]4
g639[4810]3
g610[4810]5
g610[4810]4
{{g4123}}[4810]4
{{g4123}}[4810]4
g610[4809]4
g610[4809]4
{{g4123}}[4809]4
{{g4123}}[4809]4
g327{{g4118}}5
g327{{g4118}}5
n1213{{g4118}}4
n1213{{g4118}}5
g11{{g6370}}6
g11{{g6370}}6
n750{{g6370}}6
n750{{g6370}}5
g29{{g6362}}6
g29{{g6362}}6
n750{{g6362}}6
n750{{g6362}}5
g25{{g6360}}6
g25{{g6360}}6
n750{{g6360}}6
n750{{g6360}}5
g7{{g6368}}6
g7{{g6368}}6
n750{{g6368}}6
n750{{g6368}}5
g19{{g6374}}6
g19{{g6374}}6
n750{{g6374}}6
n750{{g6374}}5
g33{{g6366}}6
g33{{g6366}}6
n750{{g6366}}6
n750{{g6366}}5
g15{{g6372}}6
g15{{g6372}}6
n750{{g6372}}6
n750{{g6372}}5
g3{{g6364}}6
g3{{g6364}}6
n750{{g6364}}6
n750{{g6364}}5
[4351]{{g6284}}20
[4351]{{g6284}}21
[4368]{{g6284}}20
[4368]{{g6284}}21
n762[4368]20
n762[4368]20
n774[4368]20
n774[4368]20
n750[4368]21
n750[4368]5
g41n75014
g41n75022
{{g6282}}n75022
{{g6282}}n75014
g22{{g6282}}22
g22{{g6282}}14
g676{{g6282}}14
g676{{g6282}}21
g675{{g6282}}14
g675{{g6282}}20
[320]{{g6282}}14
[320]{{g6282}}11
g117{{g4113}}5
g117{{g4113}}5
n1322{{g4113}}4
n1322{{g4113}}5
g485{{g5468}}2
g485{{g5468}}2
g485{{g4307}}2
g485{{g4307}}2
n1497{{g6602}}1221
n1497{{g6602}}2670
[558]{{g6602}}224
[558]{{g6602}}2087
[486]{{g6602}}1038
[486]{{g6602}}2012
[283]{{g6602}}2087
[283]{{g6602}}404
[282]{{g6602}}2087
[282]{{g6602}}728
n1766{{g6602}}3391
n1766{{g6602}}2087
n1674{{g6602}}2192
n1674{{g6602}}2188
n1526{{g6602}}683
n1526{{g6602}}2224
n1517{{g6602}}775
n1517{{g6602}}2492
n1513{{g6602}}811
n1513{{g6602}}2668
n1508{{g6602}}813
n1508{{g6602}}2682
n1506{{g6602}}813
n1506{{g6602}}2682
n1499{{g6602}}795
n1499{{g6602}}2670
g561{{g6602}}1042
g561{{g6602}}2087
n1476{{g6602}}140
n1476{{g6602}}2087
n1157{{g6602}}118
n1157{{g6602}}2087
n828{{g6602}}141
n828{{g6602}}2087
{{g6102}}{{g6602}}98
{{g6102}}{{g6602}}2087
g512{{g6602}}735
g512{{g6602}}1723
g414{{g6602}}733
g414{{g6602}}2084
g541{{g6602}}732
g541{{g6602}}2087
g269{{g6602}}2013
g269{{g6602}}189
g297{{g6602}}727
g297{{g6602}}2087
g693{{g6602}}600
g693{{g6602}}2087
g449{{g6602}}723
g449{{g6602}}2087
g554{{g6602}}723
g554{{g6602}}2087
g693{{g6106}}3
g693{{g6106}}3
g269{{g6106}}19
g269{{g6106}}3
n1766{{g6106}}19
n1766{{g6106}}20
[4614]n176610
[4614]n176620
[4615]n176619
[4615]n176620
g279[4614]13
g279[4614]10
n1040[4614]10
n1040[4614]10
[307][4614]10
[307][4614]14
g279[4615]10
g279[4615]10
n1040[4615]13
n1040[4615]10
[269][4615]18
[269][4615]13
[307][4615]19
[307][4615]14
[4377]{{g6940}}1723
[4377]{{g6940}}1731
[4456]{{g6940}}13
[4456]{{g6940}}1731
n829[4377]1631
n829[4377]1799
n876[4377]29
n876[4377]1799
[490][4377]1799
[490][4377]67
n1124[4377]3337
n1124[4377]1719
[326][4377]1719
[326][4377]26
n870[4377]1723
n870[4377]13
[4378]n11243209
[4378]n11241719
[4450]n1124129
[4450]n11241719
[256][4378]1628
[256][4378]1627
[385][4378]3220
[385][4378]1628
g658[4378]3209
g658[4378]6175
n1036[4378]8209
n1036[4378]3209
n1114[4378]930
n1114[4378]3209
n1118[4378]872
n1118[4378]3209
[547][4378]3209
[547][4378]22
[4512]{{g6827}}97
[4512]{{g6827}}118
[4513]{{g6827}}32
[4513]{{g6827}}118
n1114[4512]103
n1114[4512]97
n1203[4512]97
n1203[4512]32
n1114{{g6801}}43
n1114{{g6801}}35
n1118{{g6801}}38
n1118{{g6801}}35
g697[4654]1
g697[4654]99
n1868[4654]129
n1868[4654]1
[282][4654]394
[282][4654]1
n1868[4663]83
n1868[4663]83
[558][4663]83
[558][4663]394
n819[4789]1280
n819[4789]156
[4790][4789]156
[4790][4789]289
g328[4790]289
g328[4790]154
{{g2585}}[4790]136
{{g2585}}[4790]289
[4791][4790]144
[4791][4790]289
n807[4791]72
n807[4791]289
[4792][4791]144
[4792][4791]289
n1868[4792]75
n1868[4792]133
n2062[4792]149
n2062[4792]133
[4793][4792]9
[4793][4792]289
n1868{{g6842}}58
n1868{{g6842}}58
[4655]n186857
[4655]n186858
[4656]n18683
[4656]n186858
g269[4655]57
g269[4655]68
n1114[4655]57
n1114[4655]99
g283n111474
g283n111464
n1104n111474
n1104n111425
n1110n111474
n1110n111472
n1094n111415
n1094n1114144
[267]n1114144
[267]n1114218
[4688]{{g6853}}67
[4688]{{g6853}}5364
[4689]{{g6853}}990
[4689]{{g6853}}5364
n1674[4689]31
n1674[4689]5364
[4698][4689]1
[4698][4689]5364
[4699][4689]1
[4699][4689]5364
[4700][4689]25
[4700][4689]5364
[4701][4689]14
[4701][4689]5364
[4702][4689]13
[4702][4689]5364
[4703][4689]23
[4703][4689]5364
[4704][4689]23
[4704][4689]5364
[4705][4689]75
[4705][4689]5364
[4706][4689]20
[4706][4689]5364
g696[4698]1
g696[4698]100
{{g6841}}[4698]1
{{g6841}}[4698]128
[282][4698]447
[282][4698]1
{{g6841}}[4705]75
{{g6841}}[4705]75
[558][4705]75
[558][4705]447
[4595]{{g6841}}74
[4595]{{g6841}}128
[4596]{{g6841}}13
[4596]{{g6841}}128
g269[4595]74
g269[4595]109
n1118[4595]167
n1118[4595]74
[4553]{{g6826}}94
[4553]{{g6826}}135
[4554]{{g6826}}31
[4554]{{g6826}}135
n1118[4553]94
n1118[4553]94
n1203[4553]94
n1203[4553]31
g282n1118227
g282n111810
n1110n1118227
n1110n111818
[267]n1118227
[267]n111851
n1094n111815
n1094n111838
n1104n111838
n1104n1118184
n1743[267]14
n1743[267]51
[302][267]51
[302][267]143
g695{{g6107}}1
g695{{g6107}}298
g269{{g6107}}1305
g269{{g6107}}1
n1749{{g6107}}28
n1749{{g6107}}1449
[4607]n174911
[4607]n17491449
[4610]n174928
[4610]n17491449
n1099[4607]11
n1099[4607]893
n2260[4607]11
n2260[4607]1853
[269][4607]1189
[269][4607]11
g269{{g6104}}10
g269{{g6104}}3
g691{{g6104}}3
g691{{g6104}}10
n2432{{g6104}}8
n2432{{g6104}}9
n1499{{g6598}}71
n1499{{g6598}}390
[516]{{g6598}}295
[516]{{g6598}}47
[255]{{g6598}}60
[255]{{g6598}}304
n2437{{g6598}}300
n2437{{g6598}}113
n1674{{g6598}}190
n1674{{g6598}}349
n1544{{g6598}}64
n1544{{g6598}}326
n1541{{g6598}}64
n1541{{g6598}}326
n1537{{g6598}}64
n1537{{g6598}}326
n1526{{g6598}}64
n1526{{g6598}}326
n1517{{g6598}}66
n1517{{g6598}}324
n1513{{g6598}}74
n1513{{g6598}}376
n1508{{g6598}}75
n1508{{g6598}}392
n1506{{g6598}}75
n1506{{g6598}}392
g563{{g6598}}222
g563{{g6598}}295
n1497{{g6598}}79
n1497{{g6598}}388
g691{{g6598}}64
g691{{g6598}}275
g406{{g6598}}114
g406{{g6598}}295
g548{{g6598}}112
g548{{g6598}}295
g489{{g6598}}295
g489{{g6598}}110
g492{{g6598}}107
g492{{g6598}}293
g672{{g6598}}106
g672{{g6598}}295
g504{{g6598}}102
g504{{g6598}}278
g269{{g6598}}192
g269{{g6598}}203
g457{{g6598}}100
g457{{g6598}}295
g465{{g6598}}2
g465{{g6598}}295
n1479[516]36
n1479[516]37
n2432[516]36
n2432[516]72
g691[516]32
g691[516]58
[4869][516]244
[4869][516]47
g269[4869]36
g269[4869]22
n1483[4869]23
n1483[4869]36
n2432[4869]36
n2432[4869]36
[282][4869]171
[282][4869]47
[4867]n24328
[4867]n24329
[4868]n24328
[4868]n24329
g277[4868]14
g277[4868]8
n1626[4868]8
n1626[4868]8
[460][4868]8
[460][4868]13
g269{{g6105}}1
g269{{g6105}}1
g692{{g6105}}1
g692{{g6105}}323
n1333{{g6105}}20
n1333{{g6105}}323
g278n133318
g278n1333251
[390]n133318
[390]n1333251
n1040n1333279
n1040n133320
[460]n133320
[460]n1333327
n1499{{g6597}}77
n1499{{g6597}}261
[514]{{g6597}}206
[514]{{g6597}}84
[255]{{g6597}}67
[255]{{g6597}}213
n1674{{g6597}}171
n1674{{g6597}}242
n1640{{g6597}}202
n1640{{g6597}}53
n1544{{g6597}}71
n1544{{g6597}}228
n1541{{g6597}}71
n1541{{g6597}}228
n1537{{g6597}}71
n1537{{g6597}}228
n1526{{g6597}}71
n1526{{g6597}}228
n1517{{g6597}}71
n1517{{g6597}}228
n1513{{g6597}}79
n1513{{g6597}}249
n1508{{g6597}}81
n1508{{g6597}}265
n1506{{g6597}}81
n1506{{g6597}}265
g564{{g6597}}180
g564{{g6597}}202
n1497{{g6597}}78
n1497{{g6597}}261
g532{{g6597}}83
g532{{g6597}}202
g197{{g6597}}134
g197{{g6597}}142
g500{{g6597}}79
g500{{g6597}}202
g545{{g6597}}76
g545{{g6597}}190
g690{{g6597}}47
g690{{g6597}}197
g402{{g6597}}74
g402{{g6597}}202
g486{{g6597}}202
g486{{g6597}}72
g669{{g6597}}69
g669{{g6597}}199
g496{{g6597}}68
g496{{g6597}}202
g461{{g6597}}68
g461{{g6597}}202
n1479[514]70
n1479[514]72
n1626[514]70
n1626[514]74
g690[514]51
g690[514]43
[4580][514]174
[4580][514]84
{{g5877}}[4580]72
{{g5877}}[4580]73
n1483[4580]23
n1483[4580]73
[282][4580]98
[282][4580]84
g269{{g5877}}38
g269{{g5877}}23
g690{{g5877}}23
g690{{g5877}}72
n1626{{g5877}}70
n1626{{g5877}}73
g277[4867]8
g277[4867]8
n1626[4867]8
n1626[4867]9
g276n162613
g276n16267
[460]n16267
[460]n162688
[269][460]18
[269][460]25
[307][460]25
[307][460]251
g269[4610]28
g269[4610]714
[4611][4610]28
[4611][4610]1725
n1044[4611]1167
n1044[4611]17
n2260[4611]1415
n2260[4611]17
[4612][4611]26
[4612][4611]1725
g281[4612]26
g281[4612]917
[269][4612]1219
[269][4612]26
g418{{g6600}}1143
g418{{g6600}}1143
g445{{g6600}}1143
g445{{g6600}}1023
g560{{g6600}}1143
g560{{g6600}}1011
[559]{{g6600}}1
[559]{{g6600}}1845
[558]{{g6600}}1
[558]{{g6600}}1845
[466]{{g6600}}258
[466]{{g6600}}1845
[283]{{g6600}}1845
[283]{{g6600}}128
[282]{{g6600}}1845
[282]{{g6600}}128
n2260{{g6600}}1
n2260{{g6600}}1845
n1674{{g6600}}865
n1674{{g6600}}1845
n1611{{g6600}}1
n1611{{g6600}}1845
n1526{{g6600}}277
n1526{{g6600}}1845
n1506{{g6600}}347
n1506{{g6600}}1845
n1499{{g6600}}329
n1499{{g6600}}1845
n1497{{g6600}}329
n1497{{g6600}}1845
n1483{{g6600}}153
n1483{{g6600}}1845
n828{{g6600}}126
n828{{g6600}}1845
{{g5878}}{{g6600}}98
{{g5878}}{{g6600}}1845
{{g5876}}{{g6600}}24
{{g5876}}{{g6600}}1845
g694{{g6600}}3
g694{{g6600}}1845
g516{{g6600}}2
g516{{g6600}}1845
g269{{g5878}}1
g269{{g5878}}1
g694{{g5878}}1
g694{{g5878}}1845
n2260{{g5878}}98
n2260{{g5878}}1845
[4608]n22601367
[4608]n22608249
[4609]n22602376
[4609]n22608249
g280[4609]2505
g280[4609]1023
[289][4609]3640
[289][4609]1023
n1099[4609]184
n1099[4609]4947
[269][4609]2186
[269][4609]4947
g269[4609]2376
g269[4609]4291
n1107[269]767
n1107[269]9302
n1743[269]1146
n1743[269]9302
g282n109415
g282n10949
g283n109419
g283n109415
n1090n109415
n1090n109415
n1743n109415
n1743n109434
g282n110415
g282n11049
g283n11049
g283n110410
[302]n110414
[302]n110420
n1743n110418
n1743n110439
n1099n110411
n1099n110448
[4719]{{g6505}}40
[4719]{{g6505}}423
[4720]{{g6505}}272
[4720]{{g6505}}423
[4721][4720]132
[4721][4720]423
[4722][4720]166
[4722][4720]423
g465[4721]132
g465[4721]233
n1205[4721]132
n1205[4721]184
n1224[4721]52
n1224[4721]132
n1743[4721]132
n1743[4721]332
g280n17434556
g280n17437
[380]n17436
[380]n17434556
n1107n111011
n1107n1110142
[364]n1110142
[364]n111016
g283n111092
g283n111018
[339]n1110227
[339]n111018
g492{{g6744}}27
g492{{g6744}}27
n1086{{g6744}}27
n1086{{g6744}}25
n1086[302]148
n1086[302]25
n1090[302]36
n1090[302]148
[339]n108616
[339]n108616
[364]n108643
[364]n108616
[487]n108631
[487]n108636
g283n108625
g283n1086145
[4438][339]135
[4438][339]17
[4439][339]199
[4439][339]17
g478[4439]9
g478[4439]199
n1079[4439]11
n1079[4439]199
g269[307]39
g269[307]624
n1099[307]474
n1099[307]39
n1079n109911
n1079n109911
[561]n109911
[561]n10999720
n1079n110711
n1079n110719
[561]n110711
[561]n110718482
g478[4438]135
g478[4438]11
n1079[4438]135
n1079[4438]9
n1044n1079187
n1044n1079136
[380]n1079136
[380]n1079136
[4732]{{g6506}}40
[4732]{{g6506}}413
[4733]{{g6506}}266
[4733]{{g6506}}413
[4734][4733]138
[4734][4733]413
[4735][4733]228
[4735][4733]413
g280[4734]129
g280[4734]129
[380][4734]135
[380][4734]129
g465[4734]138
g465[4734]126
g536[4734]138
g536[4734]41
n1224[4734]40
n1224[4734]138
g281[380]2608
g281[380]6
[289][380]5
[289][380]2608
g269[4608]1367
g269[4608]4653
g280[4608]1367
g280[4608]5208
[289][4608]1367
[289][4608]5383
g279[289]33368
g279[289]5
n1040[289]33368
n1040[289]4
[4742]{{g6824}}130
[4742]{{g6824}}245
[4743]{{g6824}}31
[4743]{{g6824}}245
g545[4743]31
g545[4743]31
n1203[4743]130
n1203[4743]31
g665{{g1292}}2
g665{{g1292}}2
[4878]{{g6583}}53
[4878]{{g6583}}88
[4879]{{g6583}}62
[4879]{{g6583}}88
g370[4878]34
g370[4878]34
n1277[4878]34
n1277[4878]35
[298][4878]20
[298][4878]42
n2520[4878]37
n2520[4878]47
[284][4878]20
[284][4878]58
g49[4878]53
g49[4878]49
[4616]{{g6587}}75
[4616]{{g6587}}122
[4627]{{g6587}}90
[4627]{{g6587}}122
n1282[4627]37
n1282[4627]122
[4628][4627]64
[4628][4627]122
g69[4628]67
g69[4628]64
[4629][4628]64
[4629][4628]107
n1801[4629]38
n1801[4629]63
[257][4629]38
[257][4629]65
[4630][4629]37
[4630][4629]107
[4723]{{g6588}}77
[4723]{{g6588}}104
[4726]{{g6588}}91
[4726]{{g6588}}104
n1282[4726]37
n1282[4726]104
[4727][4726]71
[4727][4726]104
g74[4727]74
g74[4727]71
[4728][4727]71
[4728][4727]112
n2003[4728]40
n2003[4728]67
[257][4728]40
[257][4728]65
[4729][4728]42
[4729][4728]112
[4828]{{g6589}}82
[4828]{{g6589}}116
[4831]{{g6589}}99
[4831]{{g6589}}116
n1282[4831]37
n1282[4831]116
[4832][4831]78
[4832][4831]116
g79[4832]81
g79[4832]78
[4833][4832]78
[4833][4832]125
n2309[4833]39
n2309[4833]74
[257][4833]39
[257][4833]65
[4834][4833]37
[4834][4833]125
g394[4828]40
g394[4828]40
n1277[4828]40
n1277[4828]44
[298][4828]42
[298][4828]64
n2309[4828]48
n2309[4828]77
[284][4828]21
[284][4828]90
g79[4828]82
g79[4828]80
[4829]n230934
[4829]n230985
[4830]n230929
[4830]n230985
g74[4830]29
g74[4830]24
n1251[4830]22
n1251[4830]29
n2003[4830]29
n2003[4830]83
g74[4829]22
g74[4829]34
n1251[4829]34
n1251[4829]24
n2003[4829]34
n2003[4829]83
g390[4723]45
g390[4723]45
n1277[4723]45
n1277[4723]43
[298][4723]40
[298][4723]59
n2003[4723]49
n2003[4723]70
[284][4723]21
[284][4723]85
g74[4723]77
g74[4723]75
[4724]n200333
[4724]n200395
[4725]n200328
[4725]n200395
g69[4725]28
g69[4725]23
n1251[4725]21
n1251[4725]28
n1801[4725]28
n1801[4725]97
g386[4616]40
g386[4616]40
n1277[4616]40
n1277[4616]42
[298][4616]38
[298][4616]65
n1801[4616]47
n1801[4616]66
[284][4616]21
[284][4616]89
g69[4616]75
g69[4616]76
g69[4724]21
g69[4724]33
n1251[4724]33
n1251[4724]23
n1801[4724]33
n1801[4724]97
[4617]n180134
[4617]n1801134
[4626]n180129
[4626]n1801134
g64[4617]20
g64[4617]34
n1251[4617]34
n1251[4617]22
n2638[4617]34
n2638[4617]132
[4908]{{g6586}}75
[4908]{{g6586}}108
[4909]{{g6586}}102
[4909]{{g6586}}108
n1282[4909]37
n1282[4909]108
[4910][4909]71
[4910][4909]108
g64[4910]74
g64[4910]71
[4911][4910]71
[4911][4910]123
n2638[4911]38
n2638[4911]65
[257][4911]38
[257][4911]65
[4912][4911]42
[4912][4911]123
g382[4908]45
g382[4908]45
n1277[4908]45
n1277[4908]41
[298][4908]36
[298][4908]60
n2638[4908]47
n2638[4908]68
[284][4908]21
[284][4908]88
g64[4908]75
g64[4908]78
g64[4626]29
g64[4626]22
n1251[4626]20
n1251[4626]29
n2638[4626]29
n2638[4626]132
[4618]n263833
[4618]n2638140
[4625]n263828
[4625]n2638140
g59[4618]19
g59[4618]33
n1251[4618]33
n1251[4618]21
n2656[4618]33
n2656[4618]140
[4913]{{g6585}}73
[4913]{{g6585}}109
[4914]{{g6585}}105
[4914]{{g6585}}109
g378[4913]45
g378[4913]45
n1277[4913]45
n1277[4913]39
[298][4913]34
[298][4913]60
n2656[4913]45
n2656[4913]66
[284][4913]21
[284][4913]87
g59[4913]73
g59[4913]77
g59[4625]28
g59[4625]21
n1251[4625]19
n1251[4625]28
n2656[4625]28
n2656[4625]140
n1282[4914]37
n1282[4914]109
[4915][4914]69
[4915][4914]109
g59[4915]72
g59[4915]69
[4916][4915]69
[4916][4915]127
n2656[4916]36
n2656[4916]63
[257][4916]36
[257][4916]65
[4917][4916]42
[4917][4916]127
[4619]n265633
[4619]n2656148
[4624]n265628
[4624]n2656148
g54[4624]28
g54[4624]20
n1251[4624]18
n1251[4624]28
n2286[4624]28
n2286[4624]146
g54[4619]18
g54[4619]33
n1251[4619]33
n1251[4619]20
n2286[4619]33
n2286[4619]146
[4817]{{g6584}}71
[4817]{{g6584}}98
[4818]{{g6584}}98
[4818]{{g6584}}98
g374[4817]44
g374[4817]44
n1277[4817]44
n1277[4817]38
[298][4817]31
[298][4817]59
n2286[4817]44
n2286[4817]64
[284][4817]21
[284][4817]83
g54[4817]71
g54[4817]73
n1282[4818]37
n1282[4818]98
[4819][4818]64
[4819][4818]98
g54[4819]67
g54[4819]64
[4820][4819]64
[4820][4819]119
n2286[4820]35
n2286[4820]61
[257][4820]35
[257][4820]64
[4821][4820]41
[4821][4820]119
[4620]n228633
[4620]n2286154
[4623]n228628
[4623]n2286154
g49[4620]17
g49[4620]33
n1251[4620]33
n1251[4620]19
n2520[4620]33
n2520[4620]140
[4571]{{g6582}}53
[4571]{{g6582}}87
[4572]{{g6582}}80
[4572]{{g6582}}87
g366[4571]40
g366[4571]40
n1239[4571]33
n1239[4571]40
n1277[4571]40
n1277[4571]34
[284][4571]21
[284][4571]67
g361[4571]53
g361[4571]61
n1282[4879]37
n1282[4879]88
[4880][4879]48
[4880][4879]88
[4485]{{g6590}}73
[4485]{{g6590}}106
[4491]{{g6590}}80
[4491]{{g6590}}106
n1282[4491]37
n1282[4491]106
[4492][4491]65
[4492][4491]106
g366[4572]37
g366[4572]37
n1239[4572]33
n1239[4572]37
g361[4572]62
g361[4572]60
[257][4572]60
[257][4572]65
n1282[4572]37
n1282[4572]87
g306n128235
g306n12821
g310n128237
g310n128235
n807n128221
n807n128237
n819n12825
n819n128237
n1232n128232
n1232n128237
n1277n12825292
n1277n128237
g398[4485]40
g398[4485]40
n1277[4485]40
n1277[4485]45
[298][4485]44
[298][4485]62
n1262[4485]46
n1262[4485]74
[284][4485]21
[284][4485]74
g84[4485]73
g84[4485]70
n1239[298]59
n1239[298]1503
n1277[298]59
n1277[298]58
g49[4880]51
g49[4880]48
[4881][4880]48
[4881][4880]69
n2520[4881]28
n2520[4881]44
[257][4881]28
[257][4881]50
[4882][4881]31
[4882][4881]69
g370[4882]31
g370[4882]31
[297][4882]31
[297][4882]60
g378[4917]42
g378[4917]42
[297][4917]42
[297][4917]90
g382[4912]42
g382[4912]42
[297][4912]42
[297][4912]89
g386[4630]37
g386[4630]37
[297][4630]37
[297][4630]90
g84[4492]67
g84[4492]65
[4493][4492]65
[4493][4492]103
n1262[4493]26
n1262[4493]73
[257][4493]26
[257][4493]65
[4494][4493]37
[4494][4493]103
g398[4494]37
g398[4494]37
[297][4494]37
[297][4494]75
g374[4821]41
g374[4821]41
[297][4821]41
[297][4821]81
g390[4729]42
g390[4729]42
[297][4729]42
[297][4729]84
g394[4834]37
g394[4834]37
[297][4834]37
[297][4834]85
n1239[297]59
n1239[297]1308
[257][297]1308
[257][297]63
n1240[257]40
n1240[257]3478
n1277[257]3478
n1277[257]47
n1240[284]40
n1240[284]3867
n1277[284]40
n1277[284]45
[4486]n127725
[4486]n127753
[4487]n127752
[4487]n127753
n1908[4487]41
n1908[4487]53
[4488][4487]43
[4488][4487]53
n819[4488]5
n819[4488]43
[4489][4488]43
[4489][4488]42
g84[4489]27
g84[4489]20
[494][4489]36
[494][4489]27
[365][4489]37
[365][4489]25
[4490][4489]10
[4490][4489]42
[365]n126241
[365]n126232
[494]n126241
[494]n126227
n1239n126249
n1239n126250
g361[365]17
g361[365]38
g69[365]16
g69[365]38
g74[365]15
g74[365]38
g54[365]14
g54[365]38
g79[365]13
g79[365]38
g49[365]12
g49[365]38
g64[365]11
g64[365]38
g59[365]10
g59[365]38
n1251[365]38
n1251[365]29
g49[4623]28
g49[4623]19
n1251[4623]17
n1251[4623]28
n2520[4623]28
n2520[4623]140
g84[4486]25
g84[4486]25
n819[4486]5
n819[4486]25
[494][4486]25
[494][4486]27
g361[494]33
g361[494]19
g69[494]33
g69[494]18
g74[494]33
g74[494]17
g54[494]33
g54[494]16
g79[494]33
g79[494]15
g49[494]33
g49[494]14
g64[494]33
g64[494]13
g59[494]33
g59[494]12
n1251[494]42
n1251[494]33
g283n10901
g283n109036
[487]n1090136
[487]n109036
[4412][487]20
[4412][487]35
[4435][487]130
[4435][487]35
g478[4412]20
g478[4412]20
n1068[4412]20
n1068[4412]20
[4635]{{g4849}}34
[4635]{{g4849}}69
[4636]{{g4849}}34
[4636]{{g4849}}69
[4637]{{g4849}}34
[4637]{{g4849}}69
g465[4636]34
g465[4636]35
g478[4636]34
g478[4636]49
n1205[4636]34
n1205[4636]34
g282[561]26
g282[561]4
g283[561]19
g283[561]4
g478[561]93
g478[561]4
g478[4435]20
g478[4435]20
n1068[4435]20
n1068[4435]20
g282[4435]35
g282[4435]52
n1044[4435]35
n1044[4435]73
g43{{g5137}}2
g43{{g5137}}2
g43{{g3600}}2
g43{{g3600}}2
[4862]{{g6277}}31
[4862]{{g6277}}40
[4863]{{g6277}}27
[4863]{{g6277}}40
g111[4863]27
g111[4863]27
n870[4863]1
n870[4863]27
n1395[4863]27
n1395[4863]34
n1433[4863]27
n1433[4863]42
[4535]{{g6405}}78
[4535]{{g6405}}116
[4546]{{g6405}}86
[4546]{{g6405}}116
g184[4546]27
g184[4546]27
n1402[4546]45
n1402[4546]27
n1417[4546]37
n1417[4546]86
g179[4546]75
g179[4546]72
[266][4546]72
[266][4546]51
n1439[4546]30
n1439[4546]116
[4883]{{g6402}}59
[4883]{{g6402}}102
[4884]{{g6402}}85
[4884]{{g6402}}102
g157[4884]27
g157[4884]27
n1402[4884]27
n1402[4884]27
n2535[4884]34
n2535[4884]57
g152[4884]65
g152[4884]61
[266][4884]61
[266][4884]53
n1439[4884]30
n1439[4884]102
[4801]{{g6401}}36
[4801]{{g6401}}65
[4802]{{g6401}}58
[4802]{{g6401}}65
g148[4802]26
g148[4802]26
n1402[4802]29
n1402[4802]26
g143[4802]40
g143[4802]35
[266][4802]35
[266][4802]53
n1439[4802]30
n1439[4802]65
[4557]{{g6406}}20
[4557]{{g6406}}79
[4558]{{g6406}}45
[4558]{{g6406}}79
[4563]{{g6406}}1
[4563]{{g6406}}79
[4564]{{g6406}}57
[4564]{{g6406}}79
n1439[4564]30
n1439[4564]79
[4565][4564]41
[4565][4564]79
[4902]{{g6403}}45
[4902]{{g6403}}67
[4903]{{g6403}}54
[4903]{{g6403}}67
g166[4903]27
g166[4903]27
n1402[4903]29
n1402[4903]27
n2617[4903]35
n2617[4903]45
g161[4903]46
g161[4903]42
[266][4903]42
[266][4903]50
n1439[4903]30
n1439[4903]67
[4805]{{g6404}}73
[4805]{{g6404}}107
[4806]{{g6404}}82
[4806]{{g6404}}107
g175[4806]27
g175[4806]27
n1402[4806]41
n1402[4806]27
n2240[4806]36
n2240[4806]79
g170[4806]71
g170[4806]68
[266][4806]68
[266][4806]51
n1439[4806]30
n1439[4806]107
[4547]n143919
[4547]n1439319
[4548]n143918
[4548]n1439319
g98[4547]19
g98[4547]18
n870[4547]1
n870[4547]19
n1395[4547]16
n1395[4547]19
n1410[4547]19
n1410[4547]21
n1433[4547]19
n1433[4547]303
g184[4535]30
g184[4535]30
n1402[4535]45
n1402[4535]30
n1417[4535]37
n1417[4535]89
[252][4535]89
[252][4535]26
[327][4535]17
[327][4535]83
g179[4535]78
g179[4535]79
g188[4558]45
g188[4558]52
[4559][4558]45
[4559][4558]70
[327][4559]38
[327][4559]70
[4560][4559]49
[4560][4559]70
[252][4560]49
[252][4560]50
[4561][4560]49
[4561][4560]85
g193[4557]16
g193[4557]1
n1402[4557]20
n1402[4557]16
g179[4557]20
g179[4557]29
g188[4557]20
g188[4557]29
n1410[4557]20
n1410[4557]52
[252][4557]20
[252][4557]39
g175[4805]30
g175[4805]30
n1402[4805]41
n1402[4805]30
n2240[4805]36
n2240[4805]82
[252][4805]82
[252][4805]26
[327][4805]17
[327][4805]78
g170[4805]73
g170[4805]75
n870[4862]6
n870[4862]34
n1395[4862]27
n1395[4862]34
[252][4862]42
[252][4862]31
g111[4862]31
g111[4862]27
g166[4902]30
g166[4902]30
n1402[4902]29
n1402[4902]30
n2617[4902]35
n2617[4902]48
[252][4902]48
[252][4902]26
[327][4902]17
[327][4902]49
g161[4902]45
g161[4902]47
g179[4563]20
g179[4563]1
g188[4563]20
g188[4563]1
n1410[4563]1
n1410[4563]24
n1417[4563]1
n1417[4563]79
[266][4563]1
[266][4563]50
g188[4565]29
g188[4565]41
[4566][4565]41
[4566][4565]72
[266][4566]41
[266][4566]55
[4567][4566]41
[4567][4566]70
n1403[266]35
n1403[266]279
[252][266]279
[252][266]39
g157[4883]30
g157[4883]30
n1402[4883]27
n1402[4883]30
n2535[4883]34
n2535[4883]60
[252][4883]60
[252][4883]26
[327][4883]19
[327][4883]67
g152[4883]59
g152[4883]66
g148[4801]29
g148[4801]29
n1402[4801]33
n1402[4801]29
[252][4801]29
[252][4801]26
[327][4801]18
[327][4801]41
g143[4801]36
g143[4801]42
n1403[327]43
n1403[327]287
[252][327]43
[252][327]39
n870[252]5
n870[252]335
n1433[252]35
n1433[252]335
g102[4548]18
g102[4548]18
n1410[4548]18
n1410[4548]18
n1322[4548]1
n1322[4548]29
n870[4548]1
n870[4548]18
n1395[4548]25
n1395[4548]18
n1433[4548]18
n1433[4548]303
[4544]n143319
[4544]n143336
[4545]n143324
[4545]n143336
g179[4544]19
g179[4544]19
g188[4544]18
g188[4544]19
g143[4544]17
g143[4544]19
g170[4544]16
g170[4544]19
g152[4544]15
g152[4544]19
g161[4544]13
g161[4544]19
n855[4544]19
n855[4544]12
n1410[4544]19
n1410[4544]35
[376][4544]19
[376][4544]11
g193[4567]26
g193[4567]39
n1402[4567]52
n1402[4567]26
[4568][4567]24
[4568][4567]70
g179[4568]24
g179[4568]22
n1410[4568]47
n1410[4568]24
n1417[4568]24
n1417[4568]73
g193[4561]17
g193[4561]1
n1402[4561]22
n1402[4561]17
g179[4561]40
g179[4561]22
n1410[4561]65
n1410[4561]22
[4562][4561]56
[4562][4561]85
g193[4562]38
g193[4562]29
n1402[4562]39
n1402[4562]38
n1417[4562]51
n1417[4562]56
[4536]n141734
[4536]n141797
[4543]n141728
[4543]n141797
g170[4536]18
g170[4536]34
n1410[4536]34
n1410[4536]20
n2240[4536]34
n2240[4536]87
g170[4543]28
g170[4543]20
n1410[4543]18
n1410[4543]28
n2240[4543]28
n2240[4543]87
[4537]n224035
[4537]n224090
[4542]n224027
[4542]n224090
g161[4542]27
g161[4542]19
n1410[4542]17
n1410[4542]27
n2617[4542]27
n2617[4542]73
g179[4545]24
g179[4545]24
g188[4545]24
g188[4545]23
g143[4545]24
g143[4545]22
g170[4545]24
g170[4545]21
g152[4545]24
g152[4545]20
g161[4545]24
g161[4545]18
n855[4545]24
n855[4545]17
n1410[4545]25
n1410[4545]24
[376][4545]24
[376][4545]11
g161[4537]17
g161[4537]35
n1410[4537]35
n1410[4537]19
n2617[4537]35
n2617[4537]73
g666{{g1290}}2
g666{{g1290}}2
n1311{{g5330}}16
n1311{{g5330}}16
g22{{g5582}}32
g22{{g5582}}32
n1311{{g5582}}32
n1311{{g5582}}31
g669{{g5582}}2
g669{{g5582}}32
[4495]n131161
[4495]n131116
[4506]n131161
[4506]n131116
[4507]n131161
[4507]n131116
[4508]n131161
[4508]n131116
n1295[4508]61
n1295[4508]61
[254][4508]61
[254][4508]61
[314][4508]24
[314][4508]61
g685[490]67
g685[490]67
n832[490]67
n832[490]1728
[278][490]67
[278][490]3370
[4369]{{g6823}}8
[4369]{{g6823}}25
[4374]{{g6823}}15
[4374]{{g6823}}25
n819[4369]8
n819[4369]23
[4370][4369]8
[4370][4369]21
g337[4370]8
g337[4370]21
[4371][4370]7
[4371][4370]21
n829[4371]21
n829[4371]7
[4372][4371]7
[4372][4371]1
[394][4372]1
[394][4372]1
[459][4372]1
[459][4372]42
n828[4372]1
n828[4372]42
[4373][4372]47
[4373][4372]1
[256][4450]1
[256][4450]119
[385][4450]109
[385][4450]1
g690[4450]90
g690[4450]129
g658[4450]1646
g658[4450]129
[547][4450]129
[547][4450]22
n934[385]1711
n934[385]1628
n936[385]1711
n936[385]1624
[301][385]1628
[301][385]3272
[301][547]22
[301][547]3353
[484][547]3398
[484][547]22
g297[301]1640
g297[301]1611
n829[301]1640
n829[301]1668
[4449][301]1
[4449][301]3272
g688[4449]1
g688[4449]59
[324][4449]1
[324][4449]58
[459][4449]1
[459][4449]3267
g681[4764]859
g681[4764]864
g680[4764]859
g680[4764]808
[560][4764]533
[560][4764]964
[471][4764]909
[471][4764]490
g269[4764]302
g269[4764]927
n2154[4764]529
n2154[4764]1280
n819[4764]1024
n819[4764]155
[4765]n215453
[4765]n21541280
[4778]n2154506
[4778]n21541280
g662[4778]1168
g662[4778]105
n1479[4778]199
n1479[4778]105
[550][4778]105
[550][4778]449
g337[4778]456
g337[4778]1231
n2149[4778]466
n2149[4778]1614
[4779][4778]495
[4779][4778]1280
g269[4779]813
g269[4779]495
[4780][4779]495
[4780][4779]1642
n1479[4780]113
n1479[4780]436
[550][4780]436
[550][4780]277
g337[4780]284
g337[4780]362
g686[4780]1606
g686[4780]644
[4781][4780]594
[4781][4780]1642
n1479[4781]199
n1479[4781]594
n2149[4781]594
n2149[4781]1580
[550][4781]594
[550][4781]804
[389][550]804
[389][550]433
[459][550]804
[459][550]500
g687[459]804
g687[459]493
n832[459]804
n832[459]30282
[4885]{{g6941}}814
[4885]{{g6941}}926
[4889]{{g6941}}25
[4889]{{g6941}}926
n829[4885]722
n829[4885]874
n1483[4885]29
n1483[4885]874
[475][4885]874
[475][4885]67
n2608[4885]1510
n2608[4885]810
[326][4885]810
[326][4885]26
n870[4885]814
n870[4885]25
g684[475]67
g684[475]67
g685[475]61
g685[475]67
n832[475]67
n832[475]799
n873[475]67
n873[475]1507
g269[4765]53
g269[4765]51
[4766][4765]53
[4766][4765]1270
n2149[4766]1
n2149[4766]530
[293][4766]49
[293][4766]530
g662[4766]1379
g662[4766]49
n1479[4766]340
n1479[4766]49
[4777][4766]47
[4777][4766]1270
[4767]n2149313
[4767]n21491614
[4776]n2149328
[4776]n21491614
g197[4767]313
g197[4767]774
[4768][4767]313
[4768][4767]1197
n2098[4768]967
n2098[4768]313
[4773][4768]313
[4773][4768]790
g197[4776]805
g197[4776]328
n2098[4776]886
n2098[4776]328
[471][4776]328
[471][4776]276
[483][4776]328
[483][4776]162
[4769]n209851
[4769]n2098621
[4772]n2098471
[4772]n2098621
[389][4772]110
[389][4772]225
[458][4772]110
[458][4772]439
n1476[4772]52
n1476[4772]437
g337[4772]70
g337[4772]154
g686[4772]202
g686[4772]471
g197[4772]313
g197[4772]471
[4886]n26081383
[4886]n2608810
[4888]n2608129
[4888]n2608810
[256][4886]746
[256][4886]732
[386][4886]1427
[386][4886]746
g658[4886]1383
g658[4886]2831
{{g6800}}[4886]4249
{{g6800}}[4886]1383
n1036[4886]666
n1036[4886]1383
[548][4886]1383
[548][4886]22
[256][4888]1
[256][4888]119
[386][4888]109
[386][4888]1
g690[4888]90
g690[4888]129
g658[4888]810
g658[4888]129
[548][4888]129
[548][4888]22
[304][548]22
[304][548]1591
[484][548]1646
[484][548]22
n934[386]815
n934[386]746
n936[386]815
n936[386]730
[304][386]746
[304][386]1414
g293[304]760
g293[304]674
n829[304]760
n829[304]743
[4887][304]1
[4887][304]1414
g688[4887]1
g688[4887]59
[324][4887]1
[324][4887]58
[458][4887]1
[458][4887]1409
[394][4373]1
[394][4373]36
[458][4373]1
[458][4373]43
n839[4373]1
n839[4373]47
g687[458]84
g687[458]110
n832[458]110
n832[458]2617
g662n832285
g662n83272
g658n83217035
g658n832285
[457]n832285
[457]n83233944
[4906]{{g6508}}32
[4906]{{g6508}}39
[4907]{{g6508}}33
[4907]{{g6508}}39
g690[4906]32
g690[4906]32
n1224[4906]32
n1224[4906]33
g693[4719]32
g693[4719]32
n1224[4719]32
n1224[4719]213
g465[4722]118
g465[4722]99
n1205[4722]99
n1205[4722]137
n2272[4722]99
n2272[4722]233
g541[4722]33
g541[4722]213
n1224[4722]32
n1224[4722]127
[4483]{{g6507}}32
[4483]{{g6507}}38
[4484]{{g6507}}33
[4484]{{g6507}}38
g691[4483]32
g691[4483]32
n1224[4483]32
n1224[4483]33
g532[4907]33
g532[4907]33
n1224[4907]32
n1224[4907]33
g209[4735]97
g209[4735]97
[381][4735]144
[381][4735]97
g465[4735]97
g465[4735]146
n1203[4735]179
n1203[4735]111
g536[4735]174
g536[4735]33
n1224[4735]32
n1224[4735]174
g692[4732]32
g692[4732]32
n1224[4732]32
n1224[4732]207
g465[4484]33
g465[4484]33
n1224[4484]32
n1224[4484]33
g677n122431
g677n122431
n1223n122431
n1223n122430
[4716]{{g6498}}32
[4716]{{g6498}}38
[4717]{{g6498}}33
[4717]{{g6498}}38
g504[4717]33
g504[4717]33
n1725[4717]32
n1725[4717]33
[4730]{{g6501}}32
[4730]{{g6501}}56
[4731]{{g6501}}33
[4731]{{g6501}}56
g516[4731]33
g516[4731]33
n1725[4731]32
n1725[4731]33
[4605]{{g6502}}32
[4605]{{g6502}}56
[4606]{{g6502}}33
[4606]{{g6502}}56
g695[4605]32
g695[4605]32
n1725[4605]32
n1725[4605]33
[4599]{{g6504}}32
[4599]{{g6504}}56
[4600]{{g6504}}33
[4600]{{g6504}}56
g528[4600]33
g528[4600]33
n1725[4600]32
n1725[4600]33
[4860]{{g6503}}32
[4860]{{g6503}}56
[4861]{{g6503}}33
[4861]{{g6503}}56
g696[4860]32
g696[4860]32
n1725[4860]32
n1725[4860]33
[4904]{{g6500}}32
[4904]{{g6500}}38
[4905]{{g6500}}33
[4905]{{g6500}}38
g693[4904]32
g693[4904]32
n1725[4904]32
n1725[4904]33
[4854]{{g6497}}32
[4854]{{g6497}}37
[4855]{{g6497}}33
[4855]{{g6497}}37
g690[4854]32
g690[4854]32
n1725[4854]32
n1725[4854]33
[4847]{{g6499}}32
[4847]{{g6499}}56
[4848]{{g6499}}32
[4848]{{g6499}}56
g508[4848]32
g508[4848]32
n1725[4848]32
n1725[4848]32
g691[4716]32
g691[4716]32
n1725[4716]32
n1725[4716]33
g694[4730]32
g694[4730]32
n1725[4730]32
n1725[4730]33
g520[4606]33
g520[4606]33
n1725[4606]32
n1725[4606]33
g512[4905]33
g512[4905]33
n1725[4905]32
n1725[4905]33
g697[4599]32
g697[4599]32
n1725[4599]32
n1725[4599]33
g692[4847]32
g692[4847]32
n1725[4847]32
n1725[4847]32
g524[4861]33
g524[4861]33
n1725[4861]32
n1725[4861]33
g500[4855]33
g500[4855]33
n1725[4855]32
n1725[4855]33
g677n172531
g677n172531
n1223n172531
n1223n172530
g682n122330
g682n122330
g681n122329
g681n122330
[325]n122330
[325]n122328
[457]n122330
[457]n122322
[4667]{{g6510}}29
[4667]{{g6510}}35
[4668]{{g6510}}29
[4668]{{g6510}}35
g691[4667]29
g691[4667]29
n1828[4667]29
n1828[4667]29
[4858]{{g6509}}29
[4858]{{g6509}}33
[4859]{{g6509}}30
[4859]{{g6509}}33
g197[4859]30
g197[4859]30
n1828[4859]29
n1828[4859]30
[4710]{{g6511}}29
[4710]{{g6511}}35
[4711]{{g6511}}29
[4711]{{g6511}}35
g293[4711]29
g293[4711]29
n1828[4711]29
n1828[4711]29
[4638]{{g6512}}29
[4638]{{g6512}}35
[4639]{{g6512}}29
[4639]{{g6512}}35
g693[4638]29
g693[4638]29
n1828[4638]29
n1828[4638]29
g269[4668]29
g269[4668]29
n1828[4668]29
n1828[4668]29
g690[4858]29
g690[4858]29
n1828[4858]29
n1828[4858]30
g692[4710]29
g692[4710]29
n1828[4710]29
n1828[4710]29
g297[4639]29
g297[4639]29
n1828[4639]29
n1828[4639]29
g683n182828
g683n182828
[299]n182828
[299]n182827
[457]n182828
[457]n182822
g41[457]5
g41[457]301
n823[457]301
n823[457]22
g696[4701]14
g696[4701]14
[466][4701]14
[466][4701]144
g697[4659]14
g697[4659]14
[466][4659]14
[466][4659]139
n828[466]12
n828[466]49
[283][466]111
[283][466]12
[486][466]521
[486][466]148
n1483[486]127
n1483[486]65
[282][486]1037
[282][486]127
[255][486]5154
[255][486]1291
n1497n1674234
n1497n167422
n1499n1674236
n1499n167422
n1506n1674243
n1506n167422
n1508n167416
n1508n167422
n1513n167415
n1513n167422
n1517n167413
n1517n167422
n1526n1674221
n1526n167422
n1537n167413
n1537n167422
n1541n167413
n1541n167422
n1544n167413
n1544n167422
[255]n1674355
[255]n167422
[282]n167422
[282]n1674504
[283]n167422
[283]n1674387
n839[255]10
n839[255]2353
n876[255]12
n876[255]2353
g687n839172
g687n83910
n825n83910
n825n83911
[394]n83910
[394]n8392636
n1479[558]163
n1479[558]14
[282][558]1362
[282][558]163
n1479[282]11
n1479[282]1820
n1483[282]12
n1483[282]1820
g687n147911
g687n14791760
n825n147911
n825n147913
[389]n147911
[389]n14795614
n1476n243749
n1476n243746
n2398n243749
n2398n243752
g691n243736
g691n243735
[4866]n2437111
[4866]n243756
n1476n164026
n1476n164025
n1634n164026
n1634n164053
g690n164024
g690n164040
[4579]n1640111
[4579]n164040
g197[4579]35
g197[4579]22
n828[4579]21
n828[4579]35
n1634[4579]26
n1634[4579]35
[283][4579]95
[283][4579]40
g697[4657]1
g697[4657]15
g197[4657]56
g197[4657]1
[283][4657]116
[283][4657]1
g697[4660]13
g697[4660]13
g197[4660]50
g197[4660]13
[559][4660]13
[559][4660]115
g697[4644]1
g697[4644]52
[283][4644]528
[283][4644]1
[559][4644]50
[559][4644]527
g197[4644]50
g197[4644]526
n1861[4644]523
n1861[4644]50
g696[4702]13
g696[4702]13
g197[4702]53
g197[4702]13
[559][4702]13
[559][4702]117
g696[4688]1
g696[4688]54
[283][4688]536
[283][4688]1
[559][4688]53
[559][4688]535
g197[4688]53
g197[4688]534
n1929[4688]530
n1929[4688]53
n1476[559]32
n1476[559]12
[283][559]132
[283][559]32
{{g6100}}[4866]53
{{g6100}}[4866]55
n828[4866]21
n828[4866]55
[283][4866]86
[283][4866]56
g696[4699]1
g696[4699]15
g197[4699]59
g197[4699]1
[283][4699]118
[283][4699]1
n828[283]10
n828[283]2747
n1476[283]11
n1476[283]2747
g662[4769]139
g662[4769]30
n1476[4769]41
n1476[4769]30
g337[4769]28
g337[4769]140
g197[4769]30
g197[4769]164
[293][4769]30
[293][4769]295
g687n14761393
g687n147611
n825n147611
n825n147613
[389]n147611
[389]n14765196
g687n82810
g687n828259
n825n82810
n825n82811
[394]n82810
[394]n8282883
g685n8761039
g685n87612
n825n87612
n825n8761972
[278]n87612
[278]n8762267
g684n1483507
g684n148312
g685n14831040
g685n148312
n825n148312
n825n14831971
n873n148312
n873n14832239
g41n82514
g41n82528
g662n82514
g662n8251088
g658n82531
g658n82514
n823n82514
n823n8251089
g702n823309
g702n82322
g676n823309
g676n82321
g699n823309
g699n82320
[320]n823309
[320]n82311
g22{{g5491}}13
g22{{g5491}}13
[320]{{g5491}}13
[320]{{g5491}}13
g672{{g5491}}2
g672{{g5491}}14
g41[320]83
g41[320]11
[254][320]11
[254][320]374
n1295[4506]25
n1295[4506]25
[254][4506]25
[254][4506]25
[314][4506]25
[314][4506]17
n1295[4507]25
n1295[4507]25
[254][4507]25
[254][4507]25
[314][4507]17
[314][4507]25
n1295[4495]25
n1295[4495]25
[254][4495]25
[254][4495]25
[314][4495]25
[314][4495]17
[4331][254]13
[4331][254]10
[4348][254]13
[4348][254]10
[4349][254]13
[4349][254]10
[4350][254]13
[4350][254]10
g48[4348]13
g48[4348]13
n725[4348]13
n725[4348]13
n737[4348]13
n737[4348]20
g48[4331]13
g48[4331]13
n725[4331]13
n725[4331]13
n737[4331]13
n737[4331]20
g48[4350]13
g48[4350]13
n725[4350]13
n725[4350]13
n737[4350]20
n737[4350]13
g48[4349]13
g48[4349]13
n725[4349]13
n725[4349]13
n737[4349]20
n737[4349]13
[4673]{{g5478}}1
[4673]{{g5478}}14
[4675]{{g5478}}10
[4675]{{g5478}}14
[4676]{{g5478}}7
[4676]{{g5478}}14
[4677]{{g5478}}10
[4677]{{g5478}}14
g345[4673]1
g345[4673]10
[331][4673]10
[331][4673]1
[398][4673]1
[398][4673]11
[4736]{{g5479}}1
[4736]{{g5479}}17
[4737]{{g5479}}11
[4737]{{g5479}}17
[4738]{{g5479}}1
[4738]{{g5479}}17
[4739]{{g5479}}15
[4739]{{g5479}}17
g341[4736]1
g341[4736]11
n802[4736]1
n802[4736]11
n1908[4736]1
n1908[4736]7
[356][4736]1
[356][4736]17
g323{{g5475}}7
g323{{g5475}}7
g338{{g5475}}7
g338{{g5475}}7
n1908{{g5475}}8
n1908{{g5475}}7
[356]{{g5475}}8
[356]{{g5475}}3
[4795]{{g5477}}9
[4795]{{g5477}}12
[4796]{{g5477}}9
[4796]{{g5477}}12
g345[4796]9
g345[4796]12
[398][4796]9
[398][4796]12
n1908[4796]12
n1908[4796]12
[4375][4374]13
[4375][4374]33
[4376][4374]11
[4376][4374]33
g332[4376]11
g332[4376]11
n819[4376]1
n819[4376]11
n1908[4376]11
n1908[4376]11
[279][4376]11
[279][4376]33
g353[4738]1
g353[4738]9
g341[4738]1
g341[4738]13
n1908[4738]1
n1908[4738]14
[356][4738]10
[356][4738]1
g332[4375]13
g332[4375]13
n1908[4375]13
n1908[4375]31
g345[4795]9
g345[4795]9
[398][4795]9
[398][4795]9
g345[4677]1
g345[4677]12
[331][4677]11
[331][4677]12
[398][4677]9
[398][4677]12
n1908[4677]14
n1908[4677]12
g349[4675]10
g349[4675]10
g345[4675]10
g345[4675]10
n1908[4675]10
n1908[4675]1
[398][4675]10
[398][4675]11
g341[398]6
g341[398]12
[4674][398]8
[4674][398]12
g341[4674]1
g341[4674]8
n1908[4674]8
n1908[4674]1
[356][4674]8
[356][4674]12
g357{{g5480}}13
g357{{g5480}}13
[396]{{g5480}}13
[396]{{g5480}}12
n804{{g5480}}1
n804{{g5480}}18
n1908{{g5480}}18
n1908{{g5480}}12
g353[4737]11
g353[4737]9
g341[4737]9
g341[4737]11
n1908[4737]11
n1908[4737]7
[356][4737]11
[356][4737]17
[4744]{{g5476}}8
[4744]{{g5476}}10
[4745]{{g5476}}8
[4745]{{g5476}}10
g341[4745]8
g341[4745]12
[356][4745]8
[356][4745]12
n1908[4745]10
n1908[4745]12
n1908[4739]15
n1908[4739]20
[4740][4739]15
[4740][4739]16
n804n190812
n804n190843
n819n19085
n819n190843
[4621]n252040
[4621]n2520102
[4622]n252031
[4622]n2520102
g361[4621]15
g361[4621]40
n1239[4621]40
n1239[4621]55
n1251[4621]40
n1251[4621]72
g361[4622]31
g361[4622]17
n1239[4622]31
n1239[4622]65
n1251[4622]61
n1251[4622]31
n1232n124041
n1232n124018
[312]n124018
[312]n124037
n804n124044
n804n124012
n1239n124022
n1239n1240101
g319n123941
g319n123947
n1236n123913
n1236n123947
n804n123943
n804n123926
g366{{g5693}}11
g366{{g5693}}11
n1598{{g5693}}11
n1598{{g5693}}15
[4851]{{g5693}}15
[4851]{{g5693}}16
g386{{g5698}}11
g386{{g5698}}11
n1598{{g5698}}11
n1598{{g5698}}15
[4574]{{g5698}}15
[4574]{{g5698}}16
g394{{g5700}}11
g394{{g5700}}11
n1598{{g5700}}11
n1598{{g5700}}16
[4573]{{g5700}}16
[4573]{{g5700}}18
[4803]{{g6278}}15
[4803]{{g6278}}21
[4804]{{g6278}}19
[4804]{{g6278}}21
g398[4803]15
g398[4803]15
n1598[4803]15
n1598[4803]15
g374{{g5695}}11
g374{{g5695}}11
n1598{{g5695}}11
n1598{{g5695}}15
[4846]{{g5695}}15
[4846]{{g5695}}16
g382{{g5697}}11
g382{{g5697}}11
n1598{{g5697}}11
n1598{{g5697}}15
[4715]{{g5697}}15
[4715]{{g5697}}16
g370{{g5694}}11
g370{{g5694}}11
n1598{{g5694}}11
n1598{{g5694}}15
[4714]{{g5694}}15
[4714]{{g5694}}16
g390{{g5699}}11
g390{{g5699}}11
n1598{{g5699}}11
n1598{{g5699}}16
[4843]{{g5699}}16
[4843]{{g5699}}18
g366[4804]15
g366[4804]15
n1598[4804]15
n1598[4804]15
n819[4804]5
n819[4804]21
g378[4846]15
g378[4846]15
[300][4846]15
[300][4846]15
g374[4714]15
g374[4714]15
[300][4714]15
[300][4714]15
g390[4574]15
g390[4574]15
[300][4574]15
[300][4574]15
g378{{g5696}}11
g378{{g5696}}11
n1598{{g5696}}11
n1598{{g5696}}15
[4873]{{g5696}}15
[4873]{{g5696}}16
g382[4873]15
g382[4873]15
[300][4873]15
[300][4873]15
g394[4843]16
g394[4843]16
[300][4843]16
[300][4843]15
g370[4851]15
g370[4851]15
[300][4851]15
[300][4851]15
g386[4715]15
g386[4715]15
[300][4715]15
[300][4715]15
g398[4573]16
g398[4573]16
[300][4573]16
[300][4573]15
n819[300]13
n819[300]29
n1598[300]19
n1598[300]29
g301n159810
g301n159810
g319n159810
g319n15989
n804n159810
n804n15988
g357n8048
g357n80413
[396]n8047
[396]n80413
g323[396]18
g323[396]7
n802[396]18
n802[396]6
g353[4740]9
g353[4740]5
[384][4740]9
[384][4740]16
[4741][4740]12
[4741][4740]16
g341[4741]1
g341[4741]12
n802[4741]12
n802[4741]10
[356][4741]13
[356][4741]12
g338n8026
g338n80218
g353n8025
g353n80218
[384]n8024
[384]n80218
g341[384]4
g341[384]23
[331][384]3
[331][384]23
g349[331]3
g349[331]23
g345[331]2
g345[331]23
g349[4676]7
g349[4676]7
g345[4676]7
g345[4676]14
g157{{g5471}}9
g157{{g5471}}9
n1714{{g5471}}9
n1714{{g5471}}17
[4718]{{g5471}}16
[4718]{{g5471}}23
g148{{g5470}}9
g148{{g5470}}9
n1714{{g5470}}9
n1714{{g5470}}17
[4594]{{g5470}}16
[4594]{{g5470}}21
g157[4594]16
g157[4594]16
[348][4594]16
[348][4594]18
g492{{g4809}}4
g492{{g4809}}5
g489{{g4809}}4
g489{{g4809}}4
g496{{g4809}}5
g496{{g4809}}5
[4330]{{g4809}}4
[4330]{{g4809}}5
g496{{g6745}}34
g496{{g6745}}34
n1386{{g6745}}34
n1386{{g6745}}30
g47{{g4426}}2
g47{{g4426}}2
g47{{g4112}}2
g47{{g4112}}2
[4890][4889]6
[4890][4889]964
[4891][4889]20
[4891][4889]964
[4896][4889]23
[4896][4889]964
g127[4890]1
g127[4890]6
n870[4890]1
n870[4890]6
[323][4890]964
[323][4890]6
g127[4896]23
g127[4896]33
[4897][4896]23
[4897][4896]968
n870[4897]842
n870[4897]23
[4898][4897]23
[4898][4897]35
g119[4898]35
g119[4898]19
{{g2584}}[4898]19
{{g2584}}[4898]35
[4899][4898]29
[4899][4898]35
[323][4899]35
[323][4899]10
[4900][4899]25
[4900][4899]35
g98[323]14
g98[323]888
g111[323]889
g111[323]14
[305][323]21
[305][323]14
g323{{g4840}}5
g323{{g4840}}5
n1213{{g4840}}4
n1213{{g4840}}5
g341[4744]8
g341[4744]8
[356][4744]8
[356][4744]8
g323[356]3
g323[356]3
g338[356]2
g338[356]3
g492[4330]4
g492[4330]4
g489[4330]3
g489[4330]4
g486[4330]4
g486[4330]6
[4413]n106814
[4413]n106822
[4417]n106815
[4417]n106822
[4424]n106812
[4424]n106822
[4428]n106812
[4428]n106822
[4429][4428]9
[4429][4428]22
[4430][4428]9
[4430][4428]22
g278[4430]14
g278[4430]9
[4431][4430]9
[4431][4430]24
g276[4431]17
g276[4431]9
[4432][4431]9
[4432][4431]29
g697[4432]9
g697[4432]25
[4433][4432]9
[4433][4432]17
g694[4433]1
g694[4433]14
[390][4433]14
[390][4433]9
g695[4433]9
g695[4433]17
[4434][4433]8
[4434][4433]17
g694[4434]1
g694[4434]1
[390][4434]1
[390][4434]8
g277[4434]17
g277[4434]8
[4418][4417]11
[4418][4417]22
[4419][4417]9
[4419][4417]22
g278[4419]9
g278[4419]16
[4420][4419]9
[4420][4419]25
g276[4420]22
g276[4420]9
[4421][4420]9
[4421][4420]30
g693[4421]9
g693[4421]31
[4422][4421]9
[4422][4421]15
g277[4422]12
g277[4422]1
g691[4422]1
g691[4422]12
g690[4422]1
g690[4422]12
[4423][4422]9
[4423][4422]15
g277[4423]9
g277[4423]9
g691[4423]8
g691[4423]9
[390][4423]12
[390][4423]9
g278[4424]14
g278[4424]12
[4425][4424]12
[4425][4424]26
g277[4425]12
g277[4425]15
[4426][4425]12
[4426][4425]21
g694[4429]9
g694[4429]9
[390][4429]9
[390][4429]8
g278[4429]11
g278[4429]9
g276[4429]9
g276[4429]16
g696[4429]9
g696[4429]24
g690[4418]9
g690[4418]9
[390][4418]9
[390][4418]8
g278[4418]11
g278[4418]12
g276[4418]11
g276[4418]15
g692[4418]11
g692[4418]23
g694[4426]1
g694[4426]14
[390][4426]14
[390][4426]9
g695[4426]9
g695[4426]23
[4427][4426]9
[4427][4426]21
g278[4413]14
g278[4413]14
[4414][4413]14
[4414][4413]24
g277[4414]14
g277[4414]14
[4415][4414]14
[4415][4414]20
g690[4415]10
g690[4415]9
[390][4415]9
[390][4415]1
g276[4415]10
g276[4415]15
[4416][4415]15
[4416][4415]20
g278n10401909
g278n10404
[390]n10401909
[390]n10403
g694[4427]9
g694[4427]12
[390][4427]12
[390][4427]1
g276[4427]9
g276[4427]15
g690[4416]10
g690[4416]10
[390][4416]10
[390][4416]9
g691[4416]15
g691[4416]21
g276[390]2131
g276[390]3
g277[390]2131
g277[390]2
g551[4554]28
g551[4554]28
n1203[4554]69
n1203[4554]28
n1203[4742]101
n1203[4742]146
n1929[4742]146
n1929[4742]101
[4849]{{g6825}}98
[4849]{{g6825}}188
[4850]{{g6825}}28
[4850]{{g6825}}188
n1203[4849]98
n1203[4849]134
n1861[4849]134
n1861[4849]98
g426[4602]30
g426[4602]30
n1205[4602]30
n1205[4602]30
[4712]{{g4845}}30
[4712]{{g4845}}32
[4713]{{g4845}}30
[4713]{{g4845}}32
g449[4712]30
g449[4712]30
n1205[4712]30
n1205[4712]30
g465[4637]32
g465[4637]31
g471[4637]31
g471[4637]34
n1205[4637]31
n1205[4637]31
[4631]{{g4842}}30
[4631]{{g4842}}38
[4632]{{g4842}}30
[4632]{{g4842}}38
g457[4632]30
g457[4632]30
n1205[4632]30
n1205[4632]30
[4852]{{g4850}}30
[4852]{{g4850}}38
[4853]{{g4850}}30
[4853]{{g4850}}38
g402[4852]30
g402[4852]30
n1205[4852]30
n1205[4852]30
[4642]{{g4856}}30
[4642]{{g4856}}32
[4643]{{g4856}}30
[4643]{{g4856}}32
g430[4643]30
g430[4643]30
n1205[4643]30
n1205[4643]30
g437[4876]30
g437[4876]30
n1205[4876]30
n1205[4876]30
g402[4635]31
g402[4635]31
n1205[4635]47
n1205[4635]31
g457[4665]30
g457[4665]30
n1205[4665]30
n1205[4665]30
g449[4598]30
g449[4598]30
n1205[4598]30
n1205[4598]30
[4640]{{g4851}}30
[4640]{{g4851}}32
[4641]{{g4851}}30
[4641]{{g4851}}32
g410[4641]30
g410[4641]30
n1205[4641]30
n1205[4641]30
[4671]{{g4846}}30
[4671]{{g4846}}32
[4672]{{g4846}}30
[4672]{{g4846}}32
g445[4671]30
g445[4671]30
n1205[4671]30
n1205[4671]30
[4633]{{g4853}}30
[4633]{{g4853}}32
[4634]{{g4853}}30
[4634]{{g4853}}32
g414[4633]30
g414[4633]30
n1205[4633]30
n1205[4633]30
[4577]{{g4847}}30
[4577]{{g4847}}32
[4578]{{g4847}}30
[4578]{{g4847}}32
g441[4577]30
g441[4577]30
n1205[4577]30
n1205[4577]30
[4874]{{g4852}}30
[4874]{{g4852}}32
[4875]{{g4852}}30
[4875]{{g4852}}32
g414[4875]30
g414[4875]30
n1205[4875]30
n1205[4875]30
g445[4713]30
g445[4713]30
n1205[4713]30
n1205[4713]30
g461[4631]30
g461[4631]30
n1205[4631]30
n1205[4631]30
g418[4839]30
g418[4839]30
n1205[4839]30
n1205[4839]30
[4463]{{g4841}}30
[4463]{{g4841}}39
[4482]{{g4841}}31
[4482]{{g4841}}39
g430[4463]30
g430[4463]30
n1205[4463]30
n1205[4463]31
g406[4853]30
g406[4853]30
n1205[4853]30
n1205[4853]30
g426[4642]30
g426[4642]30
n1205[4642]30
n1205[4642]30
g441[4672]30
g441[4672]30
n1205[4672]30
n1205[4672]30
g461[4482]31
g461[4482]31
n1205[4482]30
n1205[4482]31
g418[4634]30
g418[4634]30
n1205[4634]30
n1205[4634]30
g437[4578]30
g437[4578]30
n1205[4578]30
n1205[4578]30
g406[4640]30
g406[4640]30
n1205[4640]30
n1205[4640]30
g410[4874]30
g410[4874]30
n1205[4874]30
n1205[4874]30
g541n120529
g541n120529
g536n120528
g536n120529
n1203n120529
n1203n120527
g554[4513]28
g554[4513]28
n1203[4513]65
n1203[4513]28
g548[4850]28
g548[4850]28
n1203[4850]98
n1203[4850]28
[4464]n120325
[4464]n120327
[4479]n120325
[4479]n120327
[4480]n120325
[4480]n120327
[4481]n120325
[4481]n120327
g248[4481]25
g248[4481]25
g528[4481]24
g528[4481]25
g254[4481]26
g254[4481]25
g524[4481]27
g524[4481]25
n1172[4481]25
n1172[4481]21
n1186[4481]25
n1186[4481]18
[470][4481]25
[470][4481]9
[485][4481]25
[485][4481]6
[552][4481]25
[552][4481]3
g248[4464]25
g248[4464]25
g528[4464]25
g528[4464]24
g254[4464]25
g254[4464]26
g524[4464]25
g524[4464]27
n1172[4464]25
n1172[4464]21
n1186[4464]25
n1186[4464]18
[470][4464]25
[470][4464]9
[485][4464]25
[485][4464]6
[552][4464]25
[552][4464]3
g248[4480]25
g248[4480]25
g528[4480]25
g528[4480]24
g254[4480]25
g254[4480]26
g524[4480]27
g524[4480]25
n1172[4480]25
n1172[4480]21
n1186[4480]25
n1186[4480]18
[470][4480]25
[470][4480]9
[485][4480]25
[485][4480]6
[552][4480]25
[552][4480]3
g248[4479]25
g248[4479]25
g528[4479]24
g528[4479]25
g254[4479]26
g254[4479]25
g524[4479]25
g524[4479]27
n1172[4479]25
n1172[4479]21
n1186[4479]25
n1186[4479]18
[470][4479]25
[470][4479]9
[485][4479]25
[485][4479]6
[552][4479]25
[552][4479]3
[4475][485]26
[4475][485]6
[4476][485]26
[4476][485]6
g260[4475]26
g260[4475]5
g532[4475]26
g532[4475]5
g260[4476]5
g260[4476]26
g532[4476]5
g532[4476]26
g331{{g4120}}5
g331{{g4120}}5
n1213{{g4120}}4
n1213{{g4120}}5
g328{{g4119}}6
g328{{g4119}}6
n1213{{g4119}}4
n1213{{g4119}}6
g310n125139
g310n125140
g314n125143
g314n125140
g306n125147
g306n125157
n1213n125142
n1213n125163
g326{{g4117}}5
g326{{g4117}}5
n1213{{g4117}}4
n1213{{g4117}}5
g306n121359
g306n12134
g314n121391
g314n12134
n807n121353
n807n12134
g306n807135
g306n807128
g310n807128
g310n80756
g314n807179
g314n807128
n1232[4793]61
n1232[4793]10
n1236[4793]48
n1236[4793]10
n2053[4793]61
n2053[4793]10
[279][4793]68
[279][4793]10
n1232[4490]34
n1232[4490]13
[312][4490]13
[312][4490]33
g332[312]37
g332[312]10
[279][312]37
[279][312]9
g301n123613
g301n123665
g314n123665
g314n123633
g319n12367
g319n123665
[279]n123637
[279]n123665
g269[4746]132
g269[4746]283
[4747][4746]132
[4747][4746]1189
n819[4747]132
n819[4747]288
[4748][4747]132
[4748][4747]1387
g301n8195
g301n8195
g314n8194
g314n8195
[279]n8193
[279]n8195
g306[279]3
g306[279]16
g310[279]2
g310[279]16
[4784]n20626
[4784]n206266
[4785]n206212
[4785]n206266
[4786][4785]7
[4786][4785]66
[4787][4785]6
[4787][4785]66
g310[4786]48
g310[4786]7
g314[4786]7
g314[4786]52
n1232[4786]49
n1232[4786]7
n2053[4786]57
n2053[4786]7
g44{{g4107}}2
g44{{g4107}}2
g11{{g6722}}2
g11{{g6722}}2
[4549]{{g6729}}12
[4549]{{g6729}}9
[4550]{{g6729}}12
[4550]{{g6729}}9
n762[4549]12
n762[4549]12
n774[4549]12
n774[4549]12
n762[4351]19
n762[4351]19
n774[4351]19
n774[4351]19
n762[4550]12
n762[4550]12
n774[4550]12
n774[4550]12
[4360]n7745
[4360]n7745
[4361]n7745
[4361]n7745
[4362]n7745
[4362]n7745
[4363]n7745
[4363]n7745
[4364]n7745
[4364]n7745
[4365]n7745
[4365]n7745
[4366]n7745
[4366]n7745
[4367]n7745
[4367]n7745
g11[4360]5
g11[4360]5
g3[4360]5
g3[4360]5
g15[4360]5
g15[4360]6
g7[4360]5
g7[4360]7
g11[4365]5
g11[4365]5
g3[4365]5
g3[4365]5
g15[4365]5
g15[4365]6
g7[4365]7
g7[4365]5
g11[4362]5
g11[4362]5
g3[4362]5
g3[4362]5
g15[4362]6
g15[4362]5
g7[4362]5
g7[4362]7
g11[4367]5
g11[4367]5
g3[4367]5
g3[4367]5
g15[4367]6
g15[4367]5
g7[4367]7
g7[4367]5
g11[4364]5
g11[4364]5
g3[4364]5
g3[4364]5
g15[4364]5
g15[4364]6
g7[4364]7
g7[4364]5
g11[4361]5
g11[4361]5
g3[4361]5
g3[4361]5
g15[4361]5
g15[4361]6
g7[4361]5
g7[4361]7
g11[4366]5
g11[4366]5
g3[4366]5
g3[4366]5
g15[4366]6
g15[4366]5
g7[4366]7
g7[4366]5
g11[4363]5
g11[4363]5
g3[4363]5
g3[4363]5
g15[4363]6
g15[4363]5
g7[4363]5
g7[4363]7
g15{{g6723}}2
g15{{g6723}}2
g639{{g4123}}3
g639{{g4123}}3
g602{{g4123}}2
g602{{g4123}}3
[4469]n118625
[4469]n118618
[4470]n118625
[4470]n118618
[4471]n118625
[4471]n118618
[4472]n118625
[4472]n118618
g516[4470]13
g516[4470]25
g230[4470]25
g230[4470]12
g236[4470]16
g236[4470]25
g512[4470]25
g512[4470]17
g516[4469]25
g516[4469]13
g230[4469]25
g230[4469]12
g236[4469]25
g236[4469]16
g512[4469]25
g512[4469]17
g516[4472]13
g516[4472]25
g230[4472]12
g230[4472]25
g236[4472]16
g236[4472]25
g512[4472]17
g512[4472]25
g516[4471]25
g516[4471]13
g230[4471]12
g230[4471]25
g236[4471]25
g236[4471]16
g512[4471]17
g512[4471]25
[4340]n7375
[4340]n7375
[4341]n7375
[4341]n7375
[4342]n7375
[4342]n7375
[4343]n7375
[4343]n7375
[4344]n7375
[4344]n7375
[4345]n7375
[4345]n7375
[4346]n7375
[4346]n7375
[4347]n7375
[4347]n7375
g18[4341]5
g18[4341]5
g24[4341]5
g24[4341]5
g28[4341]5
g28[4341]7
g14[4341]5
g14[4341]7
g28{{g4149}}2
g28{{g4149}}2
g18[4346]5
g18[4346]5
g24[4346]5
g24[4346]5
g28[4346]7
g28[4346]5
g14[4346]7
g14[4346]5
g18[4343]5
g18[4343]5
g24[4343]5
g24[4343]5
g28[4343]7
g28[4343]5
g14[4343]5
g14[4343]7
g18[4340]5
g18[4340]5
g24[4340]5
g24[4340]5
g28[4340]5
g28[4340]7
g14[4340]5
g14[4340]7
g18[4345]5
g18[4345]5
g24[4345]5
g24[4345]5
g28[4345]5
g28[4345]7
g14[4345]7
g14[4345]5
g18[4342]5
g18[4342]5
g24[4342]5
g24[4342]5
g28[4342]7
g28[4342]5
g14[4342]5
g14[4342]7
g18[4347]5
g18[4347]5
g24[4347]5
g24[4347]5
g28[4347]7
g28[4347]5
g14[4347]7
g14[4347]5
g18[4344]5
g18[4344]5
g24[4344]5
g24[4344]5
g28[4344]5
g28[4344]7
g14[4344]7
g14[4344]5
g28{{g4136}}2
g28{{g4136}}2
[4379]n1036727
[4379]n10368539
[4384]n10361825
[4384]n10368539
[4385][4384]734
[4385][4384]8539
[4386][4384]1820
[4386][4384]8539
[4387][4386]721
[4387][4386]8539
[4388][4386]1815
[4388][4386]8539
n963[4388]566
n963[4388]3994
n969[4388]581
n969[4388]3994
n972[4388]591
n972[4388]3994
n978[4388]591
n978[4388]3994
n987[4388]586
n987[4388]3994
[296][4388]3994
[296][4388]591
[462][4388]3994
[462][4388]687
g678[4388]1041
g678[4388]8543
g284[4388]8539
g284[4388]1041
[4389][4388]1807
[4389][4388]8539
n963[4389]402
n963[4389]4014
n969[4389]413
n969[4389]4014
n972[4389]419
n972[4389]4014
n978[4389]419
n978[4389]4014
n987[4389]416
n987[4389]4014
[296][4389]4014
[296][4389]419
[462][4389]4014
[462][4389]479
g285[4389]711
g285[4389]8526
g679[4389]8540
g679[4389]711
[4390][4389]1798
[4390][4389]8539
n963[4390]551
n963[4390]4002
n969[4390]566
n969[4390]4002
n972[4390]576
n972[4390]4002
n978[4390]576
n978[4390]4002
n987[4390]571
n987[4390]4002
[296][4390]4002
[296][4390]576
[462][4390]4002
[462][4390]672
g680[4390]1026
g680[4390]8547
g286[4390]8539
g286[4390]1026
[4391][4390]1780
[4391][4390]8539
n963[4391]845
n963[4391]8257
n969[4391]875
n969[4391]8257
n972[4391]895
n972[4391]8257
n978[4391]895
n978[4391]8257
n987[4391]885
n987[4391]8257
[296][4391]8257
[296][4391]895
[462][4391]8257
[462][4391]1087
n1034[4391]8886
n1034[4391]1780
[4392]n10348807
[4392]n10341780
[4397]n10348807
[4397]n10341780
[4398]n10348807
[4398]n10341780
[4399]n10348807
[4399]n10341780
[4400]n10348807
[4400]n10341780
[4401]n10348807
[4401]n10341780
[4402]n10348807
[4402]n10341780
[4403]n10348807
[4403]n10341780
[4404]n10348807
[4404]n10341780
[4405]n10348807
[4405]n10341780
[4406]n10348807
[4406]n10341780
[4407]n10348807
[4407]n10341780
[4408]n10348807
[4408]n10341780
[4409]n10348807
[4409]n10341780
[4410]n10348807
[4410]n10341780
[4411]n10348807
[4411]n10341780
g292[4405]8807
g292[4405]454
g682[4405]449
g682[4405]8807
g684[4405]943
g684[4405]8807
g681[4405]8807
g681[4405]641
g290[4405]1308
g290[4405]8807
g287[4405]8807
g287[4405]1530
g686[4405]8807
g686[4405]551
g288[4405]1859
g288[4405]8807
[478][4405]8807
[478][4405]917
[479][4405]8807
[479][4405]903
g292[4402]301
g292[4402]8807
g682[4402]8807
g682[4402]298
g684[4402]8807
g684[4402]292
g681[4402]290
g681[4402]8807
g290[4402]8807
g290[4402]551
g287[4402]551
g287[4402]8807
g686[4402]1844
g686[4402]8807
g288[4402]8807
g288[4402]1859
[478][4402]8807
[478][4402]917
[479][4402]8807
[479][4402]903
g292[4407]8807
g292[4407]398
g682[4407]393
g682[4407]8807
g684[4407]637
g684[4407]8807
g681[4407]953
g681[4407]8807
g290[4407]1262
g290[4407]8807
g287[4407]1848
g287[4407]8807
g686[4407]8807
g686[4407]551
g288[4407]1859
g288[4407]8807
[478][4407]8807
[478][4407]917
[479][4407]8807
[479][4407]903
g292[4410]301
g292[4410]8807
g682[4410]298
g682[4410]8807
g684[4410]8807
g684[4410]292
g681[4410]290
g681[4410]8807
g290[4410]8807
g290[4410]551
g287[4410]551
g287[4410]8807
g686[4410]1844
g686[4410]8807
g288[4410]1859
g288[4410]8807
[478][4410]8807
[478][4410]917
[479][4410]8807
[479][4410]903
g292[4392]8807
g292[4392]958
g682[4392]8807
g682[4392]953
g684[4392]8807
g684[4392]439
g681[4392]8807
g681[4392]641
g290[4392]8807
g290[4392]1828
g287[4392]8807
g287[4392]1530
g686[4392]8807
g686[4392]551
g288[4392]8807
g288[4392]1859
[478][4392]8807
[478][4392]917
[479][4392]8807
[479][4392]903
g292[4397]8807
g292[4397]454
g682[4397]8807
g682[4397]449
g684[4397]943
g684[4397]8807
g681[4397]8807
g681[4397]641
g290[4397]1308
g290[4397]8807
g287[4397]8807
g287[4397]1530
g686[4397]8807
g686[4397]551
g288[4397]8807
g288[4397]1859
[478][4397]8807
[478][4397]917
[479][4397]8807
[479][4397]903
g292[4404]8807
g292[4404]958
g682[4404]953
g682[4404]8807
g684[4404]8807
g684[4404]439
g681[4404]8807
g681[4404]641
g290[4404]8807
g290[4404]1828
g287[4404]8807
g287[4404]1530
g686[4404]8807
g686[4404]551
g288[4404]1859
g288[4404]8807
[478][4404]8807
[478][4404]917
[479][4404]8807
[479][4404]903
g292[4409]301
g292[4409]8807
g682[4409]298
g682[4409]8807
g684[4409]292
g684[4409]8807
g681[4409]8807
g681[4409]290
g290[4409]551
g290[4409]8807
g287[4409]8807
g287[4409]551
g686[4409]1844
g686[4409]8807
g288[4409]1859
g288[4409]8807
[478][4409]8807
[478][4409]917
[479][4409]8807
[479][4409]903
g292[4399]8807
g292[4399]398
g682[4399]8807
g682[4399]393
g684[4399]637
g684[4399]8807
g681[4399]953
g681[4399]8807
g290[4399]1262
g290[4399]8807
g287[4399]1848
g287[4399]8807
g686[4399]8807
g686[4399]551
g288[4399]8807
g288[4399]1859
[478][4399]8807
[478][4399]917
[479][4399]8807
[479][4399]903
g292[4401]301
g292[4401]8807
g682[4401]8807
g682[4401]298
g684[4401]292
g684[4401]8807
g681[4401]8807
g681[4401]290
g290[4401]551
g290[4401]8807
g287[4401]8807
g287[4401]551
g686[4401]1844
g686[4401]8807
g288[4401]8807
g288[4401]1859
[478][4401]8807
[478][4401]917
[479][4401]8807
[479][4401]903
g292[4406]8807
g292[4406]650
g682[4406]645
g682[4406]8807
g684[4406]8807
g684[4406]385
g681[4406]953
g681[4406]8807
g290[4406]8807
g290[4406]1522
g287[4406]1848
g287[4406]8807
g686[4406]8807
g686[4406]551
g288[4406]1859
g288[4406]8807
[478][4406]8807
[478][4406]917
[479][4406]8807
[479][4406]903
g292[4403]301
g292[4403]8807
g682[4403]8807
g682[4403]298
g684[4403]292
g684[4403]8807
g681[4403]290
g681[4403]8807
g290[4403]551
g290[4403]8807
g287[4403]551
g287[4403]8807
g686[4403]1844
g686[4403]8807
g288[4403]8807
g288[4403]1859
[478][4403]8807
[478][4403]917
[479][4403]8807
[479][4403]903
g292[4408]301
g292[4408]8807
g682[4408]298
g682[4408]8807
g684[4408]8807
g684[4408]292
g681[4408]8807
g681[4408]290
g290[4408]8807
g290[4408]551
g287[4408]8807
g287[4408]551
g686[4408]1844
g686[4408]8807
g288[4408]1859
g288[4408]8807
[478][4408]8807
[478][4408]917
[479][4408]8807
[479][4408]903
g292[4411]301
g292[4411]8807
g682[4411]298
g682[4411]8807
g684[4411]292
g684[4411]8807
g681[4411]290
g681[4411]8807
g290[4411]551
g290[4411]8807
g287[4411]551
g287[4411]8807
g686[4411]1844
g686[4411]8807
g288[4411]1859
g288[4411]8807
[478][4411]8807
[478][4411]917
[479][4411]8807
[479][4411]903
g292[4398]8807
g292[4398]650
g682[4398]8807
g682[4398]645
g684[4398]8807
g684[4398]385
g681[4398]953
g681[4398]8807
g290[4398]8807
g290[4398]1522
g287[4398]1848
g287[4398]8807
g686[4398]8807
g686[4398]551
g288[4398]8807
g288[4398]1859
[478][4398]8807
[478][4398]917
[479][4398]8807
[479][4398]903
g292[4400]301
g292[4400]8807
g682[4400]8807
g682[4400]298
g684[4400]8807
g684[4400]292
g681[4400]8807
g681[4400]290
g290[4400]8807
g290[4400]551
g287[4400]8807
g287[4400]551
g686[4400]1844
g686[4400]8807
g288[4400]8807
g288[4400]1859
[478][4400]8807
[478][4400]917
[479][4400]8807
[479][4400]903
g668{{g4321}}2
g668{{g4321}}2
g668{{g5469}}2
g668{{g5469}}2
g558[4706]14
g558[4706]14
n1526[4706]14
n1526[4706]156
g557[4664]14
g557[4664]14
n1526[4664]14
n1526[4664]151
[455]n152613
[455]n15263028
[560]n152613
[560]n15265256
g678n153762
g678n153713
g679n153767
g679n153713
[455]n153713
[455]n1537411
g678n154413
g678n154462
g679n154467
g679n154413
[455]n154413
[455]n1544411
g680[455]68
g680[455]14
[393][455]14
[393][455]4064
g678n154113
g678n154113
g679n154112
g679n154113
g680n154113
g680n154174
[393]n154113
[393]n1541384
g688[393]13
g688[393]2995
n1493[393]13
n1493[393]11
[347][393]13
[347][393]1206
g437[4703]16
g437[4703]16
n1499[4703]16
n1499[4703]151
g682n149915
g682n149915
g677n1499437
g677n149915
[349]n149915
[349]n14991798
g430[4662]16
g430[4662]16
n1497[4662]16
n1497[4662]142
g426[4704]16
g426[4704]16
n1497[4704]16
n1497[4704]147
g682n149715
g682n1497247
g677n149715
g677n1497239
[349]n149715
[349]n14971781
g681n1508227
g681n150816
g677n1508221
g677n150816
[453]n150816
[453]n15082774
g524[4700]17
g524[4700]17
n1506[4700]17
n1506[4700]152
g528[4658]17
g528[4658]17
n1506[4658]17
n1506[4658]147
g681n150616
g681n150616
g677n150616
g677n150615
[453]n150616
[453]n15062684
g681n151315
g681n1513222
[453]n151315
[453]n15132774
g682[453]292
g682[453]14
[349][453]14
[349][453]1781
n1493[349]13
n1493[349]19
[325][349]13
[325][349]1783
g683[325]40
g683[325]7
[299][325]40
[299][325]1496
g683n1517210
g683n151713
n1493n151713
n1493n151717
[299]n151713
[299]n15172239
g685[299]39
g685[299]230
[278][299]39
[278][299]1094
g684[278]67
g684[278]313
n873[278]67
n873[278]2305
g688n873332
g688n87366
[347]n87366
[347]n8732028
g688[389]4
g688[389]254
[324][389]254
[324][389]8353
g697[4891]20
g697[4891]20
g127[4891]20
g127[4891]28
n870[4891]842
n870[4891]20
n2555[4891]20
n2555[4891]35
g314[4787]48
g314[4787]6
g332[4787]52
g332[4787]6
n1232[4787]49
n1232[4787]6
n2053[4787]57
n2053[4787]6
g306[4784]49
g306[4784]1
g314[4784]6
g314[4784]49
g332[4784]6
g332[4784]57
g135{{g5140}}10
g135{{g5140}}10
[333]{{g5140}}10
[333]{{g5140}}9
n1339{{g5140}}10
n1339{{g5140}}7
[440]{{g5140}}10
[440]{{g5140}}11
g139{{g5141}}10
g139{{g5141}}10
[440]{{g5141}}10
[440]{{g5141}}10
n855{{g5141}}1
n855{{g5141}}10
n1339{{g5141}}10
n1339{{g5141}}10
g135[440]9
g135[440]11
[333][440]12
[333][440]11
g131[333]6
g131[333]10
[4838][333]8
[4838][333]10
g131[4838]1
g131[4838]8
n1339[4838]8
n1339[4838]9
[334][4838]8
[334][4838]10
[4864]{{g5139}}8
[4864]{{g5139}}8
[4865]{{g5139}}8
[4865]{{g5139}}8
g131[4865]8
g131[4865]11
[334][4865]8
[334][4865]11
n1339[4865]8
n1339[4865]10
g175{{g5473}}9
g175{{g5473}}9
n1714{{g5473}}9
n1714{{g5473}}17
[4837]{{g5473}}16
[4837]{{g5473}}23
[4811]{{g5874}}13
[4811]{{g5874}}25
[4812]{{g5874}}17
[4812]{{g5874}}25
g193[4811]13
g193[4811]13
n1714[4811]13
n1714[4811]17
g184{{g5474}}9
g184{{g5474}}9
n1714{{g5474}}9
n1714{{g5474}}17
[4872]{{g5474}}16
[4872]{{g5474}}23
g166{{g5472}}9
g166{{g5472}}9
n1714{{g5472}}9
n1714{{g5472}}17
[4613]{{g5472}}16
[4613]{{g5472}}23
g148[4812]17
g148[4812]17
n1714[4812]13
n1714[4812]17
n870[4812]5
n870[4812]25
g175[4613]16
g175[4613]16
[348][4613]16
[348][4613]21
g184[4837]16
g184[4837]16
[348][4837]16
[348][4837]21
g166[4718]16
g166[4718]16
[348][4718]16
[348][4718]21
g193[4872]16
g193[4872]16
[348][4872]16
[348][4872]21
n870[348]14
n870[348]20
n1714[348]15
n1714[348]20
g89n17148
g89n17148
g107n17148
g107n17147
n855n17148
n855n17146
[4457][4456]11
[4457][4456]862
[4458][4456]9
[4458][4456]862
g123[4458]9
g123[4458]9
n870[4458]1
n870[4458]9
n1339[4458]9
n1339[4458]9
[260][4458]9
[260][4458]861
g123[4457]11
g123[4457]11
n1339[4457]11
n1339[4457]861
g128{{g5138}}7
g128{{g5138}}7
g114{{g5138}}7
g114{{g5138}}7
n1339{{g5138}}7
n1339{{g5138}}7
[334]{{g5138}}7
[334]{{g5138}}3
n855n133910
n855n133915
n870n13395
n870n133915
n855n140334
n855n140316
[376]n140334
[376]n140320
n1402n140318
n1402n140382
[4538]n261735
[4538]n2617102
[4541]n261728
[4541]n2617102
g152[4541]28
g152[4541]20
n1410[4541]17
n1410[4541]28
n2535[4541]28
n2535[4541]84
g152[4538]17
g152[4538]35
n1410[4538]35
n1410[4538]20
n2535[4538]35
n2535[4538]84
[4539]n253535
[4539]n253588
[4540]n253528
[4540]n253588
g143[4539]16
g143[4539]35
n1402[4539]35
n1402[4539]51
n1410[4539]35
n1410[4539]62
g143[4540]28
g143[4540]19
n1402[4540]28
n1402[4540]48
n1410[4540]69
n1410[4540]28
g107n140226
g107n140233
n1399n140211
n1399n140233
n855n140231
n855n14026
g139n8556
g139n85511
g131n8555
g131n85511
g135n8554
g135n85511
[334]n8553
[334]n85511
g131[4864]8
g131[4864]8
[334][4864]8
[334][4864]8
[4678]{{g6840}}37
[4678]{{g6840}}38
[4679]{{g6840}}3
[4679]{{g6840}}38
g197[4678]37
g197[4678]40
n1861[4678]46
n1861[4678]37
n1861{{g6800}}2065
n1861{{g6800}}778
n1929{{g6800}}2060
n1929{{g6800}}778
g211n18611816
g211n18617389
n1854n18611816
n1854n18613620
n1857n18611816
n1857n1861561
n1848n1861711
n1848n18617453
[270]n18617453
[270]n1861131
[4841]{{g6839}}39
[4841]{{g6839}}40
[4842]{{g6839}}3
[4842]{{g6839}}40
g197[4841]39
g197[4841]41
n1929[4841]46
n1929[4841]39
g210n19291803
g210n19293455
n1857n19291803
n1857n19293479
[270]n19291803
[270]n19297161
n1848n1929711
n1848n19297190
n1854n19297190
n1854n192998
n2272[270]2703
n2272[270]7161
[303][270]7161
[303][270]10261
g211n18542517
g211n18542554
g210n1854711
g210n18542517
[303]n18542703
[303]n18543371
n2272n18542730
n2272n18549153
n1141n18543393
n1141n18549193
n1386[303]12628
n1386[303]12928
n1844[303]12754
n1844[303]12628
[341]n1386802
[341]n138615
[367]n13864837
[367]n138615
[488]n13864852
[488]n138629
g211n138630
g211n13869680
g211n18482715
g211n1848711
g210n1848711
g210n18484444
n1844n18482715
n1844n1848711
n2272n1848711
n2272n184823575
g211n18441
g211n184412754
[488]n184412619
[488]n184412754
[4516][488]8660
[4516][488]12760
[4534][488]13303
[4534][488]12760
g471[4516]8660
g471[4516]11447
n1373[4516]8660
n1373[4516]9823
n1147n18573713
n1147n185791
[367]n185791
[367]n18573731
g211n18571532
g211n18573731
[341]n18571838
[341]n18573731
[4514][341]832
[4514][341]3739
[4515][341]1665
[4515][341]3739
g471[4514]832
g471[4514]3715
n1138[4514]832
n1138[4514]2651
g471[4534]9823
g471[4534]7968
n1373[4534]11447
n1373[4534]7968
g210[4534]12760
g210[4534]5674
n1137[4534]12760
n1137[4534]4969
g471[4515]2651
g471[4515]1665
n1138[4515]3715
n1138[4515]1665
g693{{g6102}}10
g693{{g6102}}167
g197{{g6102}}338
g197{{g6102}}10
n1157{{g6102}}37
n1157{{g6102}}449
[4459]n115727
[4459]n1157449
[4462]n115737
[4462]n1157449
g207[4462]27
g207[4462]212
n1132[4462]218
n1132[4462]27
[268][4462]35
[268][4462]316
[306][4462]37
[306][4462]430
g695{{g6103}}1
g695{{g6103}}91
g197{{g6103}}176
g197{{g6103}}1
n2278{{g6103}}65
n2278{{g6103}}235
[4813]n227831
[4813]n2278235
[4814]n227861
[4814]n2278235
g197[4814]61
g197[4814]168
[4815][4814]61
[4815][4814]311
n1137[4815]305
n1137[4815]41
n1611[4815]175
n1611[4815]41
[4816][4815]60
[4816][4815]311
g209[4816]60
g209[4816]231
[268][4816]260
[268][4816]60
g197{{g5876}}1
g197{{g5876}}1
g694{{g5876}}1
g694{{g5876}}212
n1611{{g5876}}15
n1611{{g5876}}212
n1141[4813]31
n1141[4813]171
n1611[4813]31
n1611[4813]306
[268][4813]166
[268][4813]31
g208n1611288
g208n1611496
[290]n1611288
[290]n1611290
n1141n1611116
n1141n1611543
[268]n1611298
[268]n1611543
[381]n1611543
[381]n1611259
g197n1611390
g197n1611432
g197{{g6100}}33
g197{{g6100}}23
g691{{g6100}}23
g691{{g6100}}54
n2398{{g6100}}49
n2398{{g6100}}55
[4856]n239847
[4856]n239865
[4857]n239847
[4857]n239865
g205[4857]74
g205[4857]47
n1634[4857]55
n1634[4857]47
[454][4857]47
[454][4857]74
g205[4856]47
g205[4856]55
n1634[4856]47
n1634[4856]62
g690{{g5875}}3
g690{{g5875}}3
g197{{g5875}}6
g197{{g5875}}3
n1634{{g5875}}6
n1634{{g5875}}7
g204n163412
g204n16346
[454]n16346
[454]n163456
g197{{g6101}}12
g197{{g6101}}3
g692{{g6101}}3
g692{{g6101}}12
n1471{{g6101}}10
n1471{{g6101}}11
g206n14718
g206n14718
[461]n14718
[461]n14718
n1132n147111
n1132n147110
[454]n147110
[454]n147112
[268][454]14
[268][454]57
[306][454]57
[306][454]61
n1147[268]183
n1147[268]2490
n2272[268]294
n2272[268]2490
n1138n11473713
n1138n114759
[563]n11473713
[563]n11474337
g207[4459]218
g207[4459]27
n1132[4459]27
n1132[4459]212
[306][4459]27
[306][4459]430
g197[306]186
g197[306]566
n1141[306]569
n1141[306]186
n1138n11413461
n1138n114110519
[563]n114110519
[563]n114114912
g471[563]1835
g471[563]23942
g211[563]3897
g211[563]23942
g210[563]18937
g210[563]23942
[4683]{{g5580}}4
[4683]{{g5580}}19
[4684]{{g5580}}19
[4684]{{g5580}}19
[4687]{{g5580}}5
[4687]{{g5580}}19
[4685][4684]11
[4685][4684]19
[4686][4684]11
[4686][4684]19
g571[4686]11
g571[4686]11
g654[4686]11
g654[4686]11
g638[4686]11
g638[4686]9
g650[4686]11
g650[4686]17
[361][4686]15
[361][4686]11
g571{{g3241}}2
g571{{g3241}}2
g571[4687]5
g571[4687]5
g654[4687]5
g654[4687]5
g638[4687]5
g638[4687]3
g650[4687]19
g650[4687]5
g571{{g3232}}2
g571{{g3232}}2
g571[4685]11
g571[4685]11
g654[4685]11
g654[4685]11
g638[4685]11
g638[4685]9
g650[4685]11
g650[4685]17
[361][4685]11
[361][4685]19
g337[4777]28
g337[4777]352
[293][4777]28
[293][4777]434
[4770][293]45
[4770][293]507
[4771][293]45
[4771][293]507
g571[4770]80
g571[4770]45
g658[4770]45
g658[4770]447
g571[4683]4
g571[4683]4
g654[4683]20
g654[4683]4
g638[4683]4
g638[4683]2
[4581]{{g6407}}9
[4581]{{g6407}}23
[4582]{{g6407}}10
[4582]{{g6407}}23
[4583]{{g6407}}8
[4583]{{g6407}}23
[4584]{{g6407}}18
[4584]{{g6407}}23
g590[4582]9
g590[4582]9
g574[4582]9
g574[4582]9
g594[4582]9
g594[4582]8
[456][4582]9
[456][4582]8
g586[4582]10
g586[4582]12
g578[4582]10
g578[4582]15
g692[4582]10
g692[4582]30
[555][4582]10
[555][4582]19
[4585][4584]16
[4585][4584]23
[4586][4584]14
[4586][4584]23
[4587][4586]7
[4587][4586]23
[4588][4586]12
[4588][4586]23
g590[4588]1
g590[4588]1
g574[4588]1
g574[4588]1
g594[4588]1
g594[4588]1
g578[4588]1
g578[4588]1
[456][4588]1
[456][4588]12
g586[4588]25
g586[4588]12
n1684[4588]22
n1684[4588]12
[546][4588]12
[546][4588]18
[4593][4588]3
[4593][4588]23
g693[4583]8
g693[4583]8
g586[4583]8
g586[4583]10
g578[4583]18
g578[4583]8
[554][4583]8
[554][4583]20
g578[4587]13
g578[4587]7
g691[4587]7
g691[4587]13
[456][4587]7
[456][4587]17
g574[4585]7
g574[4585]7
g578[4585]7
g578[4585]7
[456][4585]7
[456][4585]13
g590[4585]19
g590[4585]16
g594[4585]16
g594[4585]19
g590[4581]9
g590[4581]8
g574[4581]8
g574[4581]9
g594[4581]8
g594[4581]8
g690[4581]9
g690[4581]12
g578[4581]9
g578[4581]8
[456][4581]9
[456][4581]17
g586[456]46
g586[456]3
g582[456]46
g582[456]2
n934[484]20
n934[484]2916
n936[484]20
n936[484]2917
[256][484]20
[256][484]2184
[4440][256]2901
[4440][256]2184
[4443][256]1
[4443][256]2184
g658[4443]4241
g658[4443]1
[471][4443]1
[471][4443]3990
[4447]n9362889
[4447]n9362203
[4448]n93641
[4448]n9362203
g678[4448]23
g678[4448]41
g658[4448]2182
g658[4448]41
[281][4748]864
[281][4748]91
[318][4748]85
[318][4748]864
[317][4748]96
[317][4748]958
[482][4748]1387
[482][4748]94
[4761][4748]73
[4761][4748]1387
[281][4761]869
[281][4761]68
[318][4761]62
[318][4761]869
[280][4761]1305
[280][4761]73
[482][4773]152
[482][4773]252
[4774][4773]152
[4774][4773]227
[280][4774]103
[280][4774]144
[317][4774]134
[317][4774]103
[4775][4774]96
[4775][4774]227
[281][4775]96
[281][4775]223
[318][4775]213
[318][4775]96
[4749][281]512
[4749][281]331
[4750][281]1189
[4750][281]331
g218[4750]1189
g218[4750]229
g658[4750]105
g658[4750]1189
[4755][482]521
[4755][482]322
[4758][482]1113
[4758][482]322
g658[4755]521
g658[4755]278
[4756][4755]521
[4756][4755]382
g662n149317
g662n14939
g266n149315
g266n14939
g702n149317
g702n14937
g41n149317
g41n14936
g658n14935
g658n149317
g699n149317
g699n14934
[4451][326]4280
[4451][326]26
[4455][326]61
[4455][326]26
g658[4451]4280
g658[4451]33
[4452][4451]4280
[4452][4451]44
g598[4749]512
g598[4749]105
g658[4749]512
g658[4749]229
[4762][280]513
[4762][280]202
[4763][280]1035
[4763][280]202
g224[4763]1035
g224[4763]122
g658[4763]82
g658[4763]1035
g658[4440]2901
g658[4440]27
[4441][4440]2901
[4441][4440]2184
[4445]n9342889
[4445]n9342202
[4446]n93441
[4446]n9342202
g218[4445]2187
g218[4445]2889
g658[4445]2889
g658[4445]17
[4751][317]91
[4751][317]1199
[4752][317]134
[4752][317]1199
g230[4752]700
g230[4752]134
g658[4752]501
g658[4752]134
g658[4771]83
g658[4771]45
g260[4771]510
g260[4771]45
g45{{g4425}}3
g45{{g4425}}3
g658{{g4425}}2
g658{{g4425}}3
g662n82912845
g662n82916
g658n82912845
g658n82917
g212[4447]2182
g212[4447]2889
g658[4447]2889
g658[4447]23
[4753][318]96
[4753][318]1699
[4754][318]222
[4754][318]1699
g212[4754]1189
g212[4754]222
g658[4754]512
g658[4754]222
g686[4455]61
g686[4455]13
g658[4455]30
g658[4455]61
[483][4455]61
[483][4455]30
g634[4762]513
g634[4762]82
g658[4762]513
g658[4762]122
g642[4751]501
g642[4751]91
g658[4751]91
g658[4751]700
g679[4446]17
g679[4446]41
g658[4446]2187
g658[4446]41
g567[4753]512
g567[4753]96
g658[4753]96
g658[4753]1189
g658[4758]110
g658[4758]1113
[4759][4758]1113
[4759][4758]321
g697[4900]22
g697[4900]14
n2555[4900]34
n2555[4900]22
[4901][4900]11
[4901][4900]35
n1395[4901]17
n1395[4901]11
n1399[4901]15
n1399[4901]11
n2546[4901]17
n2546[4901]11
[517][4901]11
[517][4901]25
[4892]n25557
[4892]n255557
[4893]n255512
[4893]n255557
[4894][4893]7
[4894][4893]57
[4895][4893]6
[4895][4893]57
g102[4895]11
g102[4895]6
g123[4895]19
g123[4895]6
n1395[4895]11
n1395[4895]6
n2546[4895]28
n2546[4895]6
g98[4894]11
g98[4894]7
g102[4894]7
g102[4894]19
n1395[4894]11
n1395[4894]7
n2546[4894]28
n2546[4894]7
g89n254641
g89n254618
g107n254641
g107n254624
g89n139911
g89n139925
g102n139925
g102n139916
g107n13997
g107n139925
[260]n139955
[260]n139925
g123[376]34
g123[376]9
[260][376]34
[260][376]7
n1395[376]9
n1395[376]11
g89n139528
g89n139548
g102n139528
g102n139550
g107n139595
g107n139528
g119{{g4115}}5
g119{{g4115}}5
n1322{{g4115}}4
n1322{{g4115}}5
[4707]{{g5490}}4
[4707]{{g5490}}17
[4708]{{g5490}}10
[4708]{{g5490}}17
[4709]{{g5490}}10
[4709]{{g5490}}17
g654[4708]10
g654[4708]10
g638[4708]10
g638[4708]9
g650[4708]10
g650[4708]16
[361][4708]10
[361][4708]17
g606[4756]521
g606[4756]382
g646[4756]521
g646[4756]362
[4757][4756]505
[4757][4756]382
g654[4757]505
g654[4757]382
g650[4757]505
g650[4757]362
g654{{g3240}}2
g654{{g3240}}2
g654[4707]4
g654[4707]4
g638[4707]4
g638[4707]3
g650[4707]16
g650[4707]4
g654[4709]10
g654[4709]10
g638[4709]10
g638[4709]9
g650[4709]10
g650[4709]16
[361][4709]15
[361][4709]10
g654{{g3231}}2
g654{{g3231}}2
g24{{g4135}}2
g24{{g4135}}2
g24{{g4148}}2
g24{{g4148}}2
[4496]n12955
[4496]n12955
[4497]n12955
[4497]n12955
[4498]n12955
[4498]n12955
[4499]n12955
[4499]n12955
[4500]n12955
[4500]n12955
[4501]n12955
[4501]n12955
[4502]n12955
[4502]n12955
[4503]n12955
[4503]n12955
g32[4500]5
g32[4500]5
g38[4500]5
g38[4500]5
g36[4500]5
g36[4500]6
g37[4500]7
g37[4500]5
g32[4497]5
g32[4497]5
g38[4497]5
g38[4497]5
g36[4497]5
g36[4497]6
g37[4497]5
g37[4497]7
g32[4503]5
g32[4503]5
g38[4503]5
g38[4503]5
g36[4503]6
g36[4503]5
g37[4503]7
g37[4503]5
g32[4499]5
g32[4499]5
g38[4499]5
g38[4499]5
g36[4499]6
g36[4499]5
g37[4499]5
g37[4499]7
g32[4501]5
g32[4501]5
g38[4501]5
g38[4501]5
g36[4501]5
g36[4501]6
g37[4501]7
g37[4501]5
g32[4496]5
g32[4496]5
g38[4496]5
g38[4496]5
g36[4496]5
g36[4496]6
g37[4496]5
g37[4496]7
g38{{g4102}}2
g38{{g4102}}2
g38{{g4140}}2
g38{{g4140}}2
g32[4498]5
g32[4498]5
g38[4498]5
g38[4498]5
g36[4498]6
g36[4498]5
g37[4498]5
g37[4498]7
g32[4502]5
g32[4502]5
g38[4502]5
g38[4502]5
g36[4502]6
g36[4502]5
g37[4502]7
g37[4502]5
g98n141038
g98n141040
g102n141035
g102n141040
g94n141040
g94n141046
n1322n141038
n1322n141054
g118{{g4114}}5
g118{{g4114}}5
n1322{{g4114}}4
n1322{{g4114}}5
g122{{g4116}}5
g122{{g4116}}5
n1322{{g4116}}4
n1322{{g4116}}5
g114{{g4839}}5
g114{{g4839}}5
n1322{{g4839}}4
n1322{{g4839}}5
{{g2584}}n8705
{{g2584}}n8705
n1322n8705
n1322n8704
g102n13224
g102n13224
[260]n13223
[260]n13224
[260][517]25
[260][517]7
[305][517]25
[305][517]10
g94[260]3
g94[260]13
g98[260]2
g98[260]13
n963[4387]412
n963[4387]3994
n969[4387]423
n969[4387]3994
n972[4387]429
n972[4387]3994
n978[4387]429
n978[4387]3994
n987[4387]426
n987[4387]3994
[296][4387]3994
[296][4387]429
[462][4387]3994
[462][4387]489
g678[4387]8543
g678[4387]721
g284[4387]721
g284[4387]8539
[4517]n13738692
[4517]n137321911
[4518]n137312623
[4518]n137321911
[4521]n137313182
[4521]n137321911
[4526]n137318484
[4526]n137321911
[4527][4526]9297
[4527][4526]21911
[4528][4526]16202
[4528][4526]21911
g694[4527]7664
g694[4527]7918
[461][4527]7918
[461][4527]7747
g206[4527]9108
g206[4527]9297
g696[4527]9297
g696[4527]6754
g204[4527]9297
g204[4527]16513
g690[4528]8481
g690[4528]3995
n1132[4528]8481
n1132[4528]17838
[495][4528]8481
[495][4528]21259
[4529][4528]11137
[4529][4528]21911
g697[4529]11137
g697[4529]3338
[4530][4529]11137
[4530][4529]21087
g206[4530]12294
g206[4530]11137
[4531][4530]11137
[4531][4530]21032
g204[4531]12661
g204[4531]11137
[4532][4531]11137
[4532][4531]17618
g694[4532]1
g694[4532]12130
[461][4532]12130
[461][4532]9104
g695[4532]9104
g695[4532]15330
[4533][4532]9001
[4533][4532]17618
g694[4533]1
g694[4533]1
[461][4533]1
[461][4533]9001
g205[4533]17618
g205[4533]9001
g205[4521]13182
g205[4521]7678
[4522][4521]13182
[4522][4521]21200
g690[4522]8735
g690[4522]4042
n1132[4522]8735
n1132[4522]19824
[4523][4522]7910
[4523][4522]21200
g206[4523]17687
g206[4523]7910
[4524][4523]7910
[4524][4523]22723
g694[4524]1
g694[4524]12130
[461][4524]12130
[461][4524]3419
g695[4524]3419
g695[4524]20435
[4525][4524]3742
[4525][4524]22723
g694[4525]3742
g694[4525]11808
[461][4525]11808
[461][4525]1
g204[4525]3742
g204[4525]16887
g206[4517]8692
g206[4517]11079
g205[4517]8692
g205[4517]12194
g691[4517]8692
g691[4517]18157
n1132[4517]4042
n1132[4517]8692
g208n227211499
g208n227212537
g209n227211499
g209n227214281
[290]n227238377
[290]n227211499
n1137n113821525
n1137n11385132
[381]n11385132
[381]n113818176
g208[381]7183
g208[381]24710
[290][381]9271
[290][381]24710
g207[290]51872
g207[290]15144
n1132[290]51872
n1132[290]34233
g691[4518]8430
g691[4518]8684
n1132[4518]3995
n1132[4518]8430
g205[4518]10247
g205[4518]10018
g206[4518]12623
g206[4518]14548
[495][4518]12623
[495][4518]21259
g206n113264387
g206n113218592
[461]n113264387
[461]n113239595
g204[461]70153
g204[461]23944
g205[461]70153
g205[461]29748
[4519][495]12935
[4519][495]21259
[4520][495]11568
[4520][495]21259
g204[4519]12935
g204[4519]13104
g692[4519]12935
g692[4519]19117
g693[4520]11568
g693[4520]14797
g204[4520]13656
g204[4520]11568
g697[4656]3
g697[4656]3
g269[4656]37
g269[4656]3
g269[4596]56
g269[4596]13
g696[4596]13
g696[4596]116
[4589]n168415
[4589]n168412
[4590]n168411
[4590]n168412
g695[4590]7
g695[4590]11
g578[4590]7
g578[4590]11
g582[4590]11
g582[4590]9
n963[4385]425
n963[4385]4014
n969[4385]436
n969[4385]4014
n972[4385]442
n972[4385]4014
n978[4385]442
n978[4385]4014
n987[4385]439
n987[4385]4014
[296][4385]4014
[296][4385]442
[462][4385]4014
[462][4385]502
g285[4385]8526
g285[4385]734
g679[4385]734
g679[4385]8540
n963[4379]418
n963[4379]4002
n969[4379]429
n969[4379]4002
n972[4379]435
n972[4379]4002
n978[4379]435
n978[4379]4002
n987[4379]432
n987[4379]4002
[296][4379]4002
[296][4379]435
[462][4379]4002
[462][4379]495
g680[4379]8547
g680[4379]727
g286[4379]727
g286[4379]8539
g695[296]948
g695[296]2575
g598[296]2487
g598[296]948
[271][296]7383
[271][296]948
g681[483]186
g681[483]128
g680[483]186
g680[483]118
[560][483]135
[560][483]128
g678[560]410
g678[560]8316
g679[560]410
g679[560]8063
g40{{g4150}}2
g40{{g4150}}2
[4504][314]3
[4504][314]3
[4505][314]3
[4505][314]3
g39[4505]3
g39[4505]3
g40[4505]3
g40[4505]3
g40{{g4105}}2
g40{{g4105}}2
g39[4504]3
g39[4504]3
g40[4504]3
g40[4504]3
g260[4452]2635
g260[4452]31
[4453][4452]2635
[4453][4452]29
g606[4453]2635
g606[4453]29
g642[4453]2635
g642[4453]26
[4454][4453]2631
[4454][4453]29
g646[4454]2631
g646[4454]29
g650[4454]2631
g650[4454]26
g646{{g3238}}2
g646{{g3238}}2
[4844]{{g5329}}9
[4844]{{g5329}}15
[4845]{{g5329}}9
[4845]{{g5329}}15
g638[4844]9
g638[4844]9
g650[4844]9
g650[4844]8
[361][4844]9
[361][4844]15
g638[4845]9
g638[4845]9
g650[4845]8
g650[4845]9
[361][4845]15
[361][4845]9
g646[361]7
g646[361]7
n1560[361]7
n1560[361]6
g646{{g3229}}2
g646{{g3229}}2
[4569]{{g5148}}8
[4569]{{g5148}}13
[4570]{{g5148}}8
[4570]{{g5148}}13
g646[4569]8
g646[4569]8
g638[4569]8
g638[4569]7
n1560[4569]8
n1560[4569]13
g646[4570]8
g646[4570]8
g638[4570]8
g638[4570]7
n1560[4570]13
n1560[4570]8
[4380][462]1433
[4380][462]619
[4381][462]4957
[4381][462]619
g634[4381]487
g634[4381]1
g696[4381]487
g696[4381]1
[452][4381]487
[452][4381]2129
g567[4381]445
g567[4381]2129
[4382][4381]4597
[4382][4381]619
g634[4382]487
g634[4382]1389
g696[4382]487
g696[4382]1729
[452][4382]487
[452][4382]1597
g598[4382]2549
g598[4382]445
[4383][4382]4017
[4383][4382]619
g598{{g3225}}2
g598{{g3225}}2
g567n9631228
g567n963474
g598n9632016
g598n963474
g634n9633000
g634n963474
g690n963474
g690n9634160
g598{{g4122}}4
g598{{g4122}}4
{{g4121}}{{g4122}}4
{{g4121}}{{g4122}}4
[4511]{{g4122}}4
[4511]{{g4122}}5
g638[4511]4
g638[4511]4
[452][4511]4
[452][4511]5
g634n9691565
g634n969511
g692n969511
g692n9692413
[452]n969511
[452]n9693849
g634[4383]445
g634[4383]1369
g696[4383]445
g696[4383]1765
[452][4383]445
[452][4383]3061
g691[4383]583
g691[4383]4017
g696[4380]487
g696[4380]1
[452][4380]487
[452][4380]1433
g634[4380]1433
g634[4380]445
g567[452]3
g567[452]784
g598[452]784
g598[452]2524
[4807]{{g4658}}6
[4807]{{g4658}}9
[4808]{{g4658}}6
[4808]{{g4658}}9
g642[4808]6
g642[4808]6
[562][4808]6
[562][4808]6
n1560{{g4857}}7
n1560{{g4857}}11
[4555]{{g4857}}11
[4555]{{g4857}}7
g606[4555]7
g606[4555]7
g638[4555]7
g638[4555]2
[4556][4555]7
[4556][4555]7
g642[4556]7
g642[4556]7
[562][4556]7
[562][4556]6
g638[562]7
g638[562]1
[355][562]7
[355][562]7
g634[562]7
g634[562]6
{{g4121}}[562]5
{{g4121}}[562]7
g634[4807]6
g634[4807]6
g638[4807]6
g638[4807]3
{{g4424}}[4807]8
{{g4424}}[4807]6
g642[4807]6
g642[4807]6
[4603]{{g4424}}6
[4603]{{g4424}}6
[4604]{{g4424}}6
[4604]{{g4424}}6
g634[4603]6
g634[4603]1
g638[4603]6
g638[4603]3
[355][4603]6
[355][4603]6
g634[4604]6
g634[4604]6
[355][4604]3
[355][4604]6
g598[355]6
g598[355]5
{{g4121}}[355]5
{{g4121}}[355]6
g598n987433
g598n9871381
g697n987433
g697n9871877
[271]n9874469
[271]n987433
g598n15606
g598n15606
g606n15606
g606n15605
g642n15606
g642n15604
[271]n15603
[271]n15606
g598{{g3234}}2
g598{{g3234}}2
g567n972505
g567n9721685
g598n972505
g598n9722185
g634n9723173
g634n972505
g693n972505
g693n9724817
g567n9781665
g567n978523
g598n9782157
g598n978523
g634n978523
g634n9783413
g694n978523
g694n9785045
[4352]n7625
[4352]n7625
[4353]n7625
[4353]n7625
[4354]n7625
[4354]n7625
[4355]n7625
[4355]n7625
[4356]n7625
[4356]n7625
[4357]n7625
[4357]n7625
[4358]n7625
[4358]n7625
[4359]n7625
[4359]n7625
g33[4352]5
g33[4352]5
g29[4352]5
g29[4352]5
g25[4352]5
g25[4352]6
g19[4352]5
g19[4352]7
g33[4357]5
g33[4357]5
g29[4357]5
g29[4357]5
g25[4357]5
g25[4357]6
g19[4357]7
g19[4357]5
g33[4354]5
g33[4354]5
g29[4354]5
g29[4354]5
g25[4354]6
g25[4354]5
g19[4354]5
g19[4354]7
g33[4359]5
g33[4359]5
g29[4359]5
g29[4359]5
g25[4359]6
g25[4359]5
g19[4359]7
g19[4359]5
g33[4356]5
g33[4356]5
g29[4356]5
g29[4356]5
g25[4356]5
g25[4356]6
g19[4356]7
g19[4356]5
g33[4353]5
g33[4353]5
g29[4353]5
g29[4353]5
g25[4353]5
g25[4353]6
g19[4353]5
g19[4353]7
g33[4358]5
g33[4358]5
g29[4358]5
g29[4358]5
g25[4358]6
g25[4358]5
g19[4358]7
g19[4358]5
g29{{g6726}}2
g29{{g6726}}2
g33[4355]5
g33[4355]5
g29[4355]5
g29[4355]5
g25[4355]6
g25[4355]5
g19[4355]5
g19[4355]7
g689[394]9
g689[394]1010
g698[394]1229
g698[394]9
g689[347]68
g689[347]3
g698[347]68
g698[347]2197
g689[324]1270
g689[324]312
g698[324]4416
g698[324]312
[4332]n7255
[4332]n7255
[4333]n7255
[4333]n7255
[4334]n7255
[4334]n7255
[4335]n7255
[4335]n7255
[4336]n7255
[4336]n7255
[4337]n7255
[4337]n7255
[4338]n7255
[4338]n7255
[4339]n7255
[4339]n7255
g6[4338]5
g6[4338]5
g2[4338]5
g2[4338]5
g10[4338]5
g10[4338]5
g1[4338]5
g1[4338]5
g6[4335]5
g6[4335]5
g2[4335]5
g2[4335]5
g10[4335]5
g10[4335]5
g1[4335]5
g1[4335]5
g2{{g4130}}2
g2{{g4130}}2
g6[4332]5
g6[4332]5
g2[4332]5
g2[4332]5
g10[4332]5
g10[4332]5
g1[4332]5
g1[4332]5
g6[4337]5
g6[4337]5
g2[4337]5
g2[4337]5
g10[4337]5
g10[4337]5
g1[4337]5
g1[4337]5
g2{{g4143}}2
g2{{g4143}}2
g6[4334]5
g6[4334]5
g2[4334]5
g2[4334]5
g10[4334]5
g10[4334]5
g1[4334]5
g1[4334]5
g6[4339]5
g6[4339]5
g2[4339]5
g2[4339]5
g10[4339]5
g10[4339]5
g1[4339]5
g1[4339]5
g6[4336]5
g6[4336]5
g2[4336]5
g2[4336]5
g10[4336]5
g10[4336]5
g1[4336]5
g1[4336]5
g6[4333]5
g6[4333]5
g2[4333]5
g2[4333]5
g10[4333]5
g10[4333]5
g1[4333]5
g1[4333]5
g33{{g6727}}2
g33{{g6727}}2
g634{{g3235}}2
g634{{g3235}}2
g634{{g3226}}2
g634{{g3226}}2
g567[271]684
g567[271]3
g634[271]684
g634[271]2
g6{{g4144}}2
g6{{g4144}}2
g6{{g4131}}2
g6{{g4131}}2
g684[471]267
g684[471]14696
g685[471]267
g685[471]14678
[4444][471]242
[4444][471]29037
g682[4444]242
g682[4444]15645
g683[4444]242
g683[4444]15581
g266{{g1831}}2
g266{{g1831}}2
g45{{g4659}}3
g45{{g4659}}3
g266{{g4659}}2
g266{{g4659}}3
[4591][546]7
[4591][546]14
[4592][546]10
[4592][546]14
g696[4591]7
g696[4591]11
g578[4591]7
g578[4591]12
g696[4842]3
g696[4842]3
g197[4842]44
g197[4842]3
g10{{g4132}}2
g10{{g4132}}2
g10{{g4145}}2
g10{{g4145}}2
g567{{g4121}}6
g567{{g4121}}7
g638{{g4121}}6
g638{{g4121}}2
g663{{g1288}}2
g663{{g1288}}2
g650{{g3230}}2
g650{{g3230}}2
g650{{g3239}}2
g650{{g3239}}2
g1{{g4129}}2
g1{{g4129}}2
g1{{g4142}}2
g1{{g4142}}2
g702{{g1294}}2
g702{{g1294}}2
g606{{g3237}}2
g606{{g3237}}2
g606{{g3228}}2
g606{{g3228}}2
[4473][470]26
[4473][470]9
[4474][470]26
[4474][470]9
g520[4473]26
g520[4473]8
g242[4473]26
g242[4473]8
g520[4474]8
g520[4474]26
g242[4474]8
g242[4474]26
g210[367]1470
g210[367]7
n1137[367]2859
n1137[367]1470
g42{{g4106}}2
g42{{g4106}}2
g42{{g4125}}2
g42{{g4125}}2
g42{{g4126}}2
g42{{g4126}}2
g690{{g2586}}2
g690{{g2586}}2
g690[555]9
g690[555]17
g582[555]17
g582[555]8
g14{{g4133}}2
g14{{g4133}}2
g14{{g4146}}2
g14{{g4146}}2
[4477][552]27
[4477][552]3
[4478][552]27
[4478][552]3
g224[4478]3
g224[4478]27
g508[4478]3
g508[4478]27
g224[4477]27
g224[4477]3
g508[4477]27
g508[4477]3
g89{{g2584}}20
g89{{g2584}}16
g102{{g2584}}25
g102{{g2584}}20
g691{{g2587}}2
g691{{g2587}}2
g582[554]20
g582[554]9
g691[554]9
g691[554]20
g578[4589]14
g578[4589]8
g582[4589]14
g582[4589]10
g694[4589]13
g694[4589]14
g697[4592]7
g697[4592]12
g578[4592]11
g578[4592]7
g582[4592]8
g582[4592]14
g667{{g1289}}2
g667{{g1289}}2
g94[4892]11
g94[4892]1
g102[4892]6
g102[4892]11
g123[4892]6
g123[4892]22
g94[305]10
g94[305]20
g102[305]15
g102[305]20
[4465]n117225
[4465]n117221
[4466]n117225
[4466]n117221
[4467]n117225
[4467]n117221
[4468]n117225
[4468]n117221
g212[4467]19
g212[4467]25
g504[4467]25
g504[4467]18
g218[4467]25
g218[4467]21
g500[4467]21
g500[4467]25
g212[4466]25
g212[4466]19
g504[4466]18
g504[4466]25
g218[4466]21
g218[4466]25
g500[4466]25
g500[4466]21
g212[4468]19
g212[4468]25
g504[4468]18
g504[4468]25
g218[4468]21
g218[4468]25
g500[4468]21
g500[4468]25
g212[4465]25
g212[4465]19
g504[4465]25
g504[4465]18
g218[4465]25
g218[4465]21
g500[4465]25
g500[4465]21
g25{{g6725}}2
g25{{g6725}}2
g36{{g4138}}2
g36{{g4138}}2
g36{{g4100}}2
g36{{g4100}}2
g7{{g6721}}2
g7{{g6721}}2
g19{{g6724}}2
g19{{g6724}}2
g39{{g4103}}2
g39{{g4103}}2
g39{{g4141}}2
g39{{g4141}}2
g301n205376
g301n205313
g319n205376
g319n205312
g301{{g2585}}64
g301{{g2585}}57
g314{{g2585}}67
g314{{g2585}}64
g301n123299
g301n123245
g314n123299
g314n123228
g319n123246
g319n123299
[4393][478]4688
[4393][478]533
[4394][478]4688
[4394][478]533
g291[4394]530
g291[4394]4688
g685[4394]194
g685[4394]4688
g291[4393]4688
g291[4393]194
g685[4393]4688
g685[4393]530
g37{{g4139}}2
g37{{g4139}}2
g37{{g4101}}2
g37{{g4101}}2
g18{{g4134}}2
g18{{g4134}}2
g18{{g4147}}2
g18{{g4147}}2
g128[334]3
g128[334]3
g114[334]3
g114[334]2
g642{{g3227}}2
g642{{g3227}}2
g642{{g3236}}2
g642{{g3236}}2
[4395][479]4637
[4395][479]527
[4396][479]4637
[4396][479]527
g289[4395]4637
g289[4395]517
g683[4395]4637
g683[4395]517
g289[4396]517
g289[4396]4637
g683[4396]517
g683[4396]4637
g3{{g6720}}2
g3{{g6720}}2
g697[4679]3
g697[4679]3
g197[4679]42
g197[4679]3
g590[4593]3
g590[4593]18
g594[4593]23
g594[4593]3
g282[364]13
g282[364]7
n1044[364]195
n1044[364]13
g567{{g3233}}2
g567{{g3233}}2
g567{{g3224}}2
g567{{g3224}}2
g22{{g4104}}2
g22{{g4104}}2
[4436]n1044769
[4436]n104497
[4437]n10441809
[4437]n104497
g281[4437]74
g281[4437]1809
g280[4437]68
g280[4437]1809
g281[4436]769
g281[4436]68
g280[4436]769
g280[4436]74
g248[4759]1011
g248[4759]389
g254[4759]1011
g254[4759]385
[4760][4759]999
[4760][4759]389
g248[4441]2296
g248[4441]2279
g254[4441]2296
g254[4441]2278
[4442][4441]2294
[4442][4441]2279
g705{{g3222}}2
g705{{g3222}}2
g32{{g4099}}2
g32{{g4099}}2
g32{{g4137}}2
g32{{g4137}}2
g41{{g4110}}2
g41{{g4110}}2
g699{{g1293}}2
g699{{g1293}}2
g45{{g4108}}2
g45{{g4108}}2
g45{{g4127}}2
g45{{g4127}}2
g564{{g4422}}2
g564{{g4422}}2
[4460]n113724791
[4460]n11372708
[4461]n113727448
[4461]n11372708
g208[4461]1447
g208[4461]27448
g209[4461]2639
g209[4461]27448
g208[4460]24791
g208[4460]2639
g209[4460]24791
g209[4460]1447
g664{{g1291}}2
g664{{g1291}}2
g242[4760]999
g242[4760]389
g236[4760]999
g236[4760]385
g242[4442]2294
g242[4442]2279
g236[4442]2294
g236[4442]2278
duration = 531.734sec.

