
outfunc
duration = 0.748759sec.

cost:4661
CSPF
duration = 5333.11sec.
duration = 9.56344sec.

Transcirc
delete_node_ex8
cost:4627

[879]
minus1152(1452)1



[880]
minus1152(1452)1



[891]
minus1344(1449)1



[892]
minus1344(1449)1



[131]
minus[166]1
minus[172]1



[757]
minus[182]1



[4816]
minus1448(1698)2



[806]
minus1185(1721)1



[871]
minus1758(1420)1



[872]
minus1758(1420)1



[793]
minus2135(1673)1



[130]
minus[163]1
minus[169]1



[669]
minus1268(2050)1



[717]
minus[126]1



[4813]
minus{{591(1894),621(1893)}}1


wire15
two_wire17
delete_node23
cost:4603
