
outfunc
duration = 0.039727sec.

cost:3272
CSPF
n419{{n2078}}1
n419{{n2078}}32
n438{{n2078}}16
n438{{n2078}}32
n595{{n2078}}27
n595{{n2078}}16
[142]{{n2078}}4
[142]{{n2078}}16
[159]{{n2078}}7
[159]{{n2078}}35
n0_DFFSRX1_130{{n2078}}26
n0_DFFSRX1_130{{n2078}}34
[2264]{{n2078}}34
[2264]{{n2078}}66
n650[2264]14
n650[2264]27
[160][2264]14
[160][2264]17
[2265][2264]10
[2265][2264]66
n419{{n2092}}1
n419{{n2092}}39
n438{{n2092}}20
n438{{n2092}}39
n977{{n2092}}33
n977{{n2092}}20
[142]{{n2092}}5
[142]{{n2092}}20
[159]{{n2092}}7
[159]{{n2092}}43
n0_DFFSRX1_132{{n2092}}32
n0_DFFSRX1_132{{n2092}}42
[2266]{{n2092}}39
[2266]{{n2092}}57
n419{{n1552}}1
n419{{n1552}}41
n438{{n1552}}21
n438{{n1552}}41
[142]{{n1552}}29
[142]{{n1552}}21
[155]{{n1552}}21
[155]{{n1552}}40
[159]{{n1552}}7
[159]{{n1552}}46
n0_DFFSRX1_34{{n1552}}34
n0_DFFSRX1_34{{n1552}}44
[2199]{{n1552}}41
[2199]{{n1552}}65
n419{{n1637}}1
n419{{n1637}}43
n438{{n1637}}22
n438{{n1637}}43
[142]{{n1637}}31
[142]{{n1637}}22
[165]{{n1637}}22
[165]{{n1637}}43
[159]{{n1637}}7
[159]{{n1637}}47
n0_DFFSRX1_49{{n1637}}36
n0_DFFSRX1_49{{n1637}}46
[2207]{{n1637}}43
[2207]{{n1637}}63
n0_DFFSRX1_212[2199]10
n0_DFFSRX1_212[2199]10
[161][2199]10
[161][2199]42
[2200][2199]18
[2200][2199]65
[160][2200]18
[160][2200]44
[165][2200]75
[165][2200]18
[2181]{{n1367_1}}27
[2181]{{n1367_1}}43
[2182]{{n1367_1}}11
[2182]{{n1367_1}}43
n0_DFFSRX1_7[2181]23
n0_DFFSRX1_7[2181]23
[176][2181]23
[176][2181]20
[227][2181]27
[227][2181]20
n438[2181]27
n438[2181]11
[142][2181]3
[142][2181]27
n0_DFFSRX1_236sn43819
n0_DFFSRX1_236sn43819
[227]sn43819
[227]sn43817
n0_DFFSRX1_7[227]33
n0_DFFSRX1_7[227]17
[176][227]37
[176][227]17
n0_DFFSRX1_214[2207]10
n0_DFFSRX1_214[2207]10
[161][2207]10
[161][2207]43
[2208][2207]19
[2208][2207]63
[160][2208]19
[160][2208]47
[176][2208]75
[176][2208]19
n0_DFFSRX1_49[176]45
n0_DFFSRX1_49[176]31
[165][176]67
[165][176]31
n0_DFFSRX1_34[165]55
n0_DFFSRX1_34[165]58
[155][165]76
[155][165]58
[155][2266]25
[155][2266]17
[160][2266]17
[160][2266]16
[2267][2266]10
[2267][2266]57
n0_DFFSRX1_132[155]55
n0_DFFSRX1_132[155]75
n977[155]75
n977[155]72
n419{{n1716}}1
n419{{n1716}}37
n438{{n1716}}19
n438{{n1716}}37
n448{{n1716}}30
n448{{n1716}}19
[142]{{n1716}}5
[142]{{n1716}}19
[159]{{n1716}}7
[159]{{n1716}}42
n0_DFFSRX1_66{{n1716}}31
n0_DFFSRX1_66{{n1716}}40
[2212]{{n1716}}37
[2212]{{n1716}}57
n977[2212]16
n977[2212]25
[160][2212]16
[160][2212]16
[2213][2212]10
[2213][2212]57
n0_DFFSRX1_66n97751
n0_DFFSRX1_66n977133
n448n977133
n448n97767
n419{{n2036}}1
n419{{n2036}}32
n438{{n2036}}18
n438{{n2036}}32
n650{{n2036}}25
n650{{n2036}}18
[142]{{n2036}}5
[142]{{n2036}}18
[159]{{n2036}}7
[159]{{n2036}}30
n0_DFFSRX1_124{{n2036}}28
n0_DFFSRX1_124{{n2036}}30
[2258]{{n2036}}28
[2258]{{n2036}}30
n448[2258]15
n448[2258]19
[160][2258]15
[160][2258]10
[2259][2258]9
[2259][2258]30
n0_DFFSRX1_124n44846
n0_DFFSRX1_124n448207
n650n448207
n650n44865
n0_DFFSRX1_130n65044
n0_DFFSRX1_130n650250
n595n650250
n595n65064
n1374{{n2825}}12
n1374{{n2825}}12
n1540{{n2825}}12
n1540{{n2825}}7
n0_DFFSRX1_283{{n2825}}13
n0_DFFSRX1_283{{n2825}}14
[142]{{n2825}}3
[142]{{n2825}}13
[2347]{{n2825}}11
[2347]{{n2825}}20
wb_dat_i[3][2347]11
wb_dat_i[3][2347]11
[182][2347]11
[182][2347]13
n0_DFFSRX1_285{{n2839}}16
n0_DFFSRX1_285{{n2839}}16
[150]{{n2839}}16
[150]{{n2839}}15
[2348]{{n2839}}11
[2348]{{n2839}}20
wb_dat_i[4][2348]11
wb_dat_i[4][2348]11
[182][2348]11
[182][2348]16
n0_DFFSRX1_331{{n2946}}16
n0_DFFSRX1_331{{n2946}}16
[150]{{n2946}}16
[150]{{n2946}}15
[2353]{{n2946}}11
[2353]{{n2946}}23
wb_dat_i[5][2353]11
wb_dat_i[5][2353]11
[182][2353]11
[182][2353]16
n0_DFFSRX1_288{{n2854}}17
n0_DFFSRX1_288{{n2854}}17
[150]{{n2854}}17
[150]{{n2854}}15
[2349]{{n2854}}11
[2349]{{n2854}}22
wb_dat_i[7][2349]11
wb_dat_i[7][2349]11
[182][2349]11
[182][2349]17
wb_dat_i[2]{{n3228}}11
wb_dat_i[2]{{n3228}}11
[182]{{n3228}}11
[182]{{n3228}}12
[2437]{{n3228}}12
[2437]{{n3228}}19
n0_DFFSRX1_290{{n2868}}17
n0_DFFSRX1_290{{n2868}}17
[150]{{n2868}}17
[150]{{n2868}}15
[2350]{{n2868}}11
[2350]{{n2868}}24
wb_dat_i[6][2350]11
wb_dat_i[6][2350]11
[182][2350]11
[182][2350]17
wb_dat_i[0]{{n3214}}11
wb_dat_i[0]{{n3214}}11
[182]{{n3214}}11
[182]{{n3214}}13
[2436]{{n3214}}12
[2436]{{n3214}}15
wb_dat_i[1]{{n3313}}11
wb_dat_i[1]{{n3313}}11
[182]{{n3313}}11
[182]{{n3313}}13
[2439]{{n3313}}13
[2439]{{n3313}}20
n1374[182]22
n1374[182]30
[166][182]22
[166][182]6
n0_DFFSRX1_483[2439]13
n0_DFFSRX1_483[2439]13
[207][2439]13
[207][2439]12
n0_DFFSRX1_425[2436]12
n0_DFFSRX1_425[2436]12
[207][2436]12
[207][2436]12
n0_DFFSRX1_394[150]8
n0_DFFSRX1_394[150]15
n1540[150]18
n1540[150]15
[143][150]15
[143][150]21
[207][150]23
[207][150]21
n0_DFFSRX1_427[2437]12
n0_DFFSRX1_427[2437]12
[207][2437]12
[207][2437]12
n1374[207]21
n1374[207]29
[166][207]29
[166][207]6
arst_i[166]55
arst_i[166]6
n1540[166]55
n1540[166]5
[142]{{n2547}}20
[142]{{n2547}}18
[2316]{{n2547}}15
[2316]{{n2547}}18
n0_DFFSRX1_224[2316]14
n0_DFFSRX1_224[2316]12
[157][2316]14
[157][2316]10
[2317][2316]8
[2317][2316]18
[142]{{n2519}}20
[142]{{n2519}}15
[2312]{{n2519}}13
[2312]{{n2519}}15
n0_DFFSRX1_220[2312]12
n0_DFFSRX1_220[2312]12
[157][2312]12
[157][2312]10
[2313][2312]8
[2313][2312]15
[142]{{n2491}}22
[142]{{n2491}}18
[2308]{{n2491}}15
[2308]{{n2491}}18
n0_DFFSRX1_216[2308]15
n0_DFFSRX1_216[2308]12
[157][2308]15
[157][2308]10
[2309][2308]8
[2309][2308]18
[142]{{n2421}}21
[142]{{n2421}}16
[2298]{{n2421}}14
[2298]{{n2421}}16
n0_DFFSRX1_206[2298]12
n0_DFFSRX1_206[2298]12
[157][2298]12
[157][2298]10
[2299][2298]8
[2299][2298]16
[142]{{n2561}}21
[142]{{n2561}}16
[2318]{{n2561}}14
[2318]{{n2561}}16
n0_DFFSRX1_226[2318]13
n0_DFFSRX1_226[2318]12
[157][2318]13
[157][2318]10
[2319][2318]8
[2319][2318]16
[142]{{n2533}}21
[142]{{n2533}}16
[2314]{{n2533}}14
[2314]{{n2533}}16
n0_DFFSRX1_222[2314]14
n0_DFFSRX1_222[2314]12
[157][2314]14
[157][2314]10
[2315][2314]8
[2315][2314]16
[142]{{n2505}}21
[142]{{n2505}}18
[2310]{{n2505}}15
[2310]{{n2505}}18
n0_DFFSRX1_218[2310]13
n0_DFFSRX1_218[2310]12
[157][2310]13
[157][2310]10
[2311][2310]8
[2311][2310]18
[142]{{n2407}}21
[142]{{n2407}}16
[2296]{{n2407}}14
[2296]{{n2407}}16
n0_DFFSRX1_204[2296]13
n0_DFFSRX1_204[2296]12
[157][2296]13
[157][2296]10
[2297][2296]8
[2297][2296]16
n1081[157]20
n1081[157]22
n1082[157]18
n1082[157]20
n1540[157]20
n1540[157]137
[142]{{n2361}}21
[142]{{n2361}}18
[2290]{{n2361}}15
[2290]{{n2361}}18
n0_DFFSRX1_196[2290]12
n0_DFFSRX1_196[2290]12
[156][2290]12
[156][2290]10
[2291][2290]8
[2291][2290]18
[142]{{n2393}}21
[142]{{n2393}}16
[2294]{{n2393}}14
[2294]{{n2393}}16
n0_DFFSRX1_202[2294]14
n0_DFFSRX1_202[2294]12
[156][2294]14
[156][2294]10
[2295][2294]8
[2295][2294]16
[142]{{n2463}}21
[142]{{n2463}}18
[2304]{{n2463}}15
[2304]{{n2463}}18
n0_DFFSRX1_212[2304]13
n0_DFFSRX1_212[2304]12
[156][2304]13
[156][2304]10
[2305][2304]8
[2305][2304]18
[142]{{n2435}}21
[142]{{n2435}}16
[2300]{{n2435}}14
[2300]{{n2435}}16
n0_DFFSRX1_208[2300]14
n0_DFFSRX1_208[2300]12
[156][2300]14
[156][2300]10
[2301][2300]8
[2301][2300]16
[142]{{n2346}}20
[142]{{n2346}}18
[2288]{{n2346}}15
[2288]{{n2346}}18
n0_DFFSRX1_193[2288]15
n0_DFFSRX1_193[2288]12
[156][2288]15
[156][2288]10
[2289][2288]8
[2289][2288]18
[142]{{n2379}}20
[142]{{n2379}}15
[2292]{{n2379}}13
[2292]{{n2379}}15
n0_DFFSRX1_200[2292]12
n0_DFFSRX1_200[2292]12
[156][2292]12
[156][2292]10
[2293][2292]8
[2293][2292]15
[142]{{n2477}}22
[142]{{n2477}}18
[2306]{{n2477}}15
[2306]{{n2477}}18
n0_DFFSRX1_214[2306]15
n0_DFFSRX1_214[2306]12
[156][2306]15
[156][2306]10
[2307][2306]8
[2307][2306]18
[142]{{n2449}}21
[142]{{n2449}}18
[2302]{{n2449}}15
[2302]{{n2449}}18
n0_DFFSRX1_210[2302]13
n0_DFFSRX1_210[2302]12
[156][2302]13
[156][2302]10
[2303][2302]8
[2303][2302]18
n1081[156]1
n1081[156]20
n1082[156]20
n1082[156]22
n1540[156]20
n1540[156]134
wb_dat_i[3]{{n2769}}10
wb_dat_i[3]{{n2769}}10
[178]{{n2769}}10
[178]{{n2769}}12
[2343]{{n2769}}12
[2343]{{n2769}}15
n0_DFFSRX1_275[2343]12
n0_DFFSRX1_275[2343]12
[179][2343]12
[179][2343]11
wb_dat_i[2]{{n2932}}10
wb_dat_i[2]{{n2932}}10
[178]{{n2932}}10
[178]{{n2932}}12
[2352]{{n2932}}12
[2352]{{n2932}}16
n0_DFFSRX1_329[2352]12
n0_DFFSRX1_329[2352]12
[179][2352]12
[179][2352]11
wb_dat_i[4]{{n2783}}10
wb_dat_i[4]{{n2783}}10
[178]{{n2783}}10
[178]{{n2783}}12
[2344]{{n2783}}12
[2344]{{n2783}}16
n0_DFFSRX1_277[2344]12
n0_DFFSRX1_277[2344]12
[179][2344]12
[179][2344]11
wb_dat_i[5]{{n2797}}10
wb_dat_i[5]{{n2797}}10
[178]{{n2797}}10
[178]{{n2797}}12
[2345]{{n2797}}12
[2345]{{n2797}}16
n0_DFFSRX1_279[2345]12
n0_DFFSRX1_279[2345]12
[179][2345]12
[179][2345]11
wb_dat_i[0]{{n2741}}10
wb_dat_i[0]{{n2741}}10
[178]{{n2741}}10
[178]{{n2741}}12
[2341]{{n2741}}12
[2341]{{n2741}}15
n0_DFFSRX1_271[2341]12
n0_DFFSRX1_271[2341]12
[179][2341]12
[179][2341]11
wb_dat_i[7]{{n2811}}10
wb_dat_i[7]{{n2811}}10
[178]{{n2811}}10
[178]{{n2811}}12
[2346]{{n2811}}12
[2346]{{n2811}}18
n0_DFFSRX1_281[2346]12
n0_DFFSRX1_281[2346]12
[179][2346]12
[179][2346]11
wb_dat_i[1]{{n2755}}10
wb_dat_i[1]{{n2755}}10
[178]{{n2755}}10
[178]{{n2755}}12
[2342]{{n2755}}12
[2342]{{n2755}}18
n0_DFFSRX1_273[2342]12
n0_DFFSRX1_273[2342]12
[179][2342]12
[179][2342]11
wb_dat_i[6]{{n2886}}10
wb_dat_i[6]{{n2886}}10
[178]{{n2886}}10
[178]{{n2886}}12
[2351]{{n2886}}12
[2351]{{n2886}}18
n0_DFFSRX1_296[2351]12
n0_DFFSRX1_296[2351]12
[179][2351]12
[179][2351]11
[142][179]10
[142][179]30
[145][179]30
[145][179]19
arst_i[178]20
arst_i[178]9
[145][178]28
[145][178]20
n1287[145]8
n1287[145]8
n1540[145]8
n1540[145]5
wb_dat_i[3]{{n2575}}10
wb_dat_i[3]{{n2575}}10
[180]{{n2575}}10
[180]{{n2575}}12
[2320]{{n2575}}12
[2320]{{n2575}}16
n0_DFFSRX1_228[2320]12
n0_DFFSRX1_228[2320]12
[181][2320]12
[181][2320]11
wb_dat_i[0]{{n2713}}10
wb_dat_i[0]{{n2713}}10
[180]{{n2713}}10
[180]{{n2713}}12
[2339]{{n2713}}12
[2339]{{n2713}}15
n0_DFFSRX1_267[2339]12
n0_DFFSRX1_267[2339]12
[181][2339]12
[181][2339]11
wb_dat_i[4]{{n2589}}10
wb_dat_i[4]{{n2589}}10
[180]{{n2589}}10
[180]{{n2589}}12
[2321]{{n2589}}12
[2321]{{n2589}}16
n0_DFFSRX1_230[2321]12
n0_DFFSRX1_230[2321]12
[181][2321]12
[181][2321]11
wb_dat_i[5]{{n2603}}10
wb_dat_i[5]{{n2603}}10
[180]{{n2603}}10
[180]{{n2603}}12
[2322]{{n2603}}12
[2322]{{n2603}}18
n0_DFFSRX1_232[2322]12
n0_DFFSRX1_232[2322]12
[181][2322]12
[181][2322]11
wb_dat_i[1]{{n2727}}10
wb_dat_i[1]{{n2727}}10
[180]{{n2727}}10
[180]{{n2727}}12
[2340]{{n2727}}12
[2340]{{n2727}}18
n0_DFFSRX1_269[2340]12
n0_DFFSRX1_269[2340]12
[181][2340]12
[181][2340]11
wb_dat_i[6]{{n2617}}10
wb_dat_i[6]{{n2617}}10
[180]{{n2617}}10
[180]{{n2617}}12
[2323]{{n2617}}12
[2323]{{n2617}}18
n0_DFFSRX1_234[2323]12
n0_DFFSRX1_234[2323]12
[181][2323]12
[181][2323]11
wb_dat_i[2]{{n2664}}10
wb_dat_i[2]{{n2664}}10
[180]{{n2664}}10
[180]{{n2664}}12
[2337]{{n2664}}12
[2337]{{n2664}}18
n0_DFFSRX1_248[2337]12
n0_DFFSRX1_248[2337]12
[181][2337]12
[181][2337]11
wb_dat_i[7]{{n2631}}10
wb_dat_i[7]{{n2631}}10
[180]{{n2631}}10
[180]{{n2631}}12
[2324]{{n2631}}12
[2324]{{n2631}}16
n0_DFFSRX1_236[2324]12
n0_DFFSRX1_236[2324]12
[181][2324]12
[181][2324]11
[142][181]10
[142][181]30
[144][181]30
[144][181]19
arst_i[180]20
arst_i[180]9
[144][180]28
[144][180]20
n1233[144]8
n1233[144]8
n1540[144]8
n1540[144]5
wb_rst_in15405
wb_rst_in154081
n1089n154081
n1089n15404
wb_dat_i[2][2311]8
wb_dat_i[2][2311]10
[177][2311]8
[177][2311]12
wb_dat_i[0][2299]8
wb_dat_i[0][2299]10
[177][2299]8
[177][2299]12
wb_dat_i[6][2317]8
wb_dat_i[6][2317]10
[177][2317]8
[177][2317]12
wb_dat_i[3][2313]8
wb_dat_i[3][2313]10
[177][2313]8
[177][2313]12
wb_dat_i[1][2309]8
wb_dat_i[1][2309]10
[177][2309]8
[177][2309]12
wb_dat_i[4][2297]8
wb_dat_i[4][2297]10
[177][2297]8
[177][2297]12
wb_dat_i[7][2319]8
wb_dat_i[7][2319]10
[177][2319]8
[177][2319]12
wb_dat_i[5][2315]8
wb_dat_i[5][2315]10
[177][2315]8
[177][2315]12
n1081[177]17
n1081[177]28
n1089[177]17
n1089[177]15
wb_dat_i[3][2291]8
wb_dat_i[3][2291]10
[185][2291]8
[185][2291]12
wb_dat_i[6][2307]8
wb_dat_i[6][2307]10
[185][2307]8
[185][2307]12
wb_dat_i[7][2295]8
wb_dat_i[7][2295]10
[185][2295]8
[185][2295]12
wb_dat_i[4][2303]8
wb_dat_i[4][2303]10
[185][2303]8
[185][2303]12
wb_dat_i[1][2289]8
wb_dat_i[1][2289]10
[185][2289]8
[185][2289]12
wb_dat_i[0][2293]8
wb_dat_i[0][2293]10
[185][2293]8
[185][2293]12
wb_dat_i[5][2305]8
wb_dat_i[5][2305]10
[185][2305]8
[185][2305]12
wb_dat_i[2][2301]8
wb_dat_i[2][2301]10
[185][2301]8
[185][2301]12
n1082[185]17
n1082[185]26
n1089[185]17
n1089[185]15
wb_we_in108999
wb_we_in10894
wb_stb_in108999
wb_stb_in10893
wb_cyc_in108999
wb_cyc_in10892
wb_stb_i{{n3942}}4
wb_stb_i{{n3942}}4
wb_cyc_i{{n3942}}4
wb_cyc_i{{n3942}}3
n0_DFFX1_752{{n3942}}2
n0_DFFX1_752{{n3942}}4
n419{{n2106}}1
n419{{n2106}}28
n438{{n2106}}12
n438{{n2106}}28
n428{{n2106}}20
n428{{n2106}}12
[142]{{n2106}}4
[142]{{n2106}}12
[159]{{n2106}}7
[159]{{n2106}}29
n0_DFFSRX1_134{{n2106}}23
n0_DFFSRX1_134{{n2106}}29
[2268]{{n2106}}27
[2268]{{n2106}}49
n592[2268]9
n592[2268]17
[160][2268]9
[160][2268]15
[2269][2268]10
[2269][2268]49
n419{{n2050}}1
n419{{n2050}}25
n438{{n2050}}13
n438{{n2050}}25
n592{{n2050}}20
n592{{n2050}}13
[142]{{n2050}}4
[142]{{n2050}}13
[159]{{n2050}}7
[159]{{n2050}}24
n0_DFFSRX1_126{{n2050}}23
n0_DFFSRX1_126{{n2050}}24
[2260]{{n2050}}23
[2260]{{n2050}}42
n419{{n2008}}1
n419{{n2008}}30
n438{{n2008}}14
n438{{n2008}}30
n446{{n2008}}22
n446{{n2008}}14
[142]{{n2008}}5
[142]{{n2008}}14
[159]{{n2008}}7
[159]{{n2008}}27
n0_DFFSRX1_120{{n2008}}24
n0_DFFSRX1_120{{n2008}}27
[2253]{{n2008}}26
[2253]{{n2008}}28
n419{{n1974}}1
n419{{n1974}}28
n438{{n1974}}13
n438{{n1974}}28
[142]{{n1974}}14
[142]{{n1974}}13
[193]{{n1974}}13
[193]{{n1974}}25
[159]{{n1974}}7
[159]{{n1974}}33
n0_DFFSRX1_114{{n1974}}23
n0_DFFSRX1_114{{n1974}}32
[2249]{{n1974}}31
[2249]{{n1974}}41
n446[2249]11
n446[2249]14
[160][2249]11
[160][2249]15
[2250][2249]10
[2250][2249]41
n429[2253]12
n429[2253]15
[160][2253]12
[160][2253]12
[2254][2253]10
[2254][2253]28
n419{{n2064}}1
n419{{n2064}}30
n438{{n2064}}16
n438{{n2064}}30
n429{{n2064}}24
n429{{n2064}}16
[142]{{n2064}}5
[142]{{n2064}}16
[159]{{n2064}}7
[159]{{n2064}}29
n0_DFFSRX1_128{{n2064}}26
n0_DFFSRX1_128{{n2064}}28
[2262]{{n2064}}26
[2262]{{n2064}}29
n595[2262]13
n595[2262]18
[160][2262]13
[160][2262]10
[2263][2262]9
[2263][2262]29
n0_DFFSRX1_128n59543
n0_DFFSRX1_128n595270
n429n595270
n429n59562
n0_DFFSRX1_120n42941
n0_DFFSRX1_120n429284
n446n429284
n446n42960
n0_DFFSRX1_114n44639
n0_DFFSRX1_114n446351
[193]n44656
[193]n446351
n0_DFFSRX1_222[2260]9
n0_DFFSRX1_222[2260]9
[161][2260]9
[161][2260]30
[2261][2260]10
[2261][2260]42
[160][2261]10
[160][2261]22
[193][2261]45
[193][2261]10
n0_DFFSRX1_126[193]41
n0_DFFSRX1_126[193]661
n592[193]661
n592[193]73
n0_DFFSRX1_134n59248
n0_DFFSRX1_134n592677
n428n592677
n428n59270
n419{{n1920}}1
n419{{n1920}}20
n438{{n1920}}10
n438{{n1920}}20
[142]{{n1920}}10
[142]{{n1920}}10
[197]{{n1920}}10
[197]{{n1920}}18
[159]{{n1920}}7
[159]{{n1920}}19
n0_DFFSRX1_100{{n1920}}18
n0_DFFSRX1_100{{n1920}}19
[2242]{{n1920}}20
[2242]{{n1920}}34
n428[2242]8
n428[2242]15
[160][2242]8
[160][2242]14
[2243][2242]9
[2243][2242]34
n0_DFFSRX1_100n42845
n0_DFFSRX1_100n428690
[197]n42866
[197]n428690
[2390]{{n2980}}5
[2390]{{n2980}}27
[2391]{{n2980}}5
[2391]{{n2980}}27
[2392]{{n2980}}5
[2392]{{n2980}}27
[2393]{{n2980}}5
[2393]{{n2980}}27
[2394]{{n2980}}5
[2394]{{n2980}}27
[2395]{{n2980}}5
[2395]{{n2980}}27
n0_DFFSRX1_427[2391]5
n0_DFFSRX1_427[2391]5
n1279[2391]5
n1279[2391]17
n0_DFFSRX1_218[2390]5
n0_DFFSRX1_218[2390]5
n1081[2390]5
n1081[2390]18
n419{{n1956}}1
n419{{n1956}}17
n438{{n1956}}8
n438{{n1956}}17
[142]{{n1956}}8
[142]{{n1956}}8
[170]{{n1956}}8
[170]{{n1956}}18
[159]{{n1956}}7
[159]{{n1956}}20
n0_DFFSRX1_110{{n1956}}15
n0_DFFSRX1_110{{n1956}}20
[2247]{{n1956}}22
[2247]{{n1956}}35
n0_DFFSRX1_218[2247]9
n0_DFFSRX1_218[2247]9
[161][2247]9
[161][2247]19
[2248][2247]7
[2248][2247]35
[167]{{n1935}}12
[167]{{n1935}}12
[2244]{{n1935}}10
[2244]{{n1935}}12
[142][2244]14
[142][2244]10
[2245][2244]10
[2245][2244]16
n0_DFFSRX1_391[2245]7
n0_DFFSRX1_391[2245]11
[175][2245]18
[175][2245]7
[2246][2245]9
[2246][2245]16
n0_DFFSRX1_103[2246]9
n0_DFFSRX1_103[2246]15
[253][2246]9
[253][2246]11
n0_DFFSRX1_138{{n2134}}7
n0_DFFSRX1_138{{n2134}}7
[254]{{n2134}}7
[254]{{n2134}}7
[253]{{n2134}}11
[253]{{n2134}}7
[142]{{n2134}}3
[142]{{n2134}}11
[167]{{n2134}}4
[167]{{n2134}}11
n0_DFFSRX1_391[253]14
n0_DFFSRX1_391[253]9
[163][253]13
[163][253]14
n768{{n2286}}13
n768{{n2286}}31
[143]{{n2286}}13
[143]{{n2286}}4
[2283]{{n2286}}21
[2283]{{n2286}}29
n749{{n1780}}21
n749{{n1780}}105
n759{{n1780}}13
n759{{n1780}}105
n768{{n1780}}13
n768{{n1780}}105
[240]{{n1780}}105
[240]{{n1780}}39
[143]{{n1780}}104
[143]{{n1780}}4
n698{{n1744}}10
n698{{n1744}}11
n768{{n1744}}13
n768{{n1744}}10
[143]{{n1744}}10
[143]{{n1744}}6
[152]{{n1744}}1
[152]{{n1744}}21
n0_DFFSRX1_70{{n1744}}10
n0_DFFSRX1_70{{n1744}}15
[247]{{n1744}}48
[247]{{n1744}}46
n725{{n1730}}11
n725{{n1730}}38
[149]{{n1730}}11
[149]{{n1730}}79
[152]{{n1730}}19
[152]{{n1730}}88
[243]{{n1730}}19
[243]{{n1730}}88
n0_DFFSRX1_68{{n1730}}36
n0_DFFSRX1_68{{n1730}}64
[2216]{{n1730}}57
[2216]{{n1730}}95
[151][2216]13
[151][2216]34
[212][2216]13
[212][2216]96
[247][2216]48
[247][2216]95
n698[247]21
n698[247]28
n768[247]13
n768[247]21
[151][247]21
[151][247]27
[2217][247]14
[2217][247]52
n0_DFFSRX1_506n76813
n0_DFFSRX1_506n76813
n698n76813
n698n76822
[175]n76828
[175]n76813
[2432]{{n3129}}15
[2432]{{n3129}}19
[2433]{{n3129}}7
[2433]{{n3129}}19
n0_DFFSRX1_70[2432]15
n0_DFFSRX1_70[2432]15
n0_DFFSRX1_72[2432]15
n0_DFFSRX1_72[2432]15
[151][2432]15
[151][2432]13
[175][2432]15
[175][2432]12
[151][2283]13
[151][2283]26
[212][2283]13
[212][2283]33
[2284][2283]10
[2284][2283]29
n0_DFFSRX1_180[2284]10
n0_DFFSRX1_180[2284]17
[243][2284]10
[243][2284]36
[149][243]14
[149][243]29
[168][243]14
[168][243]26
[2215][243]11
[2215][243]37
[143][2215]11
[143][2215]33
[212][2215]11
[212][2215]36
n691[212]22
n691[212]15
n749[212]16
n749[212]22
n691{{n1758}}10
n691{{n1758}}12
[149]{{n1758}}10
[149]{{n1758}}23
[152]{{n1758}}1
[152]{{n1758}}20
n0_DFFSRX1_72{{n1758}}10
n0_DFFSRX1_72{{n1758}}16
[2220]{{n1758}}29
[2220]{{n1758}}29
n749[2220]21
n749[2220]31
n759[2220]13
n759[2220]31
[143][2220]28
[143][2220]4
[2221][2220]11
[2221][2220]29
n0_DFFSRX1_506n74916
n0_DFFSRX1_506n74927
n691n74916
n691n74943
[175]n74916
[175]n74931
n0_DFFSRX1_103[175]60
n0_DFFSRX1_103[175]4
[163][175]96
[163][175]4
n0_DFFSRX1_136[163]42
n0_DFFSRX1_136[163]11
n0_DFFSRX1_138[163]39
n0_DFFSRX1_138[163]11
n0_DFFSRX1_55{{n1679}}6
n0_DFFSRX1_55{{n1679}}6
n0_DFFSRX1_166{{n1679}}5
n0_DFFSRX1_166{{n1679}}6
n0_DFFSRX1_187{{n1679}}4
n0_DFFSRX1_187{{n1679}}6
[142]{{n1679}}3
[142]{{n1679}}6
[2413]{{n3027}}5
[2413]{{n3027}}55
[2414]{{n3027}}5
[2414]{{n3027}}55
[2415]{{n3027}}5
[2415]{{n3027}}55
[2416]{{n3027}}5
[2416]{{n3027}}55
[2417]{{n3027}}5
[2417]{{n3027}}55
[2418]{{n3027}}5
[2418]{{n3027}}55
[2419]{{n3027}}5
[2419]{{n3027}}55
n0_DFFSRX1_55[2419]5
n0_DFFSRX1_55[2419]5
n1285[2419]5
n1285[2419]33
[2380]{{n2972}}5
[2380]{{n2972}}21
[2381]{{n2972}}5
[2381]{{n2972}}21
[2382]{{n2972}}5
[2382]{{n2972}}21
[2383]{{n2972}}5
[2383]{{n2972}}21
[2384]{{n2972}}5
[2384]{{n2972}}21
[2385]{{n2972}}5
[2385]{{n2972}}21
n0_DFFSRX1_283[2381]5
n0_DFFSRX1_283[2381]5
n1279[2381]5
n1279[2381]14
[239]{{n2236}}11
[239]{{n2236}}32
[2276]{{n2236}}14
[2276]{{n2236}}32
[2277]{{n2236}}11
[2277]{{n2236}}32
[2278]{{n2236}}10
[2278]{{n2236}}32
[2279]{{n2236}}11
[2279]{{n2236}}32
n0_DFFSRX1_283[2279]11
n0_DFFSRX1_283[2279]11
n698[2279]11
n698[2279]22
[151][2279]11
[151][2279]28
n0_DFFSRX1_283[2278]10
n0_DFFSRX1_283[2278]11
n727[2278]10
n727[2278]31
[143][2278]10
[143][2278]4
n0_DFFSRX1_664{{wb_inta_o}}2
n0_DFFSRX1_664{{wb_inta_o}}2
[2330]{{n2639}}5
[2330]{{n2639}}51
[2331]{{n2639}}5
[2331]{{n2639}}51
[2332]{{n2639}}5
[2332]{{n2639}}51
[2333]{{n2639}}5
[2333]{{n2639}}51
[2334]{{n2639}}5
[2334]{{n2639}}51
[2335]{{n2639}}5
[2335]{{n2639}}51
[2336]{{n2639}}5
[2336]{{n2639}}51
n0_DFFSRX1_604[2336]5
n0_DFFSRX1_604[2336]5
n1285[2336]5
n1285[2336]30
n0_DFFSRX1_224[2250]10
n0_DFFSRX1_224[2250]10
[161][2250]10
[161][2250]24
n0_DFFSRX1_208[2259]9
n0_DFFSRX1_208[2259]9
[161][2259]9
[161][2259]29
n0_DFFSRX1_200[2263]9
n0_DFFSRX1_200[2263]9
[161][2263]9
[161][2263]28
n0_DFFSRX1_226[2254]10
n0_DFFSRX1_226[2254]10
[161][2254]10
[161][2254]25
n0_DFFSRX1_210[2267]10
n0_DFFSRX1_210[2267]10
[161][2267]10
[161][2267]37
n0_DFFSRX1_196[2213]10
n0_DFFSRX1_196[2213]10
[161][2213]10
[161][2213]37
[2255]{{n2022}}7
[2255]{{n2022}}17
[2256]{{n2022}}16
[2256]{{n2022}}17
n0_DFFSRX1_122[2256]5
n0_DFFSRX1_122[2256]5
[160][2256]5
[160][2256]14
[2257][2256]10
[2257][2256]17
n0_DFFSRX1_206[2257]10
n0_DFFSRX1_206[2257]10
[161][2257]10
[161][2257]10
n0_DFFSRX1_220[2243]9
n0_DFFSRX1_220[2243]9
[161][2243]9
[161][2243]24
n0_DFFSRX1_193[2265]10
n0_DFFSRX1_193[2265]10
[161][2265]10
[161][2265]38
n419{{n1994}}1
n419{{n1994}}13
n438{{n1994}}6
n438{{n1994}}13
n0_DFFSRX1_122{{n1994}}6
n0_DFFSRX1_122{{n1994}}14
[142]{{n1994}}5
[142]{{n1994}}6
[159]{{n1994}}7
[159]{{n1994}}17
n0_DFFSRX1_118{{n1994}}13
n0_DFFSRX1_118{{n1994}}17
[2251]{{n1994}}14
[2251]{{n1994}}17
n0_DFFSRX1_216[2251]9
n0_DFFSRX1_216[2251]9
[161][2251]9
[161][2251]15
[2252][2251]6
[2252][2251]17
n0_DFFSRX1_204[2269]10
n0_DFFSRX1_204[2269]10
[161][2269]10
[161][2269]29
n419[161]25
n419[161]38
n438[161]21
n438[161]38
[142][161]3
[142][161]38
n419{{n2199}}6
n419{{n2199}}8
n438{{n2199}}4
n438{{n2199}}8
[142]{{n2199}}3
[142]{{n2199}}8
[2183][2182]7
[2183][2182]43
[2184][2182]9
[2184][2182]43
n0_DFFSRX1_202[2184]9
n0_DFFSRX1_202[2184]9
n419[2184]7
n419[2184]9
n438[2184]27
n438[2184]9
[142][2184]3
[142][2184]9
n0_DFFSRX1_122[2255]7
n0_DFFSRX1_122[2255]7
[159][2255]7
[159][2255]16
n419[159]25
n419[159]1925
n438[159]21
n438[159]25
[142][159]3
[142][159]25
n0_DFFSRX1_7[2183]7
n0_DFFSRX1_7[2183]7
n419[2183]7
n419[2183]9
n438[2183]27
n438[2183]7
[142][2183]3
[142][2183]7
n0_DFFSRX1_708n4196
n0_DFFSRX1_708n4196
n0_DFFX1_862n4196
n0_DFFX1_862n4195
n0_DFFSRX1_234[2414]5
n0_DFFSRX1_234[2414]5
n1233[2414]5
n1233[2414]37
n0_DFFSRX1_234{{n3787}}5
n0_DFFSRX1_234{{n3787}}5
n0_DFFSRX1_655{{n3787}}5
n0_DFFSRX1_655{{n3787}}4
[142]{{n3787}}3
[142]{{n3787}}5
n0_DFFSRX1_269[2331]5
n0_DFFSRX1_269[2331]5
n1233[2331]5
n1233[2331]32
n0_DFFX1_184{{n2272}}11
n0_DFFX1_184{{n2272}}11
[239]{{n2272}}11
[239]{{n2272}}20
[2280]{{n2272}}18
[2280]{{n2272}}26
n0_DFFSRX1_178[2280]18
n0_DFFSRX1_178[2280]18
[2281][2280]18
[2281][2280]20
n698[2281]10
n698[2281]21
[191][2281]14
[191][2281]21
[143][2281]15
[143][2281]4
[2282][2281]11
[2282][2281]20
n727[2282]11
n727[2282]18
[149][2282]11
[149][2282]24
[171]{{n2185}}24
[171]{{n2185}}27
[2270]{{n2185}}10
[2270]{{n2185}}27
n0_DFFSRX1_159[2270]10
n0_DFFSRX1_159[2270]26
[2271][2270]10
[2271][2270]40
n725[2271]10
n725[2271]30
n727[2271]1
n727[2271]30
[149][2271]10
[149][2271]35
[2272][2271]1
[2272][2271]40
[2222][240]45
[2222][240]39
[2223][240]95
[2223][240]39
n698[2223]1
n698[2223]1
n705[2223]12
n705[2223]1
n719[2223]1
n719[2223]1
n0_DFFSRX1_506[2223]12
n0_DFFSRX1_506[2223]12
[164][2223]69
[164][2223]12
n0_DFFSRX1_80[2223]36
n0_DFFSRX1_80[2223]69
[2224][2223]33
[2224][2223]39
n705[2224]17
n705[2224]33
n719[2224]18
n719[2224]33
[162][2224]18
[162][2224]33
[168][2224]14
[168][2224]33
n0_DFFSRX1_82{{n1794}}34
n0_DFFSRX1_82{{n1794}}34
[198]{{n1794}}34
[198]{{n1794}}45
[171]{{n1794}}24
[171]{{n1794}}56
n0_DFFSRX1_182{{n2300}}35
n0_DFFSRX1_182{{n2300}}35
[198]{{n2300}}35
[198]{{n2300}}36
[2285]{{n2300}}19
[2285]{{n2300}}50
[162][198]33
[162][198]32
[168][198]24
[168][198]32
[149][198]35
[149][198]22
[152][198]36
[152][198]33
n698[168]22
n698[168]26
n727[168]10
n727[168]26
n0_DFFSRX1_290[171]11
n0_DFFSRX1_290[171]11
[239][171]11
[239][171]30
[2225][171]14
[2225][171]31
n727[239]17
n727[239]27
[151][239]17
[151][239]31
n0_DFFSRX1_72n7276
n0_DFFSRX1_72n7279
n0_DFFSRX1_180n7279
n0_DFFSRX1_180n7275
[237]n7279
[237]n72715
n0_DFFSRX1_98[2276]14
n0_DFFSRX1_98[2276]14
[143][2276]14
[143][2276]19
[191][2276]14
[191][2276]31
n705[191]12
n705[191]41
n715[191]12
n715[191]41
[162][191]17
[162][191]41
n691[162]29
n691[162]133
n725[162]29
n725[162]133
n0_DFFSRX1_72n69133
n0_DFFSRX1_72n6916
n0_DFFSRX1_180n69119
n0_DFFSRX1_180n69133
[237]n69133
[237]n6914
n0_DFFSRX1_70[2433]7
n0_DFFSRX1_70[2433]7
n0_DFFSRX1_72[2433]15
n0_DFFSRX1_72[2433]7
[151][2433]7
[151][2433]5
n0_DFFSRX1_288{{n2699}}1
n0_DFFSRX1_288{{n2699}}1
n715{{n2699}}1
n715{{n2699}}6
[151]{{n2699}}1
[151]{{n2699}}15
[152]{{n2699}}10
[152]{{n2699}}11
n0_DFFSRX1_265{{n2699}}10
n0_DFFSRX1_265{{n2699}}20
[2338]{{n2699}}19
[2338]{{n2699}}21
n719[152]35
n719[152]34
[143][152]35
[143][152]4
[2214][152]10
[2214][152]33
n705[2214]10
n705[2214]32
[149][2214]10
[149][2214]22
n0_DFFSRX1_331[2217]14
n0_DFFSRX1_331[2217]17
[2218][2217]14
[2218][2217]68
n705[2218]11
n705[2218]64
[151][2218]11
[151][2218]34
[2219][2218]12
[2219][2218]68
n698[2222]1
n698[2222]1
n705[2222]11
n705[2222]1
[164][2222]45
[164][2222]11
n0_DFFSRX1_506[2222]45
n0_DFFSRX1_506[2222]19
n719[2222]18
n719[2222]45
[151][2221]11
[151][2221]15
[164][2221]31
[164][2221]11
n0_DFFSRX1_331[164]7
n0_DFFSRX1_331[164]11
n705[164]11
n705[164]35
n0_DFFSRX1_265n7059
n0_DFFSRX1_265n70518
[205]n7059
[205]n7055
[208]n7059
[208]n70512
n0_DFFSRX1_288[2338]19
n0_DFFSRX1_288[2338]19
n715[2338]19
n715[2338]1
[232][2338]19
[232][2338]18
n719[2272]1
n719[2272]42
[143][2272]1
[143][2272]4
n714n71917
n714n71936
n715n71936
n715n71914
n0_DFFSRX1_288[2219]19
n0_DFFSRX1_288[2219]12
[143][2219]12
[143][2219]26
[199][2219]12
[199][2219]72
n0_DFFSRX1_285n75913
n0_DFFSRX1_285n75914
n0_DFFSRX1_288n75915
n0_DFFSRX1_288n75913
n0_DFFSRX1_331n75911
n0_DFFSRX1_331n75913
[199]n75913
[199]n75936
n0_DFFSRX1_288[2285]19
n0_DFFSRX1_288[2285]19
[232][2285]19
[232][2285]28
n0_DFFSRX1_265{{n3003}}6
n0_DFFSRX1_265{{n3003}}23
[151]{{n3003}}6
[151]{{n3003}}22
[232]{{n3003}}17
[232]{{n3003}}21
n0_DFFSRX1_288[2225]14
n0_DFFSRX1_288[2225]14
[194][2225]16
[194][2225]14
[232][2225]14
[232][2225]37
[143][232]17
[143][232]26
[199][232]17
[199][232]12
n714[199]17
n714[199]12
n715[199]17
n715[199]6
[208]n71530
[208]n7157
[237]n71530
[237]n7154
n0_DFFSRX1_70n7256
n0_DFFSRX1_70n72516
n0_DFFSRX1_159n72516
n0_DFFSRX1_159n72558
n0_DFFSRX1_265n72514
n0_DFFSRX1_265n72516
[208]n72516
[208]n72531
n0_DFFSRX1_98[2277]11
n0_DFFSRX1_98[2277]11
n698[2277]11
n698[2277]29
[149][2277]11
[149][2277]29
n0_DFFSRX1_70n6989
n0_DFFSRX1_70n6986
n0_DFFSRX1_159n6985
n0_DFFSRX1_159n6989
n0_DFFSRX1_265n6984
n0_DFFSRX1_265n6989
[208]n6989
[208]n69851
n0_DFFSRX1_72[208]3
n0_DFFSRX1_72[208]50
n0_DFFSRX1_180[208]2
n0_DFFSRX1_180[208]50
n0_DFFSRX1_271{{n1808}}5
n0_DFFSRX1_271{{n1808}}5
[167]{{n1808}}5
[167]{{n1808}}12
[2226]{{n1808}}12
[2226]{{n1808}}14
n0_DFFX1_184[2226]6
n0_DFFX1_184[2226]6
[183][2226]6
[183][2226]8
[2227][2226]6
[2227][2226]14
[2286]{{n2308}}4
[2286]{{n2308}}7
[2287]{{n2308}}4
[2287]{{n2308}}7
n0_DFFSRX1_510[2287]4
n0_DFFSRX1_510[2287]5
n0_DFFSRX1_708[2287]5
n0_DFFSRX1_708[2287]3
n0_DFFX1_184[2287]4
n0_DFFX1_184[2287]5
n0_DFFSRX1_273{{n1822}}5
n0_DFFSRX1_273{{n1822}}5
[167]{{n1822}}5
[167]{{n1822}}9
[2228]{{n1822}}9
[2228]{{n1822}}14
n0_DFFSRX1_273[2333]5
n0_DFFSRX1_273[2333]5
n1282[2333]5
n1282[2333]31
[2370]{{n2964}}5
[2370]{{n2964}}23
[2371]{{n2964}}5
[2371]{{n2964}}23
[2372]{{n2964}}5
[2372]{{n2964}}23
[2373]{{n2964}}5
[2373]{{n2964}}23
[2374]{{n2964}}5
[2374]{{n2964}}23
[2375]{{n2964}}5
[2375]{{n2964}}23
n0_DFFSRX1_210[2373]5
n0_DFFSRX1_210[2373]5
n1082[2373]5
n1082[2373]15
n0_DFFSRX1_193[2332]5
n0_DFFSRX1_193[2332]5
n1082[2332]5
n1082[2332]31
n0_DFFX1_752{{wb_ack_o}}2
n0_DFFX1_752{{wb_ack_o}}2
n0_DFFSRX1_279{{n1878}}5
n0_DFFSRX1_279{{n1878}}5
[167]{{n1878}}5
[167]{{n1878}}10
[2236]{{n1878}}10
[2236]{{n1878}}14
n0_DFFSRX1_92[2236]6
n0_DFFSRX1_92[2236]6
[183][2236]6
[183][2236]11
[2237][2236]6
[2237][2236]14
n0_DFFSRX1_94[2237]6
n0_DFFSRX1_94[2237]6
[184][2237]6
[184][2237]8
[2401]{{n2988}}5
[2401]{{n2988}}55
[2402]{{n2988}}5
[2402]{{n2988}}55
[2403]{{n2988}}5
[2403]{{n2988}}55
[2404]{{n2988}}5
[2404]{{n2988}}55
[2405]{{n2988}}5
[2405]{{n2988}}55
[2406]{{n2988}}5
[2406]{{n2988}}55
[2407]{{n2988}}5
[2407]{{n2988}}55
n0_DFFSRX1_94[2406]5
n0_DFFSRX1_94[2406]5
n1287[2406]5
n1287[2406]36
n0_DFFSRX1_296{{n1892}}5
n0_DFFSRX1_296{{n1892}}5
[167]{{n1892}}5
[167]{{n1892}}14
[2238]{{n1892}}13
[2238]{{n1892}}21
n0_DFFSRX1_94[2238]6
n0_DFFSRX1_94[2238]6
[183][2238]6
[183][2238]11
[2239][2238]6
[2239][2238]21
n0_DFFSRX1_224[2413]5
n0_DFFSRX1_224[2413]5
n1081[2413]5
n1081[2413]33
[160][2248]7
[160][2248]20
[197][2248]35
[197][2248]7
n0_DFFSRX1_110[197]49
n0_DFFSRX1_110[197]705
[170][197]58
[170][197]705
n0_DFFSRX1_212[2403]5
n0_DFFSRX1_212[2403]5
n1082[2403]5
n1082[2403]32
n0_DFFX1_388{{wb_dat_o[0]}}2
n0_DFFX1_388{{wb_dat_o[0]}}2
n0_DFFSRX1_16{{n1426_1}}6
n0_DFFSRX1_16{{n1426_1}}6
[153]{{n1426_1}}6
[153]{{n1426_1}}30
[2189]{{n1426_1}}26
[2189]{{n1426_1}}31
n0_DFFSRX1_68[2189]26
n0_DFFSRX1_68[2189]26
n0_DFFSRX1_80[2189]25
n0_DFFSRX1_80[2189]26
n0_DFFSRX1_82[2189]24
n0_DFFSRX1_82[2189]26
[231][2189]26
[231][2189]27
n0_DFFSRX1_30{{n1524}}6
n0_DFFSRX1_30{{n1524}}6
[153]{{n1524}}6
[153]{{n1524}}30
[2197]{{n1524}}26
[2197]{{n1524}}31
n0_DFFSRX1_82[2197]26
n0_DFFSRX1_82[2197]26
[231][2197]26
[231][2197]33
[238][2197]26
[238][2197]10
n0_DFFSRX1_14{{n1412_1}}6
n0_DFFSRX1_14{{n1412_1}}6
[153]{{n1412_1}}6
[153]{{n1412_1}}30
[2188]{{n1412_1}}26
[2188]{{n1412_1}}31
n0_DFFSRX1_68[2188]26
n0_DFFSRX1_68[2188]26
n0_DFFSRX1_80[2188]26
n0_DFFSRX1_80[2188]25
n0_DFFSRX1_82[2188]24
n0_DFFSRX1_82[2188]26
[231][2188]26
[231][2188]27
n0_DFFSRX1_182[231]23
n0_DFFSRX1_182[231]32
[210][231]32
[210][231]30
[142]{{n3517}}17
[142]{{n3517}}12
[2440]{{n3517}}12
[2440]{{n3517}}8
n0_DFFSRX1_161[2440]9
n0_DFFSRX1_161[2440]5
n0_DFFSRX1_569[2440]5
n0_DFFSRX1_569[2440]8
[2441][2440]8
[2441][2440]8
n0_DFFSRX1_82[2441]8
n0_DFFSRX1_82[2441]6
[186][2441]9
[186][2441]8
[238][2441]8
[238][2441]7
n0_DFFSRX1_38{{n1580}}6
n0_DFFSRX1_38{{n1580}}6
[153]{{n1580}}6
[153]{{n1580}}30
[2202]{{n1580}}26
[2202]{{n1580}}31
n0_DFFSRX1_82[2202]26
n0_DFFSRX1_82[2202]26
[186][2202]26
[186][2202]25
[210][2202]26
[210][2202]32
[238][2202]26
[238][2202]10
n0_DFFSRX1_161[186]31
n0_DFFSRX1_161[186]6
n0_DFFSRX1_182[186]8
n0_DFFSRX1_182[186]31
n0_DFFSRX1_248[2392]5
n0_DFFSRX1_248[2392]5
n1233[2392]5
n1233[2392]17
n0_DFFSRX1_281{{n1906_1}}5
n0_DFFSRX1_281{{n1906_1}}5
[167]{{n1906_1}}5
[167]{{n1906_1}}10
[2240]{{n1906_1}}10
[2240]{{n1906_1}}16
n0_DFFSRX1_96[2240]6
n0_DFFSRX1_96[2240]6
[183][2240]6
[183][2240]9
[2241][2240]6
[2241][2240]16
n0_DFFSRX1_96[2418]5
n0_DFFSRX1_96[2418]5
n1287[2418]5
n1287[2418]37
n0_DFFSRX1_96[2239]6
n0_DFFSRX1_96[2239]6
[184][2239]6
[184][2239]11
n0_DFFSRX1_196[2383]5
n0_DFFSRX1_196[2383]5
n1082[2383]5
n1082[2383]15
n0_DFFSRX1_26{{n1496}}6
n0_DFFSRX1_26{{n1496}}6
[153]{{n1496}}6
[153]{{n1496}}25
[2195]{{n1496}}22
[2195]{{n1496}}26
n0_DFFSRX1_22[2195]21
n0_DFFSRX1_22[2195]22
n304[2195]22
n304[2195]22
[173][2195]22
[173][2195]26
[2192]{{n1468_1}}6
[2192]{{n1468_1}}25
[2193]{{n1468_1}}22
[2193]{{n1468_1}}25
n0_DFFSRX1_22[2193]21
n0_DFFSRX1_22[2193]22
[154][2193]22
[154][2193]22
[173][2193]22
[173][2193]46
[174][2193]34
[174][2193]22
[2168]{{n1351}}92
[2168]{{n1351}}75
[2179]{{n1351}}1
[2179]{{n1351}}75
[2180]{{n1351}}20
[2180]{{n1351}}75
n0_DFFSRX1_38[2179]1
n0_DFFSRX1_38[2179]1
n0_DFFSRX1_161[2179]1
n0_DFFSRX1_161[2179]1
n376[2179]1
n376[2179]45
n409[2179]70
n409[2179]1
n0_DFFSRX1_3[2168]6
n0_DFFSRX1_3[2168]6
n525[2168]6
n525[2168]83
n528[2168]67
n528[2168]92
arst_i[2168]75
arst_i[2168]61
[2169][2168]43
[2169][2168]75
n0_DFFSRX1_38[2169]7
n0_DFFSRX1_38[2169]37
n0_DFFSRX1_161[2169]37
n0_DFFSRX1_161[2169]44
n376[2169]1
n376[2169]37
n383[2169]4
n383[2169]45
n409[2169]70
n409[2169]43
n383n4091
n383n40970
[2170]n40970
[2170]n40943
[262][2170]33
[262][2170]43
[263][2170]33
[263][2170]43
[2175][2170]33
[2175][2170]43
[2176][2170]33
[2176][2170]43
[2177][2170]33
[2177][2170]43
[2178][2170]34
[2178][2170]43
n0_DFFSRX1_53{{n1665}}6
n0_DFFSRX1_53{{n1665}}6
[153]{{n1665}}6
[153]{{n1665}}25
[2211]{{n1665}}22
[2211]{{n1665}}26
[173][2211]22
[173][2211]37
[262][2211]22
[262][2211]31
n0_DFFSRX1_53[262]36
n0_DFFSRX1_53[262]33
[172][262]52
[172][262]33
[174][262]35
[174][262]33
[192]{{n1337_1}}70
[192]{{n1337_1}}79
[241]{{n1337_1}}70
[241]{{n1337_1}}70
n525{{n1337_1}}6
n525{{n1337_1}}66
arst_i{{n1337_1}}72
arst_i{{n1337_1}}67
[2167]{{n1337_1}}65
[2167]{{n1337_1}}72
[192][2167]66
[192][2167]84
[241][2167]66
[241][2167]41
n0_DFFSRX1_1[2167]65
n0_DFFSRX1_1[2167]65
[2161][192]23
[2161][192]149
[2162][192]78
[2162][192]149
n528[2161]23
n528[2161]22
[154][2161]23
[154][2161]124
[258][2161]23
[258][2161]107
n310[258]1
n310[258]1
[172][258]1
[172][258]107
n0_DFFSRX1_168[258]107
n0_DFFSRX1_168[258]23
n0_DFFSRX1_47[241]39
n0_DFFSRX1_47[241]22
[235][241]22
[235][241]64
n527[241]22
n527[241]66
n0_DFFSRX1_18[241]64
n0_DFFSRX1_18[241]24
[147][241]66
[147][241]22
n0_DFFSRX1_30[241]62
n0_DFFSRX1_30[241]25
n330[241]25
n330[241]109
[2163][241]70
[2163][241]94
[154][2163]21
[154][2163]15
[172][2163]21
[172][2163]30
n372[2163]85
n372[2163]37
[2164][2163]49
[2164][2163]94
n0_DFFSRX1_1[2162]22
n0_DFFSRX1_1[2162]23
[154][2162]1
[154][2162]23
n310[2162]22
n310[2162]71
n528[2162]78
n528[2162]137
[242][2162]78
[242][2162]30
n310[2164]23
n310[2164]94
[263][2164]22
[263][2164]94
[2165][2164]36
[2165][2164]94
n304n31035
n304n310118
[172]n31028
[172]n31035
n0_DFFSRX1_36{{n1566}}6
n0_DFFSRX1_36{{n1566}}6
[153]{{n1566}}6
[153]{{n1566}}25
[2201]{{n1566}}22
[2201]{{n1566}}26
n0_DFFSRX1_24[2201]21
n0_DFFSRX1_24[2201]22
[206][2201]22
[206][2201]37
[209][2201]22
[209][2201]24
n0_DFFSRX1_24[2176]18
n0_DFFSRX1_24[2176]33
[187][2176]33
[187][2176]45
[209][2176]33
[209][2176]50
[169][2165]22
[169][2165]95
[233][2165]22
[233][2165]84
[2166][2165]24
[2166][2165]94
n0_DFFSRX1_16[2166]39
n0_DFFSRX1_16[2166]24
[187][2166]24
[187][2166]108
[209][2166]24
[209][2166]43
n0_DFFSRX1_11{{n1395}}6
n0_DFFSRX1_11{{n1395}}6
[153]{{n1395}}6
[153]{{n1395}}25
[2187]{{n1395}}22
[2187]{{n1395}}26
n0_DFFSRX1_16[2187]21
n0_DFFSRX1_16[2187]22
[206][2187]22
[206][2187]37
[209][2187]22
[209][2187]22
n0_DFFSRX1_11[209]9
n0_DFFSRX1_11[209]44
n398[209]44
n398[209]35
n0_DFFSRX1_24{{n1482_1}}6
n0_DFFSRX1_24{{n1482_1}}6
[153]{{n1482_1}}6
[153]{{n1482_1}}25
[2194]{{n1482_1}}22
[2194]{{n1482_1}}26
[169][2194]22
[169][2194]32
[173][2194]22
[173][2194]42
[233][2194]22
[233][2194]25
n330[2177]33
n330[2177]28
n466[2177]33
n466[2177]43
[147][2177]9
[147][2177]33
n481[210]49
n481[210]25
[146][210]49
[146][210]19
n0_DFFSRX1_32{{n1538}}6
n0_DFFSRX1_32{{n1538}}6
[153]{{n1538}}6
[153]{{n1538}}25
[2198]{{n1538}}22
[2198]{{n1538}}26
[173][2198]22
[173][2198]37
[263][2198]22
[263][2198]24
[2203]{{n1594_1}}6
[2203]{{n1594_1}}26
[2204]{{n1594_1}}22
[2204]{{n1594_1}}26
n0_DFFSRX1_28[2204]21
n0_DFFSRX1_28[2204]22
n0_DFFSRX1_40[2204]20
n0_DFFSRX1_40[2204]22
[206][2204]22
[206][2204]49
[234][2204]22
[234][2204]23
n0_DFFSRX1_28{{n1510}}6
n0_DFFSRX1_28{{n1510}}6
[153]{{n1510}}6
[153]{{n1510}}25
[2196]{{n1510}}22
[2196]{{n1510}}26
[206][2196]22
[206][2196]30
[234][2196]22
[234][2196]10
[236][2196]22
[236][2196]8
[173][206]36
[173][206]81
[187][206]36
[187][206]84
[2205]{{n1623}}6
[2205]{{n1623}}26
[2206]{{n1623}}22
[2206]{{n1623}}26
n0_DFFSRX1_20[2206]21
n0_DFFSRX1_20[2206]22
n0_DFFSRX1_47[2206]20
n0_DFFSRX1_47[2206]22
n0_DFFSRX1_51[2206]19
n0_DFFSRX1_51[2206]22
[211][2206]22
[211][2206]37
[2209]{{n1651}}6
[2209]{{n1651}}26
[2210]{{n1651}}22
[2210]{{n1651}}26
n0_DFFSRX1_51[2210]21
n0_DFFSRX1_51[2210]22
[211][2210]22
[211][2210]38
[235][2210]22
[235][2210]10
n0_DFFSRX1_18{{n1440}}6
n0_DFFSRX1_18{{n1440}}6
[153]{{n1440}}6
[153]{{n1440}}25
[2190]{{n1440}}22
[2190]{{n1440}}26
n527[2190]22
n527[2190]32
[211][2190]22
[211][2190]37
n0_DFFSRX1_20{{n1454}}6
n0_DFFSRX1_20{{n1454}}6
[153]{{n1454}}6
[153]{{n1454}}25
[2191]{{n1454}}22
[2191]{{n1454}}26
n0_DFFSRX1_47[2191]21
n0_DFFSRX1_47[2191]22
[211][2191]22
[211][2191]32
[235][2191]22
[235][2191]10
n0_DFFSRX1_18[211]18
n0_DFFSRX1_18[211]36
n0_DFFSRX1_30[211]17
n0_DFFSRX1_30[211]36
n330[211]36
n330[211]19
[173][211]36
[173][211]31
n481[173]22
n481[173]39
[146][173]39
[146][173]12
n0_DFFSRX1_3[2180]20
n0_DFFSRX1_3[2180]23
n0_DFFSRX1_38[2180]1
n0_DFFSRX1_38[2180]20
n0_DFFSRX1_161[2180]20
n0_DFFSRX1_161[2180]23
n376[2180]20
n376[2180]75
n0_DFFSRX1_3n3834
n0_DFFSRX1_3n3837
n0_DFFSRX1_38n3834
n0_DFFSRX1_38n38341
n0_DFFSRX1_161n3834
n0_DFFSRX1_161n38327
n376n38322
n376n3834
n0_DFFSRX1_38n3761
n0_DFFSRX1_38n37639
n481n37639
n481n376114
n330n48139
n330n481112
[169]n48139
[169]n48192
n330[263]33
n330[263]69
[148][263]49
[148][263]33
n0_DFFSRX1_32n33082
n0_DFFSRX1_32n33081
[233]n33081
[233]n330266
n299[233]82
n299[233]90
n398[233]82
n398[233]122
n0_DFFSRX1_40n3988
n0_DFFSRX1_40n39886
n372n39886
n372n3987
[236]n39886
[236]n39893
[142]{{n1381_1}}79
[142]{{n1381_1}}42
[2185]{{n1381_1}}42
[2185]{{n1381_1}}39
n372[2185]34
n372[2185]51
[174][2185]34
[174][2185]34
n0_DFFSRX1_187[2185]42
n0_DFFSRX1_187[2185]6
n0_DFFSRX1_569[2185]5
n0_DFFSRX1_569[2185]42
[2186][2185]6
[2186][2185]39
n0_DFFSRX1_168[242]30
n0_DFFSRX1_168[242]37
n372[242]46
n372[242]30
n0_DFFSRX1_36[2175]18
n0_DFFSRX1_36[2175]33
n0_DFFSRX1_40[2175]17
n0_DFFSRX1_40[2175]33
[187][2175]33
[187][2175]49
[234][2175]33
[234][2175]41
n299[234]53
n299[234]29
n372[234]53
n372[234]18
[154]n37221
[154]n372245
[172]n37224
[172]n372245
n0_DFFSRX1_22[172]17
n0_DFFSRX1_22[172]341
n0_DFFSRX1_26[172]16
n0_DFFSRX1_26[172]341
n0_DFFSRX1_22[2192]6
n0_DFFSRX1_22[2192]6
[153][2192]6
[153][2192]25
n0_DFFSRX1_11{{n3376}}9
n0_DFFSRX1_11{{n3376}}9
n0_DFFSRX1_18{{n3376}}8
n0_DFFSRX1_18{{n3376}}9
n0_DFFSRX1_22{{n3376}}7
n0_DFFSRX1_22{{n3376}}9
n0_DFFSRX1_28{{n3376}}6
n0_DFFSRX1_28{{n3376}}9
[146]{{n3376}}12
[146]{{n3376}}5
n0_DFFSRX1_232[2402]5
n0_DFFSRX1_232[2402]5
n1233[2402]5
n1233[2402]36
[2359]{{n2956}}5
[2359]{{n2956}}29
[2360]{{n2956}}5
[2360]{{n2956}}29
[2361]{{n2956}}5
[2361]{{n2956}}29
[2362]{{n2956}}5
[2362]{{n2956}}29
[2363]{{n2956}}5
[2363]{{n2956}}29
[2364]{{n2956}}5
[2364]{{n2956}}29
[2365]{{n2956}}5
[2365]{{n2956}}29
n0_DFFSRX1_281[2362]5
n0_DFFSRX1_281[2362]5
n1282[2362]5
n1282[2362]19
n0_DFFSRX1_331[2405]5
n0_DFFSRX1_331[2405]5
n1279[2405]5
n1279[2405]37
n0_DFFSRX1_290n71413
n0_DFFSRX1_290n71410
[194]n71416
[194]n71410
n0_DFFSRX1_394n7147
n0_DFFSRX1_394n71417
[142]{{n3651}}7
[142]{{n3651}}6
[194]{{n3651}}6
[194]{{n3651}}3
n0_DFFSRX1_285[194]5
n0_DFFSRX1_285[194]3
n0_DFFSRX1_331[194]4
n0_DFFSRX1_331[194]3
n0_DFFSRX1_3{{n4096}}2
n0_DFFSRX1_3{{n4096}}2
n0_DFFSRX1_3{{scl_padoen_o}}2
n0_DFFSRX1_3{{scl_padoen_o}}2
n0_DFFX1_338{{wb_dat_o[2]}}2
n0_DFFX1_338{{wb_dat_o[2]}}2
n0_DFFSRX1_92[2374]5
n0_DFFSRX1_92[2374]5
n1287[2374]5
n1287[2374]21
[2425]{{n3109}}5
[2425]{{n3109}}19
[2426]{{n3109}}5
[2426]{{n3109}}19
[2427]{{n3109}}5
[2427]{{n3109}}19
[2428]{{n3109}}5
[2428]{{n3109}}19
[2429]{{n3109}}5
[2429]{{n3109}}19
[2430]{{n3109}}5
[2430]{{n3109}}19
[2431]{{n3109}}5
[2431]{{n3109}}19
n0_DFFSRX1_84[2430]5
n0_DFFSRX1_84[2430]5
n1287[2430]5
n1287[2430]17
n0_DFFSRX1_90[2384]5
n0_DFFSRX1_90[2384]5
n1287[2384]5
n1287[2384]19
n0_DFFSRX1_86[2335]5
n0_DFFSRX1_86[2335]5
n1287[2335]5
n1287[2335]48
n0_DFFSRX1_88[2394]5
n0_DFFSRX1_88[2394]5
n1287[2394]5
n1287[2394]25
n0_DFFSRX1_98[2364]5
n0_DFFSRX1_98[2364]5
n1287[2364]5
n1287[2364]27
wb_adr_i[0]n128730
wb_adr_i[0]n128729
wb_adr_i[1]n128730
wb_adr_i[1]n128770
wb_adr_i[2]n128757
wb_adr_i[2]n128730
n0_DFFSRX1_712[2365]5
n0_DFFSRX1_712[2365]5
n1285[2365]5
n1285[2365]21
n0_DFFSRX1_236n137410
n0_DFFSRX1_236n137410
n1285n137410
n1285n137410
n0_DFFSRX1_655[2431]5
n0_DFFSRX1_655[2431]5
n1285[2431]5
n1285[2431]16
n0_DFFSRX1_717[2407]5
n0_DFFSRX1_717[2407]5
n1285[2407]5
n1285[2407]46
wb_adr_i[0]n128524
wb_adr_i[0]n128525
wb_adr_i[1]n128523
wb_adr_i[1]n128525
wb_adr_i[2]n128525
wb_adr_i[2]n1285171
n0_DFFSRX1_277[2375]5
n0_DFFSRX1_277[2375]5
n1282[2375]5
n1282[2375]17
n0_DFFSRX1_279[2404]5
n0_DFFSRX1_279[2404]5
n1282[2404]5
n1282[2404]47
n0_DFFSRX1_275[2385]5
n0_DFFSRX1_275[2385]5
n1282[2385]5
n1282[2385]19
n0_DFFSRX1_271[2428]5
n0_DFFSRX1_271[2428]5
n1282[2428]5
n1282[2428]17
n0_DFFSRX1_329[2395]5
n0_DFFSRX1_329[2395]5
n1282[2395]5
n1282[2395]25
n0_DFFSRX1_296[2416]5
n0_DFFSRX1_296[2416]5
n1282[2416]5
n1282[2416]47
wb_adr_i[0]n128214
wb_adr_i[0]n12824
wb_adr_i[1]n128214
wb_adr_i[1]n128214
wb_adr_i[2]n128214
wb_adr_i[2]n1282121
n0_DFFSRX1_267[2426]5
n0_DFFSRX1_267[2426]5
n1233[2426]5
n1233[2426]17
n0_DFFSRX1_230[2372]5
n0_DFFSRX1_230[2372]5
n1233[2372]5
n1233[2372]21
n0_DFFSRX1_228[2382]5
n0_DFFSRX1_228[2382]5
n1233[2382]5
n1233[2382]17
n0_DFFSRX1_236[2360]5
n0_DFFSRX1_236[2360]5
n1233[2360]5
n1233[2360]25
wb_adr_i[0]n123330
wb_adr_i[0]n123329
wb_adr_i[1]n123329
wb_adr_i[1]n123370
wb_adr_i[2]n123357
wb_adr_i[2]n123329
n0_DFFSRX1_483[2334]5
n0_DFFSRX1_483[2334]5
n1279[2334]5
n1279[2334]47
n0_DFFSRX1_290[2417]5
n0_DFFSRX1_290[2417]5
n1279[2417]5
n1279[2417]51
n0_DFFSRX1_285[2371]5
n0_DFFSRX1_285[2371]5
n1279[2371]5
n1279[2371]21
n0_DFFSRX1_288[2363]5
n0_DFFSRX1_288[2363]5
n1279[2363]5
n1279[2363]25
n0_DFFSRX1_425[2429]5
n0_DFFSRX1_425[2429]5
n1279[2429]5
n1279[2429]16
wb_adr_i[0]n12794
wb_adr_i[0]n127915
wb_adr_i[1]n127915
wb_adr_i[1]n127913
wb_adr_i[2]n127915
wb_adr_i[2]n1279121
n0_DFFSRX1_202[2361]5
n0_DFFSRX1_202[2361]5
n1082[2361]5
n1082[2361]25
n0_DFFSRX1_208[2393]5
n0_DFFSRX1_208[2393]5
n1082[2393]5
n1082[2393]25
n0_DFFSRX1_200[2427]5
n0_DFFSRX1_200[2427]5
n1082[2427]5
n1082[2427]17
n0_DFFSRX1_214[2415]5
n0_DFFSRX1_214[2415]5
n1082[2415]5
n1082[2415]47
wb_adr_i[0]n108264
wb_adr_i[0]n108244
wb_adr_i[1]n1082115
wb_adr_i[1]n108264
wb_adr_i[2]n108297
wb_adr_i[2]n108264
n0_DFFSRX1_206[2425]5
n0_DFFSRX1_206[2425]5
n1081[2425]5
n1081[2425]16
n0_DFFSRX1_204[2370]5
n0_DFFSRX1_204[2370]5
n1081[2370]5
n1081[2370]16
n0_DFFSRX1_216[2330]5
n0_DFFSRX1_216[2330]5
n1081[2330]5
n1081[2330]47
n0_DFFSRX1_220[2380]5
n0_DFFSRX1_220[2380]5
n1081[2380]5
n1081[2380]20
n0_DFFSRX1_222[2401]5
n0_DFFSRX1_222[2401]5
n1081[2401]5
n1081[2401]45
n0_DFFSRX1_226[2359]5
n0_DFFSRX1_226[2359]5
n1081[2359]5
n1081[2359]21
wb_adr_i[0]n108157
wb_adr_i[0]n108151
wb_adr_i[1]n1081120
wb_adr_i[1]n108151
wb_adr_i[2]n108197
wb_adr_i[2]n108151
[2434]{{n3146}}8
[2434]{{n3146}}11
[2435]{{n3146}}7
[2435]{{n3146}}11
n0_DFFSRX1_159[2434]8
n0_DFFSRX1_159[2434]8
n0_DFFSRX1_180[2434]8
n0_DFFSRX1_180[2434]8
n0_DFFSRX1_290[2434]8
n0_DFFSRX1_290[2434]8
[151][2434]8
[151][2434]5
n0_DFFSRX1_159[2435]7
n0_DFFSRX1_159[2435]7
n0_DFFSRX1_180[2435]10
n0_DFFSRX1_180[2435]7
[151][2435]7
[151][2435]5
n0_DFFSRX1_506[151]39
n0_DFFSRX1_506[151]5
[143][151]39
[143][151]4
n0_DFFSRX1_506[149]23
n0_DFFSRX1_506[149]29
[143][149]29
[143][149]4
arst_i[143]149
arst_i[143]4
n360[143]149
n360[143]3
scl_pad_i{{n3842}}4
scl_pad_i{{n3842}}4
[142]{{n3842}}3
[142]{{n3842}}4
sda_pad_i{{n3856}}4
sda_pad_i{{n3856}}4
[142]{{n3856}}3
[142]{{n3856}}4
[160][2252]6
[160][2252]16
[170][2252]20
[170][2252]6
n438[160]5
n438[160]203
[142][160]3
[142][160]5
n0_DFFSRX1_178{{n3870}}4
n0_DFFSRX1_178{{n3870}}4
[142]{{n3870}}3
[142]{{n3870}}4
n0_DFFSRX1_9{{n3762}}7
n0_DFFSRX1_9{{n3762}}7
n0_DFFSRX1_394{{n3762}}6
n0_DFFSRX1_394{{n3762}}7
n0_DFFSRX1_655{{n3762}}5
n0_DFFSRX1_655{{n3762}}7
n0_DFFSRX1_425{{n3762}}4
n0_DFFSRX1_425{{n3762}}9
[142]{{n3762}}3
[142]{{n3762}}9
n0_DFFSRX1_455{{n2328}}6
n0_DFFSRX1_455{{n2328}}6
n0_DFFSRX1_708{{n2328}}6
n0_DFFSRX1_708{{n2328}}5
n0_DFFSRX1_710{{n2328}}6
n0_DFFSRX1_710{{n2328}}4
[142]{{n2328}}3
[142]{{n2328}}6
n0_DFFSRX1_288{{n3889}}6
n0_DFFSRX1_288{{n3889}}6
n0_DFFSRX1_717{{n3889}}6
n0_DFFSRX1_717{{n3889}}5
n0_DFFSRX1_9{{n3889}}4
n0_DFFSRX1_9{{n3889}}6
[142]{{n3889}}3
[142]{{n3889}}6
n0_DFFSRX1_455{{n2222}}6
n0_DFFSRX1_455{{n2222}}6
n0_DFFSRX1_708{{n2222}}6
n0_DFFSRX1_708{{n2222}}5
n0_DFFSRX1_710{{n2222}}4
n0_DFFSRX1_710{{n2222}}6
[142]{{n2222}}3
[142]{{n2222}}6
n0_DFFSRX1_710{{n3273}}4
n0_DFFSRX1_710{{n3273}}4
[142]{{n3273}}3
[142]{{n3273}}4
n0_DFFSRX1_329{{n1836}}5
n0_DFFSRX1_329{{n1836}}5
[167]{{n1836}}5
[167]{{n1836}}7
[2230]{{n1836}}7
[2230]{{n1836}}8
n0_DFFSRX1_275{{n1850}}5
n0_DFFSRX1_275{{n1850}}5
[167]{{n1850}}5
[167]{{n1850}}7
[2232]{{n1850}}7
[2232]{{n1850}}8
n0_DFFSRX1_277{{n1864}}5
n0_DFFSRX1_277{{n1864}}5
[167]{{n1864}}5
[167]{{n1864}}7
[2234]{{n1864}}7
[2234]{{n1864}}9
n0_DFFSRX1_136{{n2120}}6
n0_DFFSRX1_136{{n2120}}6
n0_DFFSRX1_391{{n2120}}6
n0_DFFSRX1_391{{n2120}}6
[254]{{n2120}}7
[254]{{n2120}}6
[142]{{n2120}}3
[142]{{n2120}}7
[167]{{n2120}}4
[167]{{n2120}}7
n0_DFFSRX1_341[167]4
n0_DFFSRX1_341[167]30
[142][167]3
[142][167]4
n0_DFFSRX1_84[2228]6
n0_DFFSRX1_84[2228]6
[183][2228]6
[183][2228]9
[2229][2228]6
[2229][2228]14
n0_DFFSRX1_88[2232]6
n0_DFFSRX1_88[2232]6
[183][2232]6
[183][2232]7
[2233][2232]6
[2233][2232]8
n0_DFFSRX1_86[2230]6
n0_DFFSRX1_86[2230]6
[183][2230]6
[183][2230]7
[2231][2230]6
[2231][2230]8
n0_DFFSRX1_90[2234]6
n0_DFFSRX1_90[2234]6
[183][2234]6
[183][2234]8
[2235][2234]6
[2235][2234]9
n0_DFFSRX1_391[183]16
n0_DFFSRX1_391[183]16
[158][183]16
[158][183]14
n0_DFFSRX1_98[2241]6
n0_DFFSRX1_98[2241]6
[184][2241]6
[184][2241]13
n0_DFFSRX1_84[2227]6
n0_DFFSRX1_84[2227]6
[184][2227]6
[184][2227]9
n0_DFFSRX1_88[2231]6
n0_DFFSRX1_88[2231]6
[184][2231]6
[184][2231]7
n0_DFFSRX1_92[2235]6
n0_DFFSRX1_92[2235]6
[184][2235]6
[184][2235]8
n0_DFFSRX1_86[2229]6
n0_DFFSRX1_86[2229]6
[184][2229]6
[184][2229]11
n0_DFFSRX1_90[2233]6
n0_DFFSRX1_90[2233]6
[184][2233]6
[184][2233]7
n0_DFFSRX1_391[184]16
n0_DFFSRX1_391[184]16
[158][184]16
[158][184]14
n0_DFFSRX1_341[158]14
n0_DFFSRX1_341[158]25
[142][158]3
[142][158]25
n0_DFFSRX1_708{{n3398}}4
n0_DFFSRX1_708{{n3398}}4
[142]{{n3398}}3
[142]{{n3398}}4
wb_rst_i[142]3
wb_rst_i[142]3
arst_i[142]3
arst_i[142]2
n0_DFFSRX1_26{{n3242}}7
n0_DFFSRX1_26{{n3242}}7
n0_DFFSRX1_53{{n3242}}6
n0_DFFSRX1_53{{n3242}}7
[146]{{n3242}}8
[146]{{n3242}}6
[2438]{{n3242}}6
[2438]{{n3242}}11
arst_i[146]81
arst_i[146]5
n528[146]81
n528[146]4
n0_DFFSRX1_47[2205]6
n0_DFFSRX1_47[2205]6
[153][2205]6
[153][2205]25
n0_DFFSRX1_51[2209]6
n0_DFFSRX1_51[2209]6
[153][2209]6
[153][2209]25
n0_DFFSRX1_40[2203]6
n0_DFFSRX1_40[2203]6
[153][2203]6
[153][2203]25
n0_DFFSRX1_429[2438]6
n0_DFFSRX1_429[2438]6
[153][2438]6
[153][2438]7
arst_i[153]26
arst_i[153]5
n525[153]26
n525[153]4
n0_DFFX1_238{{wb_dat_o[1]}}2
n0_DFFX1_238{{wb_dat_o[1]}}2
n0_DFFSRX1_32[187]55
n0_DFFSRX1_32[187]64
[169][187]64
[169][187]82
n0_DFFSRX1_53[2178]18
n0_DFFSRX1_53[2178]34
n304[2178]34
n304[2178]47
n0_DFFSRX1_14n30447
n0_DFFSRX1_14n30466
n0_DFFSRX1_26n30416
n0_DFFSRX1_26n30466
[174]n304152
[174]n30466
n466[174]131
n466[174]75
[148][174]39
[148][174]131
n0_DFFSRX1_30n46651
n0_DFFSRX1_30n466131
n0_DFFSRX1_32n46649
n0_DFFSRX1_32n466131
n0_DFFSRX1_40n46647
n0_DFFSRX1_40n466131
n299n466131
n299n46661
[236]n466131
[236]n46639
n0_DFFSRX1_1[2186]6
n0_DFFSRX1_1[2186]28
n0_DFFSRX1_429[2186]6
n0_DFFSRX1_429[2186]26
n0_DFFSRX1_710[2186]24
n0_DFFSRX1_710[2186]6
n0_DFFSRX1_118[170]47
n0_DFFSRX1_118[170]763
n0_DFFSRX1_122[170]44
n0_DFFSRX1_122[170]763
n0_DFFSRX1_30[169]108
n0_DFFSRX1_30[169]82
[148][169]178
[148][169]82
n0_DFFSRX1_18[148]22
n0_DFFSRX1_18[148]190
[147][148]26
[147][148]190
n0_DFFSRX1_20[147]20
n0_DFFSRX1_20[147]190
n527[147]190
n527[147]24
n0_DFFSRX1_38n52718
n0_DFFSRX1_38n527190
n0_DFFSRX1_47n52716
n0_DFFSRX1_47n527190
n0_DFFSRX1_51n52714
n0_DFFSRX1_51n527190
n0_DFFSRX1_20[235]30
n0_DFFSRX1_20[235]31
n0_DFFSRX1_38[235]29
n0_DFFSRX1_38[235]31
n0_DFFSRX1_11n29984
n0_DFFSRX1_11n299190
n0_DFFSRX1_16n29979
n0_DFFSRX1_16n299190
n0_DFFSRX1_24n29972
n0_DFFSRX1_24n299190
n0_DFFX1_336{{wb_dat_o[4]}}2
n0_DFFX1_336{{wb_dat_o[4]}}2
n0_DFFSRX1_265[237]4
n0_DFFSRX1_265[237]57
[205][237]57
[205][237]3
n0_DFFX1_339{{wb_dat_o[5]}}2
n0_DFFX1_339{{wb_dat_o[5]}}2
n0_DFFSRX1_14[154]33
n0_DFFSRX1_14[154]314
n0_DFFSRX1_53[154]28
n0_DFFSRX1_53[154]314
n0_DFFSRX1_136[254]6
n0_DFFSRX1_136[254]6
n0_DFFSRX1_391[254]6
n0_DFFSRX1_391[254]10
n0_DFFSRX1_161n5254
n0_DFFSRX1_161n52528
n360n52528
n360n5253
n0_DFFSRX1_161n528108
n0_DFFSRX1_161n5284
n360n528108
n360n5283
n0_DFFX1_335{{wb_dat_o[7]}}2
n0_DFFX1_335{{wb_dat_o[7]}}2
n0_DFFSRX1_1{{sda_padoen_o}}2
n0_DFFSRX1_1{{sda_padoen_o}}2
wb_rst_in3603
wb_rst_in3602148
n0_DFFSRX1_9n3602
n0_DFFSRX1_9n3602148
n0_DFFSRX1_510[2286]5
n0_DFFSRX1_510[2286]4
n0_DFFSRX1_708[2286]4
n0_DFFSRX1_708[2286]4
n0_DFFSRX1_710[2286]4
n0_DFFSRX1_710[2286]5
n0_DFFSRX1_68[238]12
n0_DFFSRX1_68[238]31
n0_DFFSRX1_80[238]10
n0_DFFSRX1_80[238]31
n0_DFFSRX1_28[236]3
n0_DFFSRX1_28[236]188
n0_DFFSRX1_36[236]91
n0_DFFSRX1_36[236]188
n0_DFFSRX1_70[205]3
n0_DFFSRX1_70[205]57
n0_DFFSRX1_159[205]2
n0_DFFSRX1_159[205]57
n0_DFFX1_355{{wb_dat_o[6]}}2
n0_DFFX1_355{{wb_dat_o[6]}}2
n0_DFFX1_337{{wb_dat_o[3]}}2
n0_DFFX1_337{{wb_dat_o[3]}}2
duration = 0.113465sec.

Transcirc
delete_node_ex4
cost:3256

[166]
minus[182]1
minus[207]1



[199]
minus[2219]1
minusn7591
minus[232]1



[237]
minusn7151
minusn7271
minusn6911



[2214]
minus[152]2



[212]
minus[2215]1
minus[2216]1
minus[2283]1



n383



[2244]
minus{{n1935}}1



n310


wire8
two_wire13
delete_node12
cost:3248
