
outfunc
duration = 0.019932sec.

cost:1586
CSPF
rxd{{n2072}}2
rxd{{n2072}}2
n0_DFFX1_260{{n1749}}5
n0_DFFX1_260{{n1749}}5
n0_DFFX1_386{{n1749}}4
n0_DFFX1_386{{n1749}}4
n0_DFFX1_420{{n1749}}5
n0_DFFX1_420{{n1749}}5
n0_DFFX1_22{{n2172}}2
n0_DFFX1_22{{n2172}}2
DataOut_i[4]{{n831}}7
DataOut_i[4]{{n831}}7
[119]{{n831}}7
[119]{{n831}}7
[1361]{{n831}}7
[1361]{{n831}}10
n0_DFFX1_22[1361]7
n0_DFFX1_22[1361]7
[121][1361]7
[121][1361]7
rst{{n1551}}9
rst{{n1551}}9
[195]{{n1551}}4
[195]{{n1551}}9
[196]{{n1551}}3
[196]{{n1551}}9
n0_DFFX1_218[195]5
n0_DFFX1_218[195]4
n0_DFFX1_225[195]4
n0_DFFX1_225[195]4
n0_DFFX1_258[195]4
n0_DFFX1_258[195]4
n0_DFFX1_225{{n1658}}4
n0_DFFX1_225{{n1658}}4
n612{{n1658}}4
n612{{n1658}}5
[1426]{{n1658}}4
[1426]{{n1658}}7
n0_DFFX1_385{{n1570}}4
n0_DFFX1_385{{n1570}}4
n0_DFFX1_423{{n1570}}4
n0_DFFX1_423{{n1570}}3
n0_DFFX1_310{{n1570}}2
n0_DFFX1_310{{n1570}}4
n0_DFFX1_124{{TxReady_o}}2
n0_DFFX1_124{{TxReady_o}}2
[1407]{{n1467}}8
[1407]{{n1467}}13
[1408]{{n1467}}4
[1408]{{n1467}}13
n0_DFFX1_181[1408]4
n0_DFFX1_181[1408]4
n0_DFFX1_258[1408]8
n0_DFFX1_258[1408]4
rst[1408]13
rst[1408]2
n0_DFFX1_181{{txdp}}2
n0_DFFX1_181{{txdp}}2
[245]{{n1075}}31
[245]{{n1075}}44
[246]{{n1075}}14
[246]{{n1075}}44
n0_DFFX1_217{{n1075}}44
n0_DFFX1_217{{n1075}}2
[247][245]6
[247][245]31
[248][245]6
[248][245]31
[249][245]6
[249][245]31
[250][245]6
[250][245]31
n0_DFFX1_102[245]14
n0_DFFX1_102[245]31
n0_DFFSRX1_125[249]6
n0_DFFSRX1_125[249]7
n0_DFFSRX1_127[249]12
n0_DFFSRX1_127[249]6
n0_DFFX1_417[249]6
n0_DFFX1_417[249]19
n0_DFFX1_421[250]6
n0_DFFX1_421[250]6
[174][250]6
[174][250]18
[1379]{{n899}}9
[1379]{{n899}}14
[1380]{{n899}}8
[1380]{{n899}}14
[287][1379]1
[287][1379]13
[288][1379]9
[288][1379]13
n393[1379]9
n393[1379]7
[287]{{n949}}9
[287]{{n949}}10
[288]{{n949}}4
[288]{{n949}}10
n0_DFFSRX1_69[1380]1
n0_DFFSRX1_69[1380]9
n393[1380]7
n393[1380]9
[287][1380]9
[287][1380]7
[288][1380]1
[288][1380]7
n0_DFFX1_46[1380]9
n0_DFFX1_46[1380]7
rst[1380]14
rst[1380]2
rst[287]9
rst[287]9
n0_DFFX1_46[287]8
n0_DFFX1_46[287]9
n0_DFFSRX1_69[287]9
n0_DFFSRX1_69[287]9
n393[287]12
n393[287]9
[289]n3934
[289]n3936
[290]n3934
[290]n3936
n0_DFFX1_260[290]5
n0_DFFX1_260[290]4
n0_DFFSRX1_377[290]4
n0_DFFSRX1_377[290]5
n0_DFFSRX1_431[290]4
n0_DFFSRX1_431[290]3
n0_DFFX1_260[289]4
n0_DFFX1_260[289]5
n0_DFFSRX1_377[289]5
n0_DFFSRX1_377[289]4
n0_DFFSRX1_431[289]4
n0_DFFSRX1_431[289]3
n0_DFFX1_188{{n1517}}4
n0_DFFX1_188{{n1517}}4
n612{{n1517}}4
n612{{n1517}}10
[1413]{{n1517}}9
[1413]{{n1517}}14
n0_DFFX1_188{{txdn}}2
n0_DFFX1_188{{txdn}}2
DataOut_i[2]{{n815}}8
DataOut_i[2]{{n815}}8
[119]{{n815}}8
[119]{{n815}}7
[1359]{{n815}}7
[1359]{{n815}}11
n0_DFFX1_20[1359]7
n0_DFFX1_20[1359]7
[121][1359]7
[121][1359]9
n0_DFFX1_20{{n2136}}2
n0_DFFX1_20{{n2136}}2
DataOut_i[5]{{n839}}7
DataOut_i[5]{{n839}}7
[119]{{n839}}7
[119]{{n839}}10
[1362]{{n839}}8
[1362]{{n839}}12
rxdp{{n2128}}2
rxdp{{n2128}}2
n0_SDFFSRX1_161{{n1314}}2
n0_SDFFSRX1_161{{n1314}}2
n0_SDFFSRX1_161{{DataIn_o[5]}}2
n0_SDFFSRX1_161{{DataIn_o[5]}}2
[1364]{{n866}}4
[1364]{{n866}}6
[1365]{{n866}}3
[1365]{{n866}}6
n0_DFFSRX1_30[1365]3
n0_DFFSRX1_30[1365]3
n0_DFFX1_258[1365]4
n0_DFFX1_258[1365]3
[330]{{n749}}11
[330]{{n749}}18
[331]{{n749}}10
[331]{{n749}}18
[332]{{n749}}10
[332]{{n749}}18
[333]{{n749}}11
[333]{{n749}}18
rst[332]10
rst[332]10
n0_DFFX1_10[332]10
n0_DFFX1_10[332]8
n234[332]14
n234[332]10
[1339]{{n704_1}}14
[1339]{{n704_1}}15
[1340]{{n704_1}}3
[1340]{{n704_1}}15
n0_DFFSRX1_4[1339]12
n0_DFFSRX1_4[1339]22
n234[1339]12
n234[1339]22
[160][1339]12
[160][1339]32
n0_DFFSRX1_6[1339]3
n0_DFFSRX1_6[1339]14
n0_DFFX1_258[1339]14
n0_DFFX1_258[1339]3
n0_DFFSRX1_6{{n740}}1
n0_DFFSRX1_6{{n740}}26
n234{{n740}}26
n234{{n740}}35
[158]{{n740}}26
[158]{{n740}}15
[128]{{n763_1}}17
[128]{{n763_1}}11
[154]{{n763_1}}11
[154]{{n763_1}}23
n255{{n763_1}}11
n255{{n763_1}}21
[117]{{n763_1}}10
[117]{{n763_1}}10
[1353]{{n763_1}}23
[1353]{{n763_1}}24
rst[1353]10
rst[1353]10
n0_DFFSRX1_11[1353]10
n0_DFFSRX1_11[1353]8
n234[1353]20
n234[1353]10
[1354][1353]17
[1354][1353]24
rst{{n718}}10
rst{{n718}}10
n0_DFFSRX1_4{{n718}}10
n0_DFFSRX1_4{{n718}}12
[117]{{n718}}9
[117]{{n718}}14
[159]{{n718}}15
[159]{{n718}}9
n234[159]9
n234[159]10
[128][159]9
[128][159]9
n0_DFFX1_10[330]11
n0_DFFX1_10[330]11
n0_DFFSRX1_11[330]11
n0_DFFSRX1_11[330]11
[117][330]11
[117][330]14
[128][330]24
[128][330]11
n238[1354]17
n238[1354]26
[156][1354]17
[156][1354]23
[164][1354]17
[164][1354]17
n0_DFFX1_10[331]10
n0_DFFX1_10[331]10
n238[331]10
n238[331]13
[156][331]10
[156][331]18
n0_DFFSRX1_11{{n732_1}}10
n0_DFFSRX1_11{{n732_1}}10
n236{{n732_1}}10
n236{{n732_1}}12
[156]{{n732_1}}10
[156]{{n732_1}}13
[1347]{{n732_1}}6
[1347]{{n732_1}}15
n0_DFFSRX1_4[156]18
n0_DFFSRX1_4[156]8
[117][156]18
[117][156]18
n255[333]11
n255[333]15
[117][333]11
[117][333]10
rst[117]19
rst[117]7
n234[117]19
n234[117]19
[1341][160]9
[1341][160]32
[1342][160]10
[1342][160]32
n0_DFFSRX1_6[1342]1
n0_DFFSRX1_6[1342]19
n234[1342]19
n234[1342]1
[158][1342]19
[158][1342]10
n0_DFFX1_10[1342]18
n0_DFFX1_10[1342]10
n238[1342]6
n238[1342]10
n0_DFFSRX1_201n2346
n0_DFFSRX1_201n2346
n0_DFFSRX1_203n2345
n0_DFFSRX1_203n2346
n0_DFFSRX1_6n2344
n0_DFFSRX1_6n2346
n0_DFFSRX1_30n2343
n0_DFFSRX1_30n2346
n0_DFFX1_258n2346
n0_DFFX1_258n2342
n0_DFFX1_420{{n2010}}2
n0_DFFX1_420{{n2010}}2
n0_DFFX1_429{{n2018}}2
n0_DFFX1_429{{n2018}}2
n0_DFFX1_387{{n1877}}3
n0_DFFX1_387{{n1877}}3
n0_DFFX1_429{{n1877}}3
n0_DFFX1_429{{n1877}}2
n0_DFFX1_387{{n1584}}4
n0_DFFX1_387{{n1584}}4
n0_DFFX1_429{{n1584}}4
n0_DFFX1_429{{n1584}}3
n0_DFFX1_311{{n1584}}2
n0_DFFX1_311{{n1584}}4
rst[288]4
rst[288]4
n0_DFFX1_46[288]4
n0_DFFX1_46[288]3
n0_DFFSRX1_69[288]9
n0_DFFSRX1_69[288]4
n0_DFFX1_46{{n1928}}3
n0_DFFX1_46{{n1928}}3
n0_DFFSRX1_69{{n1928}}2
n0_DFFSRX1_69{{n1928}}3
n0_DFFSRX1_125[247]7
n0_DFFSRX1_125[247]6
n0_DFFSRX1_127[247]6
n0_DFFSRX1_127[247]13
n0_DFFX1_430[247]6
n0_DFFX1_430[247]22
[1395]{{n1097}}15
[1395]{{n1097}}18
[1396]{{n1097}}14
[1396]{{n1097}}18
n0_DFFX1_102[1396]14
n0_DFFX1_102[1396]14
n0_DFFSRX1_127[1396]14
n0_DFFSRX1_127[1396]16
n518[1396]14
n518[1396]3
[238][1396]14
[238][1396]14
[239][1396]16
[239][1396]14
[218]{{n1223}}10
[218]{{n1223}}15
[219]{{n1223}}10
[219]{{n1223}}15
n0_DFFSRX1_125[219]10
n0_DFFSRX1_125[219]10
n512[219]10
n512[219]10
n518[219]10
n518[219]3
[238]{{n1237}}12
[238]{{n1237}}16
[239]{{n1237}}13
[239]{{n1237}}16
n0_DFFSRX1_127[1395]14
n0_DFFSRX1_127[1395]16
n518[1395]16
n518[1395]5
[238][1395]14
[238][1395]16
[239][1395]16
[239][1395]16
n0_DFFX1_102[1395]15
n0_DFFX1_102[1395]15
n0_DFFSRX1_127[238]12
n0_DFFSRX1_127[238]12
n518[238]12
n518[238]15
[137][238]18
[137][238]12
[1427]{{n1701}}7
[1427]{{n1701}}9
[1428]{{n1701}}9
[1428]{{n1701}}9
n0_DFFSRX1_184[1428]7
n0_DFFSRX1_184[1428]7
n0_DFFSRX1_239[1428]7
n0_DFFSRX1_239[1428]7
n0_DFFX1_258[1428]7
n0_DFFX1_258[1428]6
n0_DFFX1_218[1428]9
n0_DFFX1_218[1428]4
n518[1428]9
n518[1428]3
[1403]{{n1201}}10
[1403]{{n1201}}14
[1404]{{n1201}}8
[1404]{{n1201}}14
{{n1181}}[1403]8
{{n1181}}[1403]11
[127][1403]11
[127][1403]11
n0_DFFSRX1_122[1403]10
n0_DFFSRX1_122[1403]9
[225]{{n1181}}8
[225]{{n1181}}11
[226]{{n1181}}1
[226]{{n1181}}11
n0_DFFSRX1_116[226]1
n0_DFFSRX1_116[226]1
[127][226]1
[127][226]11
n0_DFFX1_258[127]10
n0_DFFX1_258[127]6
n518[127]6
n518[127]5
[229][127]6
[229][127]11
[230][127]8
[230][127]11
[229]{{n1251}}5
[229]{{n1251}}12
[230]{{n1251}}10
[230]{{n1251}}12
n0_DFFSRX1_129[230]6
n0_DFFSRX1_129[230]10
[139][230]10
[139][230]12
n0_DFFSRX1_116[225]8
n0_DFFSRX1_116[225]8
n0_DFFSRX1_129[225]8
n0_DFFSRX1_129[225]1
[139][225]8
[139][225]13
n0_DFFSRX1_116[1404]8
n0_DFFSRX1_116[1404]8
n0_DFFSRX1_122[1404]8
n0_DFFSRX1_122[1404]8
n0_DFFSRX1_129[1404]8
n0_DFFSRX1_129[1404]7
[139][1404]8
[139][1404]13
n0_DFFSRX1_184{{n1495}}4
n0_DFFSRX1_184{{n1495}}4
n612{{n1495}}4
n612{{n1495}}10
[139]{{n1495}}10
[139]{{n1495}}15
n0_DFFSRX1_98[139]10
n0_DFFSRX1_98[139]10
n512[139]10
n512[139]11
n518[139]10
n518[139]3
n0_DFFSRX1_129[229]5
n0_DFFSRX1_129[229]5
n0_DFFX1_258[229]10
n0_DFFX1_258[229]5
n518[229]5
n518[229]3
n0_DFFSRX1_125[218]10
n0_DFFSRX1_125[218]10
n512[218]10
n512[218]10
n518[218]10
n518[218]3
n0_DFFSRX1_127[239]13
n0_DFFSRX1_127[239]13
n518[239]13
n518[239]15
[137][239]13
[137][239]17
n518{{n1622}}4
n518{{n1622}}4
n612{{n1622}}4
n612{{n1622}}4
[1421]{{n1622}}4
[1421]{{n1622}}7
[191]{{n1630}}4
[191]{{n1630}}7
[192]{{n1630}}4
[192]{{n1630}}7
n518[191]4
n518[191]4
n612[191]4
n612[191]4
rstn5183
rstn5183
n0_DFFX1_217n5183
n0_DFFX1_217n5182
n0_DFFX1_167{{n1418}}10
n0_DFFX1_167{{n1418}}10
n0_DFFSRX1_189{{n1418}}9
n0_DFFSRX1_189{{n1418}}10
n317{{n1418}}6
n317{{n1418}}14
rst{{n1418}}13
rst{{n1418}}2
n0_DFFX1_167[1421]4
n0_DFFX1_167[1421]4
[120][1421]4
[120][1421]4
n0_DFFX1_167{{n1833}}5
n0_DFFX1_167{{n1833}}5
n0_DFFSRX1_298{{n1833}}4
n0_DFFSRX1_298{{n1833}}5
rst{{n1833}}7
rst{{n1833}}3
TxValid_i{{n1833}}7
TxValid_i{{n1833}}2
n0_SDFFSRX1_164{{DataIn_o[7]}}2
n0_SDFFSRX1_164{{DataIn_o[7]}}2
n0_SDFFSRX1_164{{n1298}}2
n0_SDFFSRX1_164{{n1298}}2
DataOut_i[6]{{n847}}7
DataOut_i[6]{{n847}}7
[119]{{n847}}7
[119]{{n847}}9
[1363]{{n847}}8
[1363]{{n847}}11
n0_DFFX1_8{{RxError_o}}4
n0_DFFX1_8{{RxError_o}}4
n0_DFFX1_14{{RxError_o}}3
n0_DFFX1_14{{RxError_o}}4
n0_DFFX1_17{{RxError_o}}2
n0_DFFX1_17{{RxError_o}}4
rxdn{{n2089}}2
rxdn{{n2089}}2
n317{{n783}}11
n317{{n783}}12
[321]{{n783}}3
[321]{{n783}}12
[322]{{n783}}3
[322]{{n783}}12
n0_DFFX1_16[321]3
n0_DFFX1_16[321]8
n0_DFFSRX1_114[321]7
n0_DFFSRX1_114[321]3
DataOut_i[1]{{n807_1}}8
DataOut_i[1]{{n807_1}}8
[119]{{n807_1}}8
[119]{{n807_1}}7
[1358]{{n807_1}}7
[1358]{{n807_1}}10
n0_DFFX1_19[1358]7
n0_DFFX1_19[1358]7
[121][1358]7
[121][1358]9
n0_DFFX1_23[1362]8
n0_DFFX1_23[1362]8
[121][1362]8
[121][1362]7
DataOut_i[3]{{n823_1}}8
DataOut_i[3]{{n823_1}}8
[119]{{n823_1}}8
[119]{{n823_1}}11
[1360]{{n823_1}}7
[1360]{{n823_1}}13
n0_DFFX1_21[1360]7
n0_DFFX1_21[1360]7
[121][1360]7
[121][1360]11
DataOut_i[0]{{n799}}8
DataOut_i[0]{{n799}}8
[119]{{n799}}8
[119]{{n799}}9
[1357]{{n799}}8
[1357]{{n799}}11
n0_DFFX1_18[1357]8
n0_DFFX1_18[1357]8
[121][1357]8
[121][1357]9
n0_DFFX1_24[1363]8
n0_DFFX1_24[1363]8
[121][1363]8
[121][1363]7
n0_DFFSRX1_114[121]21
n0_DFFSRX1_114[121]21
n317[121]5
n317[121]21
DataOut_i[7][322]3
DataOut_i[7][322]7
n0_DFFSRX1_114[322]3
n0_DFFSRX1_114[322]8
n0_DFFSRX1_114[119]21
n0_DFFSRX1_114[119]21
n317[119]5
n317[119]21
[251][246]6
[251][246]14
[252][246]6
[252][246]14
[253][246]6
[253][246]14
[254][246]6
[254][246]14
n0_DFFX1_102[246]14
n0_DFFX1_102[246]31
n0_DFFSRX1_125[253]6
n0_DFFSRX1_125[253]7
n0_DFFSRX1_127[253]10
n0_DFFSRX1_127[253]6
n0_DFFX1_418[253]6
n0_DFFX1_418[253]13
n0_DFFSRX1_125[251]7
n0_DFFSRX1_125[251]6
n0_DFFSRX1_127[251]10
n0_DFFSRX1_127[251]6
n0_DFFX1_440[251]6
n0_DFFX1_440[251]13
n0_DFFSRX1_125[137]7
n0_DFFSRX1_125[137]7
n512[137]7
n512[137]6
n0_DFFSRX1_125[248]7
n0_DFFSRX1_125[248]6
n0_DFFSRX1_127[248]12
n0_DFFSRX1_127[248]6
n0_DFFX1_428[248]6
n0_DFFX1_428[248]26
n0_DFFSRX1_125[252]7
n0_DFFSRX1_125[252]6
n0_DFFSRX1_127[252]6
n0_DFFSRX1_127[252]11
n0_DFFX1_424[252]6
n0_DFFX1_424[252]14
n0_DFFX1_433[254]6
n0_DFFX1_433[254]6
[174][254]6
[174][254]12
n0_DFFX1_102{{n1614}}9
n0_DFFX1_102{{n1614}}9
[123]{{n1614}}9
[123]{{n1614}}6
[174]{{n1614}}9
[174]{{n1614}}3
n0_DFFSRX1_125[174]24
n0_DFFSRX1_125[174]3
n0_DFFSRX1_127[174]24
n0_DFFSRX1_127[174]2
n0_DFFX1_19{{n2055}}2
n0_DFFX1_19{{n2055}}2
[258]{{n1051_1}}7
[258]{{n1051_1}}16
[259]{{n1051_1}}11
[259]{{n1051_1}}16
[1391]{{n1037}}7
[1391]{{n1037}}12
[1392]{{n1037}}8
[1392]{{n1037}}12
[126][1391]11
[126][1391]7
[258][1391]8
[258][1391]7
[259][1391]6
[259][1391]7
n0_DFFSRX1_88[1391]7
n0_DFFSRX1_88[1391]8
n0_DFFSRX1_90[259]11
n0_DFFSRX1_90[259]10
[126][259]11
[126][259]12
n0_DFFSRX1_88[1392]8
n0_DFFSRX1_88[1392]8
n0_DFFSRX1_90[1392]8
n0_DFFSRX1_90[1392]8
n0_DFFSRX1_104[1392]8
n0_DFFSRX1_104[1392]7
[152][1392]8
[152][1392]15
n0_DFFSRX1_90[258]7
n0_DFFSRX1_90[258]7
n0_DFFSRX1_104[258]7
n0_DFFSRX1_104[258]7
[152][258]7
[152][258]13
n0_DFFSRX1_201{{n791}}9
n0_DFFSRX1_201{{n791}}9
n0_DFFSRX1_203{{n791}}8
n0_DFFSRX1_203{{n791}}9
n0_DFFSRX1_6{{n791}}9
n0_DFFSRX1_6{{n791}}7
n0_DFFSRX1_182{{n791}}9
n0_DFFSRX1_182{{n791}}6
n0_DFFX1_258{{n791}}9
n0_DFFX1_258{{n791}}5
[151]{{n791}}4
[151]{{n791}}9
[243]{{n1147}}14
[243]{{n1147}}17
[244]{{n1147}}17
[244]{{n1147}}17
[1393]{{n1089}}19
[1393]{{n1089}}19
[1394]{{n1089}}16
[1394]{{n1089}}19
n0_DFFSRX1_100[1394]16
n0_DFFSRX1_100[1394]16
n0_DFFSRX1_108[1394]16
n0_DFFSRX1_108[1394]20
[116][1394]16
[116][1394]3
[243][1394]16
[243][1394]16
[244][1394]20
[244][1394]16
n0_DFFSRX1_108[1393]16
n0_DFFSRX1_108[1393]20
[116][1393]20
[116][1393]4
[243][1393]16
[243][1393]19
[244][1393]20
[244][1393]19
n0_DFFSRX1_100[1393]19
n0_DFFSRX1_100[1393]17
n0_DFFSRX1_108[244]17
n0_DFFSRX1_108[244]17
[116][244]17
[116][244]14
[143][244]17
[143][244]14
[279]{{n935}}14
[279]{{n935}}20
[280]{{n935}}10
[280]{{n935}}20
rst[279]14
rst[279]14
n0_DFFSRX1_100[279]14
n0_DFFSRX1_100[279]12
n0_DFFSRX1_108[279]14
n0_DFFSRX1_108[279]10
[143][279]13
[143][279]14
n0_DFFSRX1_108[243]14
n0_DFFSRX1_108[243]14
[116][243]14
[116][243]12
[143][243]17
[143][243]14
n410[143]8
n410[143]6
[281][143]8
[281][143]8
[231]{{n1133}}12
[231]{{n1133}}14
[232]{{n1133}}12
[232]{{n1133}}14
n0_DFFSRX1_106[232]12
n0_DFFSRX1_106[232]12
n410[232]12
n410[232]12
[116][232]12
[116][232]3
n0_DFFSRX1_2[126]11
n0_DFFSRX1_2[126]4
n612[126]11
n612[126]14
[262][126]11
[262][126]12
[263][126]13
[263][126]12
[262]{{n1119}}5
[262]{{n1119}}16
[263]{{n1119}}13
[263]{{n1119}}16
n0_DFFSRX1_104[263]6
n0_DFFSRX1_104[263]13
[152][263]13
[152][263]16
n0_DFFSRX1_182[152]11
n0_DFFSRX1_182[152]12
n410[152]11
n410[152]13
[116][152]11
[116][152]3
rst[280]10
rst[280]10
n0_DFFX1_68[280]10
n0_DFFX1_68[280]8
n410[280]14
n410[280]10
n0_DFFSRX1_106[231]12
n0_DFFSRX1_106[231]12
n410[231]12
n410[231]12
[116][231]12
[116][231]3
n0_DFFX1_68{{n1282}}8
n0_DFFX1_68{{n1282}}8
n410{{n1282}}8
n410{{n1282}}6
n0_DFFSRX1_106[281]8
n0_DFFSRX1_106[281]8
n410[281]8
n410[281]1
n0_DFFX1_258n4106
n0_DFFX1_258n4106
[151]n4106
[151]n4104
n0_DFFSRX1_88[151]4
n0_DFFSRX1_88[151]4
n0_DFFSRX1_90[151]4
n0_DFFSRX1_90[151]3
n0_DFFSRX1_104[151]2
n0_DFFSRX1_104[151]4
n0_DFFX1_258n51215
n0_DFFX1_258n5126
[123]n51215
[123]n5124
n0_DFFSRX1_116[123]4
n0_DFFSRX1_116[123]14
n0_DFFSRX1_122[123]4
n0_DFFSRX1_122[123]13
n0_DFFSRX1_129[123]11
n0_DFFSRX1_129[123]4
n0_SDFFSRX1_149{{DataIn_o[0]}}2
n0_SDFFSRX1_149{{DataIn_o[0]}}2
n0_DFFSRX1_239[1407]8
n0_DFFSRX1_239[1407]8
n0_DFFX1_258[1407]8
n0_DFFX1_258[1407]8
[168][1407]8
[168][1407]7
phy_tx_mode[168]7
phy_tx_mode[168]6
n0_DFFSRX1_189[168]7
n0_DFFSRX1_189[168]5
rst[1413]9
rst[1413]9
n0_DFFX1_258[1413]9
n0_DFFX1_258[1413]13
[169][1413]9
[169][1413]11
[203][169]6
[203][169]11
[204][169]5
[204][169]11
phy_tx_mode[204]7
phy_tx_mode[204]5
n0_DFFSRX1_189[204]5
n0_DFFSRX1_189[204]11
phy_tx_mode[203]6
phy_tx_mode[203]8
n0_DFFSRX1_189[203]8
n0_DFFSRX1_189[203]6
n0_DFFSRX1_239[203]10
n0_DFFSRX1_239[203]6
[272]{{n1444}}8
[272]{{n1444}}10
[273]{{n1444}}10
[273]{{n1444}}10
[274]{{n1444}}12
[274]{{n1444}}10
[1389]{{n1001_1}}11
[1389]{{n1001_1}}13
[1390]{{n1001_1}}11
[1390]{{n1001_1}}13
n0_DFFSRX1_83[1390]11
n0_DFFSRX1_83[1390]11
n0_DFFSRX1_85[1390]11
n0_DFFSRX1_85[1390]1
n0_DFFSRX1_172[1390]11
n0_DFFSRX1_172[1390]1
n0_DFFSRX1_186[1390]11
n0_DFFSRX1_186[1390]1
n0_DFFSRX1_81[1390]11
n0_DFFSRX1_81[1390]11
[155][1390]11
[155][1390]12
[269][1390]10
[269][1390]11
[270][1390]12
[270][1390]11
[271][1390]13
[271][1390]11
[1387]{{n987}}10
[1387]{{n987}}11
[1388]{{n987}}10
[1388]{{n987}}11
n0_DFFSRX1_85[1387]10
n0_DFFSRX1_85[1387]11
n432[1387]11
n432[1387]6
[269][1387]10
[269][1387]11
[270][1387]12
[270][1387]11
[271][1387]13
[271][1387]11
n0_DFFSRX1_81[1387]10
n0_DFFSRX1_81[1387]11
[269]{{n1015}}9
[269]{{n1015}}13
[270]{{n1015}}11
[270]{{n1015}}13
[271]{{n1015}}12
[271]{{n1015}}13
n0_DFFSRX1_81[1388]10
n0_DFFSRX1_81[1388]10
[155][1388]10
[155][1388]11
[269][1388]10
[269][1388]10
[270][1388]12
[270][1388]10
[271][1388]13
[271][1388]10
n0_DFFSRX1_85[269]9
n0_DFFSRX1_85[269]9
n0_DFFSRX1_172[269]9
n0_DFFSRX1_172[269]11
n432[269]9
n432[269]4
[272][269]9
[272][269]9
[273][269]12
[273][269]9
[274][269]14
[274][269]9
[272][271]9
[272][271]11
[273][271]12
[273][271]11
[274][271]14
[274][271]11
n0_DFFSRX1_85[271]12
n0_DFFSRX1_85[271]10
[275][274]10
[275][274]10
[276][274]8
[276][274]10
n0_DFFSRX1_172[274]12
n0_DFFSRX1_172[274]9
n0_DFFSRX1_172[272]8
n0_DFFSRX1_172[272]8
n422[272]8
n422[272]10
n432[272]8
n432[272]4
[275][272]10
[275][272]8
[276][272]8
[276][272]8
[275]{{n1509}}8
[275]{{n1509}}9
[276]{{n1509}}7
[276]{{n1509}}9
n0_DFFSRX1_186[276]7
n0_DFFSRX1_186[276]7
n422[276]7
n422[276]8
n432[276]7
n432[276]4
n0_DFFSRX1_83[1389]11
n0_DFFSRX1_83[1389]11
n432[1389]11
n432[1389]19
[166][1389]11
[166][1389]8
n0_DFFSRX1_186[275]8
n0_DFFSRX1_186[275]8
n422[275]7
n422[275]8
n432[275]8
n432[275]4
n0_DFFSRX1_172[273]10
n0_DFFSRX1_172[273]8
n422[273]9
n422[273]10
n432[273]10
n432[273]4
n0_DFFSRX1_172[270]9
n0_DFFSRX1_172[270]11
[155][270]11
[155][270]10
n0_DFFSRX1_85[155]15
n0_DFFSRX1_85[155]10
n432[155]15
n432[155]4
rstn43221
rstn4324
n0_DFFX1_385n4323
n0_DFFX1_385n43221
n0_DFFX1_387n4322
n0_DFFX1_387n43221
n0_DFFX1_387{{LineState_o[0]}}2
n0_DFFX1_387{{LineState_o[0]}}2
n0_DFFSRX1_182{{n1410}}2
n0_DFFSRX1_182{{n1410}}2
[1409]{{n1481}}6
[1409]{{n1481}}13
[1410]{{n1481}}11
[1410]{{n1481}}13
rst[1410]10
rst[1410]3
n0_DFFSRX1_6[1410]12
n0_DFFSRX1_6[1410]10
[1411][1410]9
[1411][1410]13
n0_DFFSRX1_182[1411]4
n0_DFFSRX1_182[1411]5
n612[1411]4
n612[1411]8
[1412][1411]5
[1412][1411]13
n0_DFFX1_260{{n1986}}2
n0_DFFX1_260{{n1986}}2
[211][1409]1
[211][1409]6
[212][1409]6
[212][1409]6
n0_DFFSRX1_283[1409]6
n0_DFFSRX1_283[1409]6
[120][1409]6
[120][1409]6
[211]{{n1789}}3
[211]{{n1789}}5
[212]{{n1789}}3
[212]{{n1789}}5
n0_DFFSRX1_283[1412]6
n0_DFFSRX1_283[1412]5
[120][1412]5
[120][1412]15
[211][1412]9
[211][1412]5
[212][1412]8
[212][1412]5
n0_DFFX1_258[212]3
n0_DFFX1_258[212]4
n0_DFFX1_260[212]3
n0_DFFX1_260[212]4
n0_SDFFSRX1_143{{DataIn_o[6]}}2
n0_SDFFSRX1_143{{DataIn_o[6]}}2
n0_SDFFSRX1_143{{n1394}}2
n0_SDFFSRX1_143{{n1394}}2
n0_DFFSRX1_226{{usb_rst}}2
n0_DFFSRX1_226{{usb_rst}}2
n0_DFFSRX1_81[166]8
n0_DFFSRX1_81[166]11
n0_DFFSRX1_83[166]8
n0_DFFSRX1_83[166]1
n0_DFFSRX1_85[166]8
n0_DFFSRX1_85[166]10
n0_DFFSRX1_172[166]8
n0_DFFSRX1_172[166]9
n0_DFFSRX1_186[166]8
n0_DFFSRX1_186[166]8
n422[166]8
n422[166]7
n0_DFFSRX1_226n4226
n0_DFFSRX1_226n42220
n0_DFFX1_258n42220
n0_DFFX1_258n4225
n0_DFFSRX1_81{{n1672}}6
n0_DFFSRX1_81{{n1672}}6
n0_DFFSRX1_83{{n1672}}6
n0_DFFSRX1_83{{n1672}}5
n0_DFFSRX1_85{{n1672}}6
n0_DFFSRX1_85{{n1672}}4
n0_DFFSRX1_172{{n1672}}6
n0_DFFSRX1_172{{n1672}}3
n0_DFFSRX1_186{{n1672}}6
n0_DFFSRX1_186{{n1672}}2
[220]{{n1209}}8
[220]{{n1209}}11
[221]{{n1209}}8
[221]{{n1209}}11
rst{{n1209}}11
rst{{n1209}}5
TxValid_i{{n1209}}11
TxValid_i{{n1209}}4
[124]{{n1209}}11
[124]{{n1209}}3
[1366]{{n884}}9
[1366]{{n884}}48
[1369]{{n884}}23
[1369]{{n884}}48
[1370][1369]1
[1370][1369]48
[1373][1369]23
[1373][1369]48
rst[1373]23
rst[1373]20
[1374][1373]23
[1374][1373]52
n317[1374]6
n317[1374]52
[1375][1374]16
[1375][1374]52
TxValid_in3175
TxValid_in3175
n0_DFFX1_42n31775
n0_DFFX1_42n3175
n0_DFFSRX1_66n31744
n0_DFFSRX1_66n3175
n0_DFFX1_87n31776
n0_DFFX1_87n3175
n0_DFFSRX1_184[1427]7
n0_DFFSRX1_184[1427]7
n0_DFFX1_258[1427]7
n0_DFFX1_258[1427]1
n612[1427]6
n612[1427]7
n0_DFFSRX1_239[1427]7
n0_DFFSRX1_239[1427]7
n0_SDFFSRX1_158{{n1362}}2
n0_SDFFSRX1_158{{n1362}}2
n0_SDFFSRX1_158{{DataIn_o[3]}}2
n0_SDFFSRX1_158{{DataIn_o[3]}}2
n0_DFFX1_258[211]4
n0_DFFX1_258[211]3
n0_DFFSRX1_283[211]3
n0_DFFSRX1_283[211]5
n0_DFFX1_24{{n2097}}2
n0_DFFX1_24{{n2097}}2
n0_DFFX1_18{{n2120}}2
n0_DFFX1_18{{n2120}}2
n0_DFFX1_10[164]11
n0_DFFX1_10[164]3
n0_DFFSRX1_11[164]17
n0_DFFSRX1_11[164]11
[154][164]11
[154][164]17
[343][158]19
[343][158]15
[344][158]12
[344][158]15
[345][158]12
[345][158]15
n0_DFFSRX1_4[343]13
n0_DFFSRX1_4[343]19
n236[343]8
n236[343]19
[173][343]19
[173][343]9
n0_DFFX1_10[173]13
n0_DFFX1_10[173]9
n0_DFFSRX1_11[173]14
n0_DFFSRX1_11[173]9
n236[344]6
n236[344]12
n238[344]7
n238[344]12
[154][344]12
[154][344]14
n0_DFFX1_10[154]23
n0_DFFX1_10[154]19
n0_DFFSRX1_11[154]19
n0_DFFSRX1_11[154]22
n0_DFFX1_10[1341]9
n0_DFFX1_10[1341]9
n0_DFFSRX1_11[1341]9
n0_DFFSRX1_11[1341]12
n0_DFFSRX1_201[1341]9
n0_DFFSRX1_201[1341]6
n0_DFFSRX1_203[1341]17
n0_DFFSRX1_203[1341]9
n0_DFFSRX1_4[345]12
n0_DFFSRX1_4[345]10
n0_DFFSRX1_11[345]10
n0_DFFSRX1_11[345]12
n238[345]9
n238[345]12
n0_DFFX1_10n25511
n0_DFFX1_10n25511
n0_DFFSRX1_11n25511
n0_DFFSRX1_11n25510
[128]n25519
[128]n25511
n0_DFFX1_71{{n957}}4
n0_DFFX1_71{{n957}}4
n0_DFFX1_258{{n957}}3
n0_DFFX1_258{{n957}}4
n0_DFFX1_142{{n957}}2
n0_DFFX1_142{{n957}}4
n0_DFFX1_197[196]3
n0_DFFX1_197[196]4
n0_DFFX1_258[196]7
n0_DFFX1_258[196]3
[198]{{n1531}}8
[198]{{n1531}}9
[199]{{n1531}}5
[199]{{n1531}}9
[200]{{n1531}}4
[200]{{n1531}}9
rst[198]8
rst[198]4
n0_DFFX1_220[198]8
n0_DFFX1_220[198]7
n0_DFFX1_258[198]8
n0_DFFX1_258[198]4
n0_DFFSRX1_201[1364]4
n0_DFFSRX1_201[1364]4
n0_DFFSRX1_203[1364]3
n0_DFFSRX1_203[1364]4
n0_DFFX1_258[1364]4
n0_DFFX1_258[1364]3
n0_DFFSRX1_2[1340]3
n0_DFFSRX1_2[1340]3
n0_DFFX1_258[1340]14
n0_DFFX1_258[1340]3
n0_DFFX1_220{{n1646}}4
n0_DFFX1_220{{n1646}}4
n612{{n1646}}4
n612{{n1646}}5
[1425]{{n1646}}4
[1425]{{n1646}}6
n0_DFFX1_218[192]4
n0_DFFX1_218[192]4
n612[192]4
n612[192]4
[302][1366]9
[302][1366]38
[1367][1366]9
[1367][1366]37
[299][1375]7
[299][1375]16
[1376][1375]16
[1376][1375]51
[300][1376]6
[300][1376]16
[1377][1376]16
[1377][1376]44
[124][1377]8
[124][1377]8
[167][1377]8
[167][1377]23
[1378][1377]13
[1378][1377]44
[153][1378]13
[153][1378]38
[301][1378]6
[301][1378]13
[302][1378]9
[302][1378]13
[301]{{n927}}6
[301]{{n927}}12
[302]{{n927}}7
[302]{{n927}}12
n612[302]6
n612[302]7
[303][302]5
[303][302]7
n0_DFFSRX1_66[302]7
n0_DFFSRX1_66[302]3
n0_DFFX1_87[302]7
n0_DFFX1_87[302]7
n0_DFFX1_42[1367]6
n0_DFFX1_42[1367]16
n0_DFFX1_87[1367]19
n0_DFFX1_87[1367]6
[1368][1367]7
[1368][1367]37
n0_DFFSRX1_189[1368]26
n0_DFFSRX1_189[1368]7
n612[1368]23
n612[1368]7
n0_DFFSRX1_189[200]4
n0_DFFSRX1_189[200]4
n612[200]4
n612[200]9
n0_DFFX1_219{{n1638}}4
n0_DFFX1_219{{n1638}}4
n612{{n1638}}4
n612{{n1638}}5
[1424]{{n1638}}4
[1424]{{n1638}}6
[301][1370]1
[301][1370]38
[1371][1370]1
[1371][1370]37
n0_DFFX1_42[1371]1
n0_DFFX1_42[1371]16
n0_DFFX1_87[1371]19
n0_DFFX1_87[1371]1
[1372][1371]1
[1372][1371]37
n0_DFFSRX1_189[1372]26
n0_DFFSRX1_189[1372]1
n612[1372]23
n612[1372]1
n0_DFFX1_241{{n1709}}4
n0_DFFX1_241{{n1709}}4
n612{{n1709}}4
n612{{n1709}}5
[1429]{{n1709}}4
[1429]{{n1709}}6
n0_DFFSRX1_2[262]5
n0_DFFSRX1_2[262]5
n0_DFFSRX1_104[262]5
n0_DFFSRX1_104[262]4
n612[262]5
n612[262]15
n0_DFFX1_218[1426]4
n0_DFFX1_218[1426]4
[120][1426]4
[120][1426]4
n0_DFFX1_103[1424]4
n0_DFFX1_103[1424]4
[120][1424]4
[120][1424]5
n0_DFFSRX1_189[1429]4
n0_DFFSRX1_189[1429]4
[120][1429]4
[120][1429]4
n0_DFFX1_219[1425]4
n0_DFFX1_219[1425]4
[120][1425]4
[120][1425]5
rst[120]17
rst[120]2
n612[120]16
n612[120]17
rstn6123
rstn6123
n0_DFFX1_258n6122
n0_DFFX1_258n6123
n0_DFFSRX1_4[128]14
n0_DFFSRX1_4[128]9
n236[128]9
n236[128]18
n0_DFFSRX1_201n23615
n0_DFFSRX1_201n2366
n0_DFFSRX1_203n23610
n0_DFFSRX1_203n23615
n0_DFFSRX1_431n23615
n0_DFFSRX1_431n23612
n0_DFFSRX1_201n23815
n0_DFFSRX1_201n23817
n0_DFFSRX1_203n23817
n0_DFFSRX1_203n23815
n0_DFFSRX1_431n23817
n0_DFFSRX1_431n23815
rst{{n1023}}13
rst{{n1023}}13
[167]{{n1023}}13
[167]{{n1023}}11
n0_DFFSRX1_66[167]4
n0_DFFSRX1_66[167]6
n0_DFFX1_87[167]6
n0_DFFX1_87[167]9
n0_DFFSRX1_189[167]11
n0_DFFSRX1_189[167]6
n371[167]11
n371[167]11
[299][167]8
[299][167]11
[300][167]7
[300][167]11
[299]{{n1167}}7
[299]{{n1167}}8
[300]{{n1167}}6
[300]{{n1167}}8
n0_DFFSRX1_298[299]7
n0_DFFSRX1_298[299]7
n371[299]7
n371[299]8
n383[299]1
n383[299]7
[124][299]7
[124][299]3
n371[300]1
n371[300]6
n383[300]6
n383[300]9
[124][300]6
[124][300]3
[233]{{n1105}}13
[233]{{n1105}}16
[234]{{n1105}}4
[234]{{n1105}}16
rst[233]13
rst[233]8
n0_DFFSRX1_298[233]13
n0_DFFSRX1_298[233]13
n371[233]13
n371[233]13
[124][233]13
[124][233]9
n0_DFFSRX1_215[124]18
n0_DFFSRX1_215[124]3
n0_DFFSRX1_426[124]2
n0_DFFSRX1_426[124]18
n0_DFFSRX1_215{{n2112}}2
n0_DFFSRX1_215{{n2112}}2
rst[199]5
rst[199]4
n0_DFFSRX1_189[199]5
n0_DFFSRX1_189[199]7
n0_DFFX1_241[199]8
n0_DFFX1_241[199]5
rst[234]4
rst[234]4
n0_DFFX1_103[234]4
n0_DFFX1_103[234]12
n0_DFFX1_220[234]10
n0_DFFX1_220[234]4
rst[116]34
rst[116]3
n0_DFFSRX1_2[116]34
n0_DFFSRX1_2[116]2
rst[1347]6
rst[1347]6
n0_DFFSRX1_6[1347]6
n0_DFFSRX1_6[1347]14
[163][1347]6
[163][1347]4
rst[303]5
rst[303]5
n0_DFFX1_42[303]6
n0_DFFX1_42[303]5
rst[301]6
rst[301]6
n0_DFFX1_87[301]6
n0_DFFX1_87[301]5
n0_DFFSRX1_189[301]6
n0_DFFSRX1_189[301]4
[153][301]6
[153][301]10
n0_DFFSRX1_6{{RxActive_o}}2
n0_DFFSRX1_6{{RxActive_o}}2
n0_DFFSRX1_100{{n774}}7
n0_DFFSRX1_100{{n774}}7
n0_DFFSRX1_108{{n774}}6
n0_DFFSRX1_108{{n774}}7
n0_DFFSRX1_6{{n774}}7
n0_DFFSRX1_6{{n774}}5
n0_DFFX1_75{{n774}}4
n0_DFFX1_75{{n774}}7
n0_DFFSRX1_201{{n774}}3
n0_DFFSRX1_201{{n774}}7
n0_DFFSRX1_203{{n774}}2
n0_DFFSRX1_203{{n774}}7
n0_SDFFSRX1_152{{n1330}}2
n0_SDFFSRX1_152{{n1330}}2
n0_SDFFSRX1_152{{DataIn_o[1]}}2
n0_SDFFSRX1_152{{DataIn_o[1]}}2
n0_DFFSRX1_66n3714
n0_DFFSRX1_66n37111
[118]n37111
[118]n37111
n383[221]8
n383[221]10
[118][221]8
[118][221]8
n0_DFFSRX1_298[220]8
n0_DFFSRX1_298[220]8
n383[220]1
n383[220]8
[118][220]10
[118][220]8
n0_DFFX1_42[118]11
n0_DFFX1_42[118]17
n0_DFFX1_87[118]17
n0_DFFX1_87[118]2
n0_DFFX1_87n3836
n0_DFFX1_87n3836
[153]n3836
[153]n3836
n0_DFFX1_42[153]9
n0_DFFX1_42[153]3
n0_DFFSRX1_66[153]14
n0_DFFSRX1_66[153]9
n0_DFFX1_385{{n1869}}3
n0_DFFX1_385{{n1869}}3
n0_DFFX1_423{{n1869}}3
n0_DFFX1_423{{n1869}}2
n0_DFFX1_385{{LineState_o[1]}}2
n0_DFFX1_385{{LineState_o[1]}}2
n0_SDFFSRX1_146{{n1378}}2
n0_SDFFSRX1_146{{n1378}}2
n0_SDFFSRX1_146{{DataIn_o[4]}}2
n0_SDFFSRX1_146{{DataIn_o[4]}}2
n0_DFFX1_23{{n2063}}2
n0_DFFX1_23{{n2063}}2
n0_DFFX1_288{{n1740}}2
n0_DFFX1_288{{n1740}}2
n0_DFFX1_16{{n2158}}2
n0_DFFX1_16{{n2158}}2
n0_SDFFSRX1_155{{DataIn_o[2]}}2
n0_SDFFSRX1_155{{DataIn_o[2]}}2
n0_SDFFSRX1_155{{n1346}}2
n0_SDFFSRX1_155{{n1346}}2
n0_DFFSRX1_201{{n968}}3
n0_DFFSRX1_201{{n968}}3
n0_DFFSRX1_203{{n968}}2
n0_DFFSRX1_203{{n968}}3
n0_DFFX1_71[163]4
n0_DFFX1_71[163]6
n0_DFFSRX1_201[163]5
n0_DFFSRX1_201[163]4
n0_DFFSRX1_203[163]4
n0_DFFSRX1_203[163]4
n0_DFFX1_142{{RxValid_o}}2
n0_DFFX1_142{{RxValid_o}}2
n0_DFFX1_338{{n1806}}2
n0_DFFX1_338{{n1806}}2
n0_DFFX1_423{{n2002}}2
n0_DFFX1_423{{n2002}}2
n0_DFFX1_21{{n2080}}2
n0_DFFX1_21{{n2080}}2
n0_DFFX1_197{{n2150}}2
n0_DFFX1_197{{n2150}}2
n0_DFFX1_197{{txoe}}2
n0_DFFX1_197{{txoe}}2
duration = 0.029231sec.

Transcirc
cut[1368]
cut[1370]
cut[226]
delete_node_ex7
cost:1558

[1375]
minus[1374]1


wire1
two_wire1
delete_node8
cost:1556
