
outfunc
duration = 0.023082sec.

cost:2171
CSPF
l{{o4}}5
l{{o4}}5
[117]{{o4}}5
[117]{{o4}}6
[2433]{{o4}}5
[2433]{{o4}}9
l{{w4}}5
l{{w4}}5
[119]{{w4}}5
[119]{{w4}}6
[2441]{{w4}}5
[2441]{{w4}}9
z{{i5}}5
z{{i5}}5
[123]{{i5}}5
[123]{{i5}}6
[2453]{{i5}}6
[2453]{{i5}}10
z{{q5}}5
z{{q5}}5
[121]{{q5}}5
[121]{{q5}}5
[2461]{{q5}}5
[2461]{{q5}}9
b1[2441]5
b1[2441]5
[126][2441]5
[126][2441]6
[107]{{n7}}57
[107]{{n7}}40
[246]{{n7}}28
[246]{{n7}}40
[247]{{n7}}30
[247]{{n7}}40
[249]{{n7}}4
[249]{{n7}}48
[250]{{n7}}5
[250]{{n7}}48
[251]{{n7}}3
[251]{{n7}}48
b1[249]5
b1[249]4
[108][249]4
[108][249]43
h21{{j4}}14
h21{{j4}}14
l21{{j4}}12
l21{{j4}}14
[174]{{j4}}14
[174]{{j4}}14
y1{{j4}}2
y1{{j4}}15
i2[174]10
i2[174]13
a19[174]10
a19[174]9
[151][174]10
[151][174]6
o0[174]6
o0[174]14
g18{{v5}}121
g18{{v5}}127
[400]{{v5}}5
[400]{{v5}}127
[401]{{v5}}4
[401]{{v5}}127
y1{{v5}}2
y1{{v5}}127
[2491]{{a6}}105
[2491]{{a6}}106
[2492]{{a6}}105
[2492]{{a6}}106
n0[2491]97
n0[2491]105
[134][2491]125
[134][2491]105
{{z5}}[2491]151
{{z5}}[2491]105
f2[2491]105
f2[2491]105
n0[2492]4
n0[2492]105
e2[2492]105
e2[2492]105
f2[2492]105
f2[2492]105
{{z5}}[2492]151
{{z5}}[2492]105
[386]{{z5}}91
[386]{{z5}}93
[387]{{z5}}91
[387]{{z5}}93
n0[386]105
n0[386]91
e2[386]91
e2[386]105
[134][386]139
[134][386]91
n0[387]105
n0[387]91
e2[387]105
e2[387]91
[134][387]91
[134][387]97
a2[134]97
a2[134]125
g18[134]87
g18[134]125
h4g1884
h4g18124
y16g18174
y16g1884
[2473]g1811
[2473]g18175
[200]{{c8}}10
[200]{{c8}}14
[201]{{c8}}7
[201]{{c8}}14
n0[201]7
n0[201]7
h4[201]7
h4[201]13
[150][201]7
[150][201]5
[368]{{f6}}16
[368]{{f6}}18
[369]{{f6}}18
[369]{{f6}}18
y1[369]18
y1[369]18
k2[369]18
k2[369]15
[147][369]18
[147][369]20
y1[368]16
y1[368]16
k2[368]14
k2[368]16
[147][368]22
[147][368]16
x1[147]13
x1[147]13
z18[147]13
z18[147]12
[370]{{e6}}12
[370]{{e6}}19
[371]{{e6}}18
[371]{{e6}}19
y1[370]12
y1[370]12
j2[370]14
j2[370]12
[146][370]21
[146][370]12
y1[371]18
y1[371]18
j2[371]18
j2[371]12
[146][371]18
[146][371]17
[2498][146]10
[2498][146]14
[2499][146]16
[2499][146]14
z18[2499]10
z18[2499]10
[131][2499]10
[131][2499]11
x19[2499]8
x19[2499]17
x1[2499]2
x1[2499]14
e0z189
e0z1810
f0z188
f0z1810
g0z1810
g0z187
p2z187
p2z1812
[131]z1813
[131]z185
[107]{{j7}}74
[107]{{j7}}40
[270]{{j7}}39
[270]{{j7}}40
[271]{{j7}}35
[271]{{j7}}40
[273]{{j7}}4
[273]{{j7}}46
[274]{{j7}}5
[274]{{j7}}46
[275]{{j7}}3
[275]{{j7}}46
p3[271]35
p3[271]11
[109][271]35
[109][271]26
[107]{{k7}}55
[107]{{k7}}32
[264]{{k7}}28
[264]{{k7}}32
[265]{{k7}}28
[265]{{k7}}32
[267]{{k7}}4
[267]{{k7}}33
[268]{{k7}}5
[268]{{k7}}33
[269]{{k7}}3
[269]{{k7}}33
p3[264]28
p3[264]11
[110][264]28
[110][264]20
[107]{{q7}}81
[107]{{q7}}54
[228]{{q7}}36
[228]{{q7}}54
[229]{{q7}}40
[229]{{q7}}54
[231]{{q7}}4
[231]{{q7}}56
[232]{{q7}}5
[232]{{q7}}56
[233]{{q7}}3
[233]{{q7}}56
e[233]3
e[233]37
u1[233]38
u1[233]3
y{{p5}}5
y{{p5}}5
[121]{{p5}}5
[121]{{p5}}5
[2460]{{p5}}5
[2460]{{p5}}9
u1[2460]5
u1[2460]5
[122][2460]5
[122][2460]5
[107]{{p7}}57
[107]{{p7}}47
[234]{{p7}}30
[234]{{p7}}47
[235]{{p7}}28
[235]{{p7}}47
[237]{{p7}}4
[237]{{p7}}53
[238]{{p7}}5
[238]{{p7}}53
[239]{{p7}}3
[239]{{p7}}53
v3[235]28
v3[235]11
[109][235]28
[109][235]28
v3[228]36
v3[228]11
[110][228]36
[110][228]33
d1[237]5
d1[237]4
[108][237]4
[108][237]43
n{{y4}}5
n{{y4}}5
[119]{{y4}}5
[119]{{y4}}6
[2443]{{y4}}5
[2443]{{y4}}9
d1[2443]5
d1[2443]5
[126][2443]5
[126][2443]5
[2463]{{u5}}112
[2463]{{u5}}165
[2466]{{u5}}115
[2466]{{u5}}165
z1[2466]13
z1[2466]13
z12[2466]13
z12[2466]25
b13[2466]20
b13[2466]13
[109][2466]13
[109][2466]205
[2467][2466]105
[2467][2466]165
x1[2467]104
x1[2467]105
[2468][2467]105
[2468][2467]203
[125][2468]7
[125][2468]107
[151][2468]7
[151][2468]238
[2469][2468]104
[2469][2468]203
z1[2469]104
z1[2469]104
[169][2469]104
[169][2469]119
b13[169]7
b13[169]12
[125][169]12
[125][169]140
[198][169]12
[198][169]81
[2470][169]73
[2470][169]119
z1[2463]112
z1[2463]112
[2464][2463]112
[2464][2463]113
y1[2464]110
y1[2464]111
[170][2464]111
[170][2464]166
[2465][2464]11
[2465][2464]113
x1[170]111
x1[170]166
[421][170]73
[421][170]166
[422][170]11
[422][170]166
b13[422]11
b13[422]30
n16[422]11
n16[422]133
[125][2465]11
[125][2465]156
[176][2465]11
[176][2465]175
c0[176]8
c0[176]68
q2[176]8
q2[176]119
b13[176]7
b13[176]175
[2415]{{k4}}11
[2415]{{k4}}402
[2416]{{k4}}211
[2416]{{k4}}402
y1[2416]108
y1[2416]108
q12[2416]108
q12[2416]104
[175][2416]108
[175][2416]65
[2417][2416]28
[2417][2416]402
a2[2417]68
a2[2417]28
{{i4}}[2417]28
{{i4}}[2417]222
b13[2417]233
b13[2417]28
[166][2417]28
[166][2417]379
[508]b136
[508]b13176
[509]b13203
[509]b13176
d0[508]8
d0[508]6
q2[508]16
q2[508]6
z12[508]137
z12[508]6
[125][166]18
[125][166]389
[197][166]18
[197][166]408
[2426][166]13
[2426][166]379
y1[125]6
y1[125]22
z12[125]1008
z12[125]22
x1{{t5}}6
x1{{t5}}6
z12{{t5}}5
z12{{t5}}6
[151]{{t5}}6
[151]{{t5}}4
n0{{t5}}2
n0{{t5}}7
i3[509]137
i3[509]203
z12[509]203
z12[509]20
y1[2426]8
y1[2426]13
z12[2426]13
z12[2426]247
n16[2426]13
n16[2426]395
y1[2470]66
y1[2470]73
q12[2470]73
q12[2470]97
[199][2470]73
[199][2470]30
q12[421]97
q12[421]73
[199][421]73
[199][421]29
a2[175]29
a2[175]79
[199][175]79
[199][175]73
{{i4}}[175]65
{{i4}}[175]39
z12[199]158
z12[199]74
n16[199]117
n16[199]158
q2z12150
q2z12340
r2z12153
r2z12340
i2z12280
i2z12715
[344]{{m6}}21
[344]{{m6}}23
[345]{{m6}}4
[345]{{m6}}23
[346]{{m6}}23
[346]{{m6}}23
{{l6}}[346]23
{{l6}}[346]23
[151][346]23
[151][346]23
r2[344]21
r2[344]21
{{l6}}[344]21
{{l6}}[344]21
[136][344]21
[136][344]21
[347]{{l6}}23
[347]{{l6}}20
[348]{{l6}}21
[348]{{l6}}20
q2[348]18
q2[348]21
[136][348]4
[136][348]21
y1[347]4
y1[347]23
q2[347]23
q2[347]1
[136][347]23
[136][347]18
x1[136]7
x1[136]30
{{d6}}[136]30
{{d6}}[136]28
x1{{d6}}25
x1{{d6}}25
x19{{d6}}25
x19{{d6}}27
i2{{d6}}7
i2{{d6}}28
y1{{d6}}2
y1{{d6}}30
e[239]3
e[239]35
t1[239]36
t1[239]3
x{{o5}}5
x{{o5}}5
[121]{{o5}}5
[121]{{o5}}5
[2459]{{o5}}5
[2459]{{o5}}9
t1[2459]5
t1[2459]5
[122][2459]5
[122][2459]6
o{{r4}}5
o{{r4}}5
[117]{{r4}}5
[117]{{r4}}6
[2436]{{r4}}6
[2436]{{r4}}10
o{{z4}}5
o{{z4}}5
[119]{{z4}}5
[119]{{z4}}5
[2444]{{z4}}5
[2444]{{z4}}9
a3{{v6}}5
a3{{v6}}5
[116]{{v6}}5
[116]{{v6}}5
[2526]{{v6}}5
[2526]{{v6}}9
[107]{{l7}}56
[107]{{l7}}32
[258]{{l7}}31
[258]{{l7}}32
[259]{{l7}}31
[259]{{l7}}32
[261]{{l7}}4
[261]{{l7}}33
[262]{{l7}}5
[262]{{l7}}33
[263]{{l7}}3
[263]{{l7}}33
a3[262]6
a3[262]5
l21[262]5
l21[262]25
k{{n4}}5
k{{n4}}5
[117]{{n4}}5
[117]{{n4}}6
[2432]{{n4}}5
[2432]{{n4}}9
k{{v4}}5
k{{v4}}5
[119]{{v4}}5
[119]{{v4}}5
[2440]{{v4}}5
[2440]{{v4}}8
[2510]{{k6}}16
[2510]{{k6}}20
[2511]{{k6}}15
[2511]{{k6}}20
y1[2510]5
y1[2510]19
[148][2510]19
[148][2510]17
[135][2510]13
[135][2510]16
p2[2510]16
p2[2510]15
{{i6}}{{j6}}15
{{i6}}{{j6}}15
[148]{{j6}}16
[148]{{j6}}15
[2508]{{j6}}15
[2508]{{j6}}15
[359]{{i6}}1
[359]{{i6}}15
[360]{{i6}}15
[360]{{i6}}15
n2[360]15
n2[360]1
[135][360]15
[135][360]15
y1[135]8
y1[135]23
m2[135]21
m2[135]23
{{h6}}[135]27
{{h6}}[135]22
[2504]{{h6}}23
[2504]{{h6}}22
[2505]{{h6}}23
[2505]{{h6}}22
y1[2505]19
y1[2505]23
m2[2505]25
m2[2505]23
{{g6}}[2505]1
{{g6}}[2505]23
a19[2505]23
a19[2505]13
y1[2504]15
y1[2504]17
a19[2504]25
a19[2504]17
{{g6}}[2504]32
{{g6}}[2504]21
m2[2504]23
m2[2504]8
[366]{{g6}}17
[366]{{g6}}32
[367]{{g6}}23
[367]{{g6}}32
y1[367]23
y1[367]23
l2[367]37
l2[367]23
a19[367]23
a19[367]15
y1[366]17
y1[366]17
l2[366]17
l2[366]17
a19[366]41
a19[366]17
ea191
ea1935
x1a1935
x1a1957
h21a1935
h21a1927
l21a1924
l21a1935
[107]{{r7}}67
[107]{{r7}}41
[222]{{r7}}36
[222]{{r7}}41
[223]{{r7}}35
[223]{{r7}}41
[225]{{r7}}4
[225]{{r7}}51
[226]{{r7}}5
[226]{{r7}}51
[227]{{r7}}3
[227]{{r7}}51
[107]{{g7}}51
[107]{{g7}}36
[288]{{g7}}30
[288]{{g7}}36
[289]{{g7}}27
[289]{{g7}}36
[291]{{g7}}4
[291]{{g7}}42
[292]{{g7}}5
[292]{{g7}}42
[293]{{g7}}3
[293]{{g7}}42
[107]{{o7}}56
[107]{{o7}}26
[240]{{o7}}31
[240]{{o7}}26
[241]{{o7}}32
[241]{{o7}}26
[243]{{o7}}4
[243]{{o7}}25
[244]{{o7}}5
[244]{{o7}}25
[245]{{o7}}3
[245]{{o7}}25
[107]{{d7}}59
[107]{{d7}}31
[306]{{d7}}32
[306]{{d7}}31
[307]{{d7}}36
[307]{{d7}}31
[309]{{d7}}4
[309]{{d7}}38
[310]{{d7}}5
[310]{{d7}}38
[311]{{d7}}3
[311]{{d7}}38
[107]{{h7}}78
[107]{{h7}}37
[282]{{h7}}43
[282]{{h7}}37
[283]{{h7}}39
[283]{{h7}}37
[285]{{h7}}4
[285]{{h7}}42
[286]{{h7}}5
[286]{{h7}}42
[287]{{h7}}3
[287]{{h7}}42
[107]{{e7}}59
[107]{{e7}}29
[300]{{e7}}30
[300]{{e7}}29
[301]{{e7}}29
[301]{{e7}}29
[303]{{e7}}4
[303]{{e7}}28
[304]{{e7}}5
[304]{{e7}}28
[305]{{e7}}3
[305]{{e7}}28
[107]{{i7}}72
[107]{{i7}}33
[276]{{i7}}36
[276]{{i7}}33
[277]{{i7}}37
[277]{{i7}}33
[279]{{i7}}4
[279]{{i7}}35
[280]{{i7}}5
[280]{{i7}}35
[281]{{i7}}3
[281]{{i7}}35
[107]{{m7}}58
[107]{{m7}}30
[252]{{m7}}28
[252]{{m7}}30
[253]{{m7}}28
[253]{{m7}}30
[255]{{m7}}4
[255]{{m7}}29
[256]{{m7}}5
[256]{{m7}}29
[257]{{m7}}3
[257]{{m7}}29
[107]{{f7}}80
[107]{{f7}}41
[294]{{f7}}35
[294]{{f7}}41
[295]{{f7}}36
[295]{{f7}}41
[297]{{f7}}4
[297]{{f7}}44
[298]{{f7}}5
[298]{{f7}}44
[299]{{f7}}3
[299]{{f7}}44
y1[107]50
y1[107]1750
[100][107]1750
[100][107]39
y1[2508]4
y1[2508]4
n2[2508]10
n2[2508]4
o2[2508]4
o2[2508]11
[2509][2508]10
[2509][2508]11
m2[2509]10
m2[2509]10
{{s5}}[2509]16
{{s5}}[2509]10
u19[2509]10
u19[2509]9
[114][2509]7
[114][2509]10
l2[359]1
l2[359]1
m2[359]1
m2[359]1
n2[359]10
n2[359]1
{{s5}}[359]4
{{s5}}[359]1
x1{{s5}}9
x1{{s5}}10
[100]{{s5}}9
[100]{{s5}}9
y1{{s5}}5
y1{{s5}}10
y1[2511]11
y1[2511]11
p2[2511]10
p2[2511]11
u19[2511]18
u19[2511]11
x1u1917
x1u199
[100]u198
[100]u1917
m2u199
m2u199
o2u199
o2u1913
[114]u197
[114]u199
c[100]869
c[100]61
h21[100]61
h21[100]2786
e3[238]6
e3[238]5
l21[238]5
l21[238]12
f3[232]6
f3[232]5
l21[232]5
l21[232]12
y2[274]6
y2[274]5
l21[274]5
l21[274]15
t2[304]6
t2[304]5
l21[304]5
l21[304]12
d3[244]6
d3[244]5
l21[244]5
l21[244]12
w2[286]6
w2[286]5
l21[286]5
l21[286]12
x2[280]6
x2[280]5
l21[280]5
l21[280]15
s2[310]6
s2[310]5
l21[310]5
l21[310]12
[165]{{s7}}8
[165]{{s7}}10
[167]{{s7}}8
[167]{{s7}}4
[195]{{s7}}8
[195]{{s7}}3
[218][165]8
[218][165]10
[219][165]7
[219][165]10
l21[218]6
l21[218]8
[168][218]8
[168][218]6
b3[256]6
b3[256]5
l21[256]5
l21[256]12
u2[298]6
u2[298]5
l21[298]5
l21[298]14
c3[250]6
c3[250]5
l21[250]5
l21[250]12
v2[292]6
v2[292]5
l21[292]5
l21[292]14
g3[226]6
g3[226]5
l21[226]5
l21[226]12
z2[268]6
z2[268]5
l21[268]5
l21[268]12
cl21118
cl21130
h21l21118
h21l2171
dh21106
dh21190
eh21100
eh21190
a1[255]5
a1[255]4
[108][255]4
[108][255]12
t0[297]5
t0[297]4
[108][297]4
[108][297]14
u0[291]5
u0[291]4
[108][291]4
[108][291]14
f1[225]5
f1[225]4
[108][225]4
[108][225]12
y0[267]5
y0[267]4
[108][267]4
[108][267]12
z0[261]5
z0[261]4
[108][261]4
[108][261]12
g1[167]5
g1[167]4
[108][167]4
[108][167]7
w0[279]5
w0[279]4
[108][279]4
[108][279]15
e1[231]5
e1[231]4
[108][231]4
[108][231]12
x0[273]5
x0[273]4
[108][273]4
[108][273]15
r0[309]5
r0[309]4
[108][309]4
[108][309]12
s0[303]5
s0[303]4
[108][303]4
[108][303]12
c1[243]5
c1[243]4
[108][243]4
[108][243]12
v0[285]5
v0[285]4
[108][285]4
[108][285]12
d[108]19
d[108]74
e[108]36
e[108]19
z3{{u7}}5
z3{{u7}}5
{{t7}}{{u7}}5
{{t7}}{{u7}}5
[2548]{{u7}}5
[2548]{{u7}}6
y3{{t7}}5
y3{{t7}}5
h17{{t7}}3
h17{{t7}}5
[214]{{v7}}7
[214]{{v7}}8
[215]{{v7}}6
[215]{{v7}}8
a4[215]6
a4[215]6
h17[215]7
h17[215]6
t24[215]6
t24[215]9
[210]{{x7}}8
[210]{{x7}}12
[211]{{x7}}8
[211]{{x7}}12
c4[211]8
c4[211]8
h17[211]13
h17[211]8
[112][211]8
[112][211]6
[2485]{{w5}}13
[2485]{{w5}}22
[2486]{{w5}}13
[2486]{{w5}}22
h17[2485]21
h17[2485]22
[171][2485]22
[171][2485]22
[398][2485]11
[398][2485]14
[399][2485]12
[399][2485]14
b2[2485]13
b2[2485]14
j17[171]22
j17[171]13
[112][171]14
[112][171]22
[115][171]21
[115][171]22
[2555]{{a8}}11
[2555]{{a8}}18
[2556]{{a8}}11
[2556]{{a8}}18
{{z7}}[2555]12
{{z7}}[2555]12
[164][2555]5
[164][2555]12
f4[2555]11
f4[2555]12
f4[2556]11
f4[2556]11
{{z7}}[2556]12
{{z7}}[2556]11
[142][2556]11
[142][2556]5
[398]{{z7}}1
[398]{{z7}}19
[399]{{z7}}11
[399]{{z7}}19
b2[2486]13
b2[2486]13
h17[2486]19
h17[2486]13
[139][2486]39
[139][2486]13
[398][2486]11
[398][2486]13
[399][2486]12
[399][2486]13
[158][398]12
[158][398]10
[164][398]10
[164][398]21
[142][399]11
[142][399]35
[158][399]11
[158][399]27
j17[158]16
j17[158]19
[112][158]10
[112][158]19
[2557]{{b8}}13
[2557]{{b8}}16
[2558]{{b8}}12
[2558]{{b8}}16
g4[2558]12
g4[2558]12
[112][2558]14
[112][2558]12
[142][2558]12
[142][2558]9
[156][2558]9
[156][2558]12
d4{{y7}}9
d4{{y7}}9
[112]{{y7}}9
[112]{{y7}}9
h17{{y7}}15
h17{{y7}}10
[113]{{y7}}10
[113]{{y7}}7
m24[112]6
m24[112]18
t24[112]6
t24[112]17
[212]{{w7}}7
[212]{{w7}}10
[213]{{w7}}7
[213]{{w7}}10
b4[213]7
b4[213]7
h17[213]9
h17[213]7
i17[213]7
i17[213]10
a4[214]7
a4[214]7
h17[214]9
h17[214]7
i17[214]4
i17[214]7
[2487]{{x5}}14
[2487]{{x5}}25
[2488]{{x5}}14
[2488]{{x5}}25
c2[2488]14
c2[2488]14
[149][2488]15
[149][2488]14
[164][2488]14
[164][2488]6
h17[2487]22
h17[2487]15
[149][2487]15
[149][2487]23
[142][2487]5
[142][2487]14
c2[2487]14
c2[2487]14
b2[149]34
b2[149]13
[139][149]13
[139][149]34
[113][139]32
[113][139]33
[115][139]22
[115][139]33
j17[113]7
j17[113]36
i17[113]7
i17[113]22
g4[2557]13
g4[2557]13
[194][2557]13
[194][2557]12
[156][194]19
[156][194]12
[160][194]12
[160][194]12
h17[194]3
h17[194]14
[164][194]5
[164][194]12
[160]y1655
[160]y1636
[405]y1642
[405]y1636
[406]y1619
[406]y1636
[407]y1628
[407]y1636
[408]y1616
[408]y1636
[409]y1624
[409]y1636
[410]y1613
[410]y1636
[411]y1622
[411]y1636
[412]y1611
[412]y1636
i17[160]62
i17[160]92
[130][160]44
[130][160]62
z3i174
z3i171
[137]i1766
[137]i174
b4[212]7
b4[212]7
h17[212]9
h17[212]7
[137][212]7
[137][212]10
b4[210]8
b4[210]8
h17[210]13
h17[210]8
m24[210]6
m24[210]8
[137][210]10
[137][210]8
a4[137]4
a4[137]4
t24[137]4
t24[137]3
y3[2548]5
y3[2548]5
h17[2548]7
h17[2548]5
t24[2548]3
t24[2548]5
y3t243
y3t243
z3t243
z3t242
y{{h5}}5
y{{h5}}5
[123]{{h5}}5
[123]{{h5}}5
[2452]{{h5}}5
[2452]{{h5}}9
m1[2452]5
m1[2452]5
[124][2452]5
[124][2452]6
e[281]3
e[281]18
m1[281]18
m1[281]3
m{{p4}}5
m{{p4}}5
[117]{{p4}}5
[117]{{p4}}5
[2434]{{p4}}5
[2434]{{p4}}7
u0[2434]5
u0[2434]5
[127][2434]5
[127][2434]5
z2{{t6}}5
z2{{t6}}5
[118]{{t6}}5
[118]{{t6}}5
[2524]{{t6}}5
[2524]{{t6}}7
y2[2524]5
y2[2524]5
[120][2524]5
[120][2524]5
y2{{s6}}5
y2{{s6}}5
[118]{{s6}}5
[118]{{s6}}5
[2523]{{s6}}5
[2523]{{s6}}8
e3{{z6}}5
e3{{z6}}5
[116]{{z6}}5
[116]{{z6}}5
[2530]{{z6}}5
[2530]{{z6}}8
f3[2530]5
f3[2530]5
[128][2530]5
[128][2530]5
f3{{a7}}5
f3{{a7}}5
[116]{{a7}}5
[116]{{a7}}5
[2531]{{a7}}5
[2531]{{a7}}6
k3[294]18
k3[294]9
[110][294]18
[110][294]16
k3[301]24
k3[301]9
[109][301]24
[109][301]15
h0[405]23
h0[405]42
j17[405]36
j17[405]42
d4j177
d4j17103
[130]j1795
[130]j177
a4m246
a4m248
[130]m2422
[130]m246
b4[130]6
b4[130]108
c4[130]6
c4[130]134
w3[229]21
w3[229]9
[109][229]21
[109][229]15
w3[222]20
w3[222]9
[110][222]20
[110][222]15
e4[164]13
e4[164]25
h17[164]3
h17[164]25
e4[142]15
e4[142]8
h17[142]3
h17[142]15
l0h173
l0h1725
n0h172
n0h1725
h0[2473]28
h0[2473]12
i0[2473]29
i0[2473]12
j0[2473]29
j0[2473]12
k0[2473]29
k0[2473]12
l0[2473]12
l0[2473]29
d2[2473]12
d2[2473]28
d2[200]9
d2[200]9
{{c6}}[200]9
{{c6}}[200]10
[150][200]9
[150][200]4
l0{{c6}}9
l0{{c6}}8
n0{{c6}}5
n0{{c6}}9
l0{{y5}}8
l0{{y5}}8
d2{{y5}}6
d2{{y5}}8
n0{{y5}}5
n0{{y5}}10
[150]{{y5}}10
[150]{{y5}}4
v1[2461]5
v1[2461]5
[122][2461]5
[122][2461]6
e[227]3
e[227]15
v1[227]16
v1[227]3
q2[197]69
q2[197]9
[505][197]8
[505][197]69
[506][197]10
[506][197]69
z1[506]61
z1[506]10
r2[506]10
r2[506]61
d3{{y6}}5
d3{{y6}}5
[116]{{y6}}5
[116]{{y6}}5
[2529]{{y6}}5
[2529]{{y6}}8
e3[2529]5
e3[2529]5
[128][2529]5
[128][2529]5
j0[408]16
j0[408]29
f4[408]22
f4[408]16
d4[156]15
d4[156]11
f4[156]11
f4[156]13
j0[409]22
j0[409]24
f4[409]24
f4[409]29
f4[115]16
f4[115]31
g4[115]14
g4[115]31
p2q1231
p2q1233
[2418]q1233
[2418]q1229
h0[2418]21
h0[2418]18
[131][2418]21
[131][2418]28
[2419][2418]30
[2419][2418]29
o2[2419]26
o2[2419]30
[196][2419]30
[196][2419]28
[2420][196]21
[2420][196]28
[2421][196]27
[2421][196]28
m2[2421]27
m2[2421]23
n2[2421]27
n2[2421]27
[172][2421]27
[172][2421]27
[516][172]21
[516][172]27
[517][172]22
[517][172]27
j0[517]22
j0[517]20
l2[517]22
l2[517]19
h3[219]7
h3[219]6
[168][219]7
[168][219]6
g3{{b7}}5
g3{{b7}}5
[116]{{b7}}5
[116]{{b7}}5
[2532]{{b7}}5
[2532]{{b7}}6
h3[2532]5
h3[2532]5
[128][2532]5
[128][2532]5
h3{{c7}}5
h3{{c7}}5
[116]{{c7}}5
[116]{{c7}}5
[2533]{{c7}}5
[2533]{{c7}}6
q2[151]36
q2[151]44
r2[151]36
r2[151]56
y1[345]4
y1[345]4
q2[345]23
q2[345]4
r2[345]4
r2[345]22
i0[410]13
i0[410]35
e4[410]22
e4[410]13
i0[411]22
i0[411]22
e4[411]22
e4[411]35
q{{t4}}5
q{{t4}}5
[117]{{t4}}5
[117]{{t4}}5
[2438]{{t4}}5
[2438]{{t4}}6
q{{b5}}5
q{{b5}}5
[119]{{b5}}5
[119]{{b5}}5
[2446]{{b5}}5
[2446]{{b5}}6
c3{{x6}}5
c3{{x6}}5
[116]{{x6}}5
[116]{{x6}}5
[2528]{{x6}}5
[2528]{{x6}}6
b3{{w6}}5
b3{{w6}}5
[116]{{w6}}5
[116]{{w6}}5
[2527]{{w6}}5
[2527]{{w6}}6
c3[2527]5
c3[2527]5
[128][2527]5
[128][2527]5
m0[2415]8
m0[2415]8
y1[2415]7
y1[2415]8
a2[2415]8
a2[2415]56
[173][2415]8
[173][2415]59
[501][173]7
[501][173]59
[502][173]7
[502][173]59
d0[502]7
d0[502]45
e2[502]41
e2[502]7
f2[502]7
f2[502]52
d0[501]45
d0[501]7
e2[501]7
e2[501]41
f2[501]52
f2[501]7
g{{u6}}5
g{{u6}}5
[118]{{u6}}5
[118]{{u6}}5
[2525]{{u6}}5
[2525]{{u6}}8
z2[2525]5
z2[2525]5
[120][2525]5
[120][2525]5
m{{x4}}5
m{{x4}}5
[119]{{x4}}5
[119]{{x4}}5
[2442]{{x4}}5
[2442]{{x4}}8
n3[276]22
n3[276]9
[110][276]22
[110][276]15
n3[283]22
n3[283]9
[109][283]22
[109][283]15
t0[2433]5
t0[2433]5
[127][2433]5
[127][2433]6
n1[2453]5
n1[2453]5
[124][2453]5
[124][2453]6
x{{g5}}5
x{{g5}}5
[123]{{g5}}5
[123]{{g5}}5
[2451]{{g5}}5
[2451]{{g5}}6
l1[2451]5
l1[2451]5
[124][2451]5
[124][2451]5
u{{d5}}5
u{{d5}}5
[123]{{d5}}5
[123]{{d5}}5
[2448]{{d5}}5
[2448]{{d5}}6
i1[2448]5
i1[2448]5
[124][2448]5
[124][2448]5
a0{{j5}}5
a0{{j5}}5
[123]{{j5}}5
[123]{{j5}}5
[2454]{{j5}}5
[2454]{{j5}}6
o1[2454]5
o1[2454]5
[124][2454]5
[124][2454]5
w{{f5}}5
w{{f5}}5
[123]{{f5}}5
[123]{{f5}}5
[2450]{{f5}}5
[2450]{{f5}}6
k1[2450]5
k1[2450]5
[124][2450]5
[124][2450]5
v{{e5}}5
v{{e5}}5
[123]{{e5}}5
[123]{{e5}}5
[2449]{{e5}}5
[2449]{{e5}}6
j1[2449]5
j1[2449]5
[124][2449]5
[124][2449]5
t{{c5}}5
t{{c5}}5
[123]{{c5}}5
[123]{{c5}}5
[2447]{{c5}}5
[2447]{{c5}}6
h1[2447]5
h1[2447]5
[124][2447]5
[124][2447]5
y1[124]4
y1[124]14
[103][124]14
[103][124]14
y1[123]4
y1[123]15
[103][123]14
[103][123]15
s[103]3
s[103]3
b0[103]2
b0[103]3
w{{n5}}5
w{{n5}}5
[121]{{n5}}5
[121]{{n5}}5
[2458]{{n5}}5
[2458]{{n5}}6
s1[2458]5
s1[2458]5
[122][2458]5
[122][2458]5
u{{l5}}5
u{{l5}}5
[121]{{l5}}5
[121]{{l5}}5
[2456]{{l5}}5
[2456]{{l5}}6
q1[2456]5
q1[2456]5
[122][2456]5
[122][2456]5
a0{{r5}}5
a0{{r5}}5
[121]{{r5}}5
[121]{{r5}}5
[2462]{{r5}}5
[2462]{{r5}}6
w1[2462]5
w1[2462]5
[122][2462]5
[122][2462]5
v{{m5}}5
v{{m5}}5
[121]{{m5}}5
[121]{{m5}}5
[2457]{{m5}}5
[2457]{{m5}}6
r1[2457]5
r1[2457]5
[122][2457]5
[122][2457]5
t{{k5}}5
t{{k5}}5
[121]{{k5}}5
[121]{{k5}}5
[2455]{{k5}}5
[2455]{{k5}}6
p1[2455]5
p1[2455]5
[122][2455]5
[122][2455]5
y1[122]4
y1[122]14
[104][122]14
[104][122]14
y1[121]4
y1[121]15
[104][121]14
[104][121]15
s[104]3
s[104]3
b0[104]3
b0[104]2
e[293]3
e[293]17
k1[293]17
k1[293]3
l3[295]23
l3[295]10
[109][295]23
[109][295]15
l3[288]26
l3[288]10
[110][288]26
[110][288]15
s3[253]23
s3[253]9
[109][253]23
[109][253]15
s3[246]24
s3[246]9
[110][246]24
[110][246]15
r3[259]21
r3[259]9
[109][259]21
[109][259]15
r3[252]21
r3[252]9
[110][252]21
[110][252]15
k0[406]19
k0[406]35
g4[406]22
g4[406]19
k0[407]22
k0[407]28
g4[407]28
g4[407]35
k0[516]21
k0[516]19
l2[516]20
l2[516]21
e[251]3
e[251]15
r1[251]15
r1[251]3
j{{m4}}5
j{{m4}}5
[117]{{m4}}5
[117]{{m4}}5
[2431]{{m4}}5
[2431]{{m4}}6
r0[2431]5
r0[2431]5
[127][2431]5
[127][2431]5
o2[2498]8
o2[2498]8
x19[2498]8
x19[2498]10
[380]x198
[380]x1918
[381]x198
[381]x1918
[382]x197
[382]x1918
j2[380]8
j2[380]12
o2[380]8
o2[380]12
p2[380]11
p2[380]8
[129][380]8
[129][380]9
p2[381]8
p2[381]12
[131][381]8
[131][381]13
g0[382]12
g0[382]7
[131][382]7
[131][382]13
o2[131]5
o2[131]13
[129][131]13
[129][131]4
m2[129]4
m2[129]16
[114][129]3
[114][129]16
l2[114]39
l2[114]3
n2[114]39
n2[114]2
i0[2420]21
i0[2420]17
l2[2420]18
l2[2420]21
m2[2420]14
m2[2420]21
n2[2420]21
n2[2420]24
e[195]3
e[195]9
w1[195]9
w1[195]3
e[275]3
e[275]17
n1[275]18
n1[275]3
g2{{l4}}5
g2{{l4}}5
h2{{l4}}5
h2{{l4}}4
c2{{l4}}3
c2{{l4}}5
n0{{l4}}2
n0{{l4}}6
a2[401]4
a2[401]38
e2[401]40
e2[401]4
e[299]3
e[299]19
j1[299]19
j1[299]3
s0[2432]5
s0[2432]5
[127][2432]5
[127][2432]6
e[287]3
e[287]17
l1[287]18
l1[287]3
g3[2531]5
g3[2531]5
[128][2531]5
[128][2531]5
g1[2446]5
g1[2446]5
[126][2446]5
[126][2446]5
e1[2444]5
e1[2444]5
[126][2444]5
[126][2444]6
c1[2442]5
c1[2442]5
[126][2442]5
[126][2442]5
a1[2440]5
a1[2440]5
[126][2440]5
[126][2440]6
j{{u4}}5
j{{u4}}5
[119]{{u4}}5
[119]{{u4}}5
[2439]{{u4}}5
[2439]{{u4}}6
z0[2439]5
z0[2439]5
[126][2439]5
[126][2439]5
p{{a5}}5
p{{a5}}5
[119]{{a5}}5
[119]{{a5}}5
[2445]{{a5}}5
[2445]{{a5}}6
f1[2445]5
f1[2445]5
[126][2445]5
[126][2445]5
y1[126]4
y1[126]14
[102][126]14
[102][126]14
b3[2526]5
b3[2526]5
[128][2526]5
[128][2526]5
d3[2528]5
d3[2528]5
[128][2528]5
[128][2528]5
g[2533]5
g[2533]5
[128][2533]5
[128][2533]5
y1[128]4
y1[128]14
[106][128]14
[106][128]14
x3[223]18
x3[223]9
[109][223]18
[109][223]15
q3[265]18
q3[265]9
[109][265]18
[109][265]15
o3[277]24
o3[277]9
[109][277]24
[109][277]15
j3[307]21
j3[307]9
[109][307]21
[109][307]15
t3[247]22
t3[247]9
[109][247]22
[109][247]15
m3[289]21
m3[289]9
[109][289]21
[109][289]16
u3[241]24
u3[241]9
[109][241]24
[109][241]15
y1[109]5
y1[109]1894
[99][109]186
[99][109]1894
u3[234]18
u3[234]9
[110][234]18
[110][234]15
o3[270]17
o3[270]9
[110][270]17
[110][270]15
i3[306]21
i3[306]9
[110][306]21
[110][306]15
j3[300]21
j3[300]9
[110][300]21
[110][300]15
t3[240]23
t3[240]9
[110][240]23
[110][240]15
m3[282]23
m3[282]9
[110][282]23
[110][282]15
q3[258]24
q3[258]9
[110][258]24
[110][258]15
y1[110]67
y1[110]902
[99][110]902
[99][110]89
y1[116]4
y1[116]14
[106][116]14
[106][116]14
v2{{p6}}5
v2{{p6}}5
[118]{{p6}}5
[118]{{p6}}6
[2520]{{p6}}6
[2520]{{p6}}8
w2{{q6}}5
w2{{q6}}5
[118]{{q6}}5
[118]{{q6}}5
[2521]{{q6}}5
[2521]{{q6}}6
t2{{n6}}5
t2{{n6}}5
[118]{{n6}}5
[118]{{n6}}5
[2518]{{n6}}5
[2518]{{n6}}6
x2{{r6}}5
x2{{r6}}5
[118]{{r6}}5
[118]{{r6}}5
[2522]{{r6}}5
[2522]{{r6}}6
u2{{o6}}5
u2{{o6}}5
[118]{{o6}}5
[118]{{o6}}5
[2519]{{o6}}5
[2519]{{o6}}7
y1[118]4
y1[118]14
[105][118]15
[105][118]14
p{{s4}}5
p{{s4}}5
[117]{{s4}}5
[117]{{s4}}5
[2437]{{s4}}5
[2437]{{s4}}6
x0[2437]5
x0[2437]5
[127][2437]5
[127][2437]5
n{{q4}}5
n{{q4}}5
[117]{{q4}}5
[117]{{q4}}5
[2435]{{q4}}5
[2435]{{q4}}6
v0[2435]5
v0[2435]5
[127][2435]5
[127][2435]5
y0[2438]5
y0[2438]5
[127][2438]5
[127][2438]5
w0[2436]5
w0[2436]5
[127][2436]5
[127][2436]6
y1[127]4
y1[127]14
[101][127]14
[101][127]14
y1[117]4
y1[117]15
[101][117]14
[101][117]15
y1[119]4
y1[119]15
[102][119]14
[102][119]15
t2[2519]5
t2[2519]5
[120][2519]5
[120][2519]5
u2[2520]6
u2[2520]6
[120][2520]6
[120][2520]5
w2[2522]5
w2[2522]5
[120][2522]5
[120][2522]5
s2[2518]5
s2[2518]5
[120][2518]5
[120][2518]5
v2[2521]5
v2[2521]5
[120][2521]5
[120][2521]5
x2[2523]5
x2[2523]5
[120][2523]5
[120][2523]5
y1[120]4
y1[120]15
[105][120]15
[105][120]14
f[105]3
f[105]3
h[105]2
h[105]3
f[106]3
f[106]3
h[106]3
h[106]2
n2[148]11
n2[148]11
o2[148]11
o2[148]12
e[311]3
e[311]16
h1[311]17
h1[311]3
a2[400]5
a2[400]38
f2[400]39
f2[400]5
x1{{i4}}46
x1{{i4}}9
a2{{i4}}9
a2{{i4}}46
i[101]3
i[101]3
r[101]2
r[101]3
i[102]3
i[102]3
r[102]3
r[102]2
h0[412]11
h0[412]36
d4[412]11
d4[412]23
c0[198]42
c0[198]8
r2[198]9
r2[198]42
c0[505]61
c0[505]8
r2[505]61
r2[505]8
n0{{b6}}3
n0{{b6}}3
h2{{b6}}3
h2{{b6}}2
g2[150]4
g2[150]10
h2[150]4
h2[150]8
b[150]11
b[150]2
x1[99]896
x1[99]1918
n16[99]1918
n16[99]6340
j2n161429
j2n163924
k2n161375
k2n163924
e[257]3
e[257]15
q1[257]15
q1[257]3
e[269]3
e[269]14
o1[269]14
o1[269]3
e[263]3
e[263]15
p1[263]15
p1[263]3
e[305]3
e[305]14
i1[305]14
i1[305]3
e[245]3
e[245]13
s1[245]13
s1[245]3
duration = 22.8143sec.

Transcirc
cut[359]
cut[360]
delete_node_ex6
cost:2147

[505]
minus[197]1



[366]
minus{{g6}}1



[398]



m24



{{l6}}
minus[346]1
cut[347]



[2498]
minus[146]1



{{t7}}
minus{{u7}}1



[218]
minus[165]1



{{c6}}
minus[200]1


wire9
two_wire7
delete_node16
cost:2118
