
outfunc
duration = 0.022844sec.

cost:1986
CSPF
duration = 0.258468sec.

Transcirc
cut[307]
cut[308]
delete_node_ex15
cost:1915

[135]
minus{{r}}1



[61]
minus[213]-1



[32]
minus[217]1
minus[151]1



w2
minus[219]1
minus[1962]1
minus[218]-1



[86]



[177]
minusi11



[179]
minusg11



[313]
minusx31



[314]
minusx31



[353]
minusg31



[360]



[357]
minusg31



[137]
minus{{r}}1



[133]
minus[121]1



[124]



[127]
minus{{u}}2



[130]
minus{{u}}2


wire17
two_wire17
delete_node32
cost:1871
