
outfunc
duration = 0.0988sec.

cost:2083
CSPF
duration = 0.504836sec.

Transcirc
cut[1613]
cut[1664]
cut[153]
cut[1665]
cut[1666]
cut[1667]
cut[1668]
cut[1686]
delete_node_ex12
cost:2021

[155]
minus{{TXMESS_F}}1
minus[100]1
minus[1585]4



{{OFS1_P}}
minus[1857]1



[1588]
minus{{TD_P}}1



[1598]
minus[1597]2



[1673]
minus[1672]2



{{XZ320_P}}
minus[1842]2
minus[1840]1



[1683]
minus{{QPR0_P}}1



[1843]
minus{{XZ322_P}}1



[1845]
minus{{XZ323_P}}1


wire9
two_wire12
delete_node21
cost:2013
