
outfunc
duration = 0.120593sec.

cost:4057
CSPF
duration = 3.45346sec.

Transcirc
cut[520]
cut[360]
cut[599]
delete_node_ex17
cost:3982

[261]
minus[4154]1
minus[625]1
minus[629]1



[256]



[378]
minus{{f10}}1
cut{{e10}}
cut[4322]



[263]
minus[4212]1
minus[546]1
minus[550]1



[619]
minus[282]1



[622]
minus[282]1



[503]
minusg411



[540]
minus[283]1



[543]
minus[283]1



[4021]
minus{{s6}}3



[255]



[823]
minus{{j6}}1
cut{{i6}}
cut[4015]



[832]
minus{{f6}}1
cut{{e6}}
cut[4009]



[4328]
minus{{s10}}3



[444]
minus{{m9}}1



[709]
minus{{k7}}1



[4022]
minus{{t6}}1



[4329]
minus{{t10}}1



[387]
minus{{b10}}1
cut{{a10}}
cut[4316]


wire19
two_wire21
delete_node44
cost:3894
