
outfunc
duration = 0.965738sec.

cost:7057
CSPF
duration = 495.936sec.

Transcirc
cut[4443]
cut[4442]
delete_node_ex13
cost:6988

n1107
minus[269]1



[347]
minus[393]1
minusn8731



[4463]
minus{{g4841}}1



[4482]
minus{{g4841}}1



[4672]
minus{{g4846}}1



[4556]
minus[4555]2



[4642]
minus{{g4856}}1



[458]
minus[4772]-1



{{g4424}}
minus[4807]2
cut[4603]
cut[4604]



[355]



[4634]
minus{{g4853}}1



[4874]
minus{{g4852}}1



[4875]
minus{{g4852}}1



[4601]
minus{{g4855}}1



[4640]
minus{{g4851}}1



[4635]
minus{{g4849}}1



[4597]
minus{{g4844}}1



[4598]
minus{{g4844}}1



[4741]
minus[4740]2



[4864]
minus{{g5139}}1



[4665]
minus{{g4843}}1



[4748]
minus[4747]1
cut[4761]



[4758]
minus[482]1



[4789]
minus[4788]1



[4578]
minus{{g4847}}1



[4823]
minus{{g6596}}1



[4713]
minus{{g4845}}1


wire27
two_wire27
delete_node43
cost:6911
