
outfunc
duration = 0.023289sec.

cost:1986
CSPF
j1{{q}}6
j1{{q}}261
[197]{{q}}7
[197]{{q}}261
[198]{{q}}127
[198]{{q}}261
[199]{{q}}248
[199]{{q}}261
[200]{{q}}12
[200]{{q}}261
[201]{{q}}14
[201]{{q}}261
[202]{{q}}11
[202]{{q}}261
[203]{{q}}8
[203]{{q}}261
[204]{{q}}11
[204]{{q}}261
[205]{{q}}7
[205]{{q}}261
[206]{{q}}10
[206]{{q}}261
[207]{{q}}8
[207]{{q}}261
[208]{{q}}8
[208]{{q}}261
n[198]127
n[198]1
w1[198]136
w1[198]127
[26][198]248
[26][198]127
[9]{{u}}84
[9]{{u}}192
[76]{{u}}84
[76]{{u}}426
[120]{{u}}106
[120]{{u}}440
[121]{{u}}64
[121]{{u}}440
[122]{{u}}31
[122]{{u}}440
[123]{{u}}8
[123]{{u}}440
[124]{{u}}75
[124]{{u}}440
[125]{{u}}57
[125]{{u}}440
[126]{{u}}237
[126]{{u}}440
[127]{{u}}10
[127]{{u}}440
[128]{{u}}108
[128]{{u}}440
[129]{{u}}8
[129]{{u}}440
[130]{{u}}6
[130]{{u}}440
[132]{{u}}64
[132]{{u}}440
n[126]237
n[126]1
p0[126]237
p0[126]171
[50][126]462
[50][126]237
j1{{r}}6
j1{{r}}411
[135]{{r}}8
[135]{{r}}411
[136]{{r}}220
[136]{{r}}411
[137]{{r}}501
[137]{{r}}411
[138]{{r}}10
[138]{{r}}411
[139]{{r}}8
[139]{{r}}411
[140]{{r}}11
[140]{{r}}411
[141]{{r}}7
[141]{{r}}411
[142]{{r}}8
[142]{{r}}411
[143]{{r}}11
[143]{{r}}411
[144]{{r}}10
[144]{{r}}411
[145]{{r}}7
[145]{{r}}411
[146]{{r}}10
[146]{{r}}411
[147]{{r}}10
[147]{{r}}411
n[137]501
n[137]1
p0[137]501
p0[137]500
[50][137]501
[50][137]258
n[136]220
n[136]1
p0[136]258
p0[136]220
[50][136]500
[50][136]220
w1[50]136
w1[50]127
[26][50]61
[26][50]136
n[199]248
n[199]1
w1[199]248
w1[199]248
[26][199]248
[26][199]136
[213]w149
[213]w1145
[214]w186
[214]w1145
[215]w155
[215]w1145
[216]w19
[216]w1145
[217]w167
[217]w1145
[218]w126
[218]w1145
[219]w122
[219]w1145
[220]w125
[220]w1145
[221]w129
[221]w1145
[222]w149
[222]w1145
[223]w172
[223]w1145
[224]w156
[224]w1145
[225]w169
[225]w1145
[226]w143
[226]w1145
b3[215]55
b3[215]59
[9][215]55
[9][215]106
[67][215]55
[67][215]163
c1[128]108
c1[128]161
[9][128]108
[9][128]321
[39][128]108
[39][128]284
b3[214]51
b3[214]54
[35][214]71
[35][214]54
c1[214]83
c1[214]86
[9][214]86
[9][214]157
v0p064
v0p0107
[21]p064
[21]p0282
[149]p061
[149]p0244
[150]p050
[150]p0244
[151]p0102
[151]p0244
[152]p0104
[152]p0244
[153]p015
[153]p0244
[154]p033
[154]p0244
[155]p031
[155]p0244
[156]p047
[156]p0244
[522]p065
[522]p0244
[525]p068
[525]p0244
[528]p0117
[528]p0244
[531]p062
[531]p0244
[159][528]111
[159][528]244
[160][528]116
[160][528]244
c1[159]106
c1[159]111
[9][159]111
[9][159]209
[30][159]283
[30][159]111
c1[160]116
c1[160]119
[9][160]116
[9][160]236
[30][160]116
[30][160]241
b3c163
b3c171
[35]c163
[35]c121
[67]c121
[67]c168
w2[219]22
w2[219]26
[23][219]22
[23][219]22
[42][219]22
[42][219]155
w2[218]22
w2[218]26
[23][218]26
[23][218]26
[42][218]26
[42][218]155
v2[23]8
v2[23]1
u2[23]8
u2[23]7
[86][23]7
[86][23]8
a1[122]31
a1[122]41
[47][122]31
[47][122]8
[77][122]31
[77][122]422
a1[154]31
a1[154]33
[18][154]33
[18][154]33
[77][154]33
[77][154]241
a1[155]31
a1[155]33
[18][155]31
[18][155]31
[77][155]31
[77][155]241
v2a130
v2a11
u2a130
u2a130
[1962]a136
[1962]a130
w2[1962]36
w2[1962]26
[86][1962]36
[86][1962]8
v2[86]7
v2[86]8
u2[86]25
u2[86]8
[157][531]59
[157][531]244
[158][531]47
[158][531]244
g1[158]47
g1[158]49
[13][158]47
[13][158]225
[31][158]47
[31][158]219
g1[125]57
g1[125]61
[13][125]57
[13][125]320
[59][125]57
[59][125]266
g1[157]57
g1[157]59
[13][157]59
[13][157]204
[31][157]235
[31][157]59
[178]g136
[178]g143
[179]g150
[179]g143
c[179]50
c[179]29
a3[179]50
a3[179]30
c[221]50
c[221]29
a3[221]29
a3[221]24
[13][221]29
[13][221]148
x3[178]36
x3[178]30
a3[178]29
a3[178]36
[96][223]30
[96][223]115
[227][223]14
[227][223]115
[228][223]50
[228][223]115
c[223]72
c[223]126
a3[228]50
a3[228]50
[13][228]50
[13][228]117
[240]a325
[240]a347
[241]a343
[241]a347
v2[240]36
v2[240]25
x3[240]25
x3[240]30
i1[124]75
i1[124]71
[43][124]75
[43][124]228
[60][124]75
[60][124]367
[161][525]69
[161][525]244
[162][525]75
[162][525]244
i1[161]75
i1[161]69
z3[161]69
z3[161]212
[29][161]282
[29][161]69
i1[162]75
i1[162]69
z3[162]75
z3[162]260
[29][162]75
[29][162]238
[176]i149
[176]i149
[177]i112
[177]i149
u2[177]12
u2[177]1
y2[177]12
y2[177]49
v0[213]36
v0[213]49
b4[213]49
b4[213]77
z2[213]49
z2[213]49
y2[213]125
y2[213]49
[61][213]118
[61][213]49
z2[176]49
z2[176]49
y2[176]1
y2[176]49
z3[222]49
z3[222]1
z2[222]49
z2[222]159
y2[222]49
y2[222]136
[242]y2112
[242]y2126
[243]y212
[243]y2126
y1[242]126
y1[242]112
u2[242]35
u2[242]112
y1[243]12
y1[243]35
u2[243]12
u2[243]126
v2u28
v2u211
z3u211
z3u2149
[1939]u28
[1939]u2150
v0[132]64
v0[132]120
[21][132]64
[21][132]433
t0[21]109
t0[21]59
b4[21]59
b4[21]264
[49][21]358
[49][21]59
[1948][21]10
[1948][21]479
t0[156]47
t0[156]57
[38][156]47
[38][156]182
[49][156]47
[49][156]255
[38][226]43
[38][226]141
[49][226]121
[49][226]43
v2[49]98
v2[49]268
[17][49]251
[17][49]268
v2[241]43
v2[241]30
x3[241]36
x3[241]43
v2[220]25
v2[220]36
[17][220]25
[17][220]30
[38][220]25
[38][220]147
[249]v28
[249]v2204
[250]v228
[250]v2204
[251]v211
[251]v2204
[252]v28
[252]v2204
[64][249]8
[64][249]120
[67][249]8
[67][249]241
[67][203]8
[67][203]11
[72][203]8
[72][203]261
c[67]28
c[67]129
y1[67]28
y1[67]263
y1[217]67
y1[217]70
[32][217]67
[32][217]65
[44][217]67
[44][217]170
g[200]12
g[200]12
[104][200]12
[104][200]260
[78][104]7
[78][104]260
[210][104]8
[210][104]260
[211][104]8
[211][104]260
y1[211]8
y1[211]6
[41][211]8
[41][211]260
y1[251]8
y1[251]11
[13][251]11
[13][251]203
c4[250]28
c4[250]219
[35][250]28
[35][250]193
c[35]19
c[35]192
y1[35]29
y1[35]192
y1[204]11
y1[204]13
[71][204]11
[71][204]262
y1[151]94
y1[151]94
[32][151]102
[32][151]94
h1[151]102
h1[151]112
[44][151]102
[44][151]242
h1[152]94
h1[152]104
[57][152]104
[57][152]247
[97][152]104
[97][152]367
[57][225]69
[57][225]133
[97][225]69
[97][225]178
r1[120]21
r1[120]106
h1[120]103
h1[120]106
[44][120]106
[44][120]265
[97][120]106
[97][120]437
y1[97]178
y1[97]69
[75][97]69
[75][97]359
y1[201]12
y1[201]14
[80][201]14
[80][201]262
[255]y130
[255]y1216
[256]y136
[256]y1216
[257]y125
[257]y1216
[258]y17
[258]y1216
[259]y17
[259]y1216
[260]y115
[260]y1216
[261]y116
[261]y1216
[262]y161
[262]y1216
c[255]30
c[255]30
g[255]53
g[255]30
j4[255]58
j4[255]30
[40][255]30
[40][255]170
[116]{{v}}11
[116]{{v}}35
[117]{{v}}11
[117]{{v}}35
[118]{{v}}26
[118]{{v}}35
[119]{{v}}16
[119]{{v}}35
{{s}}{{v}}33
{{s}}{{v}}3
e[116]11
e[116]11
g[116]10
g[116]11
p2[116]11
p2[116]9
y0[116]11
y0[116]41
g4[257]30
g4[257]25
[22][257]72
[22][257]25
[40][257]25
[40][257]170
t0[18]8
t0[18]1
z0[18]8
z0[18]7
[47][18]7
[47][18]8
d[31]122
d[31]68
t0[31]122
t0[31]184
[59][31]205
[59][31]190
t0[123]8
t0[123]1
z0[123]8
z0[123]63
[77][123]8
[77][123]422
t0[47]7
t0[47]8
z0[47]1
z0[47]8
d[129]8
d[129]49
t0[129]8
t0[129]51
[13][129]8
[13][129]419
d[59]184
d[59]262
t0[59]68
t0[59]262
h1[127]10
h1[127]57
z0[127]10
z0[127]57
[43][127]10
[43][127]406
h1[29]10
h1[29]41
z0[29]10
z0[29]211
[60][29]220
[60][29]260
h1[60]211
h1[60]358
z0[60]41
z0[60]358
t0z08
t0z010
z3z010
z3z0384
[1963]z08
[1963]z0389
[1951]t067
[1951]t0281
[1952]t010
[1952]t0281
[1953]t08
[1953]t0281
[1954]t08
[1954]t0281
c4[1951]67
c4[1951]235
[39][1951]67
[39][1951]181
[39][30]227
[39][30]192
[76][30]170
[76][30]227
d[39]162
d[39]227
h1[39]143
h1[39]227
h1[1952]8
h1[1952]10
[13][1952]10
[13][1952]285
h[139]8
h[139]8
h1[139]8
h1[139]9
[41][139]8
[41][139]409
h1[140]12
h1[140]11
[80][140]11
[80][140]410
h1[144]10
h1[144]12
[71][144]10
[71][144]412
[64][1954]8
[64][1954]120
[76][1954]8
[76][1954]273
[72][142]8
[72][142]277
[76][142]8
[76][142]423
d[76]161
d[76]79
h1[76]161
h1[76]278
[1955]h116
[1955]h1166
[1956]h1131
[1956]h1166
{{s}}[1956]11
{{s}}[1956]13
{{t}}[1956]11
{{t}}[1956]11
e4[1956]13
e4[1956]163
[1957][1956]124
[1957][1956]166
h[1957]43
h[1957]72
d4[1957]72
d4[1957]151
[188][1957]7
[188][1957]166
[1958][1957]75
[1958][1957]166
b2[1958]61
b2[1958]107
b4[1958]61
b4[1958]341
[114][1958]61
[114][1958]355
[1959][1958]7
[1959][1958]166
[193][114]61
[193][114]355
[194][114]63
[194][114]355
{{s}}[194]243
{{s}}[194]63
g4[194]63
g4[194]245
b4[256]36
b4[256]97
g4[256]148
g4[256]36
[112][256]36
[112][256]266
{{s}}[193]61
{{s}}[193]245
g4[193]243
g4[193]61
cg4297
cg4315
gg4180
gg4232
j4g4197
j4g4298
[230][224]25
[230][224]56
[231][224]47
[231][224]56
[232][224]25
[232][224]56
[233][224]7
[233][224]56
[11][224]56
[11][224]154
a2[232]25
a2[232]42
[14][232]25
[14][232]47
a2[1939]8
a2[1939]11
[74][1939]8
[74][1939]150
a2[118]26
a2[118]33
[8][118]26
[8][118]21
[20][118]26
[20][118]9
a2[208]8
a2[208]12
[53][208]8
[53][208]261
a2[206]10
a2[206]12
[65][206]10
[65][206]262
l[149]61
l[149]50
{{s}}[149]61
{{s}}[149]61
e1[149]61
e1[149]59
[11][149]61
[11][149]237
l[230]25
l[230]25
e1[230]39
e1[230]25
[14][230]25
[14][230]47
{{t}}[121]8
{{t}}[121]74
[133][121]61
[133][121]74
s1[121]64
s1[121]64
[11][121]64
[11][121]376
{{s}}[133]50
{{s}}[133]61
e1[133]61
e1[133]112
d[522]58
d[522]12
[96][522]58
[96][522]246
[1964][522]55
[1964][522]244
{{s}}[1964]59
{{s}}[1964]55
e1[1964]61
e1[1964]55
[11][1964]55
[11][1964]237
e1[231]50
e1[231]47
[22][231]47
[22][231]29
q2[119]16
q2[119]34
e1[119]34
e1[119]16
[8][119]16
[8][119]9
[14]e173
[14]e159
[22]e173
[22]e147
a2e167
a2e184
a2[210]8
a2[210]8
w0[210]8
w0[210]13
[46][210]8
[46][210]258
a2[252]8
a2[252]11
z3[252]8
z3[252]200
j4[112]111
j4[112]30
[24][112]30
[24][112]158
[1936][112]25
[1936][112]266
i[1936]12
i[1936]25
a2[1936]25
a2[1936]95
u3[1936]25
u3[1936]231
c[197]7
c[197]11
a2[197]8
a2[197]7
[52][197]7
[52][197]259
a2[260]15
a2[260]21
[48][260]15
[48][260]211
ca282
ca2148
ga282
ga2239
e4[261]16
e4[261]193
[22][261]16
[22][261]82
k3[117]11
k3[117]16
p2[117]11
p2[117]21
[22][117]29
[22][117]11
[22][207]12
[22][207]8
[53][207]8
[53][207]261
c[22]86
c[22]137
g[22]194
g[22]137
g[233]7
g[233]8
l[233]53
l[233]7
g[205]7
g[205]7
[68][205]7
[68][205]262
g[262]49
g[262]61
d4[262]61
d4[262]195
j1{{o}}7
j1{{o}}44
[334]{{o}}8
[334]{{o}}44
[335]{{o}}7
[335]{{o}}44
[336]{{o}}8
[336]{{o}}44
[337]{{o}}24
[337]{{o}}44
[338]{{o}}24
[338]{{o}}44
[339]{{o}}14
[339]{{o}}44
[340]{{o}}7
[340]{{o}}44
[341]{{o}}10
[341]{{o}}44
[342]{{o}}8
[342]{{o}}44
[343]{{o}}12
[343]{{o}}44
[344]{{o}}7
[344]{{o}}44
[345]{{o}}9
[345]{{o}}44
[346]{{o}}13
[346]{{o}}44
m[337]21
m[337]24
n[337]24
n[337]24
g3[337]24
g3[337]24
j1{{p}}6
j1{{p}}94
[270]{{p}}8
[270]{{p}}94
[271]{{p}}8
[271]{{p}}94
[272]{{p}}50
[272]{{p}}94
[273]{{p}}92
[273]{{p}}94
[274]{{p}}12
[274]{{p}}94
[275]{{p}}7
[275]{{p}}94
[276]{{p}}7
[276]{{p}}94
[277]{{p}}8
[277]{{p}}94
[278]{{p}}10
[278]{{p}}94
[279]{{p}}7
[279]{{p}}94
[280]{{p}}9
[280]{{p}}94
[281]{{p}}6
[281]{{p}}94
[282]{{p}}12
[282]{{p}}94
n[272]50
n[272]1
l2[272]61
l2[272]50
[15][272]102
[15][272]50
l2[26]61
l2[26]50
[15][26]26
[15][26]61
n[273]92
n[273]1
l2[273]92
l2[273]102
[15][273]92
[15][273]61
m[15]24
m[15]24
g3[15]24
g3[15]20
m[338]24
m[338]24
n[338]24
n[338]1
g3[338]24
g3[338]38
e[344]7
e[344]7
[68][344]7
[68][344]45
[350]g38
[350]g332
[351]g37
[351]g332
[352]g31
[352]g332
[353]g38
[353]g332
[354]g38
[354]g332
[355]g317
[355]g332
[356]g317
[356]g332
[357]g318
[357]g332
[358]g313
[358]g332
[359]g37
[359]g332
a[356]17
a[356]12
[101][356]17
[101][356]30
i3[101]14
i3[101]11
[9][101]11
[9][101]31
[96][101]12
[96][101]30
[1887][101]11
[1887][101]30
i3[353]8
i3[353]1
z3[353]8
z3[353]31
w3[353]16
w3[353]8
q3[351]7
q3[351]8
w3[351]8
w3[351]7
[42][351]7
[42][351]32
m2l243
m2l240
[108]l243
[108]l270
[284]l235
[284]l258
[285]l221
[285]l258
[286]l217
[286]l258
[287]l29
[287]l258
[288]l214
[288]l258
[289]l210
[289]l258
[290]l215
[290]l258
[292]l221
[292]l258
[293]l224
[293]l258
[294]l28
[294]l258
[295]l239
[295]l258
[296]l225
[296]l258
[300][292]8
[300][292]34
[301][292]6
[301][292]34
[302][292]16
[302][292]34
b[292]21
b[292]37
o3[302]16
o3[302]16
[13][302]16
[13][302]35
x3[290]16
x3[290]15
o3[290]15
o3[290]9
[13][290]15
[13][290]59
[313]x315
[313]x325
[314]x316
[314]x325
b[314]16
b[314]15
o3[314]16
o3[314]16
o3[313]1
o3[313]15
[63][313]25
[63][313]15
[315]o310
[315]o321
[316]o325
[316]o321
r3[316]25
r3[316]16
[63][316]25
[63][316]15
r3[315]15
r3[315]10
[63][315]16
[63][315]10
a[63]8
a[63]7
q3[63]8
q3[63]8
k3[1887]8
k3[1887]7
[11][1887]7
[11][1887]30
[1888][1887]8
[1888][1887]30
q3[1888]8
q3[1888]8
[13][1888]8
[13][1888]29
[10][288]14
[10][288]14
[37][288]14
[37][288]9
[42][288]14
[42][288]64
r3w221
r3w210
s3w28
s3w225
[37]w225
[37]w215
[10][287]9
[10][287]9
[37][287]14
[37][287]9
[42][287]9
[42][287]64
q3[37]8
q3[37]1
w3[37]8
w3[37]13
s3[108]27
s3[108]17
[25][108]27
[25][108]27
[34][108]26
[34][108]17
[43][108]26
[43][108]69
[1904][108]31
[1904][108]70
z2[286]16
z2[286]17
[34][286]17
[34][286]1
[43][286]17
[43][286]57
s3z217
s3z21
[25]z2161
[25]z217
[1912]z221
[1912]z2161
m2[1912]21
m2[1912]17
[34][1912]21
[34][1912]155
s3[34]26
s3[34]155
[25][34]155
[25][34]26
i3[25]13
i3[25]19
w3[25]13
w3[25]154
i3[354]13
i3[354]8
z3[354]8
z3[354]8
w3[354]8
w3[354]31
q3[352]8
q3[352]1
w3[352]1
w3[352]8
[42][352]1
[42][352]32
z3w313
z3w3173
q3w372
q3w313
[1886]w38
[1886]w3189
q3[358]8
q3[358]13
[38][358]13
[38][358]32
[17][296]21
[17][296]25
[38][296]25
[38][296]57
q3[17]123
q3[17]257
r3[17]195
r3[17]257
a[355]15
a[355]17
[106][355]17
[106][355]32
[79][106]7
[79][106]32
[360][106]7
[360][106]32
[361][106]13
[361][106]32
q3[360]7
q3[360]1
[13][360]7
[13][360]32
q3[289]10
q3[289]16
r3[289]10
r3[289]15
[38][289]10
[38][289]57
[371]q38
[371]q3231
[372]q313
[372]q3231
[373]q38
[373]q3231
[374]q330
[374]q3231
[375]q330
[375]q3231
i3[374]30
i3[374]25
c4[374]30
c4[374]213
i3[372]8
i3[372]13
[13][372]13
[13][372]219
[16][1904]31
[16][1904]32
[44][1904]31
[44][1904]66
m2[32]97
m2[32]114
[16][32]104
[16][32]114
m1[16]31
m1[16]107
i3[16]104
i3[16]107
[28][284]32
[28][284]25
[58][284]21
[58][284]25
b3[284]34
b3[284]35
[9][284]35
[9][284]62
[28]b325
[28]b321
[58]b325
[58]b334
[69]b314
[69]b336
[58][342]8
[58][342]13
[72][342]8
[72][342]45
[58][371]8
[58][371]13
[64][371]8
[64][371]231
[9][285]21
[9][285]25
[58][285]21
[58][285]47
[69][285]21
[69][285]70
a[58]19
a[58]27
i3[58]19
i3[58]54
i3[361]13
i3[361]12
[9][361]13
[9][361]32
[57][295]39
[57][295]73
[75][295]39
[75][295]69
i3[75]138
i3[75]39
m2[75]260
m2[75]39
i3[339]14
i3[339]14
[80][339]14
[80][339]44
m1[350]8
m1[350]15
i3[350]8
i3[350]8
[44][350]8
[44][350]32
i3[343]12
i3[343]13
[71][343]12
[71][343]45
i3[357]15
i3[357]18
[57][357]18
[57][357]32
e[336]8
e[336]8
i3[336]8
i3[336]12
[41][336]8
[41][336]43
[376]i38
[376]i351
[377]i38
[377]i351
[378]i312
[378]i351
[379]i314
[379]i351
[380]i310
[380]i351
[381]i39
[381]i351
[382]i361
[382]i351
e[382]32
e[382]61
d4[382]61
d4[382]31
e[380]10
e[380]10
e4[380]10
e4[380]49
k3[1886]8
k3[1886]13
[74][1886]8
[74][1886]185
[303][293]10
[303][293]23
[304][293]25
[304][293]23
[305][293]10
[305][293]23
[306][293]12
[306][293]23
[11][293]24
[11][293]62
k3[304]15
k3[304]25
[20][304]24
[20][304]25
k3[14]53
k3[14]59
p2[14]18
p2[14]53
q2[14]55
q2[14]59
k3[379]14
k3[379]24
k4[379]14
k4[379]46
a[335]7
a[335]11
k3[335]8
k3[335]7
[52][335]7
[52][335]42
k3[373]8
k3[373]13
z3[373]8
z3[373]232
[8][346]13
[8][346]13
[53][346]13
[53][346]43
a[8]15
a[8]48
n3[8]15
n3[8]48
k3[8]48
k3[8]26
k3[305]10
k3[305]16
q2[305]10
q2[305]20
k3[303]10
k3[303]16
s1[303]8
s1[303]10
p2[303]10
p2[303]21
k3[345]9
k3[345]13
[65][345]9
[65][345]46
ak346
ak362
ek346
ek375
[69][277]8
[69][277]12
[72][277]8
[72][277]95
[307][10]7
[307][10]7
[308][10]1
[308][10]7
r3[308]8
r3[308]1
s3[308]1
s3[308]8
r3[307]7
r3[307]8
s3[307]8
s3[307]7
z3s312
z3s3148
r3s364
r3s312
[1905]s38
[1905]s3152
[317]r38
[317]r3213
[318]r3114
[318]r3213
[319]r312
[319]r3213
[320]r38
[320]r3213
[64][317]8
[64][317]101
[69][317]8
[69][317]237
b[69]19
b[69]71
m2[69]19
m2[69]199
m2[278]10
m2[278]12
[71][278]10
[71][278]95
m2[274]13
m2[274]12
[80][274]12
[80][274]94
c4[318]114
c4[318]205
[28][318]114
[28][318]136
b[28]11
b[28]117
m2[28]25
m2[28]117
f[271]8
f[271]8
m2[271]8
m2[271]11
[41][271]8
[41][271]93
m2[319]8
m2[319]12
[13][319]12
[13][319]209
[323]m216
[323]m2156
[324]m210
[324]m2156
[325]m216
[325]m2156
[326]m210
[326]m2156
[327]m27
[327]m2156
[328]m27
[328]m2156
[329]m215
[329]m2156
[330]m217
[330]m2156
[331]m277
[331]m2156
n3[325]10
n3[325]16
[40][325]16
[40][325]72
[62][325]136
[62][325]16
n3[323]10
n3[323]16
b4[323]16
b4[323]17
[24][323]16
[24][323]63
[98][323]16
[98][323]140
n3[340]7
n3[340]10
[78][340]7
[78][340]44
n3[377]8
n3[377]13
b4[377]8
b4[377]34
[24][377]8
[24][377]31
n3[326]10
n3[326]16
p2[326]10
p2[326]30
[40][326]10
[40][326]143
i[324]10
i[324]10
n3[324]10
n3[324]14
q2[324]10
q2[324]28
b4[324]10
b4[324]149
n3[359]7
n3[359]12
[11][359]7
[11][359]32
s1[334]8
s1[334]8
n3[334]8
n3[334]12
[99][334]8
[99][334]43
n3j4163
n3j4292
[62]j4163
[62]j4101
[98]j491
[98]j4302
an3159
an3169
en3169
en3263
a[376]8
a[376]8
e[376]27
e[376]8
[40][376]8
[40][376]31
f[275]7
f[275]9
[78][275]7
[78][275]95
h[141]7
h[141]8
[78][141]7
[78][141]412
p1[78]51
p1[78]87
[27][78]51
[27][78]514
{{s}}[147]10
{{s}}[147]10
[53][147]10
[53][147]411
[20][282]12
[20][282]12
[53][282]12
[53][282]94
s1[53]71
s1[53]19
u3[53]71
u3[53]73
[27][53]71
[27][53]517
j[27]120
j[27]131
n[27]424
n[27]120
q2[280]9
q2[280]13
[65][280]9
[65][280]96
{{t}}[146]10
{{t}}[146]15
[65][146]10
[65][146]412
w0[65]71
w0[65]75
[46][65]75
[46][65]508
{{s}}[138]10
{{s}}[138]10
w0[138]10
w0[138]15
[46][138]10
[46][138]411
l[46]99
l[46]128
n[46]424
n[46]99
n[44]261
n[44]7
c2[44]261
c2[44]268
q2[329]15
q2[329]24
[48][329]15
[48][329]155
j[48]54
j[48]1
b4[48]1
b4[48]228
k4[48]39
k4[48]256
q0[64]59
q0[64]140
b4[64]59
b4[64]167
v0[38]40
v0[38]139
b4[38]40
b4[38]192
f1[13]6
f1[13]83
b4[13]6
b4[13]240
q2[320]8
q2[320]12
z3[320]8
z3[320]213
d[1953]8
d[1953]8
h[1953]8
h[1953]7
z3[1953]8
z3[1953]283
iz36
iz345
jz383
jz36
b4z36
b4z3297
nb462
nb44
u3b462
u3b4170
f[331]36
f[331]77
d4[331]77
d4[331]149
[54]d463
[54]d4203
[396]d415
[396]d4203
[397]d436
[397]d4203
u3[397]72
u3[397]36
[40][397]36
[40][397]157
n[40]86
n[40]12
[24][40]86
[24][40]187
c[1959]7
c[1959]7
n[1959]7
n[1959]6
s1[1959]7
s1[1959]9
f1[1959]7
f1[1959]145
k4[1959]20
k4[1959]7
{{t}}[1955]16
{{t}}[1955]20
k4[1955]16
k4[1955]159
f1k45
f1k499
u3k45
u3k4190
[1855]k48
[1855]k4238
k[1855]65
k[1855]6
[9][1855]6
[9][1855]210
[1856][1855]6
[1856][1855]238
n[9]40
n[9]8
g2[9]40
g2[9]196
g2[77]163
g2[77]39
[33][77]39
[33][77]400
g2[42]51
g2[42]29
c4[42]29
c4[42]179
a[375]30
a[375]25
c4[375]30
c4[375]213
{{t}}[1963]8
{{t}}[1963]10
[74][1963]8
[74][1963]385
q2[1905]8
q2[1905]12
[74][1905]8
[74][1905]150
k[74]122
k[74]59
c4[74]59
c4[74]372
jc4114
jc429
[33]c4114
[33]c4252
a[327]7
a[327]7
[115][327]7
[115][327]155
b[258]7
b[258]7
[115][258]7
[115][258]216
j[115]13
j[115]12
k[115]12
k[115]41
[33][115]12
[33][115]233
n[33]126
n[33]4
p1[33]126
p1[33]149
s1[80]68
s1[80]108
[12][80]68
[12][80]507
[399]j16
[399]j1566
[400]j11
[400]j1566
k[400]1
k[400]1
p1[400]1
p1[400]131
[12][400]1
[12][400]507
d[135]8
d[135]1
h[135]9
h[135]8
[52][135]8
[52][135]424
[195][135]276
[195][135]8
i[396]15
i[396]6
k[396]15
k[396]8
[52][396]15
[52][396]200
[52][281]6
[52][281]47
[62][281]91
[62][281]6
l[52]71
l[52]12
[12][52]71
[12][52]290
c[259]6
c[259]7
[94][259]7
[94][259]214
b[328]6
b[328]7
[94][328]7
[94][328]155
a[378]6
a[378]12
[94][378]12
[94][378]49
m1[94]13
m1[94]109
[12][94]13
[12][94]248
[1859][94]11
[1859][94]317
r1[71]29
r1[71]106
[12][71]29
[12][71]507
j[12]27
j[12]92
n[12]203
n[12]92
d[143]11
d[143]12
[73][143]11
[73][143]412
b[276]7
b[276]11
[73][276]7
[73][276]95
c[202]11
c[202]12
[73][202]11
[73][202]261
a[341]10
a[341]11
[73][341]10
[73][341]46
k[73]85
k[73]31
n[73]236
n[73]85
r1[73]85
r1[73]424
p2[330]11
p2[330]17
e4[330]17
e4[330]154
l[150]61
l[150]50
{{s}}[150]68
{{s}}[150]50
w0[150]50
w0[150]200
e4[150]90
e4[150]50
h[145]7
h[145]7
[68][145]7
[68][145]413
f[279]7
f[279]7
[68][279]7
[68][279]96
e4[68]111
e4[68]15
u3[68]15
u3[68]194
[56][68]15
[56][68]416
e4[43]6
e4[43]187
u3[43]6
u3[43]372
a[381]9
a[381]10
e4[381]9
e4[381]49
s1e419
s1e46
[99]e419
[99]e4155
[1854]e45
[1854]e4156
k[1854]5
k[1854]30
n[1854]5
n[1854]56
[56][1854]5
[56][1854]119
a[300]8
a[300]8
[79][300]8
[79][300]35
[36][294]12
[36][294]8
[79][294]8
[79][294]58
d[153]15
d[153]15
y0[153]10
y0[153]15
[79][153]15
[79][153]245
r1[79]13
r1[79]74
[45][79]13
[45][79]339
l[227]14
l[227]40
[36][227]14
[36][227]15
[45][227]14
[45][227]120
l[216]9
l[216]1
y0[216]9
y0[216]56
[45][216]9
[45][216]143
n[45]14
n[45]5
v0[45]14
v0[45]343
d[188]7
d[188]7
[41][188]7
[41][188]91
[61][188]7
[61][188]111
l[1859]15
l[1859]11
[41][1859]11
[41][1859]315
n[41]63
n[41]15
m1[41]15
m1[41]345
n[130]6
n[130]6
s1[130]6
s1[130]90
q0[130]6
q0[130]377
q0[1856]6
q0[1856]72
[57][1856]6
[57][1856]201
n[57]16
n[57]8
b2[57]16
b2[57]159
s1[270]8
s1[270]8
[98][270]8
[98][270]13
[99][270]8
[99][270]93
n[99]19
n[99]37
w0[99]37
w0[99]179
q0[96]7
q0[96]70
u3[96]196
u3[96]70
[55][96]70
[55][96]207
m1[301]6
m1[301]16
[55][301]6
[55][301]32
k[399]75
k[399]6
q0[399]6
q0[399]283
[55][399]6
[55][399]409
l[55]201
l[55]71
n[55]71
n[55]2
n[11]33
n[11]5
w0[11]33
w0[11]307
n[72]73
n[72]59
[54][72]59
[54][72]464
d[1948]34
d[1948]10
n[1948]10
n[1948]10
r1[1948]10
r1[1948]66
y0[1948]10
y0[1948]493
b[98]180
b[98]95
f[98]95
f[98]237
p2[20]72
p2[20]60
q2[20]73
q2[20]60
bq280
bq263
fq280
fq2169
b[62]109
b[62]134
f[62]258
f[62]109
cy0130
cy029
[36]y0407
[36]y029
a[36]174
a[36]33
b[36]270
b[36]33
s1[306]12
s1[306]21
p2[306]15
p2[306]12
bp235
bp297
fp2137
fp297
j[56]88
j[56]17
s1[56]41
s1[56]17
[394]s14
[394]s1159
[395]s127
[395]s1159
i[395]111
i[395]27
k[395]27
k[395]88
iw038
iw04
jw08
jw038
kw026
kw038
m1b249
m1b270
c2b270
c2b2199
f1[61]80
f1[61]152
c2[61]85
c2[61]152
[388]c210
[388]c2147
[389]c257
[389]c2147
k[388]15
k[388]10
l[388]10
l[388]27
q0[388]10
q0[388]121
q0[54]63
q0[54]125
u3[54]63
u3[54]187
kg221
kg27
q0g282
q0g221
f1g25
f1g288
lg221
lg2137
kv038
kv0105
q0v038
q0v0256
iq016
iq013
jq016
jq016
kr1103
kr188
lr1103
lr1319
m1r132
m1r1377
im1194
im139
km1224
km139
i[394]4
i[394]14
k[394]62
k[394]4
l[394]124
l[394]4
l[389]21
l[389]57
[24][389]57
[24][389]138
i[24]57
i[24]46
j[24]46
j[24]22
ip186
ip1163
lp1163
lp1107
if117
if113
jf191
jf113
ku373
ku39
lu312
lu373
d{{s}}202
d{{s}}3
h{{s}}202
h{{s}}3
[195]{{s}}185
[195]{{s}}3
d[195]3
d[195]293
h[195]3
h[195]293
d{{t}}20
d{{t}}71
h{{t}}20
h{{t}}74
duration = 0.501134sec.

