
outfunc
duration = 0.102411sec.

cost:2083
CSPF
[1677]{{B_P}}22
[1677]{{B_P}}23
[1680]{{B_P}}12
[1680]{{B_P}}23
CBT2[1680]12
CBT2[1680]10
B[1680]12
B[1680]12
[122][1680]21
[122][1680]12
[125][1680]12
[125][1680]10
B[1677]22
B[1677]22
[1678][1677]22
[1678][1677]20
QPR4[1678]9
QPR4[1678]19
[122][1678]20
[122][1678]19
RYZ[1678]2
RYZ[1678]21
[1679][1678]5
[1679][1678]20
MIS9174[122]18
MIS9174[122]19
[112][122]11
[112][122]18
[1681]{{C_P}}22
[1681]{{C_P}}22
[1682]{{C_P}}20
[1682]{{C_P}}22
RYZ[1681]22
RYZ[1681]22
C[1681]22
C[1681]19
MIS9174[1681]22
MIS9174[1681]22
RYZ[1682]20
RYZ[1682]20
C[1682]18
C[1682]20
MIS9174[1682]24
MIS9174[1682]20
CBT0MIS917410
CBT0MIS917410
CBT1MIS91749
CBT1MIS917410
CBT2MIS917410
CBT2MIS91748
QPR4MIS91747
QPR4MIS917416
QPR3MIS91746
QPR3MIS917416
[112]MIS91745
[112]MIS917416
[1789]{{TXWRD9_P}}5
[1789]{{TXWRD9_P}}44
[1790]{{TXWRD9_P}}4
[1790]{{TXWRD9_P}}44
[1791]{{TXWRD9_P}}12
[1791]{{TXWRD9_P}}44
[1792]{{TXWRD9_P}}10
[1792]{{TXWRD9_P}}44
[1793]{{TXWRD9_P}}6
[1793]{{TXWRD9_P}}44
P2ZZZ1[1789]5
P2ZZZ1[1789]5
MIS15081[1789]5
MIS15081[1789]40
P2ZZZ1{{P2ZZZ1_P}}5
P2ZZZ1{{P2ZZZ1_P}}5
MIS11585{{P2ZZZ1_P}}5
MIS11585{{P2ZZZ1_P}}6
[1623]{{P2ZZZ1_P}}5
[1623]{{P2ZZZ1_P}}9
I2ZZZ3{{I2ZZZ3_P}}5
I2ZZZ3{{I2ZZZ3_P}}5
MIS11583{{I2ZZZ3_P}}5
MIS11583{{I2ZZZ3_P}}6
[1641]{{I2ZZZ3_P}}5
[1641]{{I2ZZZ3_P}}7
INYBB4[1641]5
INYBB4[1641]5
MIS11584[1641]5
MIS11584[1641]5
I2ZZZ5{{I2ZZZ5_P}}5
I2ZZZ5{{I2ZZZ5_P}}5
MIS11583{{I2ZZZ5_P}}5
MIS11583{{I2ZZZ5_P}}5
[1643]{{I2ZZZ5_P}}5
[1643]{{I2ZZZ5_P}}6
INYBB6[1643]5
INYBB6[1643]5
MIS11584[1643]5
MIS11584[1643]5
I2ZZZ7{{I2ZZZ7_P}}5
I2ZZZ7{{I2ZZZ7_P}}5
MIS11583{{I2ZZZ7_P}}5
MIS11583{{I2ZZZ7_P}}5
[1645]{{I2ZZZ7_P}}5
[1645]{{I2ZZZ7_P}}7
INYBB8[1645]5
INYBB8[1645]5
MIS11584[1645]5
MIS11584[1645]6
I2ZZZ1{{I2ZZZ1_P}}5
I2ZZZ1{{I2ZZZ1_P}}5
MIS11583{{I2ZZZ1_P}}5
MIS11583{{I2ZZZ1_P}}6
[1639]{{I2ZZZ1_P}}5
[1639]{{I2ZZZ1_P}}7
INYBB2[1639]5
INYBB2[1639]5
MIS11584[1639]5
MIS11584[1639]5
I2ZZZ2{{I2ZZZ2_P}}5
I2ZZZ2{{I2ZZZ2_P}}5
MIS11583{{I2ZZZ2_P}}5
MIS11583{{I2ZZZ2_P}}5
[1640]{{I2ZZZ2_P}}5
[1640]{{I2ZZZ2_P}}7
INYBB3[1640]5
INYBB3[1640]5
MIS11584[1640]5
MIS11584[1640]6
I2ZZZ4{{I2ZZZ4_P}}5
I2ZZZ4{{I2ZZZ4_P}}5
MIS11583{{I2ZZZ4_P}}5
MIS11583{{I2ZZZ4_P}}6
[1642]{{I2ZZZ4_P}}5
[1642]{{I2ZZZ4_P}}7
INYBB5[1642]5
INYBB5[1642]5
MIS11584[1642]5
MIS11584[1642]6
I2ZZZ6{{I2ZZZ6_P}}5
I2ZZZ6{{I2ZZZ6_P}}5
MIS11583{{I2ZZZ6_P}}5
MIS11583{{I2ZZZ6_P}}6
[1644]{{I2ZZZ6_P}}5
[1644]{{I2ZZZ6_P}}7
INYBB7[1644]5
INYBB7[1644]5
MIS11584[1644]5
MIS11584[1644]5
I2ZZZ0{{I2ZZZ0_P}}5
I2ZZZ0{{I2ZZZ0_P}}5
MIS11583{{I2ZZZ0_P}}5
MIS11583{{I2ZZZ0_P}}5
[1638]{{I2ZZZ0_P}}5
[1638]{{I2ZZZ0_P}}7
I1ZZZ1{{I1ZZZ1_P}}5
I1ZZZ1{{I1ZZZ1_P}}5
MIS11581{{I1ZZZ1_P}}5
MIS11581{{I1ZZZ1_P}}6
[1631]{{I1ZZZ1_P}}5
[1631]{{I1ZZZ1_P}}7
INYBB2[1631]5
INYBB2[1631]5
MIS11582[1631]5
MIS11582[1631]6
I1ZZZ3{{I1ZZZ3_P}}5
I1ZZZ3{{I1ZZZ3_P}}5
MIS11581{{I1ZZZ3_P}}5
MIS11581{{I1ZZZ3_P}}6
[1633]{{I1ZZZ3_P}}5
[1633]{{I1ZZZ3_P}}7
INYBB4[1633]5
INYBB4[1633]5
MIS11582[1633]5
MIS11582[1633]5
I1ZZZ5{{I1ZZZ5_P}}5
I1ZZZ5{{I1ZZZ5_P}}5
MIS11581{{I1ZZZ5_P}}5
MIS11581{{I1ZZZ5_P}}5
[1635]{{I1ZZZ5_P}}5
[1635]{{I1ZZZ5_P}}7
INYBB6[1635]5
INYBB6[1635]5
MIS11582[1635]5
MIS11582[1635]6
I1ZZZ7{{I1ZZZ7_P}}5
I1ZZZ7{{I1ZZZ7_P}}5
MIS11581{{I1ZZZ7_P}}5
MIS11581{{I1ZZZ7_P}}5
[1637]{{I1ZZZ7_P}}5
[1637]{{I1ZZZ7_P}}7
INYBB8[1637]5
INYBB8[1637]5
MIS11582[1637]5
MIS11582[1637]6
I1ZZZ2{{I1ZZZ2_P}}5
I1ZZZ2{{I1ZZZ2_P}}5
MIS11581{{I1ZZZ2_P}}5
MIS11581{{I1ZZZ2_P}}5
[1632]{{I1ZZZ2_P}}5
[1632]{{I1ZZZ2_P}}7
I1ZZZ4{{I1ZZZ4_P}}5
I1ZZZ4{{I1ZZZ4_P}}5
MIS11581{{I1ZZZ4_P}}5
MIS11581{{I1ZZZ4_P}}6
[1634]{{I1ZZZ4_P}}5
[1634]{{I1ZZZ4_P}}7
I1ZZZ6{{I1ZZZ6_P}}5
I1ZZZ6{{I1ZZZ6_P}}5
MIS11581{{I1ZZZ6_P}}5
MIS11581{{I1ZZZ6_P}}6
[1636]{{I1ZZZ6_P}}5
[1636]{{I1ZZZ6_P}}7
I1ZZZ0{{I1ZZZ0_P}}5
I1ZZZ0{{I1ZZZ0_P}}5
MIS11581{{I1ZZZ0_P}}5
MIS11581{{I1ZZZ0_P}}5
[1630]{{I1ZZZ0_P}}5
[1630]{{I1ZZZ0_P}}7
RYZMIS115812
RYZMIS1158113
MIS11582MIS1158113
MIS11582MIS1158113
INYBB1[1630]5
INYBB1[1630]5
MIS11582[1630]5
MIS11582[1630]6
INYBB3[1632]5
INYBB3[1632]5
MIS11582[1632]5
MIS11582[1632]6
INYBB5[1634]5
INYBB5[1634]5
MIS11582[1634]5
MIS11582[1634]6
INYBB7[1636]5
INYBB7[1636]5
MIS11582[1636]5
MIS11582[1636]6
INYBB0MIS115824
INYBB0MIS115823
MIS11583MIS115824
MIS11583MIS115824
RYZMIS115832
RYZMIS1158314
MIS11584MIS115834
MIS11584MIS1158314
INYBB1[1638]5
INYBB1[1638]5
MIS11584[1638]5
MIS11584[1638]6
INYBB0MIS115844
INYBB0MIS115844
INZZZEMIS115844
INZZZEMIS115843
RYZMIS115842
RYZMIS115844
[1829]{{TXWRD14_P}}5
[1829]{{TXWRD14_P}}33
[1830]{{TXWRD14_P}}4
[1830]{{TXWRD14_P}}33
[1831]{{TXWRD14_P}}11
[1831]{{TXWRD14_P}}33
[1832]{{TXWRD14_P}}11
[1832]{{TXWRD14_P}}33
[1833]{{TXWRD14_P}}6
[1833]{{TXWRD14_P}}33
I2ZZZ6[1830]4
I2ZZZ6[1830]4
MIS11594[1830]4
MIS11594[1830]20
P2ZZZ5{{P2ZZZ5_P}}5
P2ZZZ5{{P2ZZZ5_P}}5
MIS11585{{P2ZZZ5_P}}5
MIS11585{{P2ZZZ5_P}}6
[1627]{{P2ZZZ5_P}}5
[1627]{{P2ZZZ5_P}}8
PYBB6[1627]5
PYBB6[1627]5
MIS11586[1627]5
MIS11586[1627]5
P1ZZZ5{{P1ZZZ5_P}}6
P1ZZZ5{{P1ZZZ5_P}}6
MIS11587{{P1ZZZ5_P}}6
MIS11587{{P1ZZZ5_P}}6
[1619]{{P1ZZZ5_P}}5
[1619]{{P1ZZZ5_P}}10
PYBB6[1619]5
PYBB6[1619]5
MIS11588[1619]5
MIS11588[1619]6
P2ZZZ3{{P2ZZZ3_P}}5
P2ZZZ3{{P2ZZZ3_P}}5
MIS11585{{P2ZZZ3_P}}5
MIS11585{{P2ZZZ3_P}}6
[1625]{{P2ZZZ3_P}}5
[1625]{{P2ZZZ3_P}}9
PYBB4[1625]5
PYBB4[1625]5
MIS11586[1625]5
MIS11586[1625]6
P1ZZZ3{{P1ZZZ3_P}}5
P1ZZZ3{{P1ZZZ3_P}}5
MIS11587{{P1ZZZ3_P}}5
MIS11587{{P1ZZZ3_P}}6
[1617]{{P1ZZZ3_P}}5
[1617]{{P1ZZZ3_P}}9
PYBB4[1617]5
PYBB4[1617]5
MIS11588[1617]5
MIS11588[1617]6
[1805]{{TXWRD11_P}}5
[1805]{{TXWRD11_P}}45
[1806]{{TXWRD11_P}}4
[1806]{{TXWRD11_P}}45
[1807]{{TXWRD11_P}}11
[1807]{{TXWRD11_P}}45
[1808]{{TXWRD11_P}}10
[1808]{{TXWRD11_P}}45
[1809]{{TXWRD11_P}}6
[1809]{{TXWRD11_P}}45
P2ZZZ3[1805]5
P2ZZZ3[1805]5
MIS15081[1805]5
MIS15081[1805]41
PYBB2[1623]5
PYBB2[1623]5
MIS11586[1623]5
MIS11586[1623]6
P1ZZZ1{{P1ZZZ1_P}}5
P1ZZZ1{{P1ZZZ1_P}}5
MIS11587{{P1ZZZ1_P}}5
MIS11587{{P1ZZZ1_P}}6
[1615]{{P1ZZZ1_P}}5
[1615]{{P1ZZZ1_P}}9
PYBB2[1615]5
PYBB2[1615]5
MIS11588[1615]5
MIS11588[1615]5
P1ZZZ7{{P1ZZZ7_P}}5
P1ZZZ7{{P1ZZZ7_P}}5
MIS11587{{P1ZZZ7_P}}5
MIS11587{{P1ZZZ7_P}}6
[1621]{{P1ZZZ7_P}}5
[1621]{{P1ZZZ7_P}}9
PYBB8[1621]5
PYBB8[1621]5
MIS11588[1621]5
MIS11588[1621]6
P2ZZZ7{{P2ZZZ7_P}}5
P2ZZZ7{{P2ZZZ7_P}}5
MIS11585{{P2ZZZ7_P}}5
MIS11585{{P2ZZZ7_P}}6
[1629]{{P2ZZZ7_P}}5
[1629]{{P2ZZZ7_P}}9
PYBB8[1629]5
PYBB8[1629]5
MIS11586[1629]5
MIS11586[1629]5
[1757]{{TXWRD5_P}}5
[1757]{{TXWRD5_P}}26
[1758]{{TXWRD5_P}}4
[1758]{{TXWRD5_P}}26
[1759]{{TXWRD5_P}}11
[1759]{{TXWRD5_P}}26
[1760]{{TXWRD5_P}}11
[1760]{{TXWRD5_P}}26
[1761]{{TXWRD5_P}}6
[1761]{{TXWRD5_P}}26
P1ZZZ5[1757]5
P1ZZZ5[1757]5
MIS15081[1757]5
MIS15081[1757]24
[1797]{{TXWRD10_P}}5
[1797]{{TXWRD10_P}}27
[1798]{{TXWRD10_P}}4
[1798]{{TXWRD10_P}}27
[1799]{{TXWRD10_P}}11
[1799]{{TXWRD10_P}}27
[1800]{{TXWRD10_P}}10
[1800]{{TXWRD10_P}}27
[1801]{{TXWRD10_P}}6
[1801]{{TXWRD10_P}}27
P2ZZZ2[1797]5
P2ZZZ2[1797]5
MIS15081[1797]5
MIS15081[1797]26
P2ZZZ6[1829]5
P2ZZZ6[1829]5
MIS15081[1829]5
MIS15081[1829]31
[1821]{{TXWRD13_P}}5
[1821]{{TXWRD13_P}}40
[1822]{{TXWRD13_P}}4
[1822]{{TXWRD13_P}}40
[1823]{{TXWRD13_P}}12
[1823]{{TXWRD13_P}}40
[1824]{{TXWRD13_P}}10
[1824]{{TXWRD13_P}}40
[1825]{{TXWRD13_P}}6
[1825]{{TXWRD13_P}}40
P2ZZZ5[1821]5
P2ZZZ5[1821]5
MIS15081[1821]5
MIS15081[1821]38
[1725]{{TXWRD1_P}}5
[1725]{{TXWRD1_P}}21
[1726]{{TXWRD1_P}}4
[1726]{{TXWRD1_P}}21
[1727]{{TXWRD1_P}}12
[1727]{{TXWRD1_P}}21
[1728]{{TXWRD1_P}}10
[1728]{{TXWRD1_P}}21
[1729]{{TXWRD1_P}}6
[1729]{{TXWRD1_P}}21
P1ZZZ1[1725]5
P1ZZZ1[1725]5
MIS15081[1725]5
MIS15081[1725]20
[1765]{{TXWRD6_P}}5
[1765]{{TXWRD6_P}}24
[1766]{{TXWRD6_P}}4
[1766]{{TXWRD6_P}}24
[1767]{{TXWRD6_P}}12
[1767]{{TXWRD6_P}}24
[1768]{{TXWRD6_P}}10
[1768]{{TXWRD6_P}}24
[1769]{{TXWRD6_P}}6
[1769]{{TXWRD6_P}}24
P1ZZZ6[1765]5
P1ZZZ6[1765]5
MIS15081[1765]5
MIS15081[1765]22
[1733]{{TXWRD2_P}}5
[1733]{{TXWRD2_P}}38
[1734]{{TXWRD2_P}}4
[1734]{{TXWRD2_P}}38
[1735]{{TXWRD2_P}}11
[1735]{{TXWRD2_P}}38
[1736]{{TXWRD2_P}}10
[1736]{{TXWRD2_P}}38
[1737]{{TXWRD2_P}}6
[1737]{{TXWRD2_P}}38
P1ZZZ2[1733]5
P1ZZZ2[1733]5
MIS15081[1733]5
MIS15081[1733]35
[1773]{{TXWRD7_P}}5
[1773]{{TXWRD7_P}}29
[1774]{{TXWRD7_P}}4
[1774]{{TXWRD7_P}}29
[1775]{{TXWRD7_P}}12
[1775]{{TXWRD7_P}}29
[1776]{{TXWRD7_P}}10
[1776]{{TXWRD7_P}}29
[1777]{{TXWRD7_P}}6
[1777]{{TXWRD7_P}}29
P1ZZZ7[1773]5
P1ZZZ7[1773]5
MIS15081[1773]5
MIS15081[1773]27
[1749]{{TXWRD4_P}}5
[1749]{{TXWRD4_P}}26
[1750]{{TXWRD4_P}}4
[1750]{{TXWRD4_P}}26
[1751]{{TXWRD4_P}}11
[1751]{{TXWRD4_P}}26
[1752]{{TXWRD4_P}}10
[1752]{{TXWRD4_P}}26
[1753]{{TXWRD4_P}}6
[1753]{{TXWRD4_P}}26
P1ZZZ4[1749]5
P1ZZZ4[1749]5
MIS15081[1749]5
MIS15081[1749]24
[1741]{{TXWRD3_P}}5
[1741]{{TXWRD3_P}}44
[1742]{{TXWRD3_P}}4
[1742]{{TXWRD3_P}}44
[1743]{{TXWRD3_P}}11
[1743]{{TXWRD3_P}}44
[1744]{{TXWRD3_P}}10
[1744]{{TXWRD3_P}}44
[1745]{{TXWRD3_P}}6
[1745]{{TXWRD3_P}}44
P1ZZZ3[1741]5
P1ZZZ3[1741]5
MIS15081[1741]5
MIS15081[1741]41
[1781]{{TXWRD8_P}}5
[1781]{{TXWRD8_P}}32
[1782]{{TXWRD8_P}}4
[1782]{{TXWRD8_P}}32
[1783]{{TXWRD8_P}}11
[1783]{{TXWRD8_P}}32
[1784]{{TXWRD8_P}}11
[1784]{{TXWRD8_P}}32
[1785]{{TXWRD8_P}}6
[1785]{{TXWRD8_P}}32
P2ZZZ0[1781]5
P2ZZZ0[1781]5
MIS15081[1781]5
MIS15081[1781]30
[1836]{{TXWRD15_P}}5
[1836]{{TXWRD15_P}}19
[1837]{{TXWRD15_P}}4
[1837]{{TXWRD15_P}}19
[1838]{{TXWRD15_P}}6
[1838]{{TXWRD15_P}}19
[1839]{{TXWRD15_P}}12
[1839]{{TXWRD15_P}}19
P2ZZZ7[1836]5
P2ZZZ7[1836]5
MIS15081[1836]5
MIS15081[1836]18
[1813]{{TXWRD12_P}}5
[1813]{{TXWRD12_P}}26
[1814]{{TXWRD12_P}}4
[1814]{{TXWRD12_P}}26
[1815]{{TXWRD12_P}}11
[1815]{{TXWRD12_P}}26
[1816]{{TXWRD12_P}}11
[1816]{{TXWRD12_P}}26
[1817]{{TXWRD12_P}}6
[1817]{{TXWRD12_P}}26
P2ZZZ4[1813]5
P2ZZZ4[1813]5
MIS15081[1813]5
MIS15081[1813]24
[1717]{{TXWRD0_P}}5
[1717]{{TXWRD0_P}}41
[1718]{{TXWRD0_P}}4
[1718]{{TXWRD0_P}}41
[1719]{{TXWRD0_P}}11
[1719]{{TXWRD0_P}}41
[1720]{{TXWRD0_P}}11
[1720]{{TXWRD0_P}}41
[1721]{{TXWRD0_P}}6
[1721]{{TXWRD0_P}}41
P1ZZZ0[1717]5
P1ZZZ0[1717]5
MIS15081[1717]5
MIS15081[1717]38
PFINMIS1508123
PFINMIS1508166
INFINMIS1508121
INFINMIS1508123
RYZMIS150812
RYZMIS1508123
V1ZZZ4[1753]6
V1ZZZ4[1753]6
[101][1753]6
[101][1753]24
V2ZZZ1[1793]6
V2ZZZ1[1793]6
[101][1793]6
[101][1793]41
V2ZZZ5[1825]6
V2ZZZ5[1825]6
[101][1825]6
[101][1825]30
V1ZZZ1[1729]6
V1ZZZ1[1729]6
[101][1729]6
[101][1729]20
V1ZZZ6[1769]6
V1ZZZ6[1769]6
[101][1769]6
[101][1769]22
V1ZZZ0[1721]6
V1ZZZ0[1721]6
[101][1721]6
[101][1721]37
V1ZZZ5[1761]6
V1ZZZ5[1761]6
[101][1761]6
[101][1761]20
V2ZZZ6[1833]6
V2ZZZ6[1833]6
[101][1833]6
[101][1833]31
V1ZZZ2[1737]6
V1ZZZ2[1737]6
[101][1737]6
[101][1737]35
V1ZZZ7[1777]6
V1ZZZ7[1777]6
[101][1777]6
[101][1777]25
V2ZZZ3[1809]6
V2ZZZ3[1809]6
[101][1809]6
[101][1809]40
V2ZZZ2[1801]6
V2ZZZ2[1801]6
[101][1801]6
[101][1801]24
V1ZZZ3[1745]6
V1ZZZ3[1745]6
[101][1745]6
[101][1745]37
V2ZZZ0[1785]6
V2ZZZ0[1785]6
[101][1785]6
[101][1785]24
V2ZZZ7[1838]6
V2ZZZ7[1838]6
[101][1838]6
[101][1838]18
V2ZZZ4[1817]6
V2ZZZ4[1817]6
[101][1817]6
[101][1817]20
VFIN[101]24
VFIN[101]35
MIS15080[101]24
MIS15080[101]68
TXWRD3[1736]10
TXWRD3[1736]10
[103][1736]10
[103][1736]27
TXWRD8[1776]10
TXWRD8[1776]10
[103][1776]10
[103][1776]24
TXWRD12[1808]10
TXWRD12[1808]10
[103][1808]10
[103][1808]33
TXWRD11[1800]10
TXWRD11[1800]10
[103][1800]10
[103][1800]19
TXWRD4[1744]10
TXWRD4[1744]10
[103][1744]10
[103][1744]32
TXWRD9[1784]11
TXWRD9[1784]11
[103][1784]11
[103][1784]22
TXWRD13[1816]11
TXWRD13[1816]11
[103][1816]11
[103][1816]22
TXWRD5[1752]10
TXWRD5[1752]10
[103][1752]10
[103][1752]19
TXWRD10[1792]10
TXWRD10[1792]10
[103][1792]10
[103][1792]31
TXWRD14[1824]10
TXWRD14[1824]10
[103][1824]10
[103][1824]36
TXWRD2[1728]10
TXWRD2[1728]10
[103][1728]10
[103][1728]19
TXWRD7[1768]10
TXWRD7[1768]10
[103][1768]10
[103][1768]19
TXWRD1[1720]11
TXWRD1[1720]11
[103][1720]11
[103][1720]28
TXWRD6[1760]11
TXWRD6[1760]11
[103][1760]11
[103][1760]22
TXWRD15[1832]11
TXWRD15[1832]11
[103][1832]11
[103][1832]29
MIS15080[103]36
MIS15080[103]100
MIS11549[103]36
MIS11549[103]209
[1692]{{QPR4_P}}17
[1692]{{QPR4_P}}21
[1693]{{QPR4_P}}15
[1693]{{QPR4_P}}21
{{QPR3_P}}[1692]17
{{QPR3_P}}[1692]17
[125][1692]4
[125][1692]17
QPR4[1692]17
QPR4[1692]16
QPR3[1693]15
QPR3[1693]22
QPR4[1693]15
QPR4[1693]15
{{TXMESS_F}}[1693]9
{{TXMESS_F}}[1693]15
{{QPR3_P}}[1693]17
{{QPR3_P}}[1693]15
[1690]{{QPR3_P}}14
[1690]{{QPR3_P}}21
[1691]{{QPR3_P}}15
[1691]{{QPR3_P}}21
RYZ[1690]5
RYZ[1690]14
QPR2[1690]20
QPR2[1690]14
{{QPR2_P}}[1690]22
{{QPR2_P}}[1690]21
QPR3[1690]14
QPR3[1690]4
QPR2[1691]15
QPR2[1691]1
QPR3[1691]13
QPR3[1691]15
{{TXMESS_F}}[1691]3
{{TXMESS_F}}[1691]15
{{QPR2_P}}[1691]1
{{QPR2_P}}[1691]15
[1687]{{QPR2_P}}13
[1687]{{QPR2_P}}25
[1688]{{QPR2_P}}15
[1688]{{QPR2_P}}25
QPR2[1687]13
QPR2[1687]1
{{QPR1_P}}[1687]13
{{QPR1_P}}[1687]25
RYZ[1688]6
RYZ[1688]5
[131][1688]25
[131][1688]5
[1689][1688]13
[1689][1688]25
QPR1[1689]13
QPR1[1689]1
QPR2[1689]23
QPR2[1689]13
{{TXMESS_F}}[1689]4
{{TXMESS_F}}[1689]13
{{QPR1_P}}[1689]1
{{QPR1_P}}[1689]13
[1685]{{QPR1_P}}13
[1685]{{QPR1_P}}30
[1686]{{QPR1_P}}1
[1686]{{QPR1_P}}30
{{TXMESS_F}}[1685]10
{{TXMESS_F}}[1685]17
MIS15080[1685]10
MIS15080[1685]25
{{QPR0_P}}[1685]14
{{QPR0_P}}[1685]29
QPR1[1685]13
QPR1[1685]5
QPR1[1686]23
QPR1[1686]1
{{TXMESS_F}}[1686]4
{{TXMESS_F}}[1686]1
{{QPR0_P}}[1686]1
{{QPR0_P}}[1686]1
[1683]{{QPR0_P}}10
[1683]{{QPR0_P}}29
[1684]{{QPR0_P}}13
[1684]{{QPR0_P}}29
QPR0[1683]10
QPR0[1683]1
{{TXMESS_F}}[1683]10
{{TXMESS_F}}[1683]17
MIS15080[1683]10
MIS15080[1683]25
QPR0[1684]23
QPR0[1684]13
{{TXMESS_F}}[1684]5
{{TXMESS_F}}[1684]13
TXMESS_N{{TXMESS_F}}20
TXMESS_N{{TXMESS_F}}22
[155]{{TXMESS_F}}20
[155]{{TXMESS_F}}29
RYZ{{TXMESS_F}}2
RYZ{{TXMESS_F}}32
TXWRD10[1799]11
TXWRD10[1799]11
[100][1799]11
[100][1799]18
TXWRD4[1751]11
TXWRD4[1751]11
[100][1751]11
[100][1751]18
TXWRD9[1791]12
TXWRD9[1791]12
[100][1791]12
[100][1791]31
TXWRD13[1823]12
TXWRD13[1823]12
[100][1823]12
[100][1823]33
TXWRD1[1727]12
TXWRD1[1727]12
[100][1727]12
[100][1727]18
TXWRD6[1767]12
TXWRD6[1767]12
[100][1767]12
[100][1767]18
TXWRD15[1839]12
TXWRD15[1839]12
[100][1839]12
[100][1839]17
TXWRD14[1831]11
TXWRD14[1831]11
[100][1831]11
[100][1831]30
TXWRD2[1735]11
TXWRD2[1735]11
[100][1735]11
[100][1735]26
TXWRD7[1775]12
TXWRD7[1775]12
[100][1775]12
[100][1775]23
TXWRD11[1807]11
TXWRD11[1807]11
[100][1807]11
[100][1807]30
TXWRD3[1743]11
TXWRD3[1743]11
[100][1743]11
[100][1743]30
TXWRD8[1783]11
TXWRD8[1783]11
[100][1783]11
[100][1783]22
TXWRD12[1815]11
TXWRD12[1815]11
[100][1815]11
[100][1815]22
TXWRD0[1719]11
TXWRD0[1719]11
[100][1719]11
[100][1719]27
TXWRD5[1759]11
TXWRD5[1759]11
[100][1759]11
[100][1759]22
MIS11549[100]9
MIS11549[100]40
[155][100]40
[155][100]103
RYZ{{STW_F}}2
RYZ{{STW_F}}13
[1585]{{STW_F}}12
[1585]{{STW_F}}13
TXMESS_N[1585]10
TXMESS_N[1585]10
RYZ[1585]1
RYZ[1585]10
[156][1585]10
[156][1585]9
STW_N[1585]6
STW_N[1585]12
[155][1585]12
[155][1585]6
VFIN[155]5
VFIN[155]99
MIS15080[155]99
MIS15080[155]4
PFINMIS150804
PFINMIS15080172
INFINMIS150803
INFINMIS15080172
RYZMIS150802
RYZMIS15080172
I2ZZZ1[1790]4
I2ZZZ1[1790]4
MIS11594[1790]4
MIS11594[1790]26
I2ZZZ5[1822]4
I2ZZZ5[1822]4
MIS11594[1822]4
MIS11594[1822]23
[1671]{{RXZ1_P}}27
[1671]{{RXZ1_P}}80
[1674]{{RXZ1_P}}64
[1674]{{RXZ1_P}}80
RXZ1[1671]27
RXZ1[1671]78
[1672][1671]27
[1672][1671]26
ICLR[1672]23
ICLR[1672]5
RXZ0[1672]24
RXZ0[1672]5
[1673][1672]22
[1673][1672]26
RPTWIN[1673]26
RPTWIN[1673]22
MIS16544[1673]22
MIS16544[1673]18
[1663]{{RXZ0_P}}22
[1663]{{RXZ0_P}}71
[1670]{{RXZ0_P}}59
[1670]{{RXZ0_P}}71
RPTWIN[1663]22
RPTWIN[1663]22
RXZ0[1663]22
RXZ0[1663]70
MIS16544[1663]22
MIS16544[1663]18
[1664]MIS165441
[1664]MIS1654418
[1665]MIS1654434
[1665]MIS1654418
[1666][1665]1
[1666][1665]18
[1667][1665]34
[1667][1665]18
[1668][1667]1
[1668][1667]18
[1669][1667]34
[1669][1667]18
MIS11560[1669]1
MIS11560[1669]18
[152][1669]1
[152][1669]18
[121][1669]30
[121][1669]18
[109][1669]1
[109][1669]57
[108][1669]72
[108][1669]18
[106][1669]107
[106][1669]18
[105][1669]122
[105][1669]18
[99][1669]113
[99][1669]18
MIS16858[1669]18
MIS16858[1669]112
MIS15650[1669]95
MIS15650[1669]18
SLAD0[1669]1
SLAD0[1669]80
XZ163[1669]43
XZ163[1669]18
XZ161[1669]18
XZ161[1669]30
XZ160_N[1669]18
XZ160_N[1669]23
XZ320[1669]18
XZ320[1669]13
ICLR[1669]18
ICLR[1669]6
SLAD3[1669]1
SLAD3[1669]36
SLAD2[1669]6
SLAD2[1669]18
SLAD1[1669]5
SLAD1[1669]18
RXZ0[1670]4
RXZ0[1670]59
MIS8641[1670]59
MIS8641[1670]72
RXZ0[1674]64
RXZ0[1674]64
RXZ1[1674]5
RXZ1[1674]64
MIS8641[1674]64
MIS8641[1674]73
PSYNCMIS864143
PSYNCMIS864143
[121]MIS864192
[121]MIS864143
RPTWINMIS864157
RPTWINMIS8641103
MIS15847MIS864151
MIS15847MIS8641103
ICLRMIS864126
ICLRMIS8641103
[106][121]72
[106][121]54
[109][121]104
[109][121]54
XZFS[106]54
XZFS[106]66
[99][106]171
[99][106]54
RYZ{{RPTWIN_P}}108
RYZ{{RPTWIN_P}}108
[1648]{{RPTWIN_P}}108
[1648]{{RPTWIN_P}}100
RXZ0[1648]60
RXZ0[1648]64
RXZ1[1648]60
RXZ1[1648]60
RPTWIN[1648]103
RPTWIN[1648]51
[1649][1648]52
[1649][1648]100
MIS15650[1649]88
MIS15650[1649]23
[99][1649]77
[99][1649]23
MIS15847[1649]28
MIS15847[1649]100
SLAD1[152]1
SLAD1[152]18
MIS15650[152]1
MIS15650[152]18
SLAD1[1664]1
SLAD1[1664]1
ICLR[1664]1
ICLR[1664]1
XZ161[1664]1
XZ161[1664]1
[153][1664]1
[153][1664]18
SLAD0[153]1
SLAD0[153]18
MIS15650[153]1
MIS15650[153]18
PSYNCMIS1565036
PSYNCMIS15650112
XZFSMIS1565036
XZFSMIS15650106
[109]MIS15650166
[109]MIS1565036
[124]{{ENWIN_P}}17
[124]{{ENWIN_P}}17
[1856]{{ENWIN_P}}17
[1856]{{ENWIN_P}}7
ICLR[1856]3
ICLR[1856]17
ENWIN[1856]17
ENWIN[1856]6
[1857][1856]9
[1857][1856]7
XZFS[1857]9
XZFS[1857]5
{{OFS1_P}}[1857]9
{{OFS1_P}}[1857]4
PSYNC{{XZFS_P}}9
PSYNC{{XZFS_P}}9
XZFS{{XZFS_P}}7
XZFS{{XZFS_P}}9
ICLR{{XZFS_P}}6
ICLR{{XZFS_P}}13
[124]{{XZFS_P}}13
[124]{{XZFS_P}}5
V2ZZZ4{{V2ZZZ4_P}}5
V2ZZZ4{{V2ZZZ4_P}}5
MIS11591{{V2ZZZ4_P}}5
MIS11591{{V2ZZZ4_P}}6
[1710]{{V2ZZZ4_P}}5
[1710]{{V2ZZZ4_P}}9
V2ZZZ3{{V2ZZZ3_P}}5
V2ZZZ3{{V2ZZZ3_P}}5
MIS11591{{V2ZZZ3_P}}5
MIS11591{{V2ZZZ3_P}}6
[1709]{{V2ZZZ3_P}}5
[1709]{{V2ZZZ3_P}}8
V2ZZZ4[1709]5
V2ZZZ4[1709]5
MIS11592[1709]5
MIS11592[1709]5
[1586]{{TD_P}}7
[1586]{{TD_P}}646
[1587]{{TD_P}}7
[1587]{{TD_P}}646
[1588]{{TD_P}}193
[1588]{{TD_P}}646
[1609]{{TD_P}}202
[1609]{{TD_P}}646
QPR4[1609]26
QPR4[1609]26
{{SBUFF}}[1609]784
{{SBUFF}}[1609]26
MIS16690[1609]26
MIS16690[1609]546
[125][1609]26
[125][1609]209
[1610][1609]193
[1610][1609]646
COMPPAR{{COMPPAR_P}}115
COMPPAR{{COMPPAR_P}}17
[145]{{COMPPAR_P}}115
[145]{{COMPPAR_P}}205
[1646]{{COMPPAR_P}}241
[1646]{{COMPPAR_P}}252
TXMESS_N[1646]15
TXMESS_N[1646]15
[111][1646]15
[111][1646]195
[140][1646]15
[140][1646]262
[1647][1646]127
[1647][1646]252
RYZ[1647]127
RYZ[1647]127
[138][1647]127
[138][1647]321
[151][1647]127
[151][1647]285
RYZ[1588]84
RYZ[1588]193
[1589][1588]193
[1589][1588]681
COMPPAR[1589]193
COMPPAR[1589]154
[1590][1589]193
[1590][1589]540
RPTWIN[1590]549
RPTWIN[1590]193
[1591][1590]193
[1591][1590]706
[145][1591]313
[145][1591]193
[1595][1591]193
[1595][1591]693
TXMESS_N[1595]1
TXMESS_N[1595]46
[111][1595]46
[111][1595]1
[140][1595]46
[140][1595]168
[138][1595]432
[138][1595]168
[1599][1595]166
[1599][1595]693
TXMESS_N[1599]1
TXMESS_N[1599]427
[111][1599]427
[111][1599]81
[140][1599]427
[140][1599]181
[151][1599]654
[151][1599]166
COMPPAR[1610]138
COMPPAR[1610]193
[1611][1610]193
[1611][1610]541
RPTWIN[1611]568
RPTWIN[1611]193
[1612][1611]193
[1612][1611]760
TXMESS_N[1612]188
TXMESS_N[1612]17
[111][1612]17
[111][1612]605
[140][1612]17
[140][1612]835
[1613][1612]88
[1613][1612]760
RYZ[1613]127
RYZ[1613]88
[138][1613]88
[138][1613]754
[151][1613]88
[151][1613]745
[1600][151]76
[1600][151]566
[1601][151]40
[1601][151]566
[1602][151]122
[1602][151]566
[1608][151]162
[1608][151]566
QPR3[1602]96
QPR3[1602]189
QPR4[1602]95
QPR4[1602]189
MIS16690[1602]189
MIS16690[1602]99
COMPPAR[1602]122
COMPPAR[1602]108
[110][1602]213
[110][1602]122
TXMESS_N[1608]31
TXMESS_N[1608]162
COMPPAR[1608]189
COMPPAR[1608]162
QPR3[1608]84
QPR3[1608]162
QPR4[1608]83
QPR4[1608]162
MIS16690[1608]162
MIS16690[1608]91
[110][1608]213
[110][1608]162
[1603]MIS16690105
[1603]MIS16690811
[1604]MIS16690220
[1604]MIS16690811
SLAD1[1603]105
SLAD1[1603]353
MIS8768[1603]105
MIS8768[1603]392
[131][1603]536
[131][1603]105
[1650]MIS1584741
[1650]MIS15847100
[1657]MIS1584740
[1657]MIS15847100
[1658]MIS1584740
[1658]MIS15847100
SLAD0[1650]41
SLAD0[1650]66
XZ320[1650]41
XZ320[1650]62
XZ160_N[1650]81
XZ160_N[1650]41
[108][1650]74
[108][1650]41
[154][1650]41
[154][1650]20
[1655][154]40
[1655][154]20
[1656][154]40
[1656][154]20
SLAD1[1656]6
SLAD1[1656]40
XZ161[1656]19
XZ161[1656]40
XZ320[1658]40
XZ320[1658]65
XZ160_N[1658]40
XZ160_N[1658]64
XZ161[1658]60
XZ161[1658]40
[99][1658]118
[99][1658]40
[108][1658]70
[108][1658]40
SLAD0[99]74
SLAD0[99]124
SLAD1[99]95
SLAD1[99]124
SLAD1[1655]40
SLAD1[1655]19
XZ161[1655]40
XZ161[1655]6
SLAD0[1657]38
SLAD0[1657]40
SLAD1[1657]40
SLAD1[1657]61
XZ320[1657]40
XZ320[1657]60
XZ160_N[1657]40
XZ160_N[1657]96
XZ161[1657]40
XZ161[1657]109
[108][1657]70
[108][1657]40
[1605][1604]117
[1605][1604]811
[1606][1604]174
[1606][1604]811
SLAD2[1605]117
SLAD2[1605]392
QPR0[1605]117
QPR0[1605]363
QPR1[1605]117
QPR1[1605]312
QPR2[1605]587
QPR2[1605]117
SLAD0[1606]117
SLAD0[1606]392
MIS8768[1606]638
MIS8768[1606]117
[1607][1606]112
[1607][1606]811
SLAD3[1607]112
SLAD3[1607]363
QPR0[1607]392
QPR0[1607]112
QPR1[1607]112
QPR1[1607]312
QPR2[1607]587
QPR2[1607]112
TXMESS_N[112]5
TXMESS_N[112]22
MIS8768[112]4
MIS8768[112]22
[1694]{{AXZ0_P}}27
[1694]{{AXZ0_P}}27
[1695]{{AXZ0_P}}26
[1695]{{AXZ0_P}}27
RYZ[1694]27
RYZ[1694]27
AXZ0[1694]27
AXZ0[1694]24
MIS9061[1694]27
MIS9061[1694]32
[1696]{{AXZ1_P}}30
[1696]{{AXZ1_P}}30
[1697]{{AXZ1_P}}29
[1697]{{AXZ1_P}}30
AXZ0[1696]29
AXZ0[1696]29
MIS9061[1696]26
MIS9061[1696]29
RYZ[1696]3
RYZ[1696]30
AXZ1[1696]30
AXZ1[1696]30
RYZ{{A_P}}22
RYZ{{A_P}}19
MIS9061{{A_P}}24
MIS9061{{A_P}}19
[111]{{A_P}}3
[111]{{A_P}}21
RYZ[1695]26
RYZ[1695]26
AXZ0[1695]23
AXZ0[1695]26
MIS9061[1695]33
MIS9061[1695]26
RYZ[1697]29
RYZ[1697]29
AXZ0[1697]29
AXZ0[1697]26
AXZ1[1697]38
AXZ1[1697]29
MIS9061[1697]31
MIS9061[1697]29
[1675]MIS906112
[1675]MIS906119
[1676]MIS906114
[1676]MIS906119
CBT2[1676]9
CBT2[1676]9
QPR3[1676]9
QPR3[1676]9
QPR4[1676]8
QPR4[1676]9
MIS8768[1676]7
MIS8768[1676]17
A[1676]3
A[1676]14
TXMESS_N[1676]2
TXMESS_N[1676]19
QPR0MIS8768552
QPR0MIS87684
[131]MIS87683
[131]MIS8768552
QPR1[131]3
QPR1[131]722
QPR2[131]722
QPR2[131]2
[1661]{{XZFR1_P}}17
[1661]{{XZFR1_P}}25
[1662]{{XZFR1_P}}14
[1662]{{XZFR1_P}}25
XZFR0[1662]14
XZFR0[1662]18
XZFR1[1662]14
XZFR1[1662]14
{{XZFR0_P}}[1662]25
{{XZFR0_P}}[1662]14
MIS11560[1662]14
MIS11560[1662]3
XZFR0[1661]14
XZFR0[1661]18
MIS11560[1661]18
MIS11560[1661]5
{{XZFR0_P}}[1661]25
{{XZFR0_P}}[1661]18
XZFR1[1661]17
XZFR1[1661]15
[1659]{{XZFR0_P}}16
[1659]{{XZFR0_P}}26
[1660]{{XZFR0_P}}13
[1660]{{XZFR0_P}}26
XZFR0[1660]13
XZFR0[1660]13
XZ160_N[1660]13
XZ160_N[1660]1
XZ161[1660]1
XZ161[1660]13
XZ162[1660]1
XZ162[1660]13
XZ163[1660]1
XZ163[1660]13
MIS7564[1660]1
MIS7564[1660]13
[123][1660]13
[123][1660]5
[1854]{{XZ163_P}}15
[1854]{{XZ163_P}}21
[1855]{{XZ163_P}}12
[1855]{{XZ163_P}}21
XZ162[1854]12
XZ162[1854]16
MIS11560[1854]16
MIS11560[1854]5
{{XZ162_P}}[1854]20
{{XZ162_P}}[1854]16
XZ163[1854]15
XZ163[1854]13
XZ162[1855]12
XZ162[1855]23
XZ163[1855]12
XZ163[1855]12
{{XZ160_F}}[1855]12
{{XZ160_F}}[1855]15
{{XZ162_P}}[1855]20
{{XZ162_P}}[1855]12
[1852]{{XZ162_P}}14
[1852]{{XZ162_P}}22
[1853]{{XZ162_P}}11
[1853]{{XZ162_P}}22
XZ161[1852]11
XZ161[1852]13
MIS11560[1852]13
MIS11560[1852]7
{{XZ161_P}}[1852]20
{{XZ161_P}}[1852]24
XZ162[1852]14
XZ162[1852]7
XZ161[1853]11
XZ161[1853]1
XZ162[1853]11
XZ162[1853]11
{{XZ160_F}}[1853]11
{{XZ160_F}}[1853]5
{{XZ161_P}}[1853]1
{{XZ161_P}}[1853]11
[1850]{{XZ161_P}}13
[1850]{{XZ161_P}}23
[1851]{{XZ161_P}}11
[1851]{{XZ161_P}}23
XZ160_N[1850]14
XZ160_N[1850]10
{{XZ160_F}}[1850]10
{{XZ160_F}}[1850]15
XZ161[1850]13
XZ161[1850]1
MIS11560[1850]13
MIS11560[1850]7
XZ320[1659]13
XZ320[1659]13
XZ160_N[1659]13
XZ160_N[1659]12
XZ161[1659]11
XZ161[1659]13
XZ162[1659]10
XZ162[1659]13
XZ163[1659]9
XZ163[1659]13
MIS7564[1659]9
MIS7564[1659]13
XZFR0[1659]16
XZFR0[1659]1
MIS11560[1659]16
MIS11560[1659]5
XZ160_N[1851]1
XZ160_N[1851]11
XZ161[1851]10
XZ161[1851]11
{{XZ160_F}}[1851]11
{{XZ160_F}}[1851]7
ESRSUM[1586]7
ESRSUM[1586]7
RPTEN[1586]7
RPTEN[1586]6
RYZ[1586]5
RYZ[1586]7
RPTWIN[1586]7
RPTWIN[1586]316
RXZ0[1586]316
RXZ0[1586]7
RXZ1[1586]7
RXZ1[1586]584
ESRSUM[1587]7
ESRSUM[1587]7
RPTEN[1587]7
RPTEN[1587]6
RYZ[1587]5
RYZ[1587]7
RPTWIN[1587]7
RPTWIN[1587]316
RXZ0[1587]7
RXZ0[1587]316
RXZ1[1587]584
RXZ1[1587]7
V2ZZZ5[1710]5
V2ZZZ5[1710]5
MIS11592[1710]5
MIS11592[1710]6
V2ZZZ5{{V2ZZZ5_P}}5
V2ZZZ5{{V2ZZZ5_P}}5
MIS11591{{V2ZZZ5_P}}5
MIS11591{{V2ZZZ5_P}}5
[1711]{{V2ZZZ5_P}}5
[1711]{{V2ZZZ5_P}}9
I1ZZZ3[1742]4
I1ZZZ3[1742]4
MIS11594[1742]4
MIS11594[1742]26
P2ZZZ4{{P2ZZZ4_P}}5
P2ZZZ4{{P2ZZZ4_P}}5
MIS11585{{P2ZZZ4_P}}5
MIS11585{{P2ZZZ4_P}}6
[1626]{{P2ZZZ4_P}}5
[1626]{{P2ZZZ4_P}}9
PYBB5[1626]5
PYBB5[1626]5
MIS11586[1626]5
MIS11586[1626]5
P1ZZZ4{{P1ZZZ4_P}}5
P1ZZZ4{{P1ZZZ4_P}}5
MIS11587{{P1ZZZ4_P}}5
MIS11587{{P1ZZZ4_P}}6
[1618]{{P1ZZZ4_P}}5
[1618]{{P1ZZZ4_P}}9
PYBB5[1618]5
PYBB5[1618]5
MIS11588[1618]5
MIS11588[1618]5
B[1675]9
B[1675]9
QPR4[1675]8
QPR4[1675]9
A[1675]4
A[1675]12
QPR3[1675]12
QPR3[1675]15
P2ZZZ2{{P2ZZZ2_P}}5
P2ZZZ2{{P2ZZZ2_P}}5
MIS11585{{P2ZZZ2_P}}5
MIS11585{{P2ZZZ2_P}}6
[1624]{{P2ZZZ2_P}}5
[1624]{{P2ZZZ2_P}}8
PYBB3[1624]5
PYBB3[1624]5
MIS11586[1624]5
MIS11586[1624]5
P1ZZZ2{{P1ZZZ2_P}}5
P1ZZZ2{{P1ZZZ2_P}}5
MIS11587{{P1ZZZ2_P}}5
MIS11587{{P1ZZZ2_P}}6
[1616]{{P1ZZZ2_P}}5
[1616]{{P1ZZZ2_P}}9
PYBB3[1616]5
PYBB3[1616]5
MIS11588[1616]5
MIS11588[1616]5
COMPPAR[1601]40
COMPPAR[1601]28
TXWRD0[1601]195
TXWRD0[1601]40
[110][1601]40
[110][1601]261
TXMESS_N[1600]6
TXMESS_N[1600]76
COMPPAR[1600]194
COMPPAR[1600]76
TXWRD0[1600]76
TXWRD0[1600]28
[110][1600]76
[110][1600]261
V2ZZZ0{{V2ZZZ0_P}}5
V2ZZZ0{{V2ZZZ0_P}}5
MIS11591{{V2ZZZ0_P}}5
MIS11591{{V2ZZZ0_P}}5
[1706]{{V2ZZZ0_P}}5
[1706]{{V2ZZZ0_P}}8
P1ZZZ6{{P1ZZZ6_P}}5
P1ZZZ6{{P1ZZZ6_P}}5
MIS11587{{P1ZZZ6_P}}5
MIS11587{{P1ZZZ6_P}}6
[1620]{{P1ZZZ6_P}}5
[1620]{{P1ZZZ6_P}}9
PYBB7[1620]5
PYBB7[1620]5
MIS11588[1620]5
MIS11588[1620]5
P2ZZZ6{{P2ZZZ6_P}}5
P2ZZZ6{{P2ZZZ6_P}}5
MIS11585{{P2ZZZ6_P}}5
MIS11585{{P2ZZZ6_P}}6
[1628]{{P2ZZZ6_P}}5
[1628]{{P2ZZZ6_P}}9
PYBB7[1628]5
PYBB7[1628]5
MIS11586[1628]5
MIS11586[1628]5
P1ZZZ0{{P1ZZZ0_P}}5
P1ZZZ0{{P1ZZZ0_P}}5
MIS11587{{P1ZZZ0_P}}5
MIS11587{{P1ZZZ0_P}}5
[1614]{{P1ZZZ0_P}}5
[1614]{{P1ZZZ0_P}}9
SLAD0[1666]1
SLAD0[1666]1
ICLR[1666]18
ICLR[1666]1
XZ160_N[1666]1
XZ160_N[1666]1
SLAD2[1668]1
SLAD2[1668]1
SLAD3[1668]1
SLAD3[1668]1
ICLR[1668]1
ICLR[1668]1
XZ162[1668]1
XZ162[1668]18
ICLR{{OFS2_P}}3
ICLR{{OFS2_P}}3
OFS1{{OFS2_P}}3
OFS1{{OFS2_P}}2
PSYNC{{OFS1_P}}9
PSYNC{{OFS1_P}}4
ICLR{{OFS1_P}}2
ICLR{{OFS1_P}}9
[1848]{{XZ160_F}}1
[1848]{{XZ160_F}}22
[1849]{{XZ160_F}}13
[1849]{{XZ160_F}}22
MIS11560[1848]1
MIS11560[1848]15
MIS7564[1848]1
MIS7564[1848]27
{{XZ320_P}}[1848]1
{{XZ320_P}}[1848]20
XZ160_N[1848]1
XZ160_N[1848]22
[1846]{{XZ324_P}}10
[1846]{{XZ324_P}}10
[1847]{{XZ324_P}}8
[1847]{{XZ324_P}}10
XZ323[1846]8
XZ323[1846]10
{{XZ323_P}}[1846]14
{{XZ323_P}}[1846]8
XZ324[1846]7
XZ324[1846]10
MIS11560[1846]10
MIS11560[1846]11
MIS7564[1846]10
MIS7564[1846]12
{{XZ323_P}}[1847]8
{{XZ323_P}}[1847]12
MIS7564[1847]13
MIS7564[1847]8
[1844]{{XZ323_P}}9
[1844]{{XZ323_P}}11
[1845]{{XZ323_P}}8
[1845]{{XZ323_P}}11
XZ322[1844]7
XZ322[1844]11
MIS11560[1844]11
MIS11560[1844]10
{{XZ322_P}}[1844]12
{{XZ322_P}}[1844]11
XZ323[1844]9
XZ323[1844]1
XZ322[1845]8
XZ322[1845]1
XZ323[1845]7
XZ323[1845]8
{{XZ322_P}}[1845]1
{{XZ322_P}}[1845]8
MIS11560[1845]8
MIS11560[1845]10
[1842]{{XZ322_P}}10
[1842]{{XZ322_P}}15
[1843]{{XZ322_P}}8
[1843]{{XZ322_P}}15
XZ321[1842]11
XZ321[1842]8
MIS11560[1842]8
MIS11560[1842]10
{{XZ320_P}}[1842]10
{{XZ320_P}}[1842]15
XZ322[1842]10
XZ322[1842]1
XZ160_N[1849]17
XZ160_N[1849]13
MIS7564[1849]21
MIS7564[1849]13
[123][1849]13
[123][1849]12
XZ321[1843]8
XZ321[1843]1
XZ322[1843]11
XZ322[1843]8
[123][1843]8
[123][1843]10
[1840]{{XZ321_P}}5
[1840]{{XZ321_P}}6
[1841]{{XZ321_P}}5
[1841]{{XZ321_P}}6
XZ321[1841]5
XZ321[1841]5
[123][1841]5
[123][1841]6
XZ320[123]26
XZ320[123]13
MIS11560[123]26
MIS11560[123]3
XZ321[1840]5
XZ321[1840]5
{{XZ320_P}}[1840]5
{{XZ320_P}}[1840]6
XZ320{{XZ320_P}}5
XZ320{{XZ320_P}}10
MIS11560{{XZ320_P}}10
MIS11560{{XZ320_P}}3
PSYNCMIS115603
PSYNCMIS1156034
ICLRMIS115602
ICLRMIS1156034
OFS2{{FSESR_P}}5
OFS2{{FSESR_P}}5
OFS1{{FSESR_P}}5
OFS1{{FSESR_P}}4
XZFR1{{FSESR_P}}3
XZFR1{{FSESR_P}}5
ICLR{{FSESR_P}}2
ICLR{{FSESR_P}}5
TXMESS_N{{RYZ_P}}6
TXMESS_N{{RYZ_P}}6
[156]{{RYZ_P}}6
[156]{{RYZ_P}}5
ICLR{{RYZ_P}}2
ICLR{{RYZ_P}}6
OFS2[124]4
OFS2[124]11
OFS1[124]4
OFS1[124]9
PSRW[124]15
PSRW[124]2
I2ZZZ3[1806]4
I2ZZZ3[1806]4
MIS11594[1806]4
MIS11594[1806]26
TXMESS_N[145]326
TXMESS_N[145]205
RYZ[145]2
RYZ[145]326
[1592][145]173
[1592][145]205
[111][1592]173
[111][1592]225
[1593][1592]173
[1593][1592]260
MMERR[1593]103
MMERR[1593]140
AXZ0[1593]103
AXZ0[1593]137
[1594][1593]87
[1594][1593]260
AXZ0[140]12
AXZ0[140]373
AXZ1[140]12
AXZ1[140]510
[1596][140]14
[1596][140]625
COMPPAR[1596]542
COMPPAR[1596]14
[1597][1596]14
[1597][1596]775
MMERR[1597]393
MMERR[1597]9
AXZ0[1597]9
AXZ0[1597]393
[1598][1597]7
[1598][1597]775
V1ZZZ4{{V1ZZZ4_P}}5
V1ZZZ4{{V1ZZZ4_P}}5
MIS11589{{V1ZZZ4_P}}5
MIS11589{{V1ZZZ4_P}}6
[1702]{{V1ZZZ4_P}}5
[1702]{{V1ZZZ4_P}}8
V1ZZZ5[1702]5
V1ZZZ5[1702]5
MIS11590[1702]5
MIS11590[1702]5
V1ZZZ5{{V1ZZZ5_P}}5
V1ZZZ5{{V1ZZZ5_P}}5
MIS11589{{V1ZZZ5_P}}5
MIS11589{{V1ZZZ5_P}}5
[1703]{{V1ZZZ5_P}}5
[1703]{{V1ZZZ5_P}}9
I1ZZZ2[1734]4
I1ZZZ2[1734]4
MIS11594[1734]4
MIS11594[1734]24
I1ZZZ7[1774]4
I1ZZZ7[1774]4
MIS11594[1774]4
MIS11594[1774]23
I2ZZZ0[1782]4
I2ZZZ0[1782]4
MIS11594[1782]4
MIS11594[1782]30
I2ZZZ7[1837]4
I2ZZZ7[1837]4
MIS11594[1837]4
MIS11594[1837]18
I2ZZZ4[1814]4
I2ZZZ4[1814]4
MIS11594[1814]4
MIS11594[1814]24
I1ZZZ0[1718]4
I1ZZZ0[1718]4
MIS11594[1718]4
MIS11594[1718]25
I1ZZZ5[1758]4
I1ZZZ5[1758]4
MIS11594[1758]4
MIS11594[1758]24
I2ZZZ2[1798]4
I2ZZZ2[1798]4
MIS11594[1798]4
MIS11594[1798]25
I1ZZZ4[1750]4
I1ZZZ4[1750]4
MIS11594[1750]4
MIS11594[1750]24
I1ZZZ1[1726]4
I1ZZZ1[1726]4
MIS11594[1726]4
MIS11594[1726]20
I1ZZZ6[1766]4
I1ZZZ6[1766]4
MIS11594[1766]4
MIS11594[1766]22
INFINMIS1159421
INFINMIS1159485
RYZMIS115942
RYZMIS1159421
V2ZZZ7{{V2ZZZ7_P}}5
V2ZZZ7{{V2ZZZ7_P}}5
MIS11591{{V2ZZZ7_P}}5
MIS11591{{V2ZZZ7_P}}5
[1713]{{V2ZZZ7_P}}5
[1713]{{V2ZZZ7_P}}7
VYBB1[1713]5
VYBB1[1713]5
MIS11592[1713]5
MIS11592[1713]5
V2ZZZ6[1711]5
V2ZZZ6[1711]5
MIS11592[1711]5
MIS11592[1711]6
V2ZZZ2{{V2ZZZ2_P}}5
V2ZZZ2{{V2ZZZ2_P}}5
MIS11591{{V2ZZZ2_P}}5
MIS11591{{V2ZZZ2_P}}5
[1708]{{V2ZZZ2_P}}5
[1708]{{V2ZZZ2_P}}7
V2ZZZ3[1708]5
V2ZZZ3[1708]5
MIS11592[1708]5
MIS11592[1708]5
V2ZZZ1[1706]5
V2ZZZ1[1706]5
MIS11592[1706]5
MIS11592[1706]6
V2ZZZ1{{V2ZZZ1_P}}5
V2ZZZ1{{V2ZZZ1_P}}5
MIS11591{{V2ZZZ1_P}}5
MIS11591{{V2ZZZ1_P}}5
[1707]{{V2ZZZ1_P}}5
[1707]{{V2ZZZ1_P}}7
V1ZZZ6{{V1ZZZ6_P}}6
V1ZZZ6{{V1ZZZ6_P}}6
MIS11589{{V1ZZZ6_P}}6
MIS11589{{V1ZZZ6_P}}5
[1704]{{V1ZZZ6_P}}5
[1704]{{V1ZZZ6_P}}9
V1ZZZ7[1704]5
V1ZZZ7[1704]5
MIS11590[1704]5
MIS11590[1704]6
V1ZZZ2{{V1ZZZ2_P}}5
V1ZZZ2{{V1ZZZ2_P}}5
MIS11589{{V1ZZZ2_P}}5
MIS11589{{V1ZZZ2_P}}5
[1700]{{V1ZZZ2_P}}5
[1700]{{V1ZZZ2_P}}8
V1ZZZ3[1700]5
V1ZZZ3[1700]5
MIS11590[1700]5
MIS11590[1700]5
V1ZZZ0{{V1ZZZ0_P}}5
V1ZZZ0{{V1ZZZ0_P}}5
MIS11589{{V1ZZZ0_P}}5
MIS11589{{V1ZZZ0_P}}5
[1698]{{V1ZZZ0_P}}5
[1698]{{V1ZZZ0_P}}7
V1ZZZ1[1698]5
V1ZZZ1[1698]5
MIS11590[1698]5
MIS11590[1698]5
V1ZZZ7{{V1ZZZ7_P}}5
V1ZZZ7{{V1ZZZ7_P}}5
MIS11589{{V1ZZZ7_P}}5
MIS11589{{V1ZZZ7_P}}5
[1705]{{V1ZZZ7_P}}5
[1705]{{V1ZZZ7_P}}7
V1ZZZ3{{V1ZZZ3_P}}6
V1ZZZ3{{V1ZZZ3_P}}6
MIS11589{{V1ZZZ3_P}}6
MIS11589{{V1ZZZ3_P}}5
[1701]{{V1ZZZ3_P}}5
[1701]{{V1ZZZ3_P}}9
V1ZZZ1{{V1ZZZ1_P}}5
V1ZZZ1{{V1ZZZ1_P}}5
MIS11589{{V1ZZZ1_P}}5
MIS11589{{V1ZZZ1_P}}5
[1699]{{V1ZZZ1_P}}5
[1699]{{V1ZZZ1_P}}7
RYZMIS115892
RYZMIS1158916
MIS11590MIS1158914
MIS11590MIS1158916
VYBB1[1705]5
VYBB1[1705]5
MIS11590[1705]5
MIS11590[1705]5
V1ZZZ6[1703]5
V1ZZZ6[1703]5
MIS11590[1703]5
MIS11590[1703]6
V1ZZZ4[1701]5
V1ZZZ4[1701]5
MIS11590[1701]5
MIS11590[1701]6
V1ZZZ2[1699]5
V1ZZZ2[1699]5
MIS11590[1699]5
MIS11590[1699]5
VYBB0MIS115904
VYBB0MIS115903
MIS11591MIS115904
MIS11591MIS115904
V2ZZZ6{{V2ZZZ6_P}}6
V2ZZZ6{{V2ZZZ6_P}}6
MIS11591{{V2ZZZ6_P}}6
MIS11591{{V2ZZZ6_P}}5
[1712]{{V2ZZZ6_P}}5
[1712]{{V2ZZZ6_P}}9
RYZMIS115912
RYZMIS1159114
MIS11592MIS115914
MIS11592MIS1159114
V2ZZZ7[1712]5
V2ZZZ7[1712]5
MIS11592[1712]5
MIS11592[1712]6
V2ZZZ2[1707]5
V2ZZZ2[1707]5
MIS11592[1707]5
MIS11592[1707]5
VYBB0MIS115924
VYBB0MIS115924
VZZZEMIS115924
VZZZEMIS115923
RYZMIS115922
RYZMIS115924
CBT2[1679]12
CBT2[1679]5
[125][1679]5
[125][1679]9
RYZ[125]3
RYZ[125]47
QPR3[125]263
QPR3[125]47
RYZMIS115872
RYZMIS1158716
MIS11588MIS1158714
MIS11588MIS1158716
P2ZZZ0{{P2ZZZ0_P}}5
P2ZZZ0{{P2ZZZ0_P}}5
MIS11585{{P2ZZZ0_P}}5
MIS11585{{P2ZZZ0_P}}5
[1622]{{P2ZZZ0_P}}5
[1622]{{P2ZZZ0_P}}7
PYBB1[1622]5
PYBB1[1622]5
MIS11586[1622]5
MIS11586[1622]5
PYBB1[1614]5
PYBB1[1614]5
MIS11588[1614]5
MIS11588[1614]6
PYBB0MIS115884
PYBB0MIS115883
MIS11585MIS115884
MIS11585MIS115884
RYZMIS115852
RYZMIS1158514
MIS11586MIS115854
MIS11586MIS1158514
PYBB0MIS115864
PYBB0MIS115864
PZZZEMIS115864
PZZZEMIS115863
RYZMIS115862
RYZMIS115864
RYZ[111]3
RYZ[111]3
A[111]3
A[111]112
TXMESS_N{{SBUFF}}26
TXMESS_N{{SBUFF}}351
RPTWIN{{SBUFF}}43
RPTWIN{{SBUFF}}26
VFINMIS11549128
VFINMIS115499
TXMESS_NMIS11549124
TXMESS_NMIS115499
[110]MIS115499
[110]MIS1154999
MIS16858[108]68
MIS16858[108]100
[105][108]86
[105][108]68
[1651]MIS1685839
[1651]MIS16858384
[1652]MIS1685839
[1652]MIS16858384
[1653]MIS1685839
[1653]MIS16858384
[1654]MIS1685854
[1654]MIS16858384
XZ162[1654]265
XZ162[1654]54
XZ163[1654]169
XZ163[1654]54
[109][1654]186
[109][1654]54
SLAD2[109]202
SLAD2[109]179
SLAD3[109]330
SLAD3[109]179
SLAD2[1652]61
SLAD2[1652]39
SLAD3[1652]39
SLAD3[1652]185
XZ162[1652]245
XZ162[1652]39
XZ163[1652]39
XZ163[1652]344
SLAD2[1651]39
SLAD2[1651]97
SLAD3[1651]39
SLAD3[1651]185
XZ162[1651]39
XZ162[1651]217
XZ163[1651]39
XZ163[1651]344
SLAD2[1653]39
SLAD2[1653]265
SLAD3[1653]124
SLAD3[1653]39
XZ162[1653]39
XZ162[1653]156
XZ163[1653]247
XZ163[1653]39
ENWIN[105]68
ENWIN[105]89
MIS7564[105]114
MIS7564[105]68
XZ321MIS75645
XZ321MIS75645
XZ322MIS75645
XZ322MIS75644
XZ323MIS75645
XZ323MIS75643
XZ324MIS75645
XZ324MIS75642
B[110]328
B[110]2607
C[110]323
C[110]2607
ESRSUM[1594]232
ESRSUM[1594]87
AXZ1[1594]87
AXZ1[1594]206
ESRSUM[1598]7
ESRSUM[1598]354
AXZ1[1598]7
AXZ1[1598]616
A[156]16
A[156]14
AXZ0[156]16
AXZ0[156]12
AXZ1[156]16
AXZ1[156]10
AXZ0[138]385
AXZ0[138]113
AXZ1[138]417
AXZ1[138]113
A[138]618
A[138]103
duration = 0.755134sec.

