
outfunc
duration = 0.489591sec.

cost:1671
CSPF
875(744){{75(866)}}1810
875(744){{75(866)}}842
879(746){{75(866)}}1810
879(746){{75(866)}}842
881(747){{75(866)}}1810
881(747){{75(866)}}842
883(748){{75(866)}}1810
883(748){{75(866)}}1896
[26]{{75(866)}}1127
[26]{{75(866)}}1810
[38]{{75(866)}}1810
[38]{{75(866)}}760
[82]{{75(866)}}1810
[82]{{75(866)}}556
[83]{{75(866)}}1810
[83]{{75(866)}}840
952(31){{75(866)}}1807
952(31){{75(866)}}863
[67]{{75(866)}}861
[67]{{75(866)}}1878
[1147]{{69(908)}}12
[1147]{{69(908)}}1053
[1148]{{69(908)}}12
[1148]{{69(908)}}1053
[1151]{{69(908)}}1658
[1151]{{69(908)}}1053
[1152]{{69(908)}}1650
[1152]{{69(908)}}1053
[1149][1148]12
[1149][1148]1053
[1150][1148]3
[1150][1148]1053
224(20)[1149]12
224(20)[1149]12
898(28)[1149]12
898(28)[1149]1
953(32)[1149]12
953(32)[1149]1650
282(608)[1149]1660
282(608)[1149]12
[1123]{{21(859)}}842
[1123]{{21(859)}}843
[1124]{{21(859)}}843
[1124]{{21(859)}}843
119(6)[1124]843
119(6)[1124]843
1557(764)[1124]842
1557(764)[1124]843
953(32)[1151]12
953(32)[1151]1658
282(608)[1151]1660
282(608)[1151]1658
863(783)[1151]1658
863(783)[1151]1650
[1137]{{51(899)}}202
[1137]{{51(899)}}131
[1138]{{51(899)}}204
[1138]{{51(899)}}131
210(16)[1138]188
210(16)[1138]93
1025(670)[1138]188
1025(670)[1138]188
[39][1138]249
[39][1138]188
433(687)[1138]131
433(687)[1138]18
[25][1138]204
[25][1138]3
[1164]{{57(912)}}174
[1164]{{57(912)}}98
[1165]{{57(912)}}174
[1165]{{57(912)}}98
[1166]{{57(912)}}151
[1166]{{57(912)}}98
[1167]{{57(912)}}151
[1167]{{57(912)}}98
374(364)[1164]174
374(364)[1164]174
[25][1164]174
[25][1164]121
[28][1164]174
[28][1164]233
[73][1164]174
[73][1164]172
374(364)[1166]151
374(364)[1166]151
[25][1166]151
[25][1166]111
[28][1166]151
[28][1166]207
[73][1166]185
[73][1166]151
374(364)[1165]174
374(364)[1165]174
[25][1165]174
[25][1165]121
[28][1165]233
[28][1165]174
[73][1165]174
[73][1165]172
374(364)[1167]151
374(364)[1167]151
[25][1167]151
[25][1167]111
[28][1167]207
[28][1167]151
[73][1167]185
[73][1167]151
472(25)[73]43
472(25)[73]38
[39][73]50
[39][73]43
[1141]{{60(901)}}107
[1141]{{60(901)}}80
[1142]{{60(901)}}122
[1142]{{60(901)}}80
475(26)[1141]107
475(26)[1141]84
[25][1141]107
[25][1141]128
[31][1141]107
[31][1141]147
[39][1141]189
[39][1141]107
[1143]{{63(902)}}113
[1143]{{63(902)}}86
[1144]{{63(902)}}99
[1144]{{63(902)}}86
478(27)[1143]99
478(27)[1143]106
[39][1143]169
[39][1143]99
393(548)[1143]113
393(548)[1143]113
[25][1143]113
[25][1143]3
[1145]{{66(903)}}108
[1145]{{66(903)}}84
[1146]{{66(903)}}122
[1146]{{66(903)}}84
217(18)[1145]108
217(18)[1145]100
[25][1145]108
[25][1145]140
[29][1145]108
[29][1145]168
[39][1145]201
[39][1145]108
[1139]{{54(900)}}197
[1139]{{54(900)}}137
[1140]{{54(900)}}199
[1140]{{54(900)}}137
469(24)[1140]182
469(24)[1140]151
1149(669)[1140]182
1149(669)[1140]182
[39][1140]296
[39][1140]182
437(688)[1140]137
437(688)[1140]20
[25][1140]199
[25][1140]3
475(26)[1142]107
475(26)[1142]84
[39][1142]144
[39][1142]107
[25][1142]122
[25][1142]11
[31][1142]121
[31][1142]122
478(27)[1144]99
478(27)[1144]106
393(548)[1144]99
393(548)[1144]99
[25][1144]99
[25][1144]50
[39][1144]210
[39][1144]99
217(18)[1146]108
217(18)[1146]100
[39][1146]155
[39][1146]108
[25][1146]122
[25][1146]10
[29][1146]121
[29][1146]122
902(30)[39]83
902(30)[39]1103
[26][39]83
[26][39]1151
210(16)[1137]188
210(16)[1137]93
[26][1137]188
[26][1137]247
1025(670)[1137]202
1025(670)[1137]204
[25][1137]202
[25][1137]3
469(24)[1139]182
469(24)[1139]151
[26][1139]182
[26][1139]294
1149(669)[1139]197
1149(669)[1139]199
[25][1139]197
[25][1139]3
863(783)[26]1151
863(783)[26]1038
865(793)[26]1151
865(793)[26]1068
953(32)[1152]1
953(32)[1152]1650
282(608)[1152]1650
282(608)[1152]1650
863(783)[1152]1660
863(783)[1152]1650
1509(758)863(783)841
1509(758)863(783)1127
1517(759)863(783)842
1517(759)863(783)1127
1525(760)863(783)842
1525(760)863(783)1127
1533(761)863(783)842
1533(761)863(783)1127
1541(762)863(783)841
1541(762)863(783)1127
1549(763)863(783)841
1549(763)863(783)1127
1557(764)863(783)841
1557(764)863(783)1127
1565(765)863(783)842
1565(765)863(783)1127
119(6)[1123]842
119(6)[1123]842
1557(764)[1123]842
1557(764)[1123]843
[32]1557(764)977
[32]1557(764)841
[43]1557(764)841
[43]1557(764)212
[66]1557(764)841
[66]1557(764)66
[1125]{{24(858)}}842
[1125]{{24(858)}}843
[1126]{{24(858)}}843
[1126]{{24(858)}}843
122(7)[1126]843
122(7)[1126]843
1565(765)[1126]842
1565(765)[1126]843
122(7)[1125]842
122(7)[1125]842
1565(765)[1125]842
1565(765)[1125]843
561(635)1565(765)841
561(635)1565(765)841
549(655)1565(765)841
549(655)1565(765)464
675(725)1565(765)841
675(725)1565(765)297
622(733)1565(765)841
622(733)1565(765)105
[43]1565(765)841
[43]1565(765)28
[1121]{{18(860)}}842
[1121]{{18(860)}}843
[1122]{{18(860)}}843
[1122]{{18(860)}}843
116(5)[1122]843
116(5)[1122]843
1549(763)[1122]842
1549(763)[1122]843
116(5)[1121]842
116(5)[1121]842
1549(763)[1121]842
1549(763)[1121]843
622(733)1549(763)841
622(733)1549(763)1226
[43]1549(763)841
[43]1549(763)615
[44]1549(763)272
[44]1549(763)841
[56]1549(763)56
[56]1549(763)841
[1119]{{15(861)}}834
[1119]{{15(861)}}843
[1120]{{15(861)}}835
[1120]{{15(861)}}843
113(4)[1119]834
113(4)[1119]834
1541(762)[1119]834
1541(762)[1119]835
113(4)[1120]835
113(4)[1120]835
1541(762)[1120]834
1541(762)[1120]835
[43]1541(762)841
[43]1541(762)1250
[44]1541(762)591
[44]1541(762)841
[76]1541(762)155
[76]1541(762)841
[1109]{{9(863)}}810
[1109]{{9(863)}}843
[1110]{{9(863)}}811
[1110]{{9(863)}}843
107(2)[1109]810
107(2)[1109]810
1525(760)[1109]810
1525(760)[1109]811
107(2)[1110]811
107(2)[1110]811
1525(760)[1110]810
1525(760)[1110]811
675(725)1525(760)841
675(725)1525(760)851
[56]1525(760)245
[56]1525(760)841
[64]1525(760)841
[64]1525(760)88
[1107]{{6(864)}}842
[1107]{{6(864)}}843
[1108]{{6(864)}}843
[1108]{{6(864)}}843
104(1)[1107]842
104(1)[1107]842
1517(759)[1107]842
1517(759)[1107]843
104(1)[1108]843
104(1)[1108]843
1517(759)[1108]842
1517(759)[1108]843
675(725)1517(759)841
675(725)1517(759)851
[45]1517(759)245
[45]1517(759)841
[64]1517(759)841
[64]1517(759)88
[1111]{{12(862)}}842
[1111]{{12(862)}}843
[1112]{{12(862)}}843
[1112]{{12(862)}}843
110(3)[1111]842
110(3)[1111]842
1533(761)[1111]842
1533(761)[1111]843
110(3)[1112]843
110(3)[1112]843
1533(761)[1112]842
1533(761)[1112]843
731(676)1533(761)841
731(676)1533(761)875
[60]1533(761)297
[60]1533(761)841
[64]1533(761)841
[64]1533(761)88
[1001]{{3(865)}}842
[1001]{{3(865)}}843
[1106]{{3(865)}}843
[1106]{{3(865)}}843
101(0)[1001]842
101(0)[1001]842
1509(758)[1001]842
1509(758)[1001]843
101(0)[1106]843
101(0)[1106]843
1509(758)[1106]842
1509(758)[1106]843
731(676)1509(758)841
731(676)1509(758)875
[44]1509(758)297
[44]1509(758)841
[64]1509(758)841
[64]1509(758)88
639(724)[64]974
639(724)[64]105
[43][64]974
[43][64]28
898(28)[43]8
898(28)[43]20
902(30)[43]20
902(30)[43]19
953(32)[43]20
953(32)[43]27
[40][43]20
[40][43]29
979(179)[43]1023
979(179)[43]33
588(729)[43]1024
588(729)[43]25
898(28)[1150]12
898(28)[1150]3
953(32)[1150]3
953(32)[1150]1051
[1113]{{30(856)}}842
[1113]{{30(856)}}843
[1114]{{30(856)}}843
[1114]{{30(856)}}843
128(9)[1113]842
128(9)[1113]842
1581(775)[1113]842
1581(775)[1113]843
[1153]{{72(909)}}1604
[1153]{{72(909)}}1092
[1156]{{72(909)}}20
[1156]{{72(909)}}1092
[1160]{{72(909)}}90
[1160]{{72(909)}}1092
[1161]{{72(909)}}1665
[1161]{{72(909)}}1092
227(21)[1153]1
227(21)[1153]16
900(29)[1153]1
900(29)[1153]1
953(32)[1153]16
953(32)[1153]1604
865(793)[1153]1604
865(793)[1153]1597
[30][1153]1604
[30][1153]1614
[57][1153]1604
[57][1153]1
[1157][1156]93
[1157][1156]1092
[1158][1156]16
[1158][1156]1092
[1159][1156]84
[1159][1156]1092
227(21)[1159]1
227(21)[1159]84
900(29)[1159]1
900(29)[1159]84
953(32)[1159]84
953(32)[1159]1597
865(793)[1159]16
865(793)[1159]84
[30][1159]84
[30][1159]1614
[1162][1161]85
[1162][1161]1092
[1163][1161]1597
[1163][1161]1092
865(793)[1162]85
865(793)[1162]1
[30][1162]1
[30][1162]85
[57][1162]1092
[57][1162]85
953(32)[1163]1
953(32)[1163]1597
865(793)[1163]1614
865(793)[1163]1597
[30][1163]1610
[30][1163]1597
1573(774)865(793)869
1573(774)865(793)1157
1581(775)865(793)841
1581(775)865(793)1157
1589(776)865(793)841
1589(776)865(793)1157
1597(777)865(793)841
1597(777)865(793)1157
1605(778)865(793)841
1605(778)865(793)1157
1613(779)865(793)869
1613(779)865(793)1157
1621(780)865(793)841
1621(780)865(793)1157
1629(781)865(793)841
1629(781)865(793)1157
128(9)[1114]843
128(9)[1114]843
1581(775)[1114]842
1581(775)[1114]843
[56]1581(775)875
[56]1581(775)841
[66]1581(775)841
[66]1581(775)297
[81]1581(775)841
[81]1581(775)88
[1131]{{36(854)}}818
[1131]{{36(854)}}843
[1132]{{36(854)}}819
[1132]{{36(854)}}843
134(11)[1132]819
134(11)[1132]819
1597(777)[1132]818
1597(777)[1132]819
134(11)[1131]818
134(11)[1131]818
1597(777)[1131]818
1597(777)[1131]819
[44]1597(777)851
[44]1597(777)841
[56]1597(777)245
[56]1597(777)841
[65]1597(777)841
[65]1597(777)88
622(733)879(746)842
622(733)879(746)1227
[56]879(746)1245
[56]879(746)842
[62]879(746)2024
[62]879(746)842
561(635)[56]1754
561(635)[56]56
549(655)[56]15
549(655)[56]1754
[1129]{{33(855)}}798
[1129]{{33(855)}}843
[1130]{{33(855)}}799
[1130]{{33(855)}}843
131(10)[1130]799
131(10)[1130]799
1589(776)[1130]798
1589(776)[1130]799
131(10)[1129]798
131(10)[1129]798
1589(776)[1129]798
1589(776)[1129]799
[44]1589(776)851
[44]1589(776)841
[45]1589(776)245
[45]1589(776)841
[65]1589(776)841
[65]1589(776)88
[1135]{{42(852)}}826
[1135]{{42(852)}}843
[1136]{{42(852)}}827
[1136]{{42(852)}}843
140(13)[1136]827
140(13)[1136]827
1613(779)[1136]826
1613(779)[1136]827
140(13)[1135]826
140(13)[1135]826
1613(779)[1135]826
1613(779)[1135]827
[45]1613(779)875
[45]1613(779)841
[60]1613(779)297
[60]1613(779)841
[65]1613(779)841
[65]1613(779)88
[1117]{{48(850)}}838
[1117]{{48(850)}}843
[1118]{{48(850)}}839
[1118]{{48(850)}}843
146(15)[1117]838
146(15)[1117]838
1629(781)[1117]838
1629(781)[1117]839
146(15)[1118]839
146(15)[1118]839
1629(781)[1118]838
1629(781)[1118]839
[45]1629(781)875
[45]1629(781)841
[66]1629(781)841
[66]1629(781)297
[81]1629(781)841
[81]1629(781)88
731(676)[82]840
731(676)[82]876
639(724)[82]840
639(724)[82]978
[76][82]1077
[76][82]840
[62][82]2024
[62][82]556
[1127]{{27(857)}}842
[1127]{{27(857)}}843
[1128]{{27(857)}}843
[1128]{{27(857)}}843
125(8)[1128]843
125(8)[1128]843
1573(774)[1128]842
1573(774)[1128]843
125(8)[1127]842
125(8)[1127]842
1573(774)[1127]842
1573(774)[1127]843
969(266)1573(774)841
969(266)1573(774)1007
588(729)1573(774)841
588(729)1573(774)1337
[60]1573(774)591
[60]1573(774)841
[76]1573(774)155
[76]1573(774)841
622(733)[76]947
622(733)[76]196
[45][76]56
[45][76]947
561(635)[45]56
561(635)[45]915
549(655)[45]915
549(655)[45]15
731(676)883(7)797
731(676)883(7)831
525(718)883(7)284
525(718)883(7)797
622(733)883(7)287
622(733)883(7)797
[62]883(7)151
[62]883(7)797
[1133]{{39(853)}}834
[1133]{{39(853)}}841
[1134]{{39(853)}}834
[1134]{{39(853)}}841
137(12)[1134]834
137(12)[1134]834
1605(778)[1134]834
1605(778)[1134]834
137(12)[1133]834
137(12)[1133]834
1605(778)[1133]834
1605(778)[1133]834
731(676)1605(778)841
731(676)1605(778)875
[65]1605(778)841
[65]1605(778)350
[66]1605(778)841
[66]1605(778)66
588(729)[83]840
588(729)[83]762
[36][83]2059
[36][83]840
500(720)[38]762
500(720)[38]760
573(738)[38]1
573(738)[38]760
[36][38]2059
[36][38]760
[32][36]1448
[32][36]845
[33][36]1838
[33][36]845
675(725)[67]861
675(725)[67]1685
[72][67]2020
[72][67]861
953(32)[67]2
953(32)[67]1878
979(179)881(747)842
979(179)881(747)794
[60]881(747)1222
[60]881(747)842
[72]881(747)2005
[72]881(747)842
979(179)875(744)842
979(179)875(744)794
[44]875(744)1265
[44]875(744)842
[72]875(744)2005
[72]875(744)842
573(738)[72]1685
573(738)[72]1504
[32][72]1185
[32][72]1685
731(676)[32]2433
731(676)[32]2038
622(733)[32]2433
622(733)[32]1464
561(635)731(676)2291
561(635)731(676)2578
549(655)731(676)1979
549(655)731(676)2578
[1115]{{45(851)}}826
[1115]{{45(851)}}843
[1116]{{45(851)}}827
[1116]{{45(851)}}843
143(14)[1115]826
143(14)[1115]826
1621(780)[1115]826
1621(780)[1115]827
143(14)[1116]827
143(14)[1116]827
1621(780)[1116]826
1621(780)[1116]827
561(635)1621(780)841
561(635)1621(780)841
549(655)1621(780)841
549(655)1621(780)464
[44]1621(780)297
[44]1621(780)841
[81]1621(780)841
[81]1621(780)88
[1016]549(655)16
[1016]549(655)15
[1035]549(655)15
[1035]549(655)15
902(30)[1016]15
902(30)[1016]15
[31][1016]14
[31][1016]15
475(26)[1016]16
475(26)[1016]16
475(26)[1035]15
475(26)[1035]15
902(30)[1035]15
902(30)[1035]15
[31][1035]14
[31][1035]15
[1017][31]27
[1017][31]139
[1028][31]27
[1028][31]139
[1029][31]27
[1029][31]139
[1030][31]27
[1030][31]139
[1031][31]27
[1031][31]139
[1032][31]27
[1032][31]139
[1033][31]27
[1033][31]139
[1034][31]27
[1034][31]139
122(7)[1017]27
122(7)[1017]158
1249(338)[1017]27
1249(338)[1017]158
[52][1017]27
[52][1017]168
[54][1017]27
[54][1017]190
122(7)[1034]158
122(7)[1034]27
1249(338)[1034]158
1249(338)[1034]27
[52][1034]168
[52][1034]27
[54][1034]190
[54][1034]27
122(7)[1032]27
122(7)[1032]158
1249(338)[1032]158
1249(338)[1032]27
[52][1032]27
[52][1032]168
[54][1032]190
[54][1032]27
122(7)[1030]27
122(7)[1030]158
1249(338)[1030]158
1249(338)[1030]27
[52][1030]168
[52][1030]27
[54][1030]27
[54][1030]190
122(7)[1029]158
122(7)[1029]27
1249(338)[1029]27
1249(338)[1029]158
[52][1029]168
[52][1029]27
[54][1029]27
[54][1029]190
122(7)[1033]27
122(7)[1033]158
1249(338)[1033]27
1249(338)[1033]158
[52][1033]168
[52][1033]27
[54][1033]190
[54][1033]27
122(7)[1031]158
122(7)[1031]27
1249(338)[1031]27
1249(338)[1031]158
[52][1031]27
[52][1031]168
[54][1031]190
[54][1031]27
122(7)[1028]158
122(7)[1028]27
1249(338)[1028]158
1249(338)[1028]27
[52][1028]27
[52][1028]168
[54][1028]27
[54][1028]190
[1018]1249(338)5
[1018]1249(338)143
[1019]1249(338)143
[1019]1249(338)143
143(14)[1018]5
143(14)[1018]5
214(17)[1018]5
214(17)[1018]5
[48][1018]142
[48][1018]5
573(738)[65]879
573(738)[65]99
[46][65]879
[46][65]28
573(738)[62]1886
573(738)[62]199
[33][62]69
[33][62]1886
500(720)573(738)1482
500(720)573(738)2700
[59]573(738)2700
[59]573(738)739
588(729)[81]892
588(729)[81]99
[46][81]892
[46][81]28
500(720)588(729)971
500(720)588(729)25
[59]588(729)971
[59]588(729)4
214(17)[59]4
214(17)[59]2549
[53][59]4
[53][59]2470
214(17)[1019]5
214(17)[1019]5
[48][1019]142
[48][1019]5
143(14)[1019]143
143(14)[1019]143
513(672)[44]2801
513(672)[44]1286
537(709)[44]1286
537(709)[44]1480
513(672)[66]895
513(672)[66]66
537(709)[66]895
537(709)[66]17
513(672)[60]1158
513(672)[60]1142
537(709)[60]1757
537(709)[60]1158
979(179)[33]2254
979(179)[33]73
675(725)[33]2254
675(725)[33]66
513(672)675(725)66
513(672)675(725)2600
537(709)675(725)17
537(709)675(725)2600
[1036]513(672)2044
[1036]513(672)3233
[1049]513(672)3053
[1049]513(672)3233
217(18)[1036]2044
217(18)[1036]2829
234(22)[1036]2482
234(22)[1036]2044
[29][1036]2044
[29][1036]2845
[1050][1049]57
[1050][1049]3233
[1051][1049]2998
[1051][1049]3233
217(18)[1051]2736
217(18)[1051]2044
234(22)[1051]2705
234(22)[1051]2736
902(30)[1051]122
902(30)[1051]2998
[29][1051]3162
[29][1051]2998
[1037][29]20
[1037][29]1039
[1042][29]20
[1042][29]1039
[1043][29]20
[1043][29]1039
[1044][29]20
[1044][29]1039
[1045][29]20
[1045][29]1039
[1046][29]20
[1046][29]1039
[1047][29]20
[1047][29]1039
[1048][29]20
[1048][29]1039
137(12)[1048]20
137(12)[1048]20
398(438)[1048]20
398(438)[1048]20
[27][1048]24
[27][1048]20
[77][1048]1039
[77][1048]20
137(12)[1046]20
137(12)[1046]20
398(438)[1046]20
398(438)[1046]20
[27][1046]20
[27][1046]24
[77][1046]1039
[77][1046]20
137(12)[1044]1262
137(12)[1044]20
398(438)[1044]1262
398(438)[1044]20
[27][1044]1810
[27][1044]20
[77][1044]20
[77][1044]11
137(12)[1042]20
137(12)[1042]1262
398(438)[1042]1262
398(438)[1042]20
[27][1042]20
[27][1042]1810
[77][1042]20
[77][1042]11
137(12)[1037]1262
137(12)[1037]20
398(438)[1037]20
398(438)[1037]1262
[27][1037]20
[27][1037]1810
[77][1037]20
[77][1037]11
137(12)[1047]20
137(12)[1047]20
398(438)[1047]20
398(438)[1047]20
[27][1047]24
[27][1047]20
[77][1047]1039
[77][1047]20
137(12)[1045]20
137(12)[1045]20
398(438)[1045]20
398(438)[1045]20
[27][1045]20
[27][1045]24
[77][1045]1039
[77][1045]20
137(12)[1043]20
137(12)[1043]1262
398(438)[1043]20
398(438)[1043]1262
[27][1043]1810
[27][1043]20
[77][1043]20
[77][1043]11
221(19)[77]4
221(19)[77]4
[47][77]1038
[47][77]4
525(718)622(733)1242
525(718)622(733)2738
[55]622(733)2738
[55]622(733)851
969(266)[46]936
969(266)[46]34
639(724)[46]936
639(724)[46]26
525(718)639(724)890
525(718)639(724)26
[55]639(724)890
[55]639(724)4
234(22)[55]2305
234(22)[55]4
902(30)[55]3
902(30)[55]2305
221(19)[55]4
221(19)[55]2667
[1052]537(709)30
[1052]537(709)17
[1071]537(709)31
[1071]537(709)17
[1072]537(709)30
[1072]537(709)17
[1073]537(709)30
[1073]537(709)17
472(25)[1072]30
472(25)[1072]30
902(30)[1072]30
902(30)[1072]30
374(364)[1072]29
374(364)[1072]30
[28][1072]30
[28][1072]43
472(25)[1052]30
472(25)[1052]29
374(364)[1052]30
374(364)[1052]55
[28][1052]30
[28][1052]43
472(25)[1073]30
472(25)[1073]30
902(30)[1073]30
902(30)[1073]30
374(364)[1073]30
374(364)[1073]29
[28][1073]43
[28][1073]30
374(364)[1071]30
374(364)[1071]30
[28][1071]30
[28][1071]30
902(30)[1071]3
902(30)[1071]24
472(25)[1071]31
472(25)[1071]25
[1053]374(364)5
[1053]374(364)10
[1054]374(364)26
[1054]374(364)10
101(0)[1053]5
101(0)[1053]5
210(16)[1053]5
210(16)[1053]5
[48][1053]9
[48][1053]5
[1090]500(720)2496
[1090]500(720)782
[1105]500(720)2592
[1105]500(720)782
210(16)[1105]706
210(16)[1105]2420
[53][1105]706
[53][1105]1895
433(687)[1105]720
433(687)[1105]2592
210(16)[1054]5
210(16)[1054]5
[48][1054]25
[48][1054]5
101(0)[1054]10
101(0)[1054]26
210(16)[1090]2496
210(16)[1090]720
433(687)[1090]2496
433(687)[1090]706
[53][1090]2496
[53][1090]19
902(30)433(687)336
902(30)433(687)21
1025(670)433(687)21
1025(670)433(687)205
[1091]1025(670)44
[1091]1025(670)205
[1102]1025(670)52
[1102]1025(670)205
[1103]1025(670)52
[1103]1025(670)205
[1104]1025(670)44
[1104]1025(670)205
224(20)[1091]44
224(20)[1091]44
953(32)[1091]355
953(32)[1091]44
1095(539)[1091]44
1095(539)[1091]44
282(608)[1091]44
282(608)[1091]358
224(20)[1103]44
224(20)[1103]44
953(32)[1103]49
953(32)[1103]44
1095(539)[1103]52
1095(539)[1103]358
282(608)[1103]358
282(608)[1103]52
224(20)[1102]44
224(20)[1102]44
953(32)[1102]49
953(32)[1102]44
1095(539)[1102]358
1095(539)[1102]52
282(608)[1102]52
282(608)[1102]358
224(20)[1104]44
224(20)[1104]44
953(32)[1104]355
953(32)[1104]44
1095(539)[1104]44
1095(539)[1104]44
282(608)[1104]358
282(608)[1104]44
[1092]1095(539)365
[1092]1095(539)363
[1093]1095(539)365
[1093]1095(539)363
125(8)[1093]365
125(8)[1093]365
307(452)[1093]365
307(452)[1093]365
900(29)[1157]1
900(29)[1157]93
953(32)[1157]1
953(32)[1157]1
[30][1157]93
[30][1157]1
[57][1157]1092
[57][1157]93
227(21)[1160]16
227(21)[1160]16
[57][1160]16
[57][1160]76
953(32)[1160]90
953(32)[1160]1604
[30][1160]1610
[30][1160]90
227(21)[1158]16
227(21)[1158]16
900(29)[1158]16
900(29)[1158]1
953(32)[1158]16
953(32)[1158]1597
[30][1158]16
[30][1158]1614
[1154][30]20
[1154][30]9
[1155][30]20
[1155][30]9
1273(372)[1155]20
1273(372)[1155]20
1357(552)[1155]20
1357(552)[1155]20
[1022][54]175
[1022][54]185
[1027][54]175
[1027][54]185
131(10)[1027]175
131(10)[1027]175
[27][1027]175
[27][1027]175
131(10)[1022]175
131(10)[1022]175
[27][1022]175
[27][1022]175
[1023][27]604
[1023][27]633
[1026][27]604
[1026][27]633
146(15)[1023]604
146(15)[1023]604
1273(372)[1023]604
1273(372)[1023]604
1273(372)[1154]20
1273(372)[1154]20
1357(552)[1154]20
1357(552)[1154]20
146(15)[1026]604
146(15)[1026]604
1273(372)[1026]604
1273(372)[1026]604
[1024]1273(372)3
[1024]1273(372)3
[1025]1273(372)3
[1025]1273(372)3
125(8)[1025]3
125(8)[1025]3
140(13)[1025]3
140(13)[1025]3
125(8)[1092]365
125(8)[1092]365
307(452)[1092]365
307(452)[1092]365
125(8)[1024]3
125(8)[1024]3
140(13)[1024]3
140(13)[1024]3
[1038]398(438)915
[1038]398(438)1275
[1039]398(438)915
[1039]398(438)1275
[1040]398(438)915
[1040]398(438)1275
[1041]398(438)915
[1041]398(438)1275
110(3)[1038]915
110(3)[1038]915
119(6)[1038]915
119(6)[1038]915
128(9)[1038]915
128(9)[1038]1041
224(20)[1147]12
224(20)[1147]12
953(32)[1147]12
953(32)[1147]1658
282(608)[1147]12
282(608)[1147]1660
[1094]282(608)529
[1094]282(608)340
[1095]282(608)529
[1095]282(608)340
[1096]282(608)529
[1096]282(608)340
[1097]282(608)529
[1097]282(608)340
[1098]282(608)529
[1098]282(608)340
[1099]282(608)529
[1099]282(608)340
[1100]282(608)529
[1100]282(608)340
[1101]282(608)529
[1101]282(608)340
110(3)[1099]529
110(3)[1099]529
122(7)[1099]529
122(7)[1099]529
296(454)[1099]529
296(454)[1099]832
[35][1099]580
[35][1099]529
[1074]525(718)1428
[1074]525(718)818
[1089]525(718)1372
[1089]525(718)818
469(24)[1074]1428
469(24)[1074]824
437(688)[1074]1428
437(688)[1074]811
469(24)[1089]811
469(24)[1089]1372
437(688)[1089]824
437(688)[1089]1372
902(30)437(688)266
902(30)437(688)123
1149(669)437(688)123
1149(669)437(688)232
[1075]1149(669)157
[1075]1149(669)232
[1086]1149(669)25
[1086]1149(669)232
[1087]1149(669)25
[1087]1149(669)232
[1088]1149(669)157
[1088]1149(669)232
227(21)[1088]25
227(21)[1088]25
953(32)[1088]144
953(32)[1088]25
1171(369)[1088]284
1171(369)[1088]157
348(625)[1088]284
348(625)[1088]157
227(21)[1086]25
227(21)[1086]25
953(32)[1086]271
953(32)[1086]25
1171(369)[1086]25
1171(369)[1086]25
348(625)[1086]25
348(625)[1086]284
227(21)[1075]25
227(21)[1075]25
953(32)[1075]144
953(32)[1075]25
1171(369)[1075]157
1171(369)[1075]284
348(625)[1075]157
348(625)[1075]284
227(21)[1087]25
227(21)[1087]25
953(32)[1087]271
953(32)[1087]25
1171(369)[1087]25
1171(369)[1087]25
348(625)[1087]284
348(625)[1087]25
[1076]1171(369)236
[1076]1171(369)276
[1077]1171(369)236
[1077]1171(369)276
110(3)[1076]236
110(3)[1076]236
140(13)[1076]236
140(13)[1076]236
110(3)[1097]529
110(3)[1097]529
122(7)[1097]529
122(7)[1097]529
296(454)[1097]832
296(454)[1097]529
[35][1097]529
[35][1097]580
110(3)[1095]529
110(3)[1095]529
122(7)[1095]529
122(7)[1095]529
296(454)[1095]529
296(454)[1095]832
[35][1095]529
[35][1095]580
110(3)[1040]915
110(3)[1040]915
119(6)[1040]915
119(6)[1040]915
128(9)[1040]1041
128(9)[1040]915
110(3)[1101]529
110(3)[1101]529
122(7)[1101]529
122(7)[1101]529
296(454)[1101]832
296(454)[1101]529
[35][1101]580
[35][1101]529
110(3)[1039]915
110(3)[1039]915
119(6)[1039]915
119(6)[1039]915
128(9)[1039]915
128(9)[1039]1041
110(3)[1077]236
110(3)[1077]236
140(13)[1077]236
140(13)[1077]236
110(3)[1098]529
110(3)[1098]529
122(7)[1098]529
122(7)[1098]529
296(454)[1098]529
296(454)[1098]832
[35][1098]580
[35][1098]529
110(3)[1096]529
110(3)[1096]529
122(7)[1096]529
122(7)[1096]529
296(454)[1096]832
296(454)[1096]529
[35][1096]529
[35][1096]580
110(3)[1094]529
110(3)[1094]529
122(7)[1094]529
122(7)[1094]529
296(454)[1094]529
296(454)[1094]832
[35][1094]529
[35][1094]580
110(3)[1041]915
110(3)[1041]915
119(6)[1041]915
119(6)[1041]915
128(9)[1041]1041
128(9)[1041]915
110(3)[1100]529
110(3)[1100]529
122(7)[1100]529
122(7)[1100]529
296(454)[1100]832
296(454)[1100]529
[35][1100]580
[35][1100]529
[1002]561(635)2304
[1002]561(635)1020
[1015]561(635)2249
[1015]561(635)1020
478(27)[1015]976
478(27)[1015]2249
902(30)[1015]117
902(30)[1015]2249
393(548)[1015]2249
393(548)[1015]1091
902(30)[1002]165
902(30)[1002]976
393(548)[1002]976
393(548)[1002]2408
478(27)[1002]2304
478(27)[1002]1020
[1003]393(548)18
[1003]393(548)192
[1012]393(548)71
[1012]393(548)192
[1013]393(548)71
[1013]393(548)192
[1014]393(548)18
[1014]393(548)192
217(18)[1013]18
217(18)[1013]18
[47][1013]70
[47][1013]18
1862(428)[1013]71
1862(428)[1013]260
1865(439)[1013]261
1865(439)[1013]71
217(18)[1014]18
217(18)[1014]18
1862(428)[1014]18
1862(428)[1014]18
1865(439)[1014]19
1865(439)[1014]18
[47][1014]191
[47][1014]18
217(18)[1012]18
217(18)[1012]18
[47][1012]70
[47][1012]18
1862(428)[1012]260
1862(428)[1012]71
1865(439)[1012]71
1865(439)[1012]261
217(18)[1050]57
217(18)[1050]58
902(30)[1050]57
902(30)[1050]3177
217(18)[1003]18
217(18)[1003]18
1862(428)[1003]18
1862(428)[1003]18
1865(439)[1003]18
1865(439)[1003]19
[47][1003]191
[47][1003]18
902(30)969(266)23
902(30)969(266)635
[40]969(266)23
[40]969(266)578
[57]969(266)1024
[57]969(266)23
979(179)969(266)1058
979(179)969(266)1023
237(23)[53]1762
237(23)[53]1906
902(30)[53]75
902(30)[53]1906
[1055][28]22
[1055][28]10
[1070][28]22
[1070][28]10
296(454)[1055]22
296(454)[1055]22
1357(552)[1055]22
1357(552)[1055]22
296(454)[1070]22
296(454)[1070]22
1357(552)[1070]22
1357(552)[1070]22
[1056]296(454)4
[1056]296(454)4
[1057]296(454)4
[1057]296(454)4
[1058]296(454)4
[1058]296(454)4
[1059]296(454)4
[1059]296(454)4
113(4)[1059]4
113(4)[1059]4
116(5)[1059]4
116(5)[1059]4
119(6)[1059]4
119(6)[1059]4
113(4)[1057]4
113(4)[1057]4
116(5)[1057]4
116(5)[1057]4
119(6)[1057]4
119(6)[1057]4
113(4)[1058]4
113(4)[1058]4
116(5)[1058]4
116(5)[1058]4
119(6)[1058]4
119(6)[1058]4
113(4)[1056]4
113(4)[1056]4
116(5)[1056]4
116(5)[1056]4
119(6)[1056]4
119(6)[1056]4
[1078]348(625)799
[1078]348(625)344
[1083]348(625)799
[1083]348(625)344
[1084]348(625)799
[1084]348(625)344
[1085]348(625)799
[1085]348(625)344
335(449)[1078]799
335(449)[1078]799
307(452)[1078]799
307(452)[1078]799
[35][1078]799
[35][1078]488
335(449)[1084]799
335(449)[1084]799
307(452)[1084]799
307(452)[1084]799
[35][1084]488
[35][1084]799
335(449)[1085]799
335(449)[1085]799
307(452)[1085]799
307(452)[1085]799
[35][1085]488
[35][1085]799
335(449)[1083]799
335(449)[1083]799
307(452)[1083]799
307(452)[1083]799
[35][1083]799
[35][1083]488
[1079][35]880
[1079][35]1366
[1080][35]880
[1080][35]1366
[1081][35]880
[1081][35]1366
[1082][35]880
[1082][35]1366
101(0)[1082]880
101(0)[1082]880
104(1)[1082]880
104(1)[1082]880
107(2)[1082]1359
107(2)[1082]880
101(0)[1080]880
101(0)[1080]880
104(1)[1080]880
104(1)[1080]880
107(2)[1080]880
107(2)[1080]1359
101(0)[1079]880
101(0)[1079]880
104(1)[1079]880
104(1)[1079]880
107(2)[1079]880
107(2)[1079]1359
101(0)[1081]880
101(0)[1081]880
104(1)[1081]880
104(1)[1081]880
107(2)[1081]1359
107(2)[1081]880
[1004]1862(428)154
[1004]1862(428)244
[1005]1862(428)154
[1005]1862(428)244
[1006]1862(428)154
[1006]1862(428)244
[1007]1862(428)154
[1007]1862(428)244
128(9)[1006]154
128(9)[1006]154
134(11)[1006]154
134(11)[1006]154
143(14)[1006]169
143(14)[1006]154
[1060]1357(552)15
[1060]1357(552)7
[1069]1357(552)15
[1069]1357(552)7
335(449)[1069]15
335(449)[1069]15
307(452)[1069]15
307(452)[1069]15
335(449)[1060]15
335(449)[1060]15
307(452)[1060]15
307(452)[1060]15
[1065]307(452)4
[1065]307(452)4
[1066]307(452)4
[1066]307(452)4
[1067]307(452)4
[1067]307(452)4
[1068]307(452)4
[1068]307(452)4
128(9)[1067]4
128(9)[1067]4
143(14)[1067]4
143(14)[1067]4
146(15)[1067]5
146(15)[1067]4
128(9)[1004]154
128(9)[1004]154
134(11)[1004]154
134(11)[1004]154
143(14)[1004]154
143(14)[1004]169
128(9)[1065]4
128(9)[1065]4
143(14)[1065]4
143(14)[1065]4
146(15)[1065]4
146(15)[1065]5
128(9)[1007]154
128(9)[1007]154
134(11)[1007]154
134(11)[1007]154
143(14)[1007]169
143(14)[1007]154
128(9)[1005]154
128(9)[1005]154
134(11)[1005]154
134(11)[1005]154
143(14)[1005]154
143(14)[1005]169
128(9)[1068]4
128(9)[1068]4
143(14)[1068]4
143(14)[1068]4
146(15)[1068]5
146(15)[1068]4
128(9)[1066]4
128(9)[1066]4
143(14)[1066]4
143(14)[1066]4
146(15)[1066]4
146(15)[1066]5
[1008]1865(439)181
[1008]1865(439)239
[1009]1865(439)181
[1009]1865(439)239
[1010]1865(439)181
[1010]1865(439)239
[1011]1865(439)181
[1011]1865(439)239
107(2)[1011]181
107(2)[1011]181
116(5)[1011]181
116(5)[1011]181
122(7)[1011]204
122(7)[1011]181
107(2)[1008]181
107(2)[1008]181
116(5)[1008]181
116(5)[1008]181
122(7)[1008]181
122(7)[1008]204
107(2)[1010]181
107(2)[1010]181
116(5)[1010]181
116(5)[1010]181
122(7)[1010]204
122(7)[1010]181
107(2)[1009]181
107(2)[1009]181
116(5)[1009]181
116(5)[1009]181
122(7)[1009]181
122(7)[1009]204
[1020][52]144
[1020][52]150
[1021][52]144
[1021][52]150
104(1)[1021]144
104(1)[1021]144
113(4)[1021]144
113(4)[1021]144
104(1)[1020]144
104(1)[1020]144
113(4)[1020]144
113(4)[1020]144
[1061]335(449)4
[1061]335(449)4
[1062]335(449)4
[1062]335(449)4
[1063]335(449)4
[1063]335(449)4
[1064]335(449)4
[1064]335(449)4
131(10)[1063]4
131(10)[1063]4
134(11)[1063]4
134(11)[1063]4
137(12)[1063]5
137(12)[1063]4
131(10)[1061]4
131(10)[1061]4
134(11)[1061]4
134(11)[1061]4
137(12)[1061]4
137(12)[1061]5
131(10)[1064]4
131(10)[1064]4
134(11)[1064]4
134(11)[1064]4
137(12)[1064]5
137(12)[1064]4
131(10)[1062]4
131(10)[1062]4
134(11)[1062]4
134(11)[1062]4
137(12)[1062]4
137(12)[1062]5
952(31)979(179)2569
952(31)979(179)591
953(32)979(179)537
953(32)979(179)2569
[40]979(179)2569
[40]979(179)1188
234(22)[40]1188
234(22)[40]2409
237(23)[40]1188
237(23)[40]2397
234(22)[47]5
234(22)[47]3
953(32)[47]1397
953(32)[47]5
237(23)[48]3
237(23)[48]5
953(32)[48]477
953(32)[48]5
952(31)[25]4947
952(31)[25]3
953(32)[25]3
953(32)[25]5777
900(29)[57]1156
900(29)[57]3
953(32)[57]3
953(32)[57]1597
duration = 2.79248sec.

