
outfunc
duration = 1125.17sec.

cost:2228
CSPF
f10{{p1}}9
f10{{p1}}338
[94]{{p1}}12
[94]{{p1}}338
[98]{{p1}}25
[98]{{p1}}338
[167]{{p1}}17
[167]{{p1}}338
[196]{{p1}}39
[196]{{p1}}338
[288]{{p1}}249
[288]{{p1}}338
[292]{{p1}}156
[292]{{p1}}338
l8{{b2}}9
l8{{b2}}132
[262]{{b2}}41
[262]{{b2}}132
[170]{{b2}}24
[170]{{b2}}132
[146]{{b2}}25
[146]{{b2}}132
[98]{{b2}}22
[98]{{b2}}132
[94]{{b2}}12
[94]{{b2}}132
[75]{{b2}}12
[75]{{b2}}132
a8{{b2}}13
a8{{b2}}132
b8{{b2}}11
b8{{b2}}132
{{w0}}{{b2}}12
{{w0}}{{b2}}132
o7{{b2}}17
o7{{b2}}132
m8{{b2}}9
m8{{b2}}132
o6{{b2}}7
o6{{b2}}132
n8{{b2}}11
n8{{b2}}132
k12{{b2}}11
k12{{b2}}132
x11{{b2}}11
x11{{b2}}132
m6{{b2}}8
m6{{b2}}132
{{y1}}{{b2}}26
{{y1}}{{b2}}132
[84]{{d2}}44
[84]{{d2}}44
[282]{{d2}}44
[282]{{d2}}326
{{x1}}{{d2}}72
{{x1}}{{d2}}341
t11{{d2}}1
t11{{d2}}341
d12{{d2}}17
d12{{d2}}341
g8{{d2}}18
g8{{d2}}341
a11{{d2}}35
a11{{d2}}341
u7{{d2}}45
u7{{d2}}341
y10{{d2}}32
y10{{d2}}341
q8{{d2}}1
q8{{d2}}341
[97]{{d2}}112
[97]{{d2}}341
[121]{{d2}}22
[121]{{d2}}341
[195]{{d2}}32
[195]{{d2}}341
[286]{{d2}}195
[286]{{d2}}341
[158]{{e2}}71
[158]{{e2}}450
a0{{e2}}71
a0{{e2}}547
[92]{{e2}}41
[92]{{e2}}540
[302]{{e2}}44
[302]{{e2}}540
[291]{{e2}}249
[291]{{e2}}540
[288]{{e2}}605
[288]{{e2}}540
[287]{{e2}}172
[287]{{e2}}540
[286]{{e2}}584
[286]{{e2}}540
[282]{{e2}}6
[282]{{e2}}540
[230]{{e2}}41
[230]{{e2}}540
[165]{{e2}}63
[165]{{e2}}540
[164]{{e2}}18
[164]{{e2}}540
[136]{{e2}}12
[136]{{e2}}540
[105]{{e2}}7
[105]{{e2}}540
[100]{{e2}}27
[100]{{e2}}540
[85]{{e2}}22
[85]{{e2}}540
a8{{e2}}13
a8{{e2}}540
b8{{e2}}11
b8{{e2}}540
k8{{e2}}10
k8{{e2}}540
o8{{e2}}10
o8{{e2}}540
u9{{e2}}11
u9{{e2}}540
t12{{e2}}10
t12{{e2}}540
r11{{e2}}9
r11{{e2}}540
d7{{e2}}8
d7{{e2}}540
a11{{e2}}10
a11{{e2}}540
b6{{e2}}10
b6{{e2}}540
v12{{e2}}11
v12{{e2}}540
[1806][286]1
[1806][286]341
[1807][286]195
[1807][286]341
[54][1807]47
[54][1807]300
[280][1807]1
[280][1807]362
[273][1807]60
[273][1807]333
[262][1807]150
[262][1807]337
[225][1807]17
[225][1807]341
[216][1807]24
[216][1807]341
[215][1807]40
[215][1807]341
[111][1807]38
[111][1807]341
[66][1807]36
[66][1807]341
[60][1807]84
[60][1807]322
[56][1807]32
[56][1807]338
f[1807]332
f[1807]201
{{z1}}[1807]13
{{z1}}[1807]341
{{w0}}[1807]142
{{w0}}[1807]332
b0[1807]323
b0[1807]174
x[1807]340
x[1807]176
v[1807]275
v[1807]52
q[1807]340
q[1807]173
p[1807]133
p[1807]338
o[1807]333
o[1807]125
n[1807]128
n[1807]337
h[1807]340
h[1807]128
[131][262]9
[131][262]14
[296][262]7
[296][262]14
[111][262]13
[111][262]427
l6[262]69
l6[262]423
[196][262]69
[196][262]423
i10[196]8
i10[196]537
[137][196]63
[137][196]537
e9{{k1}}9
e9{{k1}}173
g7{{k1}}37
g7{{k1}}173
[75]{{k1}}12
[75]{{k1}}173
[108]{{k1}}52
[108]{{k1}}173
[118]{{k1}}24
[118]{{k1}}173
[123]{{k1}}25
[123]{{k1}}173
[137]{{k1}}32
[137]{{k1}}173
[140]{{k1}}28
[140]{{k1}}173
[163]{{k1}}42
[163]{{k1}}173
[164]{{k1}}18
[164]{{k1}}173
[167]{{k1}}15
[167]{{k1}}173
[169]{{k1}}33
[169]{{k1}}173
[260]{{k1}}44
[260]{{k1}}173
[301]{{k1}}80
[301]{{k1}}173
p9{{h1}}10
p9{{h1}}108
t9{{h1}}7
t9{{h1}}108
[96]{{h1}}20
[96]{{h1}}108
[116]{{h1}}18
[116]{{h1}}108
[122]{{h1}}16
[122]{{h1}}108
[137]{{h1}}18
[137]{{h1}}108
[144]{{h1}}20
[144]{{h1}}108
[247]{{h1}}70
[247]{{h1}}108
h0[137]11
h0[137]53
[211][137]11
[211][137]277
[1781][137]15
[1781][137]297
o0[1781]15
o0[1781]15
[218][1781]15
[218][1781]294
i8{{f1}}9
i8{{f1}}97
f8{{f1}}8
f8{{f1}}97
d8{{f1}}10
d8{{f1}}97
q7{{f1}}17
q7{{f1}}97
p7{{f1}}17
p7{{f1}}97
[123]{{f1}}28
[123]{{f1}}97
[167]{{f1}}14
[167]{{f1}}97
[201]{{f1}}50
[201]{{f1}}97
[246]{{f1}}58
[246]{{f1}}97
u7{{g1}}14
u7{{g1}}174
r8{{g1}}6
r8{{g1}}174
u8{{g1}}8
u8{{g1}}174
[81]{{g1}}18
[81]{{g1}}174
[96]{{g1}}20
[96]{{g1}}174
[125]{{g1}}20
[125]{{g1}}174
[132]{{g1}}17
[132]{{g1}}174
[167]{{g1}}14
[167]{{g1}}174
[200]{{g1}}58
[200]{{g1}}174
[247]{{g1}}70
[247]{{g1}}174
[213]{{j1}}29
[213]{{j1}}247
w{{j1}}29
w{{j1}}217
[95]{{j1}}18
[95]{{j1}}288
[1784]{{j1}}19
[1784]{{j1}}288
[302]{{j1}}35
[302]{{j1}}288
[247]{{j1}}71
[247]{{j1}}288
[236]{{j1}}17
[236]{{j1}}288
[202]{{j1}}22
[202]{{j1}}288
[197]{{j1}}16
[197]{{j1}}288
[142]{{j1}}28
[142]{{j1}}288
[121]{{j1}}24
[121]{{j1}}288
[109]{{j1}}19
[109]{{j1}}288
q8{{j1}}9
q8{{j1}}288
a12{{j1}}8
a12{{j1}}288
u9{{j1}}11
u9{{j1}}288
t12{{j1}}10
t12{{j1}}288
e12{{j1}}9
e12{{j1}}288
e9{{j1}}8
e9{{j1}}288
g8{{j1}}10
g8{{j1}}288
k12{{j1}}11
k12{{j1}}288
x11{{j1}}11
x11{{j1}}288
[138][288]19
[138][288]392
[201][288]56
[201][288]392
[202][288]38
[202][288]392
[255][288]125
[255][288]392
[260][288]56
[260][288]392
[261][288]89
[261][288]392
e11{{d1}}10
e11{{d1}}91
m8{{d1}}9
m8{{d1}}91
i8{{d1}}9
i8{{d1}}91
[104]{{d1}}10
[104]{{d1}}91
[123]{{d1}}28
[123]{{d1}}91
[124]{{d1}}64
[124]{{d1}}91
[165]{{d1}}57
[165]{{d1}}91
[202]{{d1}}22
[202]{{d1}}91
[159][202]15
[159][202]95
[170][202]24
[170][202]95
m0[170]11
m0[170]18
[102][170]11
[102][170]30
[132][170]17
[132][170]38
[144][170]20
[144][170]38
n0[132]14
n0[132]14
q0[132]14
q0[132]17
[128][132]14
[128][132]25
q7[132]17
q7[132]31
r0q717
r0q717
s0q717
s0q716
[266]q717
[266]q723
o7{{e1}}17
o7{{e1}}102
[123]{{e1}}25
[123]{{e1}}102
[165]{{e1}}57
[165]{{e1}}102
[201]{{e1}}50
[201]{{e1}}102
m8{{i1}}9
m8{{i1}}262
i10{{i1}}8
i10{{i1}}262
n7{{i1}}16
n7{{i1}}262
[107]{{i1}}19
[107]{{i1}}262
[160]{{i1}}38
[160]{{i1}}262
[162]{{i1}}15
[162]{{i1}}262
[198]{{i1}}13
[198]{{i1}}262
[245]{{i1}}35
[245]{{i1}}262
[252]{{i1}}44
[252]{{i1}}262
[292]{{i1}}156
[292]{{i1}}262
w{{m1}}10
w{{m1}}10
[213]{{m1}}10
[213]{{m1}}187
i12{{m1}}9
i12{{m1}}192
p12{{m1}}10
p12{{m1}}192
e8{{m1}}9
e8{{m1}}192
[94]{{m1}}12
[94]{{m1}}192
[121]{{m1}}24
[121]{{m1}}192
[160]{{m1}}36
[160]{{m1}}192
[161]{{m1}}13
[161]{{m1}}192
[165]{{m1}}57
[165]{{m1}}192
[168]{{m1}}46
[168]{{m1}}192
[189]{{m1}}22
[189]{{m1}}192
[245]{{m1}}32
[245]{{m1}}192
[160][260]31
[160][260]207
[187][260]23
[187][260]207
[188][260]18
[188][260]207
o7[160]17
o7[160]124
s7[160]8
s7[160]124
r0o717
r0o717
s0o716
s0o717
[266]o717
[266]o762
[84]{{v1}}9
[84]{{v1}}9
[282]{{v1}}9
[282]{{v1}}152
s7{{v1}}8
s7{{v1}}155
{r1,l2}{{v1}}9
{r1,l2}{{v1}}155
[147]{{v1}}41
[147]{{v1}}155
[167]{{v1}}17
[167]{{v1}}155
[187]{{v1}}26
[187]{{v1}}155
[261]{{v1}}74
[261]{{v1}}155
[291]{{v1}}61
[291]{{v1}}155
w[187]7
w[187]10
[214][187]7
[214][187]133
p7[187]17
p7[187]137
r0p717
r0p717
s0p734
s0p717
[266]p717
[266]p762
o0[266]15
o0[266]17
[218][266]17
[218][266]14
g9{{t0}}9
g9{{t0}}30
l6{{t0}}11
l6{{t0}}30
m9{{t0}}10
m9{{t0}}30
n9{{t0}}8
n9{{t0}}30
e10{{t0}}9
e10{{t0}}30
l11{{t0}}9
l11{{t0}}30
l6{{x0}}9
l6{{x0}}18
n9{{x0}}8
n9{{x0}}18
l11{{x0}}9
l11{{x0}}18
yl652
yl664
[219]l652
[219]l67
[1808]{{f2}}1
[1808]{{f2}}839
[1809]{{f2}}839
[1809]{{f2}}839
[209][1809]85
[209][1809]876
[89][1809]127
[89][1809]898
[101][1809]219
[101][1809]867
[103][1809]562
[103][1809]816
[153][1809]231
[153][1809]835
[154][1809]590
[154][1809]835
[173][1809]267
[173][1809]823
[177][1809]61
[177][1809]835
[178][1809]30
[178][1809]838
[181][1809]132
[181][1809]845
[68][1809]190
[68][1809]825
[228][1809]308
[228][1809]813
[263][1809]306
[263][1809]847
[275][1809]178
[275][1809]851
[276][1809]91
[276][1809]841
[289][1809]1046
[289][1809]634
[298][1809]447
[298][1809]856
[306][1809]40
[306][1809]842
[307][1809]37
[307][1809]839
d0[1809]519
d0[1809]797
b[1809]724
b[1809]775
d[1809]783
d[1809]752
f[1809]591
f[1809]747
u[1809]649
u[1809]592
w[1809]367
w[1809]721
x[1809]498
x[1809]709
a0[1809]371
a0[1809]476
c0[1809]437
c0[1809]686
a[1809]552
a[1809]432
{{u0}}[1809]26
{{u0}}[1809]839
e10[1809]9
e10[1809]839
j8[1809]71
j8[1809]846
w11[1809]55
w11[1809]844
[46][1809]238
[46][1809]814
[52][1809]201
[52][1809]795
[54][1809]377
[54][1809]696
[67][1809]164
[67][1809]864
g9{{u0}}9
g9{{u0}}839
l11{{u0}}24
l11{{u0}}839
yl119
yl119
[227]l119
[227]l1168
[228]l119
[228]l11139
[121][201]24
[121][201]72
[169][201]33
[169][201]72
[146][169]30
[146][169]67
[147][169]36
[147][169]67
[57][147]10
[57][147]17
[127][147]9
[127][147]17
u[147]7
u[147]17
[277][147]17
[277][147]33
[1774][147]21
[1774][147]45
[122][1774]27
[122][1774]45
[1775][1774]20
[1775][1774]45
[283][1775]11
[283][1775]60
[295][1775]11
[295][1775]45
[1776][1775]10
[1776][1775]45
h8{{l1}}9
h8{{l1}}191
m12{{l1}}9
m12{{l1}}191
i7{{l1}}13
i7{{l1}}191
b7{{l1}}8
b7{{l1}}191
[92]{{l1}}16
[92]{{l1}}191
[126]{{l1}}45
[126]{{l1}}191
[142]{{l1}}21
[142]{{l1}}191
[199]{{l1}}24
[199]{{l1}}191
[245]{{l1}}32
[245]{{l1}}191
[301]{{l1}}80
[301]{{l1}}191
[78][301]34
[78][301]159
[120][301]25
[120][301]159
[252][301]27
[252][301]159
x11[292]11
x11[292]261
k12[292]12
k12[292]261
g8[292]10
g8[292]261
i8[292]9
i8[292]261
f8[292]8
f8[292]261
t12[292]10
t12[292]261
u9[292]11
u9[292]261
[81][292]18
[81][292]261
[236][292]17
[236][292]261
[246][292]58
[246][292]261
[302][292]25
[302][292]261
[97][246]37
[97][246]98
[124][246]63
[124][246]98
x11{{c2}}11
x11{{c2}}245
d12{{c2}}10
d12{{c2}}245
h8{{c2}}9
h8{{c2}}245
z11{{c2}}34
z11{{c2}}245
[91]{{c2}}19
[91]{{c2}}245
[94]{{c2}}12
[94]{{c2}}245
[107]{{c2}}27
[107]{{c2}}245
[126]{{c2}}48
[126]{{c2}}245
[159]{{c2}}22
[159]{{c2}}245
[165]{{c2}}57
[165]{{c2}}245
[188]{{c2}}18
[188]{{c2}}245
[195]{{c2}}28
[195]{{c2}}245
[236]{{c2}}17
[236]{{c2}}245
[287]{{c2}}94
[287]{{c2}}245
a11{{g2}}12
a11{{g2}}87
d7{{g2}}8
d7{{g2}}87
t12{{g2}}10
t12{{g2}}87
u9{{g2}}11
u9{{g2}}87
k8{{g2}}10
k8{{g2}}87
[92]{{g2}}16
[92]{{g2}}87
[100]{{g2}}26
[100]{{g2}}87
[105]{{g2}}7
[105]{{g2}}87
[165]{{g2}}57
[165]{{g2}}87
[97][165]31
[97][165]57
[120][165]25
[120][165]57
[155][97]12
[155][97]20
[223][97]11
[223][97]20
[101][97]20
[101][97]81
e9[97]9
e9[97]75
[78][97]34
[78][97]75
z[78]11
z[78]11
[155][78]11
[155][78]29
[227][78]7
[227][78]34
[294][78]13
[294][78]34
[47][78]25
[47][78]36
[1770][78]21
[1770][78]78
o6[1770]7
o6[1770]78
[1771][1770]19
[1771][1770]78
[279][1771]11
[279][1771]97
[295][1771]11
[295][1771]84
[1772][1771]9
[1772][1771]78
y[295]8
y[295]3
a0[295]3
a0[295]7
[189][261]18
[189][261]184
[198][261]13
[198][261]184
[199][261]24
[199][261]184
[208][261]29
[208][261]184
f0[189]30
f0[189]11
h0[189]11
h0[189]38
[152][189]11
[152][189]70
a12[189]8
a12[189]76
ya128
ya128
[52]a128
[52]a1212
[56]a128
[56]a1235
[195]{{w1}}23
[195]{{w1}}98
[230]{{w1}}41
[230]{{w1}}98
[259]{{w1}}58
[259]{{w1}}98
[299]{{w1}}14
[299]{{w1}}98
[67][287]10
[67][287]113
[267][287]10
[267][287]269
[269][287]12
[269][287]267
g[287]266
g[287]20
l8[287]9
l8[287]245
w11[287]10
w11[287]245
[229][287]55
[229][287]245
[238][287]18
[238][287]245
[259][287]50
[259][287]245
{{y0}}[259]22
{{y0}}[259]88
[183][259]15
[183][259]88
[207][259]59
[207][259]88
m6{{y0}}8
m6{{y0}}88
f10{{y0}}9
f10{{y0}}88
[1750]{{y0}}16
[1750]{{y0}}88
y[1750]11
y[1750]13
[149][1750]11
[149][1750]83
[1751][1750]8
[1751][1750]88
ag99
ag99
yg99
yg98
[89]g99
[89]g9174
u8{{s1}}16
u8{{s1}}107
n7{{s1}}8
n7{{s1}}107
[208]{{s1}}31
[208]{{s1}}107
[255]{{s1}}62
[255]{{s1}}107
[256]{{s1}}15
[256]{{s1}}107
z11[255]73
z11[255]121
[200][255]63
[200][255]121
[1786][255]70
[1786][255]121
z11[252]8
z11[252]152
[197][252]16
[197][252]152
{r1,l2}{{k2}}9
{r1,l2}{{k2}}9
z11{{k2}}8
z11{{k2}}9
yz118
yz118
[213]z118
[213]z117
q12{{z0}}11
q12{{z0}}108
k6{{z0}}17
k6{{z0}}108
e6{{z0}}1
e6{{z0}}108
[183]{{z0}}17
[183]{{z0}}108
[195]{{z0}}28
[195]{{z0}}108
[207]{{z0}}67
[207]{{z0}}108
[229]{{z0}}39
[229]{{z0}}108
[230]{{z0}}41
[230]{{z0}}108
[231]{{z0}}15
[231]{{z0}}108
[300]{{z0}}31
[300]{{z0}}108
x11[230]11
x11[230]93
d12[230]10
d12[230]93
n8[230]11
n8[230]93
g8[230]10
g8[230]93
x11{{c1}}11
x11{{c1}}28
d12{{c1}}10
d12{{c1}}28
g8{{c1}}10
g8{{c1}}28
x11{{u1}}11
x11{{u1}}80
k12{{u1}}12
k12{{u1}}80
g8{{u1}}10
g8{{u1}}80
t12{{u1}}10
t12{{u1}}80
u9{{u1}}11
u9{{u1}}80
[236]{{u1}}17
[236]{{u1}}80
[302]{{u1}}25
[302]{{u1}}80
ax1111
ax1111
[226]x1111
[226]x1111
[263]x1111
[263]x116
[131]u911
[131]u916
[263]u911
[263]u924
c[263]344
c[263]6
[110][263]344
[110][263]5
[124][247]63
[124][247]95
[164][247]18
[164][247]95
i8[164]9
i8[164]78
[94][164]12
[94][164]78
[174][94]11
[174][94]15
[267][94]10
[267][94]15
[131][94]12
[131][94]6
[67][302]10
[67][302]11
[267][302]10
[267][302]87
[269][302]11
[269][302]86
g[302]12
g[302]86
[235][302]17
[235][302]80
k6{{b1}}19
k6{{b1}}93
e6{{b1}}11
e6{{b1}}93
[207]{{b1}}65
[207]{{b1}}93
[231]{{b1}}15
[231]{{b1}}93
[300]{{b1}}31
[300]{{b1}}93
w[207]16
w[207]20
[274][207]10
[274][207]20
[149][207]18
[149][207]72
[1752][207]45
[1752][207]77
a[1752]12
a[1752]12
[103][1752]12
[103][1752]11
[273][1752]12
[273][1752]79
t11[1752]11
t11[1752]77
k12[1752]11
k12[1752]77
[1753][1752]24
[1753][1752]77
ak1211
ak1211
[269]k1211
[269]k1210
[67][269]10
[67][269]11
[174][269]10
[174][269]6
[174]w1110
[174]w1165
[226]w1110
[226]w11940
c[174]6
c[174]17
[110][174]17
[110][174]5
[155][1784]10
[155][1784]83
[223][1784]11
[223][1784]83
[101][1784]19
[101][1784]312
[101]{{o1}}9
[101]{{o1}}9
[181]{{o1}}9
[181]{{o1}}6
p6{{x1}}42
p6{{x1}}341
e6{{x1}}42
e6{{x1}}341
[232]{{x1}}45
[232]{{x1}}341
[238]{{x1}}37
[238]{{x1}}341
q12[238]11
q12[238]608
k6[238]9
k6[238]608
aq1211
aq1211
[101]q1211
[101]q1210
[264]q1211
[264]q12215
[92][124]16
[92][124]67
[108][124]40
[108][124]67
[91][108]18
[91][108]44
[100][108]26
[100][108]44
[181][100]9
[181][100]20
[221][100]9
[221][100]20
[101][100]10
[101][100]31
[1768][100]18
[1768][100]35
a[195]11
a[195]11
g12[195]11
g12[195]181
v12[195]11
v12[195]178
b6[195]10
b6[195]178
ab610
ab610
[307]b610
[307]b6181
c0[307]9
c0[307]36
[62][307]36
[62][307]87
[101][307]36
[101][307]482
f10[245]9
f10[245]171
[123][245]25
[123][245]171
[98][123]22
[98][123]50
[105][123]7
[105][123]50
d7[98]8
d7[98]25
[85][98]22
[85][98]25
g12[85]10
g12[85]25
[1766][85]17
[1766][85]25
rg1210
rg1210
[101]g1210
[101]g129
[153]g1210
[153]g126
[155]{{q1}}10
[155]{{q1}}9
[223]{{q1}}10
[223]{{q1}}9
[101]{{q1}}9
[101]{{q1}}4
e9{{q1}}8
e9{{q1}}9
a0[101]287
a0[101]4
[47][101]287
[47][101]3
[142][200]27
[142][200]97
[168][200]46
[168][200]97
[126][168]47
[126][168]65
[140][168]28
[140][168]65
[127][126]9
[127][126]9
[213][126]9
[213][126]67
e12[126]9
e12[126]67
[109][126]19
[109][126]67
[1779][126]20
[1779][126]67
w[109]10
w[109]10
[80][109]9
[80][109]10
[177][109]10
[177][109]35
[1778][109]10
[1778][109]39
a0[1778]10
a0[1778]10
[45][1778]10
[45][1778]9
[264][1778]10
[264][1778]36
a0[1753]14
a0[1753]16
[155][1753]14
[155][1753]44
[278][1753]12
[278][1753]43
[157][1753]24
[157][1753]86
m9{{w0}}10
m9{{w0}}422
n9{{w0}}8
n9{{w0}}422
a0n98
a0n972
[219]n98
[219]n97
[1798][291]11
[1798][291]155
[1799][291]60
[1799][291]155
[256][1799]15
[256][1799]155
[257][1799]17
[257][1799]155
[1801][1799]28
[1801][1799]155
u[256]7
u[256]9
[158][256]7
[158][256]43
[270][256]7
[270][256]45
w[256]9
w[256]33
[1793][256]8
[1793][256]50
a0[1793]8
a0[1793]9
[213][1793]8
[213][1793]49
a0{{n1}}10
a0{{n1}}10
[58]{{n1}}10
[58]{{n1}}9
[264]{{n1}}10
[264]{{n1}}7
p6[229]11
p6[229]100
e6[229]11
e6[229]100
[299][229]38
[299][229]100
[300][229]31
[300][229]100
[1762][229]16
[1762][229]100
[300]{{y1}}31
[300]{{y1}}132
[1803]{{y1}}16
[1803]{{y1}}132
[232][300]19
[232][300]56
[1759][300]16
[1759][300]56
[69][1759]16
[69][1759]26
[1760][1759]16
[1760][1759]58
[154][1760]11
[154][1760]13
[181][1760]11
[181][1760]58
[1761][1760]11
[1761][1760]58
[221][1761]11
[221][1761]43
[274][1761]11
[274][1761]69
[69][1803]16
[69][1803]33
[1804][1803]16
[1804][1803]141
[154][1804]11
[154][1804]23
[221][1804]11
[221][1804]138
[1805][1804]11
[1805][1804]141
[181][1805]11
[181][1805]113
[274][1805]11
[274][1805]179
[69][1762]16
[69][1762]33
[1763][1762]16
[1763][1762]133
[154][1763]11
[154][1763]34
[221][1763]11
[221][1763]127
[1764][1763]11
[1764][1763]133
[181][1764]11
[181][1764]100
[274][1764]11
[274][1764]169
l[274]46
l[274]16
a0[274]16
a0[274]42
[271][1768]9
[271][1768]32
[289][1768]9
[289][1768]19
[1769][1768]10
[1769][1768]35
a0[1769]10
a0[1769]10
[58][1769]10
[58][1769]9
[264][1769]10
[264][1769]33
c0[122]7
c0[122]7
[59][122]7
[59][122]10
[87][122]7
[87][122]11
[104][122]10
[104][122]16
a0[104]8
a0[104]8
[283][104]8
[283][104]14
[1765][104]10
[1765][104]10
[58][1765]10
[58][1765]10
[61][1765]10
[61][1765]15
[154][1765]10
[154][1765]10
[61][183]14
[61][183]34
[157][183]14
[157][183]92
[149][183]11
[149][183]84
[154][183]15
[154][183]139
l[154]657
l[154]3
a0[154]657
a0[154]2
m8[121]9
m8[121]86
[96][121]20
[96][121]86
h8[96]9
h8[96]67
[75][96]12
[75][96]67
r[75]10
r[75]10
[181][75]10
[181][75]10
[221][75]9
[221][75]12
a0[75]12
a0[75]4
[60][75]12
[60][75]35
[58][146]23
[58][146]13
[294][146]23
[294][146]45
y10[146]11
y10[146]43
[116][146]18
[116][146]43
[57][116]9
[57][116]15
[87][116]9
[87][116]10
[156][116]9
[156][116]37
e11[116]10
e11[116]37
a0e1110
a0e1110
[58]e1110
[58]e119
[155]e1110
[155]e1122
x[140]16
x[140]20
[56][140]16
[56][140]14
[182][140]16
[182][140]41
[107][140]19
[107][140]56
m12[107]8
m12[107]48
[95][107]12
[95][107]48
[177][95]9
[177][95]24
[284][95]9
[284][95]14
[1780][95]10
[1780][95]22
r[1780]10
r[1780]10
a0[1780]10
a0[1780]9
[45][1780]10
[45][1780]8
[153][1780]10
[153][1780]21
[49][142]10
[49][142]16
[65][142]10
[65][142]42
[284][142]10
[284][142]51
[118][142]15
[118][142]48
[271][1766]9
[271][1766]23
[284][1766]9
[284][1766]20
[1767][1766]13
[1767][1766]25
a0[284]17
a0[284]3
c0[284]2
c0[284]17
a0e98
a0e98
[279]e98
[279]e917
t9[167]9
t9[167]38
[136][167]12
[136][167]38
a0t97
a0t97
[214]t97
[214]t96
b7[208]8
b7[208]88
[1788][208]28
[1788][208]88
[80]b78
[80]b78
[270]b78
[270]b769
t12{{h2}}10
t12{{h2}}35
o8{{h2}}10
o8{{h2}}35
[235]{{h2}}17
[235]{{h2}}35
[257]{{h2}}17
[257]{{h2}}35
z[257]11
z[257]10
[80][257]11
[80][257]11
[281][257]11
[281][257]15
[1800][257]10
[1800][257]17
p6{{a1}}11
p6{{a1}}21
e6{{a1}}11
e6{{a1}}21
[299]{{a1}}14
[299]{{a1}}21
[231][299]15
[231][299]24
[1756][299]15
[1756][299]24
[80][1756]15
[80][1756]15
[1757][1756]15
[1757][1756]40
[80]m910
[80]m974
[219]m910
[219]m97
le612
le611
[80]e611
[80]e610
[268]e611
[268]e6154
[80][231]15
[80][231]15
[1754][231]15
[1754][231]49
[80][136]8
[80][136]9
[214][136]8
[214][136]34
[1777][136]7
[1777][136]38
lp611
lp61
[80]p611
[80]p610
[268]p611
[268]p679
k[80]41
k[80]124
z[80]41
z[80]113
[130][1788]28
[130][1788]29
[1789][1788]28
[1789][1788]83
[130][1786]9
[130][1786]15
[177][1786]9
[177][1786]115
[1787][1786]63
[1787][1786]121
k[130]27
k[130]28
z[130]28
z[130]35
m{{z1}}1
m{{z1}}13
n{{z1}}1
n{{z1}}13
v{{z1}}13
v{{z1}}1
[280]{{z1}}13
[280]{{z1}}341
f0b811
f0b820
[211]b811
[211]b8327
f0[198]9
f0[198]38
[112][198]9
[112][198]105
[161][198]13
[161][198]130
f0[161]28
f0[161]10
g0[161]10
g0[161]36
[112][161]10
[112][161]87
i7[161]13
i7[161]107
p0[144]12
p0[144]14
[113][144]12
[113][144]24
[125][144]20
[125][144]27
[129][125]13
[129][125]13
[211][125]13
[211][125]27
[172][125]14
[172][125]29
n0[125]19
n0[125]18
[1773][125]9
[1773][125]27
n0a81
n0a813
[129]a813
[129]a820
[211]a813
[211]a8327
h[1801]11
h[1801]11
q[1801]11
q[1801]11
[225][1801]11
[225][1801]151
[1802][1801]15
[1802][1801]155
k0[1802]1
k0[1802]15
l0[1802]1
l0[1802]15
[265][1802]15
[265][1802]155
[162][199]15
[162][199]90
[163][199]23
[163][199]90
k0[163]14
k0[163]15
[265][163]14
[265][163]95
[1785][163]8
[1785][163]101
i0[162]12
i0[162]39
[176][162]12
[176][162]71
g7[162]15
g7[162]96
k0g738
k0g715
l0g715
l0g737
[265]g715
[265]g790
j0[265]33
j0[265]13
[212][265]13
[212][265]88
j0i713
j0i736
[212]i713
[212]i779
i0[212]32
i0[212]12
[176][212]12
[176][212]61
[129][176]11
[129][176]12
[152][176]11
[152][176]59
f0[129]29
f0[129]28
h0[129]44
h0[129]28
a[1808]1
a[1808]1
u[1808]1
u[1808]1
v[1808]1
v[1808]17
w[1808]1
w[1808]92
[49][1808]1
[49][1808]270
[103][1808]1
[103][1808]800
a{{i2}}12
a{{i2}}12
[103]{{i2}}12
[103]{{i2}}11
[273]{{i2}}12
[273]{{i2}}9
l[1754]12
l[1754]11
[149][1754]11
[149][1754]47
[1755][1754]14
[1755][1754]49
[155][1755]14
[155][1755]25
[157][1755]14
[157][1755]57
l[1757]11
l[1757]11
[149][1757]11
[149][1757]35
[1758][1757]14
[1758][1757]40
[157][1758]14
[157][1758]17
[223][1758]14
[223][1758]40
[214][1789]8
[214][1789]83
[219][1789]9
[219][1789]83
[270][1789]8
[270][1789]83
[1790][1789]18
[1790][1789]83
[281][1790]11
[281][1790]83
[1791][1790]17
[1791][1790]83
s[1791]16
s[1791]7
[51][1791]7
[51][1791]66
[1792][1791]13
[1792][1791]83
[61][1792]13
[61][1792]55
[157][1792]13
[157][1792]95
[69][157]16
[69][157]6
[103][157]16
[103][157]28
f[103]82
f[103]611
p[103]80
p[103]611
i[1806]1
i[1806]1
q[1806]1
q[1806]1
[225][1806]1
[225][1806]341
i[1798]11
i[1798]11
q[1798]11
q[1798]11
[225][1798]11
[225][1798]151
[1796][84]8
[1796][84]9
[1797][84]8
[1797][84]9
i[1796]8
i[1796]8
q[1796]8
q[1796]8
z[1776]10
z[1776]11
[58][1776]10
[58][1776]9
[223][1776]10
[223][1776]42
zy1043
zy1059
[58]y1043
[58]y109
[155]y1043
[155]y10118
[58][1777]7
[58][1777]7
[227][1777]7
[227][1777]36
c0d78
c0d78
[56]d78
[56]d77
[87]d78
[87]d716
[87][1767]13
[87][1767]18
[293][1767]13
[293][1767]24
[55][1773]9
[55][1773]9
[57][1773]9
[57][1773]9
[87][1773]9
[87][1773]30
a11[91]10
a11[91]31
r11[91]9
r11[91]31
[87]r119
[87]r1112
[131]r119
[131]r1128
[51][283]7
[51][283]7
[87][283]7
[87][283]11
s[87]4
s[87]18
[58][87]18
[58][87]3
g8{{a2}}10
g8{{a2}}47
i8{{a2}}9
i8{{a2}}47
f8{{a2}}8
f8{{a2}}47
[236]{{a2}}17
[236]{{a2}}47
[58]i89
[58]i89
[175]i89
[175]i87
an811
an811
fn810
fn811
[275]n811
[275]n848
o8[236]10
o8[236]17
k8[236]10
k8[236]17
fo810
fo810
[275]o810
[275]o89
[58][275]86
[58][275]9
[180][275]86
[180][275]7
[58][271]17
[58][271]18
[62][271]17
[62][271]38
d0[58]113
d0[58]3
e0[58]113
e0[58]2
u[214]6
u[214]10
[158][214]10
[158][214]5
e0[158]58
e0[158]5
[86][158]58
[86][158]4
ss78
ss78
e0s78
e0s77
[55]s78
[55]s718
[70]s78
[70]s774
[66][270]8
[66][270]6
[182][270]8
[182][270]66
w[118]7
w[118]17
[56][118]7
[56][118]17
[182][118]7
[182][118]28
p12[118]9
p12[118]46
s[182]26
s[182]13
e0[182]26
e0[182]2
[131][232]10
[131][232]13
[222][232]10
[222][232]101
j8[232]11
j8[232]102
aj811
aj811
ej810
ej811
[47]j811
[47]j89
[175]j811
[175]j8224
za1110
za1110
[47]a1110
[47]a119
[223]a1110
[223]a1121
[52][105]7
[52][105]9
[296][105]7
[296][105]46
g0[152]9
g0[152]10
[112][152]10
[112][152]58
x[112]8
x[112]8
[63][112]8
[63][112]56
d8[159]10
d8[159]69
u7[159]14
u7[159]69
n0u714
n0u714
q0u714
q0u713
[128]u714
[128]u7138
n0[218]14
n0[218]17
[172][218]17
[172][218]13
q0[172]13
q0[172]17
[128][172]17
[128][172]12
p0[128]12
p0[128]17
[113][128]17
[113][128]11
m0[113]11
m0[113]17
[102][113]17
[102][113]10
[63][102]17
[63][102]10
[88][102]17
[88][102]4
[52][63]24
[52][63]10
[55][63]24
[55][63]69
[52][1772]9
[52][1772]8
[57][1772]9
[57][1772]17
[156][1772]9
[156][1772]78
ft1210
ft1210
[52]t1210
[52]t1212
[217]t1210
[217]t126
b[92]10
b[92]9
w[92]10
w[92]10
[276][92]10
[276][92]32
i12[92]9
i12[92]49
bi129
bi129
xi129
xi128
[276]i129
[276]i1242
[52][276]128
[52][276]50
[148][276]128
[148][276]62
[51][279]7
[51][279]7
[52][279]7
[52][279]24
[52][235]17
[52][235]23
[1782][235]17
[1782][235]23
c0o67
c0o67
[277]o67
[277]o66
[52][277]18
[52][277]8
[59][277]18
[59][277]3
[56]d1210
[56]d1210
[127]d1210
[127]d128
[222]d1210
[222]d1232
ft1111
ft1111
[222]t1111
[222]t1114
[272]t1111
[272]t11223
fv1211
fv1211
[217]v1211
[217]v1235
[222]v1211
[222]v12162
a[222]35
a[222]5
[52][222]35
[52][222]4
s[52]4
s[52]228
[47][52]228
[47][52]3
n7[188]8
n7[188]127
q8[188]9
q8[188]127
[47]q89
[47]q89
[180]q89
[180]q8250
ek810
ek810
[47]k810
[47]k89
[175]k810
[175]k87
u8[197]8
u8[197]117
[138][197]12
[138][197]117
r8[138]6
r8[138]118
e8[138]9
e8[138]118
c0e89
c0e89
[47]e89
[47]e88
[173]e89
[173]e867
wk69
wk619
[268]k69
[268]k6257
a[268]11
a[268]8
[209][268]11
[209][268]155
[47][209]119
[47][209]7
[62][209]119
[62][209]274
d0[47]483
d0[47]3
e0[47]2
e0[47]483
[69][1751]8
[69][1751]12
[227][1751]8
[227][1751]90
[69]f109
[69]f1014
[220]f109
[220]f1026
a[69]29
a[69]19
[45][69]29
[45][69]17
[45]l89
[45]l818
[175]l89
[175]l8118
f8[120]8
f8[120]60
[81][120]18
[81][120]60
[45]f88
[45]f88
[173]f88
[173]f86
f[281]9
f[281]9
[215][281]9
[215][281]17
[45][215]37
[45][215]8
[61][215]37
[61][215]54
[45][177]81
[45][177]7
[62][177]81
[62][177]123
e12{{t1}}9
e12{{t1}}24
[1794]{{t1}}18
[1794]{{t1}}24
[45]e129
[45]e129
[180]e129
[180]e1219
[127][1794]9
[127][1794]9
[213][1794]9
[213][1794]21
[1795][1794]13
[1795][1794]24
[49][1795]13
[49][1795]21
[293][1795]13
[293][1795]23
[49]p129
[49]p1212
[65]p129
[65]p1227
[127]p129
[127]p1224
w{r1,l2}12
w{r1,l2}12
[213]{r1,l2}12
[213]{r1,l2}7
w[1787]63
w[1787]38
[213][1787]63
[213][1787]88
[49][213]18
[49][213]10
[56][213]18
[56][213]4
xn78
xn78
[150]n78
[150]n747
[88]d810
[88]d816
[150]d810
[150]d843
j[211]10
j[211]10
[57][211]10
[57][211]15
[150][211]10
[150][211]301
[49][150]16
[49][150]10
[55][150]16
[55][150]4
d[110]5
d[110]380
[49][110]380
[49][110]4
wm128
wm128
[49]m128
[49]m1221
[148]m128
[148]m1243
d[267]14
d[267]133
[49][267]14
[49][267]176
x[1779]8
x[1779]9
[148][1779]8
[148][1779]40
[293][1779]13
[293][1779]42
[49][1779]20
[49][1779]33
a[149]15
a[149]8
[89][149]15
[89][149]51
[49][89]120
[49][89]10
[51][89]120
[51][89]4
c0[219]7
c0[219]12
[68][219]12
[68][219]6
b[81]11
b[81]10
u[81]9
u[81]11
[178][81]11
[178][81]30
p9[81]10
p9[81]33
bp910
bp910
[306]p910
[306]p922
u[306]9
u[306]33
[68][306]33
[68][306]33
[127][306]33
[127][306]39
am68
am68
c0m68
c0m624
[68]m68
[68]m627
f[1800]10
f[1800]10
[273][1800]10
[273][1800]19
u[273]53
u[273]9
[178][273]53
[178][273]8
[57][178]79
[57][178]13
[68][178]79
[68][178]6
[49][68]261
[49][68]8
[59][68]261
[59][68]3
s[49]4
s[49]572
[45][49]572
[45][49]3
[45][1785]8
[45][1785]8
[55][1785]8
[55][1785]6
[179][1785]8
[179][1785]96
[220]e109
[220]e1093
[228]e109
[228]e10147
a[228]139
a[228]328
[45][228]328
[45][228]3
d0[45]3
d0[45]762
e0[45]762
e0[45]2
dh89
dh89
[60]h89
[60]h88
[173]h89
[173]h816
[55]i108
[55]i1013
[60]i108
[60]i105
[179]i108
[179]i10318
nu88
nu88
vu88
vu87
[280]u88
[280]u841
[60][280]17
[60][280]36
[216][280]17
[216][280]69
[60]m89
[60]m89
[175]m89
[175]m837
ag810
ag810
dg810
dg89
[60]g810
[60]g88
[173]g810
[173]g86
[70][225]28
[70][225]15
[111][225]28
[111][225]162
[156][225]28
[156][225]417
s[111]32
s[111]79
[60][111]79
[60][111]449
or86
or815
[60]r86
[60]r867
[79]r86
[79]r865
d0[60]3
d0[60]288
e0[60]37
e0[60]288
w[298]98
w[298]275
[65][298]98
[65][298]441
[272][298]155
[272][298]556
f[298]598
f[298]203
[1810][298]303
[1810][298]856
d[1782]9
d[1782]7
[151][1782]9
[151][1782]20
[1783][1782]10
[1783][1782]23
f[1783]10
f[1783]7
[272][1783]10
[272][1783]20
l[223]25
l[223]7
[61][223]25
[61][223]6
l[155]41
l[155]31
[61][155]31
[61][155]35
[151][293]7
[151][293]8
[217][293]8
[217][293]8
[57][217]17
[57][217]9
[65][217]17
[65][217]4
[56][1810]192
[56][1810]404
[127][1810]192
[127][1810]733
[131][1810]129
[131][1810]856
[65][131]116
[65][131]6
[70][131]116
[70][131]3
t[65]199
t[65]4
[48][65]199
[48][65]3
[67][296]7
[67][296]46
[226][296]7
[226][296]46
s[181]195
s[181]6
[67][181]195
[67][181]5
c0[67]147
c0[67]5
[56][67]147
[56][67]4
r[264]7
r[264]19
[153][264]19
[153][264]6
[54][153]313
[54][153]6
[56][153]313
[56][153]4
t[56]4
t[56]1020
[48][56]1020
[48][56]3
b0[173]367
b0[173]6
[64][173]367
[64][173]5
b0[175]7
b0[175]16
c0[175]16
c0[175]6
[64][175]16
[64][175]5
[64][180]88
[64][180]7
[79][180]88
[79][180]3
[48][64]431
[48][64]6
[50][64]431
[50][64]3
u[48]1401
u[48]3
v[48]2
v[48]1401
[220][294]7
[220][294]43
[278][294]19
[278][294]43
[54][220]8
[54][220]6
[55][220]8
[55][220]4
u[55]4
u[55]40
[46][55]40
[46][55]3
w[278]41
w[278]19
[61][278]41
[61][278]39
[51][61]85
[51][61]6
[54][61]85
[54][61]3
[51][282]6
[51][282]97
[179][282]6
[179][282]457
u[51]207
u[51]4
[46][51]207
[46][51]3
t[46]3
t[46]342
v[46]342
v[46]2
u[227]15
u[227]5
[86][227]15
[86][227]4
v[86]70
v[86]4
[50][86]70
[50][86]3
u[156]33
u[156]4
[59][156]33
[59][156]3
t[59]356
t[59]3
v[59]356
v[59]2
d[272]6
d[272]181
[151][272]181
[151][272]5
c0[151]5
c0[151]140
[66][151]140
[66][151]4
c0[226]17
c0[226]5
[66][226]17
[66][226]384
t[66]4
t[66]296
[53][66]296
[53][66]3
t[148]155
t[148]4
[53][148]155
[53][148]3
c0[221]17
c0[221]6
[62][221]17
[62][221]68
[50][62]182
[50][62]6
[53][62]182
[53][62]3
u[53]3
u[53]638
v[53]2
v[53]638
x[127]225
x[127]3
c0[127]2
c0[127]225
o[216]41
o[216]54
[79][216]54
[79][216]59
b0[79]3
b0[79]165
c0[79]2
c0[79]165
s[179]9
s[179]51
c0[179]9
c0[179]250
s[54]927
s[54]3
c0[54]2
c0[54]927
j[88]4
j[88]18
[57][88]18
[57][88]3
w[57]123
w[57]3
c0[57]2
c0[57]123
w[70]154
w[70]3
c0[70]154
c0[70]2
s[50]670
s[50]3
t[50]670
t[50]2
h[1797]8
h[1797]8
q[1797]8
q[1797]8
w[289]562
w[289]56
z[289]1058
z[289]56
duration = 1.04438sec.

Transcirc
cut[1806]
cut[1763]
cut[1764]
delete_node_ex8
cost:2191

[110]
minus[263]1
minus[174]1



[151]
minus[293]1
minus[272]1
minus[1782]1



[1783]
minus[1782]2



[172]
minus[125]2
minus[218]1



i7
minus[161]3
minus{{l1}}1



[238]
minus[287]5



[228]
minusl111
minuse101
minus[1809]1



[1755]
minus[1754]2



q12



[130]
minus[1788]1



[1795]
minus[1794]2


wire11
two_wire17
delete_node19
cost:2200
