
outfunc
duration = 18.001sec.

cost:7571
CSPF
duration = 131.57sec.

Transcirc
cut[1453]
cut[1454]
cut[1336]
cut[320]
cut[10030]
cut[10031]
cut[9957]
cut[9958]
cut[9961]
cut[1417]
cut[1418]
cut[508]
cut[1245]
cut[10277]
cut[10278]
cut[10279]
cut[10297]
delete_node_ex54
cost:7290

[547]
minusV7271



[366]
minus[481]1



[229]
minus[257]1



V768



V2033(0)
cut[1455]
cut[1456]



[1390]
minusV1306(0)1



[1319]
minusV4511



[1328]
minusV445(0)1



[1329]
minusV445(0)1



[1321]
minusV4511



V452



[10142]
minus[568]5



[921]
minus{{V966}}1



[10058]
minusV470(0)1



[1323]
minusV4541



[10056]
minusV490(0)1



[10064]
minusV493(0)1



[10065]
minusV493(0)1



V2084(0)
minus[9951]3
cut[9954]



V1357(0)
minus[10001]3
cut[10003]
cut[10004]



[1365]
minusV1337(0)1



[10012]
minusV1334(0)1



{{V587}}
minus[10179]2
minus[985]1



[538]
minus{{V1901(0)}}2
minus{{V1759(0)}}1



[236]



[10241]
minus{{V1512(3)}}1



[10242]
minus{{V1512(3)}}1


wire27
two_wire25
delete_node86
cost:7197
