
outfunc
duration = 0.04817sec.

cost:3253
CSPF
duration = 0.145355sec.

Transcirc
cut[3087]
cut[3088]
cut[113]
cut[2993]
cut[224]
delete_node_ex26
cost:3115

[322]
minus[365]1



n874



[101]
cut[82]



[169]
minus[223]1



n251



n191



[126]
minus{{n1459}}1



[2968]
minus{{n1459}}5



[2992]
minus[2991]2



[3104]
minus{{n2006}}3



[2957]
minus[2956]2



[119]



[2950]
minus{{n1417}}1



[102]



[150]



[233]
minus[3024]1
minus[226]2



[384]
minus{{n2063}}1



[3093]
minus{{n1964}}5



[3026]
minus[3025]2
cut[588]
cut[316]
cut[589]
cut[590]
cut[3027]
cut[245]
cutn784
cut[138]
cutn777



[3006]
minus{{n1544}}2



[2997]
minus[2996]2



[3030]
minus{{n1605}}5



[3122]
minus{{n2133}}3



[274]
minus[2975]1
cut[2981]



[468]
minusn11883
cut[470]



[3079]
minusn11884


wire26
two_wire20
delete_node64
cost:3009
